
 Run on time: 2020-05-31 21:23:27.396520

 Arguments:
	 gpu                  : True
	 log                  : True
	 seed                 : 0
	 dataset              : CIFAR10
	 batch_size           : 64
	 architecture         : VGG6
	 learning_rate        : 0.01
	 pretrained_ann       : 
	 test_only            : False
	 epochs               : 600
	 lr_interval          : [300, 420, 540]
	 lr_reduce            : 5
	 optimizer            : SGD
	 weight_decay         : 0.0001
	 momentum             : 0.9
	 amsgrad              : True
	 dropout              : 0.3
	 kernel_size          : 3
	 devices              : 2
 DataParallel(
  (module): VGG(
    (features): Sequential(
      (0): Conv2d(3, 64, kernel_size=(3, 3), stride=(1, 1), padding=(1, 1), bias=False)
      (1): ReLU(inplace=True)
      (2): AvgPool2d(kernel_size=2, stride=2, padding=0)
      (3): Conv2d(64, 128, kernel_size=(3, 3), stride=(1, 1), padding=(1, 1), bias=False)
      (4): ReLU(inplace=True)
      (5): Dropout(p=0.3, inplace=False)
      (6): Conv2d(128, 128, kernel_size=(3, 3), stride=(1, 1), padding=(1, 1), bias=False)
      (7): ReLU(inplace=True)
      (8): AvgPool2d(kernel_size=2, stride=2, padding=0)
    )
    (classifier): Sequential(
      (0): Linear(in_features=8192, out_features=4096, bias=False)
      (1): ReLU(inplace=True)
      (2): Dropout(p=0.5, inplace=False)
      (3): Linear(in_features=4096, out_features=4096, bias=False)
      (4): ReLU(inplace=True)
      (5): Dropout(p=0.5, inplace=False)
      (6): Linear(in_features=4096, out_features=10, bias=False)
    )
  )
)
 SGD (
Parameter Group 0
    dampening: 0
    lr: 0.01
    momentum: 0.9
    nesterov: False
    weight_decay: 0.0001
)
 Epoch: 1, lr: 1.0e-02, train_loss: 1.7749, train_acc: 0.3474 test_loss: 1.4507, test_acc: 0.4822, best: 0.4822, time: 0:00:32
 Epoch: 2, lr: 1.0e-02, train_loss: 1.4560, train_acc: 0.4695 test_loss: 1.2662, test_acc: 0.5444, best: 0.5444, time: 0:00:31
 Epoch: 3, lr: 1.0e-02, train_loss: 1.2743, train_acc: 0.5432 test_loss: 1.1968, test_acc: 0.5847, best: 0.5847, time: 0:00:32
 Epoch: 4, lr: 1.0e-02, train_loss: 1.1371, train_acc: 0.5947 test_loss: 1.0276, test_acc: 0.6461, best: 0.6461, time: 0:00:33
 Epoch: 5, lr: 1.0e-02, train_loss: 1.0376, train_acc: 0.6322 test_loss: 0.9546, test_acc: 0.6704, best: 0.6704, time: 0:00:33
 Epoch: 6, lr: 1.0e-02, train_loss: 0.9500, train_acc: 0.6660 test_loss: 0.8812, test_acc: 0.6901, best: 0.6901, time: 0:00:32
 Epoch: 7, lr: 1.0e-02, train_loss: 0.8991, train_acc: 0.6850 test_loss: 0.8343, test_acc: 0.7134, best: 0.7134, time: 0:00:32
 Epoch: 8, lr: 1.0e-02, train_loss: 0.8473, train_acc: 0.7038 test_loss: 0.7740, test_acc: 0.7336, best: 0.7336, time: 0:00:33
 Epoch: 9, lr: 1.0e-02, train_loss: 0.8026, train_acc: 0.7183 test_loss: 0.7289, test_acc: 0.7526, best: 0.7526, time: 0:00:30
 Epoch: 10, lr: 1.0e-02, train_loss: 0.7701, train_acc: 0.7332 test_loss: 0.7459, test_acc: 0.7481, best: 0.7526, time: 0:00:28
 Epoch: 11, lr: 1.0e-02, train_loss: 0.7379, train_acc: 0.7422 test_loss: 0.6622, test_acc: 0.7743, best: 0.7743, time: 0:00:33
 Epoch: 12, lr: 1.0e-02, train_loss: 0.7086, train_acc: 0.7536 test_loss: 0.6798, test_acc: 0.7703, best: 0.7743, time: 0:00:27
 Epoch: 13, lr: 1.0e-02, train_loss: 0.6880, train_acc: 0.7601 test_loss: 0.6687, test_acc: 0.7719, best: 0.7743, time: 0:00:27
 Epoch: 14, lr: 1.0e-02, train_loss: 0.6629, train_acc: 0.7697 test_loss: 0.6460, test_acc: 0.7779, best: 0.7779, time: 0:00:31
 Epoch: 15, lr: 1.0e-02, train_loss: 0.6432, train_acc: 0.7768 test_loss: 0.6342, test_acc: 0.7861, best: 0.7861, time: 0:00:32
 Epoch: 16, lr: 1.0e-02, train_loss: 0.6203, train_acc: 0.7834 test_loss: 0.5946, test_acc: 0.7961, best: 0.7961, time: 0:00:32
 Epoch: 17, lr: 1.0e-02, train_loss: 0.6035, train_acc: 0.7904 test_loss: 0.5819, test_acc: 0.7999, best: 0.7999, time: 0:00:33
 Epoch: 18, lr: 1.0e-02, train_loss: 0.5900, train_acc: 0.7946 test_loss: 0.5748, test_acc: 0.8076, best: 0.8076, time: 0:00:32
 Epoch: 19, lr: 1.0e-02, train_loss: 0.5662, train_acc: 0.8024 test_loss: 0.5870, test_acc: 0.8030, best: 0.8076, time: 0:00:28
 Epoch: 20, lr: 1.0e-02, train_loss: 0.5585, train_acc: 0.8075 test_loss: 0.5701, test_acc: 0.8093, best: 0.8093, time: 0:00:32
 Epoch: 21, lr: 1.0e-02, train_loss: 0.5307, train_acc: 0.8150 test_loss: 0.5496, test_acc: 0.8154, best: 0.8154, time: 0:00:33
 Epoch: 22, lr: 1.0e-02, train_loss: 0.5303, train_acc: 0.8171 test_loss: 0.5377, test_acc: 0.8181, best: 0.8181, time: 0:00:33
 Epoch: 23, lr: 1.0e-02, train_loss: 0.5164, train_acc: 0.8216 test_loss: 0.5250, test_acc: 0.8241, best: 0.8241, time: 0:00:32
 Epoch: 24, lr: 1.0e-02, train_loss: 0.5041, train_acc: 0.8235 test_loss: 0.5042, test_acc: 0.8285, best: 0.8285, time: 0:00:31
 Epoch: 25, lr: 1.0e-02, train_loss: 0.4980, train_acc: 0.8271 test_loss: 0.5177, test_acc: 0.8270, best: 0.8285, time: 0:00:28
 Epoch: 26, lr: 1.0e-02, train_loss: 0.4831, train_acc: 0.8325 test_loss: 0.5117, test_acc: 0.8286, best: 0.8286, time: 0:00:31
 Epoch: 27, lr: 1.0e-02, train_loss: 0.4701, train_acc: 0.8376 test_loss: 0.5177, test_acc: 0.8277, best: 0.8286, time: 0:00:27
 Epoch: 28, lr: 1.0e-02, train_loss: 0.4619, train_acc: 0.8402 test_loss: 0.4907, test_acc: 0.8318, best: 0.8318, time: 0:00:33
 Epoch: 29, lr: 1.0e-02, train_loss: 0.4483, train_acc: 0.8419 test_loss: 0.4837, test_acc: 0.8359, best: 0.8359, time: 0:00:31
 Epoch: 30, lr: 1.0e-02, train_loss: 0.4447, train_acc: 0.8458 test_loss: 0.4867, test_acc: 0.8342, best: 0.8359, time: 0:00:27
 Epoch: 31, lr: 1.0e-02, train_loss: 0.4338, train_acc: 0.8504 test_loss: 0.4805, test_acc: 0.8352, best: 0.8359, time: 0:00:27
 Epoch: 32, lr: 1.0e-02, train_loss: 0.4311, train_acc: 0.8500 test_loss: 0.4948, test_acc: 0.8317, best: 0.8359, time: 0:00:27
 Epoch: 33, lr: 1.0e-02, train_loss: 0.4252, train_acc: 0.8528 test_loss: 0.4715, test_acc: 0.8425, best: 0.8425, time: 0:00:32
 Epoch: 34, lr: 1.0e-02, train_loss: 0.4153, train_acc: 0.8548 test_loss: 0.4773, test_acc: 0.8411, best: 0.8425, time: 0:00:27
 Epoch: 35, lr: 1.0e-02, train_loss: 0.4049, train_acc: 0.8605 test_loss: 0.4619, test_acc: 0.8479, best: 0.8479, time: 0:00:32
 Epoch: 36, lr: 1.0e-02, train_loss: 0.3955, train_acc: 0.8630 test_loss: 0.4501, test_acc: 0.8469, best: 0.8479, time: 0:00:28
 Epoch: 37, lr: 1.0e-02, train_loss: 0.3904, train_acc: 0.8649 test_loss: 0.4594, test_acc: 0.8475, best: 0.8479, time: 0:00:27
 Epoch: 38, lr: 1.0e-02, train_loss: 0.3859, train_acc: 0.8638 test_loss: 0.4636, test_acc: 0.8471, best: 0.8479, time: 0:00:27
 Epoch: 39, lr: 1.0e-02, train_loss: 0.3852, train_acc: 0.8658 test_loss: 0.4658, test_acc: 0.8424, best: 0.8479, time: 0:00:29
 Epoch: 40, lr: 1.0e-02, train_loss: 0.3752, train_acc: 0.8697 test_loss: 0.4632, test_acc: 0.8430, best: 0.8479, time: 0:00:29
 Epoch: 41, lr: 1.0e-02, train_loss: 0.3702, train_acc: 0.8726 test_loss: 0.4677, test_acc: 0.8457, best: 0.8479, time: 0:00:29
 Epoch: 42, lr: 1.0e-02, train_loss: 0.3609, train_acc: 0.8750 test_loss: 0.4393, test_acc: 0.8566, best: 0.8566, time: 0:00:33
 Epoch: 43, lr: 1.0e-02, train_loss: 0.3555, train_acc: 0.8763 test_loss: 0.4478, test_acc: 0.8501, best: 0.8566, time: 0:00:29
 Epoch: 44, lr: 1.0e-02, train_loss: 0.3511, train_acc: 0.8777 test_loss: 0.4553, test_acc: 0.8487, best: 0.8566, time: 0:00:27
 Epoch: 45, lr: 1.0e-02, train_loss: 0.3507, train_acc: 0.8782 test_loss: 0.4359, test_acc: 0.8574, best: 0.8574, time: 0:00:32
 Epoch: 46, lr: 1.0e-02, train_loss: 0.3437, train_acc: 0.8802 test_loss: 0.4612, test_acc: 0.8502, best: 0.8574, time: 0:00:28
 Epoch: 47, lr: 1.0e-02, train_loss: 0.3337, train_acc: 0.8844 test_loss: 0.4205, test_acc: 0.8601, best: 0.8601, time: 0:00:30
 Epoch: 48, lr: 1.0e-02, train_loss: 0.3280, train_acc: 0.8857 test_loss: 0.4448, test_acc: 0.8542, best: 0.8601, time: 0:00:27
 Epoch: 49, lr: 1.0e-02, train_loss: 0.3252, train_acc: 0.8866 test_loss: 0.4277, test_acc: 0.8599, best: 0.8601, time: 0:00:27
 Epoch: 50, lr: 1.0e-02, train_loss: 0.3190, train_acc: 0.8879 test_loss: 0.4354, test_acc: 0.8585, best: 0.8601, time: 0:00:26
 Epoch: 51, lr: 1.0e-02, train_loss: 0.3163, train_acc: 0.8903 test_loss: 0.4676, test_acc: 0.8460, best: 0.8601, time: 0:00:27
 Epoch: 52, lr: 1.0e-02, train_loss: 0.3112, train_acc: 0.8925 test_loss: 0.4453, test_acc: 0.8547, best: 0.8601, time: 0:00:25
 Epoch: 53, lr: 1.0e-02, train_loss: 0.3137, train_acc: 0.8912 test_loss: 0.4062, test_acc: 0.8635, best: 0.8635, time: 0:00:30
 Epoch: 54, lr: 1.0e-02, train_loss: 0.3055, train_acc: 0.8940 test_loss: 0.4696, test_acc: 0.8456, best: 0.8635, time: 0:00:26
 Epoch: 55, lr: 1.0e-02, train_loss: 0.3072, train_acc: 0.8955 test_loss: 0.4221, test_acc: 0.8617, best: 0.8635, time: 0:00:27
 Epoch: 56, lr: 1.0e-02, train_loss: 0.2989, train_acc: 0.8951 test_loss: 0.4584, test_acc: 0.8494, best: 0.8635, time: 0:00:28
 Epoch: 57, lr: 1.0e-02, train_loss: 0.2904, train_acc: 0.8996 test_loss: 0.4296, test_acc: 0.8567, best: 0.8635, time: 0:00:28
 Epoch: 58, lr: 1.0e-02, train_loss: 0.2898, train_acc: 0.9012 test_loss: 0.4080, test_acc: 0.8674, best: 0.8674, time: 0:00:32
 Epoch: 59, lr: 1.0e-02, train_loss: 0.2902, train_acc: 0.8994 test_loss: 0.4300, test_acc: 0.8594, best: 0.8674, time: 0:00:28
 Epoch: 60, lr: 1.0e-02, train_loss: 0.2846, train_acc: 0.9015 test_loss: 0.4149, test_acc: 0.8641, best: 0.8674, time: 0:00:28
 Epoch: 61, lr: 1.0e-02, train_loss: 0.2797, train_acc: 0.9019 test_loss: 0.4459, test_acc: 0.8525, best: 0.8674, time: 0:00:27
 Epoch: 62, lr: 1.0e-02, train_loss: 0.2797, train_acc: 0.9028 test_loss: 0.4020, test_acc: 0.8694, best: 0.8694, time: 0:00:33
 Epoch: 63, lr: 1.0e-02, train_loss: 0.2793, train_acc: 0.9035 test_loss: 0.4212, test_acc: 0.8615, best: 0.8694, time: 0:00:27
 Epoch: 64, lr: 1.0e-02, train_loss: 0.2717, train_acc: 0.9053 test_loss: 0.4229, test_acc: 0.8677, best: 0.8694, time: 0:00:28
 Epoch: 65, lr: 1.0e-02, train_loss: 0.2692, train_acc: 0.9063 test_loss: 0.4130, test_acc: 0.8678, best: 0.8694, time: 0:00:27
 Epoch: 66, lr: 1.0e-02, train_loss: 0.2622, train_acc: 0.9102 test_loss: 0.4185, test_acc: 0.8631, best: 0.8694, time: 0:00:29
 Epoch: 67, lr: 1.0e-02, train_loss: 0.2597, train_acc: 0.9085 test_loss: 0.4235, test_acc: 0.8642, best: 0.8694, time: 0:00:29
 Epoch: 68, lr: 1.0e-02, train_loss: 0.2572, train_acc: 0.9099 test_loss: 0.4121, test_acc: 0.8660, best: 0.8694, time: 0:00:28
 Epoch: 69, lr: 1.0e-02, train_loss: 0.2556, train_acc: 0.9113 test_loss: 0.4172, test_acc: 0.8690, best: 0.8694, time: 0:00:28
 Epoch: 70, lr: 1.0e-02, train_loss: 0.2581, train_acc: 0.9099 test_loss: 0.4198, test_acc: 0.8653, best: 0.8694, time: 0:00:28
 Epoch: 71, lr: 1.0e-02, train_loss: 0.2519, train_acc: 0.9139 test_loss: 0.4129, test_acc: 0.8659, best: 0.8694, time: 0:00:28
 Epoch: 72, lr: 1.0e-02, train_loss: 0.2497, train_acc: 0.9125 test_loss: 0.3990, test_acc: 0.8702, best: 0.8702, time: 0:00:31
 Epoch: 73, lr: 1.0e-02, train_loss: 0.2462, train_acc: 0.9140 test_loss: 0.4283, test_acc: 0.8627, best: 0.8702, time: 0:00:26
 Epoch: 74, lr: 1.0e-02, train_loss: 0.2494, train_acc: 0.9132 test_loss: 0.3992, test_acc: 0.8672, best: 0.8702, time: 0:00:27
 Epoch: 75, lr: 1.0e-02, train_loss: 0.2450, train_acc: 0.9145 test_loss: 0.4029, test_acc: 0.8663, best: 0.8702, time: 0:00:27
 Epoch: 76, lr: 1.0e-02, train_loss: 0.2419, train_acc: 0.9173 test_loss: 0.3965, test_acc: 0.8721, best: 0.8721, time: 0:00:32
 Epoch: 77, lr: 1.0e-02, train_loss: 0.2433, train_acc: 0.9161 test_loss: 0.3884, test_acc: 0.8748, best: 0.8748, time: 0:00:32
 Epoch: 78, lr: 1.0e-02, train_loss: 0.2318, train_acc: 0.9188 test_loss: 0.4300, test_acc: 0.8695, best: 0.8748, time: 0:00:28
 Epoch: 79, lr: 1.0e-02, train_loss: 0.2325, train_acc: 0.9200 test_loss: 0.4282, test_acc: 0.8664, best: 0.8748, time: 0:00:27
 Epoch: 80, lr: 1.0e-02, train_loss: 0.2275, train_acc: 0.9211 test_loss: 0.4294, test_acc: 0.8654, best: 0.8748, time: 0:00:27
 Epoch: 81, lr: 1.0e-02, train_loss: 0.2317, train_acc: 0.9198 test_loss: 0.4120, test_acc: 0.8712, best: 0.8748, time: 0:00:27
 Epoch: 82, lr: 1.0e-02, train_loss: 0.2295, train_acc: 0.9201 test_loss: 0.3829, test_acc: 0.8783, best: 0.8783, time: 0:00:31
 Epoch: 83, lr: 1.0e-02, train_loss: 0.2252, train_acc: 0.9223 test_loss: 0.4076, test_acc: 0.8704, best: 0.8783, time: 0:00:27
 Epoch: 84, lr: 1.0e-02, train_loss: 0.2201, train_acc: 0.9247 test_loss: 0.3928, test_acc: 0.8710, best: 0.8783, time: 0:00:27
 Epoch: 85, lr: 1.0e-02, train_loss: 0.2227, train_acc: 0.9236 test_loss: 0.4085, test_acc: 0.8740, best: 0.8783, time: 0:00:27
 Epoch: 86, lr: 1.0e-02, train_loss: 0.2220, train_acc: 0.9236 test_loss: 0.4302, test_acc: 0.8671, best: 0.8783, time: 0:00:27
 Epoch: 87, lr: 1.0e-02, train_loss: 0.2186, train_acc: 0.9246 test_loss: 0.4048, test_acc: 0.8750, best: 0.8783, time: 0:00:27
 Epoch: 88, lr: 1.0e-02, train_loss: 0.2142, train_acc: 0.9257 test_loss: 0.4206, test_acc: 0.8677, best: 0.8783, time: 0:00:28
 Epoch: 89, lr: 1.0e-02, train_loss: 0.2187, train_acc: 0.9247 test_loss: 0.4045, test_acc: 0.8742, best: 0.8783, time: 0:00:26
 Epoch: 90, lr: 1.0e-02, train_loss: 0.2152, train_acc: 0.9241 test_loss: 0.3976, test_acc: 0.8726, best: 0.8783, time: 0:00:26
 Epoch: 91, lr: 1.0e-02, train_loss: 0.2101, train_acc: 0.9282 test_loss: 0.4060, test_acc: 0.8690, best: 0.8783, time: 0:00:27
 Epoch: 92, lr: 1.0e-02, train_loss: 0.2120, train_acc: 0.9265 test_loss: 0.4193, test_acc: 0.8699, best: 0.8783, time: 0:00:27
 Epoch: 93, lr: 1.0e-02, train_loss: 0.2082, train_acc: 0.9274 test_loss: 0.4014, test_acc: 0.8740, best: 0.8783, time: 0:00:27
 Epoch: 94, lr: 1.0e-02, train_loss: 0.2063, train_acc: 0.9296 test_loss: 0.4048, test_acc: 0.8711, best: 0.8783, time: 0:00:27
 Epoch: 95, lr: 1.0e-02, train_loss: 0.2023, train_acc: 0.9296 test_loss: 0.4286, test_acc: 0.8680, best: 0.8783, time: 0:00:28
 Epoch: 96, lr: 1.0e-02, train_loss: 0.2085, train_acc: 0.9284 test_loss: 0.4251, test_acc: 0.8747, best: 0.8783, time: 0:00:27
 Epoch: 97, lr: 1.0e-02, train_loss: 0.2044, train_acc: 0.9298 test_loss: 0.4120, test_acc: 0.8708, best: 0.8783, time: 0:00:28
 Epoch: 98, lr: 1.0e-02, train_loss: 0.1983, train_acc: 0.9320 test_loss: 0.4123, test_acc: 0.8696, best: 0.8783, time: 0:00:27
 Epoch: 99, lr: 1.0e-02, train_loss: 0.2019, train_acc: 0.9307 test_loss: 0.4079, test_acc: 0.8760, best: 0.8783, time: 0:00:28
 Epoch: 100, lr: 1.0e-02, train_loss: 0.1975, train_acc: 0.9318 test_loss: 0.3989, test_acc: 0.8780, best: 0.8783, time: 0:00:29
 Epoch: 101, lr: 1.0e-02, train_loss: 0.2011, train_acc: 0.9301 test_loss: 0.4081, test_acc: 0.8726, best: 0.8783, time: 0:00:28
 Epoch: 102, lr: 1.0e-02, train_loss: 0.1963, train_acc: 0.9324 test_loss: 0.4264, test_acc: 0.8688, best: 0.8783, time: 0:00:28
 Epoch: 103, lr: 1.0e-02, train_loss: 0.1977, train_acc: 0.9318 test_loss: 0.4212, test_acc: 0.8714, best: 0.8783, time: 0:00:27
 Epoch: 104, lr: 1.0e-02, train_loss: 0.1930, train_acc: 0.9326 test_loss: 0.4055, test_acc: 0.8762, best: 0.8783, time: 0:00:28
 Epoch: 105, lr: 1.0e-02, train_loss: 0.1932, train_acc: 0.9323 test_loss: 0.4148, test_acc: 0.8745, best: 0.8783, time: 0:00:28
 Epoch: 106, lr: 1.0e-02, train_loss: 0.1869, train_acc: 0.9357 test_loss: 0.4033, test_acc: 0.8775, best: 0.8783, time: 0:00:28
 Epoch: 107, lr: 1.0e-02, train_loss: 0.1886, train_acc: 0.9358 test_loss: 0.4048, test_acc: 0.8759, best: 0.8783, time: 0:00:28
 Epoch: 108, lr: 1.0e-02, train_loss: 0.1879, train_acc: 0.9347 test_loss: 0.4104, test_acc: 0.8740, best: 0.8783, time: 0:00:26
 Epoch: 109, lr: 1.0e-02, train_loss: 0.1885, train_acc: 0.9353 test_loss: 0.4204, test_acc: 0.8721, best: 0.8783, time: 0:00:27
 Epoch: 110, lr: 1.0e-02, train_loss: 0.1874, train_acc: 0.9357 test_loss: 0.4190, test_acc: 0.8655, best: 0.8783, time: 0:00:27
 Epoch: 111, lr: 1.0e-02, train_loss: 0.1865, train_acc: 0.9368 test_loss: 0.4428, test_acc: 0.8659, best: 0.8783, time: 0:00:27
 Epoch: 112, lr: 1.0e-02, train_loss: 0.1849, train_acc: 0.9367 test_loss: 0.4203, test_acc: 0.8711, best: 0.8783, time: 0:00:26
 Epoch: 113, lr: 1.0e-02, train_loss: 0.1876, train_acc: 0.9350 test_loss: 0.4037, test_acc: 0.8763, best: 0.8783, time: 0:00:26
 Epoch: 114, lr: 1.0e-02, train_loss: 0.1867, train_acc: 0.9366 test_loss: 0.4189, test_acc: 0.8745, best: 0.8783, time: 0:00:28
 Epoch: 115, lr: 1.0e-02, train_loss: 0.1793, train_acc: 0.9379 test_loss: 0.4093, test_acc: 0.8771, best: 0.8783, time: 0:00:28
 Epoch: 116, lr: 1.0e-02, train_loss: 0.1813, train_acc: 0.9388 test_loss: 0.4272, test_acc: 0.8741, best: 0.8783, time: 0:00:27
 Epoch: 117, lr: 1.0e-02, train_loss: 0.1791, train_acc: 0.9383 test_loss: 0.4129, test_acc: 0.8783, best: 0.8783, time: 0:00:27
 Epoch: 118, lr: 1.0e-02, train_loss: 0.1793, train_acc: 0.9380 test_loss: 0.3906, test_acc: 0.8787, best: 0.8787, time: 0:00:31
 Epoch: 119, lr: 1.0e-02, train_loss: 0.1758, train_acc: 0.9398 test_loss: 0.4595, test_acc: 0.8737, best: 0.8787, time: 0:00:27
 Epoch: 120, lr: 1.0e-02, train_loss: 0.1817, train_acc: 0.9377 test_loss: 0.4137, test_acc: 0.8739, best: 0.8787, time: 0:00:27
 Epoch: 121, lr: 1.0e-02, train_loss: 0.1745, train_acc: 0.9398 test_loss: 0.4086, test_acc: 0.8797, best: 0.8797, time: 0:00:31
 Epoch: 122, lr: 1.0e-02, train_loss: 0.1787, train_acc: 0.9398 test_loss: 0.4375, test_acc: 0.8709, best: 0.8797, time: 0:00:29
 Epoch: 123, lr: 1.0e-02, train_loss: 0.1696, train_acc: 0.9419 test_loss: 0.4156, test_acc: 0.8751, best: 0.8797, time: 0:00:27
 Epoch: 124, lr: 1.0e-02, train_loss: 0.1722, train_acc: 0.9403 test_loss: 0.4127, test_acc: 0.8746, best: 0.8797, time: 0:00:27
 Epoch: 125, lr: 1.0e-02, train_loss: 0.1741, train_acc: 0.9412 test_loss: 0.4137, test_acc: 0.8718, best: 0.8797, time: 0:00:27
 Epoch: 126, lr: 1.0e-02, train_loss: 0.1678, train_acc: 0.9438 test_loss: 0.4300, test_acc: 0.8790, best: 0.8797, time: 0:00:26
 Epoch: 127, lr: 1.0e-02, train_loss: 0.1713, train_acc: 0.9408 test_loss: 0.4276, test_acc: 0.8781, best: 0.8797, time: 0:00:27
 Epoch: 128, lr: 1.0e-02, train_loss: 0.1709, train_acc: 0.9411 test_loss: 0.4255, test_acc: 0.8757, best: 0.8797, time: 0:00:27
 Epoch: 129, lr: 1.0e-02, train_loss: 0.1716, train_acc: 0.9405 test_loss: 0.4119, test_acc: 0.8719, best: 0.8797, time: 0:00:28
 Epoch: 130, lr: 1.0e-02, train_loss: 0.1675, train_acc: 0.9419 test_loss: 0.4121, test_acc: 0.8800, best: 0.8800, time: 0:00:32
 Epoch: 131, lr: 1.0e-02, train_loss: 0.1681, train_acc: 0.9414 test_loss: 0.3997, test_acc: 0.8835, best: 0.8835, time: 0:00:33
 Epoch: 132, lr: 1.0e-02, train_loss: 0.1687, train_acc: 0.9421 test_loss: 0.4188, test_acc: 0.8767, best: 0.8835, time: 0:00:29
 Epoch: 133, lr: 1.0e-02, train_loss: 0.1624, train_acc: 0.9442 test_loss: 0.4405, test_acc: 0.8721, best: 0.8835, time: 0:00:29
 Epoch: 134, lr: 1.0e-02, train_loss: 0.1657, train_acc: 0.9427 test_loss: 0.3901, test_acc: 0.8803, best: 0.8835, time: 0:00:27
 Epoch: 135, lr: 1.0e-02, train_loss: 0.1676, train_acc: 0.9414 test_loss: 0.4126, test_acc: 0.8771, best: 0.8835, time: 0:00:27
 Epoch: 136, lr: 1.0e-02, train_loss: 0.1638, train_acc: 0.9436 test_loss: 0.4087, test_acc: 0.8788, best: 0.8835, time: 0:00:28
 Epoch: 137, lr: 1.0e-02, train_loss: 0.1640, train_acc: 0.9439 test_loss: 0.4197, test_acc: 0.8740, best: 0.8835, time: 0:00:29
 Epoch: 138, lr: 1.0e-02, train_loss: 0.1619, train_acc: 0.9442 test_loss: 0.3978, test_acc: 0.8812, best: 0.8835, time: 0:00:29
 Epoch: 139, lr: 1.0e-02, train_loss: 0.1596, train_acc: 0.9448 test_loss: 0.4077, test_acc: 0.8803, best: 0.8835, time: 0:00:29
 Epoch: 140, lr: 1.0e-02, train_loss: 0.1643, train_acc: 0.9427 test_loss: 0.4140, test_acc: 0.8767, best: 0.8835, time: 0:00:28
 Epoch: 141, lr: 1.0e-02, train_loss: 0.1648, train_acc: 0.9436 test_loss: 0.3907, test_acc: 0.8830, best: 0.8835, time: 0:00:28
 Epoch: 142, lr: 1.0e-02, train_loss: 0.1651, train_acc: 0.9431 test_loss: 0.4304, test_acc: 0.8826, best: 0.8835, time: 0:00:27
 Epoch: 143, lr: 1.0e-02, train_loss: 0.1595, train_acc: 0.9459 test_loss: 0.4008, test_acc: 0.8813, best: 0.8835, time: 0:00:27
 Epoch: 144, lr: 1.0e-02, train_loss: 0.1600, train_acc: 0.9443 test_loss: 0.4605, test_acc: 0.8690, best: 0.8835, time: 0:00:28
 Epoch: 145, lr: 1.0e-02, train_loss: 0.1616, train_acc: 0.9449 test_loss: 0.4052, test_acc: 0.8822, best: 0.8835, time: 0:00:27
 Epoch: 146, lr: 1.0e-02, train_loss: 0.1572, train_acc: 0.9460 test_loss: 0.3962, test_acc: 0.8805, best: 0.8835, time: 0:00:29
 Epoch: 147, lr: 1.0e-02, train_loss: 0.1553, train_acc: 0.9460 test_loss: 0.4037, test_acc: 0.8790, best: 0.8835, time: 0:00:27
 Epoch: 148, lr: 1.0e-02, train_loss: 0.1587, train_acc: 0.9453 test_loss: 0.4160, test_acc: 0.8827, best: 0.8835, time: 0:00:28
 Epoch: 149, lr: 1.0e-02, train_loss: 0.1569, train_acc: 0.9457 test_loss: 0.4094, test_acc: 0.8804, best: 0.8835, time: 0:00:28
 Epoch: 150, lr: 1.0e-02, train_loss: 0.1576, train_acc: 0.9450 test_loss: 0.3972, test_acc: 0.8851, best: 0.8851, time: 0:00:33
 Epoch: 151, lr: 1.0e-02, train_loss: 0.1509, train_acc: 0.9479 test_loss: 0.4059, test_acc: 0.8833, best: 0.8851, time: 0:00:27
 Epoch: 152, lr: 1.0e-02, train_loss: 0.1573, train_acc: 0.9461 test_loss: 0.4235, test_acc: 0.8787, best: 0.8851, time: 0:00:28
 Epoch: 153, lr: 1.0e-02, train_loss: 0.1620, train_acc: 0.9436 test_loss: 0.4259, test_acc: 0.8747, best: 0.8851, time: 0:00:27
 Epoch: 154, lr: 1.0e-02, train_loss: 0.1542, train_acc: 0.9476 test_loss: 0.4296, test_acc: 0.8725, best: 0.8851, time: 0:00:28
 Epoch: 155, lr: 1.0e-02, train_loss: 0.1465, train_acc: 0.9493 test_loss: 0.4353, test_acc: 0.8773, best: 0.8851, time: 0:00:27
 Epoch: 156, lr: 1.0e-02, train_loss: 0.1539, train_acc: 0.9473 test_loss: 0.4158, test_acc: 0.8787, best: 0.8851, time: 0:00:27
 Epoch: 157, lr: 1.0e-02, train_loss: 0.1539, train_acc: 0.9479 test_loss: 0.4072, test_acc: 0.8772, best: 0.8851, time: 0:00:27
 Epoch: 158, lr: 1.0e-02, train_loss: 0.1541, train_acc: 0.9476 test_loss: 0.4312, test_acc: 0.8745, best: 0.8851, time: 0:00:27
 Epoch: 159, lr: 1.0e-02, train_loss: 0.1511, train_acc: 0.9487 test_loss: 0.4226, test_acc: 0.8764, best: 0.8851, time: 0:00:29
 Epoch: 160, lr: 1.0e-02, train_loss: 0.1524, train_acc: 0.9477 test_loss: 0.4102, test_acc: 0.8772, best: 0.8851, time: 0:00:28
 Epoch: 161, lr: 1.0e-02, train_loss: 0.1543, train_acc: 0.9476 test_loss: 0.4079, test_acc: 0.8765, best: 0.8851, time: 0:00:28
 Epoch: 162, lr: 1.0e-02, train_loss: 0.1485, train_acc: 0.9489 test_loss: 0.4301, test_acc: 0.8790, best: 0.8851, time: 0:00:28
 Epoch: 163, lr: 1.0e-02, train_loss: 0.1544, train_acc: 0.9486 test_loss: 0.4172, test_acc: 0.8788, best: 0.8851, time: 0:00:27
 Epoch: 164, lr: 1.0e-02, train_loss: 0.1486, train_acc: 0.9498 test_loss: 0.4234, test_acc: 0.8727, best: 0.8851, time: 0:00:28
 Epoch: 165, lr: 1.0e-02, train_loss: 0.1524, train_acc: 0.9469 test_loss: 0.4007, test_acc: 0.8826, best: 0.8851, time: 0:00:28
 Epoch: 166, lr: 1.0e-02, train_loss: 0.1504, train_acc: 0.9488 test_loss: 0.4047, test_acc: 0.8809, best: 0.8851, time: 0:00:27
 Epoch: 167, lr: 1.0e-02, train_loss: 0.1484, train_acc: 0.9498 test_loss: 0.4110, test_acc: 0.8809, best: 0.8851, time: 0:00:27
 Epoch: 168, lr: 1.0e-02, train_loss: 0.1460, train_acc: 0.9507 test_loss: 0.4080, test_acc: 0.8825, best: 0.8851, time: 0:00:26
 Epoch: 169, lr: 1.0e-02, train_loss: 0.1447, train_acc: 0.9497 test_loss: 0.4422, test_acc: 0.8772, best: 0.8851, time: 0:00:26
 Epoch: 170, lr: 1.0e-02, train_loss: 0.1494, train_acc: 0.9498 test_loss: 0.4117, test_acc: 0.8822, best: 0.8851, time: 0:00:28
 Epoch: 171, lr: 1.0e-02, train_loss: 0.1492, train_acc: 0.9477 test_loss: 0.4497, test_acc: 0.8732, best: 0.8851, time: 0:00:29
 Epoch: 172, lr: 1.0e-02, train_loss: 0.1441, train_acc: 0.9511 test_loss: 0.4048, test_acc: 0.8821, best: 0.8851, time: 0:00:27
 Epoch: 173, lr: 1.0e-02, train_loss: 0.1407, train_acc: 0.9524 test_loss: 0.4103, test_acc: 0.8793, best: 0.8851, time: 0:00:27
 Epoch: 174, lr: 1.0e-02, train_loss: 0.1424, train_acc: 0.9520 test_loss: 0.4230, test_acc: 0.8804, best: 0.8851, time: 0:00:27
 Epoch: 175, lr: 1.0e-02, train_loss: 0.1432, train_acc: 0.9511 test_loss: 0.4194, test_acc: 0.8749, best: 0.8851, time: 0:00:28
 Epoch: 176, lr: 1.0e-02, train_loss: 0.1502, train_acc: 0.9489 test_loss: 0.4253, test_acc: 0.8792, best: 0.8851, time: 0:00:27
 Epoch: 177, lr: 1.0e-02, train_loss: 0.1466, train_acc: 0.9503 test_loss: 0.4432, test_acc: 0.8746, best: 0.8851, time: 0:00:27
 Epoch: 178, lr: 1.0e-02, train_loss: 0.1460, train_acc: 0.9496 test_loss: 0.4254, test_acc: 0.8768, best: 0.8851, time: 0:00:27
 Epoch: 179, lr: 1.0e-02, train_loss: 0.1455, train_acc: 0.9506 test_loss: 0.4170, test_acc: 0.8794, best: 0.8851, time: 0:00:29
 Epoch: 180, lr: 1.0e-02, train_loss: 0.1453, train_acc: 0.9493 test_loss: 0.4182, test_acc: 0.8791, best: 0.8851, time: 0:00:27
 Epoch: 181, lr: 1.0e-02, train_loss: 0.1426, train_acc: 0.9508 test_loss: 0.4190, test_acc: 0.8779, best: 0.8851, time: 0:00:28
 Epoch: 182, lr: 1.0e-02, train_loss: 0.1407, train_acc: 0.9524 test_loss: 0.4127, test_acc: 0.8809, best: 0.8851, time: 0:00:27
 Epoch: 183, lr: 1.0e-02, train_loss: 0.1410, train_acc: 0.9519 test_loss: 0.4147, test_acc: 0.8794, best: 0.8851, time: 0:00:26
 Epoch: 184, lr: 1.0e-02, train_loss: 0.1406, train_acc: 0.9513 test_loss: 0.4242, test_acc: 0.8747, best: 0.8851, time: 0:00:28
 Epoch: 185, lr: 1.0e-02, train_loss: 0.1371, train_acc: 0.9533 test_loss: 0.4002, test_acc: 0.8820, best: 0.8851, time: 0:00:29
 Epoch: 186, lr: 1.0e-02, train_loss: 0.1392, train_acc: 0.9528 test_loss: 0.4258, test_acc: 0.8802, best: 0.8851, time: 0:00:27
 Epoch: 187, lr: 1.0e-02, train_loss: 0.1423, train_acc: 0.9527 test_loss: 0.4173, test_acc: 0.8795, best: 0.8851, time: 0:00:26
 Epoch: 188, lr: 1.0e-02, train_loss: 0.1388, train_acc: 0.9527 test_loss: 0.4210, test_acc: 0.8797, best: 0.8851, time: 0:00:26
 Epoch: 189, lr: 1.0e-02, train_loss: 0.1452, train_acc: 0.9511 test_loss: 0.4216, test_acc: 0.8802, best: 0.8851, time: 0:00:27
 Epoch: 190, lr: 1.0e-02, train_loss: 0.1379, train_acc: 0.9531 test_loss: 0.4141, test_acc: 0.8821, best: 0.8851, time: 0:00:27
 Epoch: 191, lr: 1.0e-02, train_loss: 0.1362, train_acc: 0.9531 test_loss: 0.4168, test_acc: 0.8818, best: 0.8851, time: 0:00:28
 Epoch: 192, lr: 1.0e-02, train_loss: 0.1392, train_acc: 0.9521 test_loss: 0.4202, test_acc: 0.8788, best: 0.8851, time: 0:00:27
 Epoch: 193, lr: 1.0e-02, train_loss: 0.1419, train_acc: 0.9517 test_loss: 0.3912, test_acc: 0.8813, best: 0.8851, time: 0:00:26
 Epoch: 194, lr: 1.0e-02, train_loss: 0.1401, train_acc: 0.9520 test_loss: 0.4204, test_acc: 0.8768, best: 0.8851, time: 0:00:26
 Epoch: 195, lr: 1.0e-02, train_loss: 0.1383, train_acc: 0.9523 test_loss: 0.4286, test_acc: 0.8793, best: 0.8851, time: 0:00:28
 Epoch: 196, lr: 1.0e-02, train_loss: 0.1387, train_acc: 0.9520 test_loss: 0.4352, test_acc: 0.8728, best: 0.8851, time: 0:00:27
 Epoch: 197, lr: 1.0e-02, train_loss: 0.1392, train_acc: 0.9532 test_loss: 0.4148, test_acc: 0.8782, best: 0.8851, time: 0:00:28
 Epoch: 198, lr: 1.0e-02, train_loss: 0.1311, train_acc: 0.9545 test_loss: 0.4104, test_acc: 0.8803, best: 0.8851, time: 0:00:28
 Epoch: 199, lr: 1.0e-02, train_loss: 0.1357, train_acc: 0.9542 test_loss: 0.4022, test_acc: 0.8821, best: 0.8851, time: 0:00:27
 Epoch: 200, lr: 1.0e-02, train_loss: 0.1394, train_acc: 0.9535 test_loss: 0.4055, test_acc: 0.8830, best: 0.8851, time: 0:00:28
 Epoch: 201, lr: 1.0e-02, train_loss: 0.1337, train_acc: 0.9546 test_loss: 0.4066, test_acc: 0.8808, best: 0.8851, time: 0:00:27
 Epoch: 202, lr: 1.0e-02, train_loss: 0.1290, train_acc: 0.9566 test_loss: 0.4333, test_acc: 0.8791, best: 0.8851, time: 0:00:27
 Epoch: 203, lr: 1.0e-02, train_loss: 0.1347, train_acc: 0.9538 test_loss: 0.4054, test_acc: 0.8828, best: 0.8851, time: 0:00:28
 Epoch: 204, lr: 1.0e-02, train_loss: 0.1348, train_acc: 0.9551 test_loss: 0.4095, test_acc: 0.8786, best: 0.8851, time: 0:00:29
 Epoch: 205, lr: 1.0e-02, train_loss: 0.1435, train_acc: 0.9513 test_loss: 0.4159, test_acc: 0.8779, best: 0.8851, time: 0:00:27
 Epoch: 206, lr: 1.0e-02, train_loss: 0.1337, train_acc: 0.9544 test_loss: 0.4046, test_acc: 0.8753, best: 0.8851, time: 0:00:27
 Epoch: 207, lr: 1.0e-02, train_loss: 0.1348, train_acc: 0.9543 test_loss: 0.4270, test_acc: 0.8737, best: 0.8851, time: 0:00:27
 Epoch: 208, lr: 1.0e-02, train_loss: 0.1341, train_acc: 0.9525 test_loss: 0.4598, test_acc: 0.8661, best: 0.8851, time: 0:00:27
 Epoch: 209, lr: 1.0e-02, train_loss: 0.1383, train_acc: 0.9535 test_loss: 0.4175, test_acc: 0.8803, best: 0.8851, time: 0:00:27
 Epoch: 210, lr: 1.0e-02, train_loss: 0.1352, train_acc: 0.9547 test_loss: 0.3977, test_acc: 0.8796, best: 0.8851, time: 0:00:26
 Epoch: 211, lr: 1.0e-02, train_loss: 0.1319, train_acc: 0.9549 test_loss: 0.4279, test_acc: 0.8818, best: 0.8851, time: 0:00:27
 Epoch: 212, lr: 1.0e-02, train_loss: 0.1321, train_acc: 0.9551 test_loss: 0.4030, test_acc: 0.8831, best: 0.8851, time: 0:00:27
 Epoch: 213, lr: 1.0e-02, train_loss: 0.1294, train_acc: 0.9565 test_loss: 0.4016, test_acc: 0.8811, best: 0.8851, time: 0:00:28
 Epoch: 214, lr: 1.0e-02, train_loss: 0.1358, train_acc: 0.9541 test_loss: 0.4284, test_acc: 0.8763, best: 0.8851, time: 0:00:27
 Epoch: 215, lr: 1.0e-02, train_loss: 0.1307, train_acc: 0.9549 test_loss: 0.4452, test_acc: 0.8762, best: 0.8851, time: 0:00:28
 Epoch: 216, lr: 1.0e-02, train_loss: 0.1346, train_acc: 0.9546 test_loss: 0.4141, test_acc: 0.8807, best: 0.8851, time: 0:00:29
 Epoch: 217, lr: 1.0e-02, train_loss: 0.1339, train_acc: 0.9543 test_loss: 0.4083, test_acc: 0.8839, best: 0.8851, time: 0:00:28
 Epoch: 218, lr: 1.0e-02, train_loss: 0.1346, train_acc: 0.9550 test_loss: 0.4273, test_acc: 0.8811, best: 0.8851, time: 0:00:28
 Epoch: 219, lr: 1.0e-02, train_loss: 0.1349, train_acc: 0.9536 test_loss: 0.4073, test_acc: 0.8825, best: 0.8851, time: 0:00:29
 Epoch: 220, lr: 1.0e-02, train_loss: 0.1264, train_acc: 0.9574 test_loss: 0.4393, test_acc: 0.8701, best: 0.8851, time: 0:00:29
 Epoch: 221, lr: 1.0e-02, train_loss: 0.1341, train_acc: 0.9545 test_loss: 0.4186, test_acc: 0.8804, best: 0.8851, time: 0:00:29
 Epoch: 222, lr: 1.0e-02, train_loss: 0.1303, train_acc: 0.9562 test_loss: 0.4374, test_acc: 0.8809, best: 0.8851, time: 0:00:28
 Epoch: 223, lr: 1.0e-02, train_loss: 0.1290, train_acc: 0.9556 test_loss: 0.4154, test_acc: 0.8822, best: 0.8851, time: 0:00:28
 Epoch: 224, lr: 1.0e-02, train_loss: 0.1312, train_acc: 0.9552 test_loss: 0.4286, test_acc: 0.8803, best: 0.8851, time: 0:00:28
 Epoch: 225, lr: 1.0e-02, train_loss: 0.1308, train_acc: 0.9565 test_loss: 0.4156, test_acc: 0.8787, best: 0.8851, time: 0:00:28
 Epoch: 226, lr: 1.0e-02, train_loss: 0.1258, train_acc: 0.9583 test_loss: 0.4179, test_acc: 0.8816, best: 0.8851, time: 0:00:27
 Epoch: 227, lr: 1.0e-02, train_loss: 0.1309, train_acc: 0.9548 test_loss: 0.4151, test_acc: 0.8803, best: 0.8851, time: 0:00:28
 Epoch: 228, lr: 1.0e-02, train_loss: 0.1292, train_acc: 0.9561 test_loss: 0.3969, test_acc: 0.8857, best: 0.8857, time: 0:00:31
 Epoch: 229, lr: 1.0e-02, train_loss: 0.1312, train_acc: 0.9555 test_loss: 0.4005, test_acc: 0.8826, best: 0.8857, time: 0:00:28
 Epoch: 230, lr: 1.0e-02, train_loss: 0.1295, train_acc: 0.9562 test_loss: 0.4172, test_acc: 0.8792, best: 0.8857, time: 0:00:28
 Epoch: 231, lr: 1.0e-02, train_loss: 0.1284, train_acc: 0.9561 test_loss: 0.4044, test_acc: 0.8872, best: 0.8872, time: 0:00:31
 Epoch: 232, lr: 1.0e-02, train_loss: 0.1268, train_acc: 0.9563 test_loss: 0.4091, test_acc: 0.8849, best: 0.8872, time: 0:00:28
 Epoch: 233, lr: 1.0e-02, train_loss: 0.1253, train_acc: 0.9568 test_loss: 0.4221, test_acc: 0.8796, best: 0.8872, time: 0:00:28
 Epoch: 234, lr: 1.0e-02, train_loss: 0.1294, train_acc: 0.9551 test_loss: 0.4031, test_acc: 0.8840, best: 0.8872, time: 0:00:27
 Epoch: 235, lr: 1.0e-02, train_loss: 0.1248, train_acc: 0.9589 test_loss: 0.4273, test_acc: 0.8817, best: 0.8872, time: 0:00:27
 Epoch: 236, lr: 1.0e-02, train_loss: 0.1323, train_acc: 0.9550 test_loss: 0.4043, test_acc: 0.8831, best: 0.8872, time: 0:00:27
 Epoch: 237, lr: 1.0e-02, train_loss: 0.1255, train_acc: 0.9572 test_loss: 0.4029, test_acc: 0.8844, best: 0.8872, time: 0:00:27
 Epoch: 238, lr: 1.0e-02, train_loss: 0.1254, train_acc: 0.9568 test_loss: 0.4000, test_acc: 0.8839, best: 0.8872, time: 0:00:26
 Epoch: 239, lr: 1.0e-02, train_loss: 0.1251, train_acc: 0.9572 test_loss: 0.4102, test_acc: 0.8809, best: 0.8872, time: 0:00:27
 Epoch: 240, lr: 1.0e-02, train_loss: 0.1331, train_acc: 0.9555 test_loss: 0.3922, test_acc: 0.8880, best: 0.8880, time: 0:00:30
 Epoch: 241, lr: 1.0e-02, train_loss: 0.1294, train_acc: 0.9560 test_loss: 0.4095, test_acc: 0.8803, best: 0.8880, time: 0:00:28
 Epoch: 242, lr: 1.0e-02, train_loss: 0.1254, train_acc: 0.9582 test_loss: 0.4161, test_acc: 0.8835, best: 0.8880, time: 0:00:27
 Epoch: 243, lr: 1.0e-02, train_loss: 0.1284, train_acc: 0.9562 test_loss: 0.4163, test_acc: 0.8807, best: 0.8880, time: 0:00:26
 Epoch: 244, lr: 1.0e-02, train_loss: 0.1262, train_acc: 0.9567 test_loss: 0.4117, test_acc: 0.8864, best: 0.8880, time: 0:00:27
 Epoch: 245, lr: 1.0e-02, train_loss: 0.1247, train_acc: 0.9567 test_loss: 0.4054, test_acc: 0.8854, best: 0.8880, time: 0:00:27
 Epoch: 246, lr: 1.0e-02, train_loss: 0.1252, train_acc: 0.9568 test_loss: 0.4063, test_acc: 0.8877, best: 0.8880, time: 0:00:27
 Epoch: 247, lr: 1.0e-02, train_loss: 0.1216, train_acc: 0.9586 test_loss: 0.3971, test_acc: 0.8881, best: 0.8881, time: 0:00:32
 Epoch: 248, lr: 1.0e-02, train_loss: 0.1346, train_acc: 0.9544 test_loss: 0.4097, test_acc: 0.8803, best: 0.8881, time: 0:00:28
 Epoch: 249, lr: 1.0e-02, train_loss: 0.1305, train_acc: 0.9560 test_loss: 0.4202, test_acc: 0.8835, best: 0.8881, time: 0:00:26
 Epoch: 250, lr: 1.0e-02, train_loss: 0.1246, train_acc: 0.9579 test_loss: 0.4030, test_acc: 0.8819, best: 0.8881, time: 0:00:26
 Epoch: 251, lr: 1.0e-02, train_loss: 0.1229, train_acc: 0.9577 test_loss: 0.4447, test_acc: 0.8706, best: 0.8881, time: 0:00:27
 Epoch: 252, lr: 1.0e-02, train_loss: 0.1281, train_acc: 0.9562 test_loss: 0.4171, test_acc: 0.8808, best: 0.8881, time: 0:00:27
 Epoch: 253, lr: 1.0e-02, train_loss: 0.1235, train_acc: 0.9577 test_loss: 0.4307, test_acc: 0.8766, best: 0.8881, time: 0:00:27
 Epoch: 254, lr: 1.0e-02, train_loss: 0.1263, train_acc: 0.9565 test_loss: 0.4056, test_acc: 0.8832, best: 0.8881, time: 0:00:28
 Epoch: 255, lr: 1.0e-02, train_loss: 0.1235, train_acc: 0.9579 test_loss: 0.4066, test_acc: 0.8863, best: 0.8881, time: 0:00:27
 Epoch: 256, lr: 1.0e-02, train_loss: 0.1247, train_acc: 0.9578 test_loss: 0.4016, test_acc: 0.8807, best: 0.8881, time: 0:00:28
 Epoch: 257, lr: 1.0e-02, train_loss: 0.1245, train_acc: 0.9581 test_loss: 0.4162, test_acc: 0.8842, best: 0.8881, time: 0:00:28
 Epoch: 258, lr: 1.0e-02, train_loss: 0.1277, train_acc: 0.9569 test_loss: 0.4154, test_acc: 0.8809, best: 0.8881, time: 0:00:28
 Epoch: 259, lr: 1.0e-02, train_loss: 0.1235, train_acc: 0.9577 test_loss: 0.4211, test_acc: 0.8811, best: 0.8881, time: 0:00:27
 Epoch: 260, lr: 1.0e-02, train_loss: 0.1315, train_acc: 0.9559 test_loss: 0.4251, test_acc: 0.8790, best: 0.8881, time: 0:00:28
 Epoch: 261, lr: 1.0e-02, train_loss: 0.1261, train_acc: 0.9578 test_loss: 0.4173, test_acc: 0.8795, best: 0.8881, time: 0:00:27
 Epoch: 262, lr: 1.0e-02, train_loss: 0.1252, train_acc: 0.9574 test_loss: 0.4262, test_acc: 0.8805, best: 0.8881, time: 0:00:27
 Epoch: 263, lr: 1.0e-02, train_loss: 0.1258, train_acc: 0.9572 test_loss: 0.4076, test_acc: 0.8822, best: 0.8881, time: 0:00:26
 Epoch: 264, lr: 1.0e-02, train_loss: 0.1249, train_acc: 0.9579 test_loss: 0.4076, test_acc: 0.8842, best: 0.8881, time: 0:00:26
 Epoch: 265, lr: 1.0e-02, train_loss: 0.1263, train_acc: 0.9564 test_loss: 0.4013, test_acc: 0.8836, best: 0.8881, time: 0:00:27
 Epoch: 266, lr: 1.0e-02, train_loss: 0.1266, train_acc: 0.9572 test_loss: 0.4076, test_acc: 0.8860, best: 0.8881, time: 0:00:27
 Epoch: 267, lr: 1.0e-02, train_loss: 0.1271, train_acc: 0.9580 test_loss: 0.4247, test_acc: 0.8789, best: 0.8881, time: 0:00:28
 Epoch: 268, lr: 1.0e-02, train_loss: 0.1231, train_acc: 0.9581 test_loss: 0.4196, test_acc: 0.8729, best: 0.8881, time: 0:00:27
 Epoch: 269, lr: 1.0e-02, train_loss: 0.1201, train_acc: 0.9584 test_loss: 0.3972, test_acc: 0.8849, best: 0.8881, time: 0:00:27
 Epoch: 270, lr: 1.0e-02, train_loss: 0.1238, train_acc: 0.9577 test_loss: 0.4248, test_acc: 0.8820, best: 0.8881, time: 0:00:28
 Epoch: 271, lr: 1.0e-02, train_loss: 0.1189, train_acc: 0.9587 test_loss: 0.4252, test_acc: 0.8807, best: 0.8881, time: 0:00:27
 Epoch: 272, lr: 1.0e-02, train_loss: 0.1270, train_acc: 0.9575 test_loss: 0.4245, test_acc: 0.8764, best: 0.8881, time: 0:00:28
 Epoch: 273, lr: 1.0e-02, train_loss: 0.1240, train_acc: 0.9573 test_loss: 0.4044, test_acc: 0.8823, best: 0.8881, time: 0:00:27
 Epoch: 274, lr: 1.0e-02, train_loss: 0.1223, train_acc: 0.9591 test_loss: 0.4334, test_acc: 0.8766, best: 0.8881, time: 0:00:27
 Epoch: 275, lr: 1.0e-02, train_loss: 0.1247, train_acc: 0.9577 test_loss: 0.3977, test_acc: 0.8833, best: 0.8881, time: 0:00:27
 Epoch: 276, lr: 1.0e-02, train_loss: 0.1194, train_acc: 0.9589 test_loss: 0.4419, test_acc: 0.8806, best: 0.8881, time: 0:00:28
 Epoch: 277, lr: 1.0e-02, train_loss: 0.1190, train_acc: 0.9591 test_loss: 0.4309, test_acc: 0.8785, best: 0.8881, time: 0:00:29
 Epoch: 278, lr: 1.0e-02, train_loss: 0.1190, train_acc: 0.9602 test_loss: 0.4413, test_acc: 0.8772, best: 0.8881, time: 0:00:30
 Epoch: 279, lr: 1.0e-02, train_loss: 0.1222, train_acc: 0.9595 test_loss: 0.4096, test_acc: 0.8830, best: 0.8881, time: 0:00:28
 Epoch: 280, lr: 1.0e-02, train_loss: 0.1221, train_acc: 0.9589 test_loss: 0.4025, test_acc: 0.8869, best: 0.8881, time: 0:00:28
 Epoch: 281, lr: 1.0e-02, train_loss: 0.1212, train_acc: 0.9582 test_loss: 0.4125, test_acc: 0.8810, best: 0.8881, time: 0:00:29
 Epoch: 282, lr: 1.0e-02, train_loss: 0.1268, train_acc: 0.9576 test_loss: 0.4201, test_acc: 0.8828, best: 0.8881, time: 0:00:28
 Epoch: 283, lr: 1.0e-02, train_loss: 0.1231, train_acc: 0.9591 test_loss: 0.4227, test_acc: 0.8825, best: 0.8881, time: 0:00:28
 Epoch: 284, lr: 1.0e-02, train_loss: 0.1194, train_acc: 0.9590 test_loss: 0.4171, test_acc: 0.8833, best: 0.8881, time: 0:00:29
 Epoch: 285, lr: 1.0e-02, train_loss: 0.1228, train_acc: 0.9587 test_loss: 0.4419, test_acc: 0.8726, best: 0.8881, time: 0:00:27
 Epoch: 286, lr: 1.0e-02, train_loss: 0.1206, train_acc: 0.9594 test_loss: 0.4127, test_acc: 0.8815, best: 0.8881, time: 0:00:28
 Epoch: 287, lr: 1.0e-02, train_loss: 0.1225, train_acc: 0.9594 test_loss: 0.3959, test_acc: 0.8900, best: 0.8900, time: 0:00:31
 Epoch: 288, lr: 1.0e-02, train_loss: 0.1195, train_acc: 0.9606 test_loss: 0.3949, test_acc: 0.8845, best: 0.8900, time: 0:00:27
 Epoch: 289, lr: 1.0e-02, train_loss: 0.1250, train_acc: 0.9578 test_loss: 0.4001, test_acc: 0.8874, best: 0.8900, time: 0:00:28
 Epoch: 290, lr: 1.0e-02, train_loss: 0.1202, train_acc: 0.9608 test_loss: 0.4235, test_acc: 0.8845, best: 0.8900, time: 0:00:28
 Epoch: 291, lr: 1.0e-02, train_loss: 0.1228, train_acc: 0.9582 test_loss: 0.4081, test_acc: 0.8835, best: 0.8900, time: 0:00:28
 Epoch: 292, lr: 1.0e-02, train_loss: 0.1207, train_acc: 0.9587 test_loss: 0.4006, test_acc: 0.8822, best: 0.8900, time: 0:00:28
 Epoch: 293, lr: 1.0e-02, train_loss: 0.1150, train_acc: 0.9607 test_loss: 0.3981, test_acc: 0.8873, best: 0.8900, time: 0:00:28
 Epoch: 294, lr: 1.0e-02, train_loss: 0.1243, train_acc: 0.9579 test_loss: 0.4133, test_acc: 0.8874, best: 0.8900, time: 0:00:28
 Epoch: 295, lr: 1.0e-02, train_loss: 0.1151, train_acc: 0.9607 test_loss: 0.4357, test_acc: 0.8765, best: 0.8900, time: 0:00:27
 Epoch: 296, lr: 1.0e-02, train_loss: 0.1193, train_acc: 0.9603 test_loss: 0.4197, test_acc: 0.8841, best: 0.8900, time: 0:00:28
 Epoch: 297, lr: 1.0e-02, train_loss: 0.1185, train_acc: 0.9588 test_loss: 0.4264, test_acc: 0.8776, best: 0.8900, time: 0:00:28
 Epoch: 298, lr: 1.0e-02, train_loss: 0.1176, train_acc: 0.9601 test_loss: 0.4222, test_acc: 0.8851, best: 0.8900, time: 0:00:28
 Epoch: 299, lr: 1.0e-02, train_loss: 0.1250, train_acc: 0.9581 test_loss: 0.4093, test_acc: 0.8820, best: 0.8900, time: 0:00:27
 Epoch: 300, lr: 2.0e-03, train_loss: 0.0793, train_acc: 0.9737 test_loss: 0.3769, test_acc: 0.8965, best: 0.8965, time: 0:00:31
 Epoch: 301, lr: 2.0e-03, train_loss: 0.0674, train_acc: 0.9773 test_loss: 0.3848, test_acc: 0.8934, best: 0.8965, time: 0:00:28
 Epoch: 302, lr: 2.0e-03, train_loss: 0.0629, train_acc: 0.9787 test_loss: 0.3898, test_acc: 0.8963, best: 0.8965, time: 0:00:29
 Epoch: 303, lr: 2.0e-03, train_loss: 0.0594, train_acc: 0.9798 test_loss: 0.3886, test_acc: 0.8964, best: 0.8965, time: 0:00:29
 Epoch: 304, lr: 2.0e-03, train_loss: 0.0564, train_acc: 0.9804 test_loss: 0.3932, test_acc: 0.8992, best: 0.8992, time: 0:00:31
 Epoch: 305, lr: 2.0e-03, train_loss: 0.0572, train_acc: 0.9808 test_loss: 0.3857, test_acc: 0.9000, best: 0.9000, time: 0:00:32
 Epoch: 306, lr: 2.0e-03, train_loss: 0.0567, train_acc: 0.9808 test_loss: 0.3847, test_acc: 0.8991, best: 0.9000, time: 0:00:28
 Epoch: 307, lr: 2.0e-03, train_loss: 0.0547, train_acc: 0.9817 test_loss: 0.3935, test_acc: 0.8984, best: 0.9000, time: 0:00:27
 Epoch: 308, lr: 2.0e-03, train_loss: 0.0489, train_acc: 0.9833 test_loss: 0.4082, test_acc: 0.8967, best: 0.9000, time: 0:00:28
 Epoch: 309, lr: 2.0e-03, train_loss: 0.0481, train_acc: 0.9834 test_loss: 0.4076, test_acc: 0.9012, best: 0.9012, time: 0:00:32
 Epoch: 310, lr: 2.0e-03, train_loss: 0.0475, train_acc: 0.9845 test_loss: 0.4029, test_acc: 0.8999, best: 0.9012, time: 0:00:28
 Epoch: 311, lr: 2.0e-03, train_loss: 0.0462, train_acc: 0.9844 test_loss: 0.4032, test_acc: 0.8998, best: 0.9012, time: 0:00:28
 Epoch: 312, lr: 2.0e-03, train_loss: 0.0451, train_acc: 0.9855 test_loss: 0.4030, test_acc: 0.9009, best: 0.9012, time: 0:00:29
 Epoch: 313, lr: 2.0e-03, train_loss: 0.0449, train_acc: 0.9853 test_loss: 0.4065, test_acc: 0.8982, best: 0.9012, time: 0:00:28
 Epoch: 314, lr: 2.0e-03, train_loss: 0.0457, train_acc: 0.9845 test_loss: 0.4180, test_acc: 0.8986, best: 0.9012, time: 0:00:28
 Epoch: 315, lr: 2.0e-03, train_loss: 0.0424, train_acc: 0.9855 test_loss: 0.4209, test_acc: 0.8986, best: 0.9012, time: 0:00:28
 Epoch: 316, lr: 2.0e-03, train_loss: 0.0424, train_acc: 0.9857 test_loss: 0.4116, test_acc: 0.9004, best: 0.9012, time: 0:00:28
 Epoch: 317, lr: 2.0e-03, train_loss: 0.0418, train_acc: 0.9854 test_loss: 0.4107, test_acc: 0.9013, best: 0.9013, time: 0:00:32
 Epoch: 318, lr: 2.0e-03, train_loss: 0.0401, train_acc: 0.9863 test_loss: 0.4040, test_acc: 0.9002, best: 0.9013, time: 0:00:27
 Epoch: 319, lr: 2.0e-03, train_loss: 0.0412, train_acc: 0.9863 test_loss: 0.4110, test_acc: 0.8992, best: 0.9013, time: 0:00:27
 Epoch: 320, lr: 2.0e-03, train_loss: 0.0410, train_acc: 0.9868 test_loss: 0.4120, test_acc: 0.9020, best: 0.9020, time: 0:00:31
 Epoch: 321, lr: 2.0e-03, train_loss: 0.0403, train_acc: 0.9864 test_loss: 0.4044, test_acc: 0.9016, best: 0.9020, time: 0:00:28
 Epoch: 322, lr: 2.0e-03, train_loss: 0.0375, train_acc: 0.9871 test_loss: 0.4220, test_acc: 0.9016, best: 0.9020, time: 0:00:28
 Epoch: 323, lr: 2.0e-03, train_loss: 0.0394, train_acc: 0.9870 test_loss: 0.4078, test_acc: 0.9010, best: 0.9020, time: 0:00:29
 Epoch: 324, lr: 2.0e-03, train_loss: 0.0359, train_acc: 0.9881 test_loss: 0.4141, test_acc: 0.9023, best: 0.9023, time: 0:00:33
 Epoch: 325, lr: 2.0e-03, train_loss: 0.0399, train_acc: 0.9863 test_loss: 0.4225, test_acc: 0.9004, best: 0.9023, time: 0:00:28
 Epoch: 326, lr: 2.0e-03, train_loss: 0.0383, train_acc: 0.9870 test_loss: 0.4193, test_acc: 0.8994, best: 0.9023, time: 0:00:27
 Epoch: 327, lr: 2.0e-03, train_loss: 0.0362, train_acc: 0.9874 test_loss: 0.4211, test_acc: 0.9006, best: 0.9023, time: 0:00:27
 Epoch: 328, lr: 2.0e-03, train_loss: 0.0355, train_acc: 0.9886 test_loss: 0.4252, test_acc: 0.9026, best: 0.9026, time: 0:00:33
 Epoch: 329, lr: 2.0e-03, train_loss: 0.0369, train_acc: 0.9879 test_loss: 0.4204, test_acc: 0.9003, best: 0.9026, time: 0:00:28
 Epoch: 330, lr: 2.0e-03, train_loss: 0.0359, train_acc: 0.9878 test_loss: 0.4147, test_acc: 0.9014, best: 0.9026, time: 0:00:29
 Epoch: 331, lr: 2.0e-03, train_loss: 0.0366, train_acc: 0.9876 test_loss: 0.4125, test_acc: 0.8998, best: 0.9026, time: 0:00:28
 Epoch: 332, lr: 2.0e-03, train_loss: 0.0347, train_acc: 0.9885 test_loss: 0.4274, test_acc: 0.8977, best: 0.9026, time: 0:00:28
 Epoch: 333, lr: 2.0e-03, train_loss: 0.0334, train_acc: 0.9893 test_loss: 0.4295, test_acc: 0.8996, best: 0.9026, time: 0:00:27
 Epoch: 334, lr: 2.0e-03, train_loss: 0.0323, train_acc: 0.9890 test_loss: 0.4225, test_acc: 0.8988, best: 0.9026, time: 0:00:26
 Epoch: 335, lr: 2.0e-03, train_loss: 0.0357, train_acc: 0.9878 test_loss: 0.4322, test_acc: 0.9014, best: 0.9026, time: 0:00:26
 Epoch: 336, lr: 2.0e-03, train_loss: 0.0334, train_acc: 0.9888 test_loss: 0.4230, test_acc: 0.9013, best: 0.9026, time: 0:00:27
 Epoch: 337, lr: 2.0e-03, train_loss: 0.0355, train_acc: 0.9883 test_loss: 0.4253, test_acc: 0.8988, best: 0.9026, time: 0:00:27
 Epoch: 338, lr: 2.0e-03, train_loss: 0.0335, train_acc: 0.9889 test_loss: 0.4269, test_acc: 0.9028, best: 0.9028, time: 0:00:31
 Epoch: 339, lr: 2.0e-03, train_loss: 0.0320, train_acc: 0.9895 test_loss: 0.4283, test_acc: 0.9006, best: 0.9028, time: 0:00:27
 Epoch: 340, lr: 2.0e-03, train_loss: 0.0311, train_acc: 0.9894 test_loss: 0.4361, test_acc: 0.9002, best: 0.9028, time: 0:00:27
 Epoch: 341, lr: 2.0e-03, train_loss: 0.0335, train_acc: 0.9888 test_loss: 0.4292, test_acc: 0.8993, best: 0.9028, time: 0:00:27
 Epoch: 342, lr: 2.0e-03, train_loss: 0.0308, train_acc: 0.9900 test_loss: 0.4402, test_acc: 0.9004, best: 0.9028, time: 0:00:27
 Epoch: 343, lr: 2.0e-03, train_loss: 0.0338, train_acc: 0.9883 test_loss: 0.4309, test_acc: 0.8991, best: 0.9028, time: 0:00:28
 Epoch: 344, lr: 2.0e-03, train_loss: 0.0316, train_acc: 0.9895 test_loss: 0.4438, test_acc: 0.9012, best: 0.9028, time: 0:00:30
 Epoch: 345, lr: 2.0e-03, train_loss: 0.0297, train_acc: 0.9902 test_loss: 0.4377, test_acc: 0.9002, best: 0.9028, time: 0:00:29
 Epoch: 346, lr: 2.0e-03, train_loss: 0.0321, train_acc: 0.9896 test_loss: 0.4353, test_acc: 0.9009, best: 0.9028, time: 0:00:27
 Epoch: 347, lr: 2.0e-03, train_loss: 0.0318, train_acc: 0.9894 test_loss: 0.4386, test_acc: 0.9010, best: 0.9028, time: 0:00:26
 Epoch: 348, lr: 2.0e-03, train_loss: 0.0286, train_acc: 0.9913 test_loss: 0.4256, test_acc: 0.9025, best: 0.9028, time: 0:00:26
 Epoch: 349, lr: 2.0e-03, train_loss: 0.0290, train_acc: 0.9898 test_loss: 0.4432, test_acc: 0.9005, best: 0.9028, time: 0:00:28
 Epoch: 350, lr: 2.0e-03, train_loss: 0.0292, train_acc: 0.9906 test_loss: 0.4356, test_acc: 0.9022, best: 0.9028, time: 0:00:29
 Epoch: 351, lr: 2.0e-03, train_loss: 0.0303, train_acc: 0.9899 test_loss: 0.4287, test_acc: 0.9020, best: 0.9028, time: 0:00:28
 Epoch: 352, lr: 2.0e-03, train_loss: 0.0289, train_acc: 0.9901 test_loss: 0.4293, test_acc: 0.9015, best: 0.9028, time: 0:00:27
 Epoch: 353, lr: 2.0e-03, train_loss: 0.0301, train_acc: 0.9899 test_loss: 0.4283, test_acc: 0.9027, best: 0.9028, time: 0:00:28
 Epoch: 354, lr: 2.0e-03, train_loss: 0.0288, train_acc: 0.9903 test_loss: 0.4329, test_acc: 0.9024, best: 0.9028, time: 0:00:27
 Epoch: 355, lr: 2.0e-03, train_loss: 0.0293, train_acc: 0.9904 test_loss: 0.4447, test_acc: 0.9025, best: 0.9028, time: 0:00:28
 Epoch: 356, lr: 2.0e-03, train_loss: 0.0277, train_acc: 0.9907 test_loss: 0.4410, test_acc: 0.9012, best: 0.9028, time: 0:00:27
 Epoch: 357, lr: 2.0e-03, train_loss: 0.0307, train_acc: 0.9892 test_loss: 0.4268, test_acc: 0.9046, best: 0.9046, time: 0:00:31
 Epoch: 358, lr: 2.0e-03, train_loss: 0.0277, train_acc: 0.9910 test_loss: 0.4475, test_acc: 0.9015, best: 0.9046, time: 0:00:28
 Epoch: 359, lr: 2.0e-03, train_loss: 0.0275, train_acc: 0.9909 test_loss: 0.4354, test_acc: 0.9031, best: 0.9046, time: 0:00:28
 Epoch: 360, lr: 2.0e-03, train_loss: 0.0291, train_acc: 0.9904 test_loss: 0.4421, test_acc: 0.9038, best: 0.9046, time: 0:00:29
 Epoch: 361, lr: 2.0e-03, train_loss: 0.0284, train_acc: 0.9904 test_loss: 0.4375, test_acc: 0.9009, best: 0.9046, time: 0:00:27
 Epoch: 362, lr: 2.0e-03, train_loss: 0.0285, train_acc: 0.9909 test_loss: 0.4270, test_acc: 0.9027, best: 0.9046, time: 0:00:28
 Epoch: 363, lr: 2.0e-03, train_loss: 0.0266, train_acc: 0.9916 test_loss: 0.4497, test_acc: 0.8999, best: 0.9046, time: 0:00:27
 Epoch: 364, lr: 2.0e-03, train_loss: 0.0283, train_acc: 0.9906 test_loss: 0.4372, test_acc: 0.9015, best: 0.9046, time: 0:00:28
 Epoch: 365, lr: 2.0e-03, train_loss: 0.0271, train_acc: 0.9911 test_loss: 0.4326, test_acc: 0.9031, best: 0.9046, time: 0:00:27
 Epoch: 366, lr: 2.0e-03, train_loss: 0.0269, train_acc: 0.9914 test_loss: 0.4406, test_acc: 0.9051, best: 0.9051, time: 0:00:32
 Epoch: 367, lr: 2.0e-03, train_loss: 0.0269, train_acc: 0.9908 test_loss: 0.4411, test_acc: 0.9008, best: 0.9051, time: 0:00:29
 Epoch: 368, lr: 2.0e-03, train_loss: 0.0260, train_acc: 0.9913 test_loss: 0.4506, test_acc: 0.9014, best: 0.9051, time: 0:00:29
 Epoch: 369, lr: 2.0e-03, train_loss: 0.0266, train_acc: 0.9917 test_loss: 0.4531, test_acc: 0.9006, best: 0.9051, time: 0:00:28
 Epoch: 370, lr: 2.0e-03, train_loss: 0.0261, train_acc: 0.9912 test_loss: 0.4508, test_acc: 0.9027, best: 0.9051, time: 0:00:28
 Epoch: 371, lr: 2.0e-03, train_loss: 0.0264, train_acc: 0.9916 test_loss: 0.4433, test_acc: 0.9002, best: 0.9051, time: 0:00:26
 Epoch: 372, lr: 2.0e-03, train_loss: 0.0263, train_acc: 0.9917 test_loss: 0.4513, test_acc: 0.8995, best: 0.9051, time: 0:00:26
 Epoch: 373, lr: 2.0e-03, train_loss: 0.0257, train_acc: 0.9917 test_loss: 0.4443, test_acc: 0.9016, best: 0.9051, time: 0:00:26
 Epoch: 374, lr: 2.0e-03, train_loss: 0.0258, train_acc: 0.9918 test_loss: 0.4385, test_acc: 0.9015, best: 0.9051, time: 0:00:26
 Epoch: 375, lr: 2.0e-03, train_loss: 0.0252, train_acc: 0.9909 test_loss: 0.4388, test_acc: 0.9013, best: 0.9051, time: 0:00:27
 Epoch: 376, lr: 2.0e-03, train_loss: 0.0253, train_acc: 0.9917 test_loss: 0.4501, test_acc: 0.9006, best: 0.9051, time: 0:00:27
 Epoch: 377, lr: 2.0e-03, train_loss: 0.0252, train_acc: 0.9917 test_loss: 0.4437, test_acc: 0.9016, best: 0.9051, time: 0:00:27
 Epoch: 378, lr: 2.0e-03, train_loss: 0.0247, train_acc: 0.9919 test_loss: 0.4545, test_acc: 0.9026, best: 0.9051, time: 0:00:27
 Epoch: 379, lr: 2.0e-03, train_loss: 0.0251, train_acc: 0.9917 test_loss: 0.4534, test_acc: 0.9008, best: 0.9051, time: 0:00:26
 Epoch: 380, lr: 2.0e-03, train_loss: 0.0240, train_acc: 0.9920 test_loss: 0.4529, test_acc: 0.9016, best: 0.9051, time: 0:00:26
 Epoch: 381, lr: 2.0e-03, train_loss: 0.0243, train_acc: 0.9916 test_loss: 0.4377, test_acc: 0.9033, best: 0.9051, time: 0:00:26
 Epoch: 382, lr: 2.0e-03, train_loss: 0.0242, train_acc: 0.9916 test_loss: 0.4531, test_acc: 0.9037, best: 0.9051, time: 0:00:28
 Epoch: 383, lr: 2.0e-03, train_loss: 0.0244, train_acc: 0.9919 test_loss: 0.4383, test_acc: 0.9025, best: 0.9051, time: 0:00:28
 Epoch: 384, lr: 2.0e-03, train_loss: 0.0255, train_acc: 0.9916 test_loss: 0.4438, test_acc: 0.9011, best: 0.9051, time: 0:00:28
 Epoch: 385, lr: 2.0e-03, train_loss: 0.0232, train_acc: 0.9920 test_loss: 0.4512, test_acc: 0.9038, best: 0.9051, time: 0:00:27
 Epoch: 386, lr: 2.0e-03, train_loss: 0.0261, train_acc: 0.9915 test_loss: 0.4438, test_acc: 0.9014, best: 0.9051, time: 0:00:28
 Epoch: 387, lr: 2.0e-03, train_loss: 0.0224, train_acc: 0.9926 test_loss: 0.4660, test_acc: 0.9013, best: 0.9051, time: 0:00:28
 Epoch: 388, lr: 2.0e-03, train_loss: 0.0235, train_acc: 0.9919 test_loss: 0.4561, test_acc: 0.9025, best: 0.9051, time: 0:00:27
 Epoch: 389, lr: 2.0e-03, train_loss: 0.0249, train_acc: 0.9920 test_loss: 0.4507, test_acc: 0.9022, best: 0.9051, time: 0:00:27
 Epoch: 390, lr: 2.0e-03, train_loss: 0.0230, train_acc: 0.9925 test_loss: 0.4495, test_acc: 0.9005, best: 0.9051, time: 0:00:27
 Epoch: 391, lr: 2.0e-03, train_loss: 0.0227, train_acc: 0.9930 test_loss: 0.4471, test_acc: 0.9001, best: 0.9051, time: 0:00:27
 Epoch: 392, lr: 2.0e-03, train_loss: 0.0217, train_acc: 0.9931 test_loss: 0.4571, test_acc: 0.9026, best: 0.9051, time: 0:00:28
 Epoch: 393, lr: 2.0e-03, train_loss: 0.0244, train_acc: 0.9919 test_loss: 0.4503, test_acc: 0.9019, best: 0.9051, time: 0:00:27
 Epoch: 394, lr: 2.0e-03, train_loss: 0.0229, train_acc: 0.9924 test_loss: 0.4499, test_acc: 0.9009, best: 0.9051, time: 0:00:28
 Epoch: 395, lr: 2.0e-03, train_loss: 0.0230, train_acc: 0.9925 test_loss: 0.4687, test_acc: 0.9001, best: 0.9051, time: 0:00:27
 Epoch: 396, lr: 2.0e-03, train_loss: 0.0229, train_acc: 0.9926 test_loss: 0.4625, test_acc: 0.9007, best: 0.9051, time: 0:00:28
 Epoch: 397, lr: 2.0e-03, train_loss: 0.0226, train_acc: 0.9925 test_loss: 0.4604, test_acc: 0.8986, best: 0.9051, time: 0:00:27
 Epoch: 398, lr: 2.0e-03, train_loss: 0.0221, train_acc: 0.9928 test_loss: 0.4597, test_acc: 0.9000, best: 0.9051, time: 0:00:29
 Epoch: 399, lr: 2.0e-03, train_loss: 0.0240, train_acc: 0.9923 test_loss: 0.4546, test_acc: 0.9012, best: 0.9051, time: 0:00:27
 Epoch: 400, lr: 2.0e-03, train_loss: 0.0219, train_acc: 0.9927 test_loss: 0.4480, test_acc: 0.9020, best: 0.9051, time: 0:00:27
 Epoch: 401, lr: 2.0e-03, train_loss: 0.0220, train_acc: 0.9931 test_loss: 0.4713, test_acc: 0.8974, best: 0.9051, time: 0:00:29
 Epoch: 402, lr: 2.0e-03, train_loss: 0.0208, train_acc: 0.9938 test_loss: 0.4683, test_acc: 0.9000, best: 0.9051, time: 0:00:27
 Epoch: 403, lr: 2.0e-03, train_loss: 0.0228, train_acc: 0.9923 test_loss: 0.4560, test_acc: 0.9018, best: 0.9051, time: 0:00:27
 Epoch: 404, lr: 2.0e-03, train_loss: 0.0210, train_acc: 0.9930 test_loss: 0.4594, test_acc: 0.9019, best: 0.9051, time: 0:00:27
 Epoch: 405, lr: 2.0e-03, train_loss: 0.0237, train_acc: 0.9919 test_loss: 0.4541, test_acc: 0.9000, best: 0.9051, time: 0:00:27
 Epoch: 406, lr: 2.0e-03, train_loss: 0.0238, train_acc: 0.9922 test_loss: 0.4497, test_acc: 0.9008, best: 0.9051, time: 0:00:27
 Epoch: 407, lr: 2.0e-03, train_loss: 0.0218, train_acc: 0.9929 test_loss: 0.4527, test_acc: 0.9025, best: 0.9051, time: 0:00:27
 Epoch: 408, lr: 2.0e-03, train_loss: 0.0219, train_acc: 0.9931 test_loss: 0.4580, test_acc: 0.9023, best: 0.9051, time: 0:00:29
 Epoch: 409, lr: 2.0e-03, train_loss: 0.0214, train_acc: 0.9929 test_loss: 0.4544, test_acc: 0.9017, best: 0.9051, time: 0:00:28
 Epoch: 410, lr: 2.0e-03, train_loss: 0.0210, train_acc: 0.9934 test_loss: 0.4596, test_acc: 0.9008, best: 0.9051, time: 0:00:27
 Epoch: 411, lr: 2.0e-03, train_loss: 0.0203, train_acc: 0.9936 test_loss: 0.4610, test_acc: 0.9029, best: 0.9051, time: 0:00:27
 Epoch: 412, lr: 2.0e-03, train_loss: 0.0210, train_acc: 0.9933 test_loss: 0.4573, test_acc: 0.9030, best: 0.9051, time: 0:00:27
 Epoch: 413, lr: 2.0e-03, train_loss: 0.0206, train_acc: 0.9933 test_loss: 0.4711, test_acc: 0.9008, best: 0.9051, time: 0:00:28
 Epoch: 414, lr: 2.0e-03, train_loss: 0.0193, train_acc: 0.9937 test_loss: 0.4588, test_acc: 0.9046, best: 0.9051, time: 0:00:28
 Epoch: 415, lr: 2.0e-03, train_loss: 0.0219, train_acc: 0.9928 test_loss: 0.4552, test_acc: 0.9030, best: 0.9051, time: 0:00:27
 Epoch: 416, lr: 2.0e-03, train_loss: 0.0217, train_acc: 0.9932 test_loss: 0.4507, test_acc: 0.9030, best: 0.9051, time: 0:00:28
 Epoch: 417, lr: 2.0e-03, train_loss: 0.0200, train_acc: 0.9934 test_loss: 0.4602, test_acc: 0.9029, best: 0.9051, time: 0:00:28
 Epoch: 418, lr: 2.0e-03, train_loss: 0.0207, train_acc: 0.9933 test_loss: 0.4608, test_acc: 0.9030, best: 0.9051, time: 0:00:28
 Epoch: 419, lr: 2.0e-03, train_loss: 0.0208, train_acc: 0.9934 test_loss: 0.4567, test_acc: 0.8995, best: 0.9051, time: 0:00:29
 Epoch: 420, lr: 4.0e-04, train_loss: 0.0187, train_acc: 0.9939 test_loss: 0.4483, test_acc: 0.9033, best: 0.9051, time: 0:00:29
 Epoch: 421, lr: 4.0e-04, train_loss: 0.0186, train_acc: 0.9937 test_loss: 0.4452, test_acc: 0.9039, best: 0.9051, time: 0:00:26
 Epoch: 422, lr: 4.0e-04, train_loss: 0.0168, train_acc: 0.9949 test_loss: 0.4537, test_acc: 0.9036, best: 0.9051, time: 0:00:27
 Epoch: 423, lr: 4.0e-04, train_loss: 0.0175, train_acc: 0.9941 test_loss: 0.4522, test_acc: 0.9043, best: 0.9051, time: 0:00:28
 Epoch: 424, lr: 4.0e-04, train_loss: 0.0193, train_acc: 0.9937 test_loss: 0.4485, test_acc: 0.9051, best: 0.9051, time: 0:00:28
 Epoch: 425, lr: 4.0e-04, train_loss: 0.0172, train_acc: 0.9944 test_loss: 0.4494, test_acc: 0.9047, best: 0.9051, time: 0:00:27
 Epoch: 426, lr: 4.0e-04, train_loss: 0.0177, train_acc: 0.9941 test_loss: 0.4501, test_acc: 0.9051, best: 0.9051, time: 0:00:27
 Epoch: 427, lr: 4.0e-04, train_loss: 0.0178, train_acc: 0.9942 test_loss: 0.4527, test_acc: 0.9051, best: 0.9051, time: 0:00:29
 Epoch: 428, lr: 4.0e-04, train_loss: 0.0174, train_acc: 0.9946 test_loss: 0.4466, test_acc: 0.9039, best: 0.9051, time: 0:00:28
 Epoch: 429, lr: 4.0e-04, train_loss: 0.0173, train_acc: 0.9944 test_loss: 0.4484, test_acc: 0.9046, best: 0.9051, time: 0:00:28
 Epoch: 430, lr: 4.0e-04, train_loss: 0.0168, train_acc: 0.9948 test_loss: 0.4465, test_acc: 0.9055, best: 0.9055, time: 0:00:32
 Epoch: 431, lr: 4.0e-04, train_loss: 0.0174, train_acc: 0.9945 test_loss: 0.4505, test_acc: 0.9060, best: 0.9060, time: 0:00:32
 Epoch: 432, lr: 4.0e-04, train_loss: 0.0174, train_acc: 0.9942 test_loss: 0.4502, test_acc: 0.9050, best: 0.9060, time: 0:00:29
 Epoch: 433, lr: 4.0e-04, train_loss: 0.0155, train_acc: 0.9950 test_loss: 0.4543, test_acc: 0.9041, best: 0.9060, time: 0:00:29
 Epoch: 434, lr: 4.0e-04, train_loss: 0.0160, train_acc: 0.9951 test_loss: 0.4554, test_acc: 0.9043, best: 0.9060, time: 0:00:28
 Epoch: 435, lr: 4.0e-04, train_loss: 0.0171, train_acc: 0.9947 test_loss: 0.4518, test_acc: 0.9044, best: 0.9060, time: 0:00:28
 Epoch: 436, lr: 4.0e-04, train_loss: 0.0153, train_acc: 0.9950 test_loss: 0.4527, test_acc: 0.9049, best: 0.9060, time: 0:00:27
 Epoch: 437, lr: 4.0e-04, train_loss: 0.0159, train_acc: 0.9952 test_loss: 0.4501, test_acc: 0.9059, best: 0.9060, time: 0:00:27
 Epoch: 438, lr: 4.0e-04, train_loss: 0.0146, train_acc: 0.9954 test_loss: 0.4569, test_acc: 0.9056, best: 0.9060, time: 0:00:28
 Epoch: 439, lr: 4.0e-04, train_loss: 0.0160, train_acc: 0.9949 test_loss: 0.4579, test_acc: 0.9055, best: 0.9060, time: 0:00:27
 Epoch: 440, lr: 4.0e-04, train_loss: 0.0168, train_acc: 0.9946 test_loss: 0.4576, test_acc: 0.9054, best: 0.9060, time: 0:00:28
 Epoch: 441, lr: 4.0e-04, train_loss: 0.0163, train_acc: 0.9950 test_loss: 0.4536, test_acc: 0.9059, best: 0.9060, time: 0:00:28
 Epoch: 442, lr: 4.0e-04, train_loss: 0.0156, train_acc: 0.9951 test_loss: 0.4545, test_acc: 0.9054, best: 0.9060, time: 0:00:28
 Epoch: 443, lr: 4.0e-04, train_loss: 0.0156, train_acc: 0.9946 test_loss: 0.4591, test_acc: 0.9059, best: 0.9060, time: 0:00:28
 Epoch: 444, lr: 4.0e-04, train_loss: 0.0156, train_acc: 0.9954 test_loss: 0.4576, test_acc: 0.9050, best: 0.9060, time: 0:00:28
 Epoch: 445, lr: 4.0e-04, train_loss: 0.0169, train_acc: 0.9944 test_loss: 0.4548, test_acc: 0.9068, best: 0.9068, time: 0:00:32
 Epoch: 446, lr: 4.0e-04, train_loss: 0.0150, train_acc: 0.9953 test_loss: 0.4529, test_acc: 0.9061, best: 0.9068, time: 0:00:27
 Epoch: 447, lr: 4.0e-04, train_loss: 0.0159, train_acc: 0.9948 test_loss: 0.4529, test_acc: 0.9042, best: 0.9068, time: 0:00:29
 Epoch: 448, lr: 4.0e-04, train_loss: 0.0150, train_acc: 0.9952 test_loss: 0.4603, test_acc: 0.9042, best: 0.9068, time: 0:00:29
 Epoch: 449, lr: 4.0e-04, train_loss: 0.0151, train_acc: 0.9954 test_loss: 0.4540, test_acc: 0.9058, best: 0.9068, time: 0:00:29
 Epoch: 450, lr: 4.0e-04, train_loss: 0.0158, train_acc: 0.9949 test_loss: 0.4554, test_acc: 0.9072, best: 0.9072, time: 0:00:33
 Epoch: 451, lr: 4.0e-04, train_loss: 0.0154, train_acc: 0.9952 test_loss: 0.4533, test_acc: 0.9080, best: 0.9080, time: 0:00:32
 Epoch: 452, lr: 4.0e-04, train_loss: 0.0149, train_acc: 0.9951 test_loss: 0.4578, test_acc: 0.9076, best: 0.9080, time: 0:00:27
 Epoch: 453, lr: 4.0e-04, train_loss: 0.0153, train_acc: 0.9947 test_loss: 0.4560, test_acc: 0.9047, best: 0.9080, time: 0:00:28
 Epoch: 454, lr: 4.0e-04, train_loss: 0.0154, train_acc: 0.9956 test_loss: 0.4617, test_acc: 0.9044, best: 0.9080, time: 0:00:27
 Epoch: 455, lr: 4.0e-04, train_loss: 0.0152, train_acc: 0.9956 test_loss: 0.4582, test_acc: 0.9064, best: 0.9080, time: 0:00:29
 Epoch: 456, lr: 4.0e-04, train_loss: 0.0170, train_acc: 0.9945 test_loss: 0.4519, test_acc: 0.9069, best: 0.9080, time: 0:00:27
 Epoch: 457, lr: 4.0e-04, train_loss: 0.0165, train_acc: 0.9951 test_loss: 0.4551, test_acc: 0.9049, best: 0.9080, time: 0:00:27
 Epoch: 458, lr: 4.0e-04, train_loss: 0.0164, train_acc: 0.9948 test_loss: 0.4498, test_acc: 0.9068, best: 0.9080, time: 0:00:27
 Epoch: 459, lr: 4.0e-04, train_loss: 0.0141, train_acc: 0.9958 test_loss: 0.4515, test_acc: 0.9076, best: 0.9080, time: 0:00:27
 Epoch: 460, lr: 4.0e-04, train_loss: 0.0161, train_acc: 0.9950 test_loss: 0.4530, test_acc: 0.9054, best: 0.9080, time: 0:00:26
 Epoch: 461, lr: 4.0e-04, train_loss: 0.0153, train_acc: 0.9951 test_loss: 0.4478, test_acc: 0.9054, best: 0.9080, time: 0:00:28
 Epoch: 462, lr: 4.0e-04, train_loss: 0.0164, train_acc: 0.9947 test_loss: 0.4497, test_acc: 0.9060, best: 0.9080, time: 0:00:27
 Epoch: 463, lr: 4.0e-04, train_loss: 0.0146, train_acc: 0.9954 test_loss: 0.4524, test_acc: 0.9053, best: 0.9080, time: 0:00:28
 Epoch: 464, lr: 4.0e-04, train_loss: 0.0142, train_acc: 0.9954 test_loss: 0.4529, test_acc: 0.9056, best: 0.9080, time: 0:00:27
 Epoch: 465, lr: 4.0e-04, train_loss: 0.0144, train_acc: 0.9957 test_loss: 0.4558, test_acc: 0.9058, best: 0.9080, time: 0:00:27
 Epoch: 466, lr: 4.0e-04, train_loss: 0.0146, train_acc: 0.9956 test_loss: 0.4549, test_acc: 0.9064, best: 0.9080, time: 0:00:28
 Epoch: 467, lr: 4.0e-04, train_loss: 0.0156, train_acc: 0.9947 test_loss: 0.4557, test_acc: 0.9052, best: 0.9080, time: 0:00:28
 Epoch: 468, lr: 4.0e-04, train_loss: 0.0138, train_acc: 0.9956 test_loss: 0.4549, test_acc: 0.9054, best: 0.9080, time: 0:00:29
 Epoch: 469, lr: 4.0e-04, train_loss: 0.0150, train_acc: 0.9953 test_loss: 0.4594, test_acc: 0.9049, best: 0.9080, time: 0:00:27
 Epoch: 470, lr: 4.0e-04, train_loss: 0.0149, train_acc: 0.9954 test_loss: 0.4601, test_acc: 0.9052, best: 0.9080, time: 0:00:27
 Epoch: 471, lr: 4.0e-04, train_loss: 0.0142, train_acc: 0.9952 test_loss: 0.4591, test_acc: 0.9051, best: 0.9080, time: 0:00:28
 Epoch: 472, lr: 4.0e-04, train_loss: 0.0142, train_acc: 0.9957 test_loss: 0.4569, test_acc: 0.9044, best: 0.9080, time: 0:00:27
 Epoch: 473, lr: 4.0e-04, train_loss: 0.0145, train_acc: 0.9953 test_loss: 0.4580, test_acc: 0.9052, best: 0.9080, time: 0:00:27
 Epoch: 474, lr: 4.0e-04, train_loss: 0.0139, train_acc: 0.9951 test_loss: 0.4596, test_acc: 0.9053, best: 0.9080, time: 0:00:28
 Epoch: 475, lr: 4.0e-04, train_loss: 0.0153, train_acc: 0.9950 test_loss: 0.4609, test_acc: 0.9054, best: 0.9080, time: 0:00:27
 Epoch: 476, lr: 4.0e-04, train_loss: 0.0139, train_acc: 0.9956 test_loss: 0.4571, test_acc: 0.9044, best: 0.9080, time: 0:00:28
 Epoch: 477, lr: 4.0e-04, train_loss: 0.0137, train_acc: 0.9957 test_loss: 0.4623, test_acc: 0.9044, best: 0.9080, time: 0:00:27
 Epoch: 478, lr: 4.0e-04, train_loss: 0.0154, train_acc: 0.9955 test_loss: 0.4604, test_acc: 0.9043, best: 0.9080, time: 0:00:27
 Epoch: 479, lr: 4.0e-04, train_loss: 0.0157, train_acc: 0.9951 test_loss: 0.4542, test_acc: 0.9053, best: 0.9080, time: 0:00:28
 Epoch: 480, lr: 4.0e-04, train_loss: 0.0144, train_acc: 0.9954 test_loss: 0.4552, test_acc: 0.9041, best: 0.9080, time: 0:00:28
 Epoch: 481, lr: 4.0e-04, train_loss: 0.0145, train_acc: 0.9955 test_loss: 0.4577, test_acc: 0.9034, best: 0.9080, time: 0:00:29
 Epoch: 482, lr: 4.0e-04, train_loss: 0.0145, train_acc: 0.9955 test_loss: 0.4551, test_acc: 0.9048, best: 0.9080, time: 0:00:27
 Epoch: 483, lr: 4.0e-04, train_loss: 0.0139, train_acc: 0.9958 test_loss: 0.4549, test_acc: 0.9052, best: 0.9080, time: 0:00:28
 Epoch: 484, lr: 4.0e-04, train_loss: 0.0142, train_acc: 0.9956 test_loss: 0.4598, test_acc: 0.9049, best: 0.9080, time: 0:00:28
 Epoch: 485, lr: 4.0e-04, train_loss: 0.0134, train_acc: 0.9959 test_loss: 0.4545, test_acc: 0.9048, best: 0.9080, time: 0:00:27
 Epoch: 486, lr: 4.0e-04, train_loss: 0.0144, train_acc: 0.9956 test_loss: 0.4566, test_acc: 0.9051, best: 0.9080, time: 0:00:29
 Epoch: 487, lr: 4.0e-04, train_loss: 0.0135, train_acc: 0.9958 test_loss: 0.4603, test_acc: 0.9057, best: 0.9080, time: 0:00:29
 Epoch: 488, lr: 4.0e-04, train_loss: 0.0138, train_acc: 0.9960 test_loss: 0.4571, test_acc: 0.9053, best: 0.9080, time: 0:00:28
 Epoch: 489, lr: 4.0e-04, train_loss: 0.0143, train_acc: 0.9956 test_loss: 0.4578, test_acc: 0.9055, best: 0.9080, time: 0:00:29
 Epoch: 490, lr: 4.0e-04, train_loss: 0.0140, train_acc: 0.9956 test_loss: 0.4605, test_acc: 0.9055, best: 0.9080, time: 0:00:26
 Epoch: 491, lr: 4.0e-04, train_loss: 0.0145, train_acc: 0.9955 test_loss: 0.4534, test_acc: 0.9053, best: 0.9080, time: 0:00:29
 Epoch: 492, lr: 4.0e-04, train_loss: 0.0131, train_acc: 0.9960 test_loss: 0.4578, test_acc: 0.9064, best: 0.9080, time: 0:00:29
 Epoch: 493, lr: 4.0e-04, train_loss: 0.0134, train_acc: 0.9958 test_loss: 0.4621, test_acc: 0.9049, best: 0.9080, time: 0:00:29
 Epoch: 494, lr: 4.0e-04, train_loss: 0.0144, train_acc: 0.9955 test_loss: 0.4636, test_acc: 0.9049, best: 0.9080, time: 0:00:29
 Epoch: 495, lr: 4.0e-04, train_loss: 0.0151, train_acc: 0.9952 test_loss: 0.4560, test_acc: 0.9048, best: 0.9080, time: 0:00:29
 Epoch: 496, lr: 4.0e-04, train_loss: 0.0133, train_acc: 0.9958 test_loss: 0.4585, test_acc: 0.9049, best: 0.9080, time: 0:00:29
 Epoch: 497, lr: 4.0e-04, train_loss: 0.0137, train_acc: 0.9954 test_loss: 0.4624, test_acc: 0.9046, best: 0.9080, time: 0:00:27
 Epoch: 498, lr: 4.0e-04, train_loss: 0.0149, train_acc: 0.9953 test_loss: 0.4565, test_acc: 0.9045, best: 0.9080, time: 0:00:27
 Epoch: 499, lr: 4.0e-04, train_loss: 0.0143, train_acc: 0.9956 test_loss: 0.4614, test_acc: 0.9052, best: 0.9080, time: 0:00:26
 Epoch: 500, lr: 4.0e-04, train_loss: 0.0142, train_acc: 0.9956 test_loss: 0.4582, test_acc: 0.9037, best: 0.9080, time: 0:00:27
 Epoch: 501, lr: 4.0e-04, train_loss: 0.0138, train_acc: 0.9955 test_loss: 0.4576, test_acc: 0.9044, best: 0.9080, time: 0:00:27
 Epoch: 502, lr: 4.0e-04, train_loss: 0.0135, train_acc: 0.9959 test_loss: 0.4590, test_acc: 0.9041, best: 0.9080, time: 0:00:29
 Epoch: 503, lr: 4.0e-04, train_loss: 0.0140, train_acc: 0.9958 test_loss: 0.4604, test_acc: 0.9046, best: 0.9080, time: 0:00:29
 Epoch: 504, lr: 4.0e-04, train_loss: 0.0141, train_acc: 0.9957 test_loss: 0.4545, test_acc: 0.9057, best: 0.9080, time: 0:00:27
 Epoch: 505, lr: 4.0e-04, train_loss: 0.0138, train_acc: 0.9954 test_loss: 0.4562, test_acc: 0.9060, best: 0.9080, time: 0:00:27
 Epoch: 506, lr: 4.0e-04, train_loss: 0.0132, train_acc: 0.9958 test_loss: 0.4590, test_acc: 0.9060, best: 0.9080, time: 0:00:27
 Epoch: 507, lr: 4.0e-04, train_loss: 0.0133, train_acc: 0.9958 test_loss: 0.4566, test_acc: 0.9057, best: 0.9080, time: 0:00:27
 Epoch: 508, lr: 4.0e-04, train_loss: 0.0135, train_acc: 0.9955 test_loss: 0.4592, test_acc: 0.9060, best: 0.9080, time: 0:00:28
 Epoch: 509, lr: 4.0e-04, train_loss: 0.0129, train_acc: 0.9960 test_loss: 0.4613, test_acc: 0.9055, best: 0.9080, time: 0:00:28
 Epoch: 510, lr: 4.0e-04, train_loss: 0.0131, train_acc: 0.9960 test_loss: 0.4584, test_acc: 0.9051, best: 0.9080, time: 0:00:29
 Epoch: 511, lr: 4.0e-04, train_loss: 0.0144, train_acc: 0.9951 test_loss: 0.4599, test_acc: 0.9051, best: 0.9080, time: 0:00:28
 Epoch: 512, lr: 4.0e-04, train_loss: 0.0144, train_acc: 0.9954 test_loss: 0.4590, test_acc: 0.9047, best: 0.9080, time: 0:00:28
 Epoch: 513, lr: 4.0e-04, train_loss: 0.0136, train_acc: 0.9959 test_loss: 0.4569, test_acc: 0.9057, best: 0.9080, time: 0:00:29
 Epoch: 514, lr: 4.0e-04, train_loss: 0.0134, train_acc: 0.9957 test_loss: 0.4582, test_acc: 0.9059, best: 0.9080, time: 0:00:28
 Epoch: 515, lr: 4.0e-04, train_loss: 0.0134, train_acc: 0.9957 test_loss: 0.4610, test_acc: 0.9055, best: 0.9080, time: 0:00:27
 Epoch: 516, lr: 4.0e-04, train_loss: 0.0138, train_acc: 0.9957 test_loss: 0.4604, test_acc: 0.9052, best: 0.9080, time: 0:00:28
 Epoch: 517, lr: 4.0e-04, train_loss: 0.0142, train_acc: 0.9955 test_loss: 0.4576, test_acc: 0.9046, best: 0.9080, time: 0:00:28
 Epoch: 518, lr: 4.0e-04, train_loss: 0.0118, train_acc: 0.9964 test_loss: 0.4659, test_acc: 0.9042, best: 0.9080, time: 0:00:26
 Epoch: 519, lr: 4.0e-04, train_loss: 0.0136, train_acc: 0.9958 test_loss: 0.4640, test_acc: 0.9043, best: 0.9080, time: 0:00:27
 Epoch: 520, lr: 4.0e-04, train_loss: 0.0147, train_acc: 0.9952 test_loss: 0.4587, test_acc: 0.9057, best: 0.9080, time: 0:00:26
 Epoch: 521, lr: 4.0e-04, train_loss: 0.0133, train_acc: 0.9960 test_loss: 0.4593, test_acc: 0.9040, best: 0.9080, time: 0:00:27
 Epoch: 522, lr: 4.0e-04, train_loss: 0.0140, train_acc: 0.9955 test_loss: 0.4592, test_acc: 0.9047, best: 0.9080, time: 0:00:26
 Epoch: 523, lr: 4.0e-04, train_loss: 0.0125, train_acc: 0.9961 test_loss: 0.4609, test_acc: 0.9052, best: 0.9080, time: 0:00:26
 Epoch: 524, lr: 4.0e-04, train_loss: 0.0142, train_acc: 0.9957 test_loss: 0.4605, test_acc: 0.9068, best: 0.9080, time: 0:00:26
 Epoch: 525, lr: 4.0e-04, train_loss: 0.0134, train_acc: 0.9954 test_loss: 0.4598, test_acc: 0.9056, best: 0.9080, time: 0:00:26
 Epoch: 526, lr: 4.0e-04, train_loss: 0.0136, train_acc: 0.9954 test_loss: 0.4605, test_acc: 0.9049, best: 0.9080, time: 0:00:28
 Epoch: 527, lr: 4.0e-04, train_loss: 0.0135, train_acc: 0.9959 test_loss: 0.4588, test_acc: 0.9049, best: 0.9080, time: 0:00:27
 Epoch: 528, lr: 4.0e-04, train_loss: 0.0125, train_acc: 0.9962 test_loss: 0.4611, test_acc: 0.9050, best: 0.9080, time: 0:00:26
 Epoch: 529, lr: 4.0e-04, train_loss: 0.0144, train_acc: 0.9953 test_loss: 0.4628, test_acc: 0.9053, best: 0.9080, time: 0:00:26
 Epoch: 530, lr: 4.0e-04, train_loss: 0.0140, train_acc: 0.9955 test_loss: 0.4597, test_acc: 0.9055, best: 0.9080, time: 0:00:27
 Epoch: 531, lr: 4.0e-04, train_loss: 0.0134, train_acc: 0.9958 test_loss: 0.4623, test_acc: 0.9046, best: 0.9080, time: 0:00:27
 Epoch: 532, lr: 4.0e-04, train_loss: 0.0135, train_acc: 0.9955 test_loss: 0.4589, test_acc: 0.9055, best: 0.9080, time: 0:00:28
 Epoch: 533, lr: 4.0e-04, train_loss: 0.0117, train_acc: 0.9962 test_loss: 0.4606, test_acc: 0.9048, best: 0.9080, time: 0:00:27
 Epoch: 534, lr: 4.0e-04, train_loss: 0.0136, train_acc: 0.9956 test_loss: 0.4618, test_acc: 0.9037, best: 0.9080, time: 0:00:28
 Epoch: 535, lr: 4.0e-04, train_loss: 0.0132, train_acc: 0.9961 test_loss: 0.4625, test_acc: 0.9040, best: 0.9080, time: 0:00:28
 Epoch: 536, lr: 4.0e-04, train_loss: 0.0134, train_acc: 0.9960 test_loss: 0.4594, test_acc: 0.9067, best: 0.9080, time: 0:00:28
 Epoch: 537, lr: 4.0e-04, train_loss: 0.0132, train_acc: 0.9961 test_loss: 0.4579, test_acc: 0.9046, best: 0.9080, time: 0:00:28
 Epoch: 538, lr: 4.0e-04, train_loss: 0.0134, train_acc: 0.9960 test_loss: 0.4556, test_acc: 0.9045, best: 0.9080, time: 0:00:28
 Epoch: 539, lr: 4.0e-04, train_loss: 0.0137, train_acc: 0.9954 test_loss: 0.4589, test_acc: 0.9048, best: 0.9080, time: 0:00:27
 Epoch: 540, lr: 8.0e-05, train_loss: 0.0129, train_acc: 0.9963 test_loss: 0.4599, test_acc: 0.9048, best: 0.9080, time: 0:00:27
 Epoch: 541, lr: 8.0e-05, train_loss: 0.0127, train_acc: 0.9962 test_loss: 0.4603, test_acc: 0.9040, best: 0.9080, time: 0:00:28
 Epoch: 542, lr: 8.0e-05, train_loss: 0.0131, train_acc: 0.9958 test_loss: 0.4587, test_acc: 0.9053, best: 0.9080, time: 0:00:27
 Epoch: 543, lr: 8.0e-05, train_loss: 0.0125, train_acc: 0.9957 test_loss: 0.4589, test_acc: 0.9053, best: 0.9080, time: 0:00:27
 Epoch: 544, lr: 8.0e-05, train_loss: 0.0122, train_acc: 0.9962 test_loss: 0.4598, test_acc: 0.9045, best: 0.9080, time: 0:00:26
 Epoch: 545, lr: 8.0e-05, train_loss: 0.0123, train_acc: 0.9961 test_loss: 0.4597, test_acc: 0.9049, best: 0.9080, time: 0:00:27
 Epoch: 546, lr: 8.0e-05, train_loss: 0.0126, train_acc: 0.9961 test_loss: 0.4593, test_acc: 0.9046, best: 0.9080, time: 0:00:27
 Epoch: 547, lr: 8.0e-05, train_loss: 0.0132, train_acc: 0.9957 test_loss: 0.4600, test_acc: 0.9046, best: 0.9080, time: 0:00:26
 Epoch: 548, lr: 8.0e-05, train_loss: 0.0126, train_acc: 0.9961 test_loss: 0.4600, test_acc: 0.9043, best: 0.9080, time: 0:00:26
 Epoch: 549, lr: 8.0e-05, train_loss: 0.0129, train_acc: 0.9959 test_loss: 0.4588, test_acc: 0.9043, best: 0.9080, time: 0:00:26
 Epoch: 550, lr: 8.0e-05, train_loss: 0.0131, train_acc: 0.9959 test_loss: 0.4603, test_acc: 0.9041, best: 0.9080, time: 0:00:26
 Epoch: 551, lr: 8.0e-05, train_loss: 0.0134, train_acc: 0.9960 test_loss: 0.4596, test_acc: 0.9044, best: 0.9080, time: 0:00:27
 Epoch: 552, lr: 8.0e-05, train_loss: 0.0127, train_acc: 0.9963 test_loss: 0.4609, test_acc: 0.9045, best: 0.9080, time: 0:00:27
 Epoch: 553, lr: 8.0e-05, train_loss: 0.0127, train_acc: 0.9963 test_loss: 0.4600, test_acc: 0.9039, best: 0.9080, time: 0:00:28
 Epoch: 554, lr: 8.0e-05, train_loss: 0.0119, train_acc: 0.9963 test_loss: 0.4607, test_acc: 0.9046, best: 0.9080, time: 0:00:27
 Epoch: 555, lr: 8.0e-05, train_loss: 0.0121, train_acc: 0.9965 test_loss: 0.4602, test_acc: 0.9045, best: 0.9080, time: 0:00:28
 Epoch: 556, lr: 8.0e-05, train_loss: 0.0128, train_acc: 0.9962 test_loss: 0.4594, test_acc: 0.9049, best: 0.9080, time: 0:00:27
 Epoch: 557, lr: 8.0e-05, train_loss: 0.0125, train_acc: 0.9963 test_loss: 0.4606, test_acc: 0.9043, best: 0.9080, time: 0:00:28
 Epoch: 558, lr: 8.0e-05, train_loss: 0.0126, train_acc: 0.9962 test_loss: 0.4610, test_acc: 0.9049, best: 0.9080, time: 0:00:28
 Epoch: 559, lr: 8.0e-05, train_loss: 0.0133, train_acc: 0.9960 test_loss: 0.4597, test_acc: 0.9054, best: 0.9080, time: 0:00:29
 Epoch: 560, lr: 8.0e-05, train_loss: 0.0134, train_acc: 0.9958 test_loss: 0.4598, test_acc: 0.9048, best: 0.9080, time: 0:00:28
 Epoch: 561, lr: 8.0e-05, train_loss: 0.0124, train_acc: 0.9961 test_loss: 0.4618, test_acc: 0.9041, best: 0.9080, time: 0:00:28
 Epoch: 562, lr: 8.0e-05, train_loss: 0.0124, train_acc: 0.9960 test_loss: 0.4602, test_acc: 0.9051, best: 0.9080, time: 0:00:27
 Epoch: 563, lr: 8.0e-05, train_loss: 0.0126, train_acc: 0.9963 test_loss: 0.4616, test_acc: 0.9044, best: 0.9080, time: 0:00:26
 Epoch: 564, lr: 8.0e-05, train_loss: 0.0127, train_acc: 0.9959 test_loss: 0.4613, test_acc: 0.9043, best: 0.9080, time: 0:00:27
 Epoch: 565, lr: 8.0e-05, train_loss: 0.0131, train_acc: 0.9956 test_loss: 0.4614, test_acc: 0.9048, best: 0.9080, time: 0:00:26
 Epoch: 566, lr: 8.0e-05, train_loss: 0.0115, train_acc: 0.9966 test_loss: 0.4625, test_acc: 0.9042, best: 0.9080, time: 0:00:28
 Epoch: 567, lr: 8.0e-05, train_loss: 0.0122, train_acc: 0.9962 test_loss: 0.4619, test_acc: 0.9037, best: 0.9080, time: 0:00:27
 Epoch: 568, lr: 8.0e-05, train_loss: 0.0114, train_acc: 0.9965 test_loss: 0.4621, test_acc: 0.9048, best: 0.9080, time: 0:00:27
 Epoch: 569, lr: 8.0e-05, train_loss: 0.0132, train_acc: 0.9957 test_loss: 0.4607, test_acc: 0.9053, best: 0.9080, time: 0:00:27
 Epoch: 570, lr: 8.0e-05, train_loss: 0.0117, train_acc: 0.9968 test_loss: 0.4607, test_acc: 0.9050, best: 0.9080, time: 0:00:27
 Epoch: 571, lr: 8.0e-05, train_loss: 0.0116, train_acc: 0.9967 test_loss: 0.4617, test_acc: 0.9053, best: 0.9080, time: 0:00:27
 Epoch: 572, lr: 8.0e-05, train_loss: 0.0128, train_acc: 0.9960 test_loss: 0.4611, test_acc: 0.9043, best: 0.9080, time: 0:00:28
 Epoch: 573, lr: 8.0e-05, train_loss: 0.0125, train_acc: 0.9962 test_loss: 0.4603, test_acc: 0.9054, best: 0.9080, time: 0:00:28
 Epoch: 574, lr: 8.0e-05, train_loss: 0.0125, train_acc: 0.9964 test_loss: 0.4612, test_acc: 0.9053, best: 0.9080, time: 0:00:28
 Epoch: 575, lr: 8.0e-05, train_loss: 0.0126, train_acc: 0.9962 test_loss: 0.4607, test_acc: 0.9054, best: 0.9080, time: 0:00:27
 Epoch: 576, lr: 8.0e-05, train_loss: 0.0121, train_acc: 0.9961 test_loss: 0.4599, test_acc: 0.9057, best: 0.9080, time: 0:00:26
 Epoch: 577, lr: 8.0e-05, train_loss: 0.0138, train_acc: 0.9957 test_loss: 0.4611, test_acc: 0.9060, best: 0.9080, time: 0:00:27
 Epoch: 578, lr: 8.0e-05, train_loss: 0.0131, train_acc: 0.9961 test_loss: 0.4597, test_acc: 0.9063, best: 0.9080, time: 0:00:28
 Epoch: 579, lr: 8.0e-05, train_loss: 0.0123, train_acc: 0.9960 test_loss: 0.4595, test_acc: 0.9048, best: 0.9080, time: 0:00:27
 Epoch: 580, lr: 8.0e-05, train_loss: 0.0139, train_acc: 0.9955 test_loss: 0.4599, test_acc: 0.9054, best: 0.9080, time: 0:00:27
 Epoch: 581, lr: 8.0e-05, train_loss: 0.0125, train_acc: 0.9962 test_loss: 0.4600, test_acc: 0.9052, best: 0.9080, time: 0:00:27
 Epoch: 582, lr: 8.0e-05, train_loss: 0.0114, train_acc: 0.9961 test_loss: 0.4613, test_acc: 0.9051, best: 0.9080, time: 0:00:27
 Epoch: 583, lr: 8.0e-05, train_loss: 0.0125, train_acc: 0.9962 test_loss: 0.4614, test_acc: 0.9052, best: 0.9080, time: 0:00:28
 Epoch: 584, lr: 8.0e-05, train_loss: 0.0121, train_acc: 0.9961 test_loss: 0.4620, test_acc: 0.9052, best: 0.9080, time: 0:00:27
 Epoch: 585, lr: 8.0e-05, train_loss: 0.0123, train_acc: 0.9963 test_loss: 0.4612, test_acc: 0.9056, best: 0.9080, time: 0:00:26
 Epoch: 586, lr: 8.0e-05, train_loss: 0.0128, train_acc: 0.9960 test_loss: 0.4601, test_acc: 0.9050, best: 0.9080, time: 0:00:27
 Epoch: 587, lr: 8.0e-05, train_loss: 0.0123, train_acc: 0.9962 test_loss: 0.4607, test_acc: 0.9048, best: 0.9080, time: 0:00:27
 Epoch: 588, lr: 8.0e-05, train_loss: 0.0117, train_acc: 0.9963 test_loss: 0.4613, test_acc: 0.9051, best: 0.9080, time: 0:00:28
 Epoch: 589, lr: 8.0e-05, train_loss: 0.0127, train_acc: 0.9963 test_loss: 0.4589, test_acc: 0.9055, best: 0.9080, time: 0:00:27
 Epoch: 590, lr: 8.0e-05, train_loss: 0.0131, train_acc: 0.9957 test_loss: 0.4593, test_acc: 0.9054, best: 0.9080, time: 0:00:26
 Epoch: 591, lr: 8.0e-05, train_loss: 0.0123, train_acc: 0.9961 test_loss: 0.4607, test_acc: 0.9048, best: 0.9080, time: 0:00:27
 Epoch: 592, lr: 8.0e-05, train_loss: 0.0115, train_acc: 0.9963 test_loss: 0.4607, test_acc: 0.9058, best: 0.9080, time: 0:00:28
 Epoch: 593, lr: 8.0e-05, train_loss: 0.0125, train_acc: 0.9962 test_loss: 0.4602, test_acc: 0.9049, best: 0.9080, time: 0:00:26
 Epoch: 594, lr: 8.0e-05, train_loss: 0.0128, train_acc: 0.9961 test_loss: 0.4594, test_acc: 0.9049, best: 0.9080, time: 0:00:27
 Epoch: 595, lr: 8.0e-05, train_loss: 0.0111, train_acc: 0.9968 test_loss: 0.4595, test_acc: 0.9052, best: 0.9080, time: 0:00:27
 Epoch: 596, lr: 8.0e-05, train_loss: 0.0125, train_acc: 0.9959 test_loss: 0.4576, test_acc: 0.9049, best: 0.9080, time: 0:00:27
 Epoch: 597, lr: 8.0e-05, train_loss: 0.0121, train_acc: 0.9961 test_loss: 0.4597, test_acc: 0.9054, best: 0.9080, time: 0:00:28
 Epoch: 598, lr: 8.0e-05, train_loss: 0.0126, train_acc: 0.9959 test_loss: 0.4594, test_acc: 0.9048, best: 0.9080, time: 0:00:28
 Epoch: 599, lr: 8.0e-05, train_loss: 0.0123, train_acc: 0.9959 test_loss: 0.4596, test_acc: 0.9050, best: 0.9080, time: 0:00:28
 Highest accuracy: 0.9080