
 Run on time: 2020-05-04 16:13:24.196684

 Arguments:
	 gpu                  : True
	 log                  : True
	 seed                 : 0
	 dataset              : CIFAR100
	 batch_size           : 64
	 architecture         : VGG16
	 learning_rate        : 0.01
	 pretrained_ann       : /home/min/a/rathi2/SNN_backprop/final_files/trained_models/ann/ann_vgg16_cifar10_sgd100.2.pth
	 test_only            : False
	 epochs               : 300
	 lr_interval          : [135, 210, 270]
	 lr_reduce            : 5
	 optimizer            : SGD
	 dropout              : 0.2
	 kernel_size          : 3
 Success: Loaded module.features.0.weight from /home/min/a/rathi2/SNN_backprop/final_files/trained_models/ann/ann_vgg16_cifar10_sgd100.2.pth
 Success: Loaded module.features.3.weight from /home/min/a/rathi2/SNN_backprop/final_files/trained_models/ann/ann_vgg16_cifar10_sgd100.2.pth
 Success: Loaded module.features.6.weight from /home/min/a/rathi2/SNN_backprop/final_files/trained_models/ann/ann_vgg16_cifar10_sgd100.2.pth
 Success: Loaded module.features.9.weight from /home/min/a/rathi2/SNN_backprop/final_files/trained_models/ann/ann_vgg16_cifar10_sgd100.2.pth
 Success: Loaded module.features.12.weight from /home/min/a/rathi2/SNN_backprop/final_files/trained_models/ann/ann_vgg16_cifar10_sgd100.2.pth
 Success: Loaded module.features.15.weight from /home/min/a/rathi2/SNN_backprop/final_files/trained_models/ann/ann_vgg16_cifar10_sgd100.2.pth
 Success: Loaded module.features.18.weight from /home/min/a/rathi2/SNN_backprop/final_files/trained_models/ann/ann_vgg16_cifar10_sgd100.2.pth
 Success: Loaded module.features.21.weight from /home/min/a/rathi2/SNN_backprop/final_files/trained_models/ann/ann_vgg16_cifar10_sgd100.2.pth
 Success: Loaded module.features.24.weight from /home/min/a/rathi2/SNN_backprop/final_files/trained_models/ann/ann_vgg16_cifar10_sgd100.2.pth
 Success: Loaded module.features.27.weight from /home/min/a/rathi2/SNN_backprop/final_files/trained_models/ann/ann_vgg16_cifar10_sgd100.2.pth
 Success: Loaded module.features.30.weight from /home/min/a/rathi2/SNN_backprop/final_files/trained_models/ann/ann_vgg16_cifar10_sgd100.2.pth
 Success: Loaded module.features.33.weight from /home/min/a/rathi2/SNN_backprop/final_files/trained_models/ann/ann_vgg16_cifar10_sgd100.2.pth
 Success: Loaded module.features.36.weight from /home/min/a/rathi2/SNN_backprop/final_files/trained_models/ann/ann_vgg16_cifar10_sgd100.2.pth
 Success: Loaded module.classifier.0.weight from /home/min/a/rathi2/SNN_backprop/final_files/trained_models/ann/ann_vgg16_cifar10_sgd100.2.pth
 Success: Loaded module.classifier.3.weight from /home/min/a/rathi2/SNN_backprop/final_files/trained_models/ann/ann_vgg16_cifar10_sgd100.2.pth
 Error: Size mismatch, size of loaded model torch.Size([10, 4096]), size of current model torch.Size([100, 4096])
 DataParallel(
  (module): VGG(
    (features): Sequential(
      (0): Conv2d(3, 64, kernel_size=(3, 3), stride=(1, 1), padding=(1, 1), bias=False)
      (1): ReLU(inplace=True)
      (2): Dropout(p=0.2, inplace=False)
      (3): Conv2d(64, 64, kernel_size=(3, 3), stride=(1, 1), padding=(1, 1), bias=False)
      (4): ReLU(inplace=True)
      (5): AvgPool2d(kernel_size=2, stride=2, padding=0)
      (6): Conv2d(64, 128, kernel_size=(3, 3), stride=(1, 1), padding=(1, 1), bias=False)
      (7): ReLU(inplace=True)
      (8): Dropout(p=0.2, inplace=False)
      (9): Conv2d(128, 128, kernel_size=(3, 3), stride=(1, 1), padding=(1, 1), bias=False)
      (10): ReLU(inplace=True)
      (11): AvgPool2d(kernel_size=2, stride=2, padding=0)
      (12): Conv2d(128, 256, kernel_size=(3, 3), stride=(1, 1), padding=(1, 1), bias=False)
      (13): ReLU(inplace=True)
      (14): Dropout(p=0.2, inplace=False)
      (15): Conv2d(256, 256, kernel_size=(3, 3), stride=(1, 1), padding=(1, 1), bias=False)
      (16): ReLU(inplace=True)
      (17): Dropout(p=0.2, inplace=False)
      (18): Conv2d(256, 256, kernel_size=(3, 3), stride=(1, 1), padding=(1, 1), bias=False)
      (19): ReLU(inplace=True)
      (20): AvgPool2d(kernel_size=2, stride=2, padding=0)
      (21): Conv2d(256, 512, kernel_size=(3, 3), stride=(1, 1), padding=(1, 1), bias=False)
      (22): ReLU(inplace=True)
      (23): Dropout(p=0.2, inplace=False)
      (24): Conv2d(512, 512, kernel_size=(3, 3), stride=(1, 1), padding=(1, 1), bias=False)
      (25): ReLU(inplace=True)
      (26): Dropout(p=0.2, inplace=False)
      (27): Conv2d(512, 512, kernel_size=(3, 3), stride=(1, 1), padding=(1, 1), bias=False)
      (28): ReLU(inplace=True)
      (29): AvgPool2d(kernel_size=2, stride=2, padding=0)
      (30): Conv2d(512, 512, kernel_size=(3, 3), stride=(1, 1), padding=(1, 1), bias=False)
      (31): ReLU(inplace=True)
      (32): Dropout(p=0.2, inplace=False)
      (33): Conv2d(512, 512, kernel_size=(3, 3), stride=(1, 1), padding=(1, 1), bias=False)
      (34): ReLU(inplace=True)
      (35): Dropout(p=0.2, inplace=False)
      (36): Conv2d(512, 512, kernel_size=(3, 3), stride=(1, 1), padding=(1, 1), bias=False)
      (37): ReLU(inplace=True)
      (38): Dropout(p=0.2, inplace=False)
    )
    (classifier): Sequential(
      (0): Linear(in_features=2048, out_features=4096, bias=False)
      (1): ReLU(inplace=True)
      (2): Dropout(p=0.5, inplace=False)
      (3): Linear(in_features=4096, out_features=4096, bias=False)
      (4): ReLU(inplace=True)
      (5): Dropout(p=0.5, inplace=False)
      (6): Linear(in_features=4096, out_features=100, bias=False)
    )
  )
)
 Epoch: 1, lr: 1.0e-02, train_loss: 3.4383, train_acc: 0.1333 test_loss: 2.9990, test_acc: 0.2082, best: 0.2082, time: 0:01:02
 Epoch: 2, lr: 1.0e-02, train_loss: 2.9508, train_acc: 0.2195 test_loss: 2.7287, test_acc: 0.2692, best: 0.2692, time: 0:01:00
 Epoch: 3, lr: 1.0e-02, train_loss: 2.7316, train_acc: 0.2713 test_loss: 2.6758, test_acc: 0.2840, best: 0.2840, time: 0:01:03
 Epoch: 4, lr: 1.0e-02, train_loss: 2.5863, train_acc: 0.3074 test_loss: 2.4622, test_acc: 0.3389, best: 0.3389, time: 0:01:11
 Epoch: 5, lr: 1.0e-02, train_loss: 2.4694, train_acc: 0.3336 test_loss: 2.3888, test_acc: 0.3652, best: 0.3652, time: 0:01:13
 Epoch: 6, lr: 1.0e-02, train_loss: 2.3930, train_acc: 0.3581 test_loss: 2.4635, test_acc: 0.3552, best: 0.3652, time: 0:01:09
 Epoch: 7, lr: 1.0e-02, train_loss: 2.3196, train_acc: 0.3738 test_loss: 2.3784, test_acc: 0.3835, best: 0.3835, time: 0:01:14
 Epoch: 8, lr: 1.0e-02, train_loss: 2.2483, train_acc: 0.3954 test_loss: 2.3149, test_acc: 0.3940, best: 0.3940, time: 0:01:15
 Epoch: 9, lr: 1.0e-02, train_loss: 2.2007, train_acc: 0.4099 test_loss: 2.1785, test_acc: 0.4411, best: 0.4411, time: 0:01:12
 Epoch: 10, lr: 1.0e-02, train_loss: 2.1414, train_acc: 0.4266 test_loss: 2.1120, test_acc: 0.4440, best: 0.4440, time: 0:01:18
 Epoch: 11, lr: 1.0e-02, train_loss: 2.0811, train_acc: 0.4449 test_loss: 2.0992, test_acc: 0.4531, best: 0.4531, time: 0:01:31
 Epoch: 12, lr: 1.0e-02, train_loss: 2.0590, train_acc: 0.4501 test_loss: 2.0895, test_acc: 0.4564, best: 0.4564, time: 0:01:23
 Epoch: 13, lr: 1.0e-02, train_loss: 2.0126, train_acc: 0.4632 test_loss: 2.1110, test_acc: 0.4544, best: 0.4564, time: 0:01:09
 Epoch: 14, lr: 1.0e-02, train_loss: 1.9767, train_acc: 0.4756 test_loss: 2.0973, test_acc: 0.4619, best: 0.4619, time: 0:01:16
 Epoch: 15, lr: 1.0e-02, train_loss: 1.9433, train_acc: 0.4835 test_loss: 1.9772, test_acc: 0.4858, best: 0.4858, time: 0:01:21
 Epoch: 16, lr: 1.0e-02, train_loss: 1.9135, train_acc: 0.4917 test_loss: 2.0369, test_acc: 0.4919, best: 0.4919, time: 0:01:32
 Epoch: 17, lr: 1.0e-02, train_loss: 1.8882, train_acc: 0.4975 test_loss: 1.9668, test_acc: 0.4944, best: 0.4944, time: 0:01:30
 Epoch: 18, lr: 1.0e-02, train_loss: 1.8726, train_acc: 0.5045 test_loss: 2.0181, test_acc: 0.4896, best: 0.4944, time: 0:01:26
 Epoch: 19, lr: 1.0e-02, train_loss: 1.8575, train_acc: 0.5088 test_loss: 1.9610, test_acc: 0.5097, best: 0.5097, time: 0:01:31
 Epoch: 20, lr: 1.0e-02, train_loss: 1.8075, train_acc: 0.5211 test_loss: 1.9605, test_acc: 0.5018, best: 0.5097, time: 0:01:26
 Epoch: 21, lr: 1.0e-02, train_loss: 1.8032, train_acc: 0.5260 test_loss: 1.9205, test_acc: 0.5102, best: 0.5102, time: 0:01:34
 Epoch: 22, lr: 1.0e-02, train_loss: 1.7879, train_acc: 0.5304 test_loss: 1.9985, test_acc: 0.5138, best: 0.5138, time: 0:01:32
 Epoch: 23, lr: 1.0e-02, train_loss: 1.7506, train_acc: 0.5371 test_loss: 1.9065, test_acc: 0.5250, best: 0.5250, time: 0:01:32
 Epoch: 24, lr: 1.0e-02, train_loss: 1.7438, train_acc: 0.5381 test_loss: 1.9579, test_acc: 0.5113, best: 0.5250, time: 0:01:27
 Epoch: 25, lr: 1.0e-02, train_loss: 1.7387, train_acc: 0.5403 test_loss: 1.8112, test_acc: 0.5318, best: 0.5318, time: 0:01:29
 Epoch: 26, lr: 1.0e-02, train_loss: 1.7182, train_acc: 0.5458 test_loss: 1.9629, test_acc: 0.5119, best: 0.5318, time: 0:01:15
 Epoch: 27, lr: 1.0e-02, train_loss: 1.7110, train_acc: 0.5512 test_loss: 1.9569, test_acc: 0.5210, best: 0.5318, time: 0:01:29
 Epoch: 28, lr: 1.0e-02, train_loss: 1.6966, train_acc: 0.5527 test_loss: 2.0347, test_acc: 0.5203, best: 0.5318, time: 0:01:27
 Epoch: 29, lr: 1.0e-02, train_loss: 1.6867, train_acc: 0.5578 test_loss: 1.8920, test_acc: 0.5279, best: 0.5318, time: 0:01:25
 Epoch: 30, lr: 1.0e-02, train_loss: 1.6727, train_acc: 0.5615 test_loss: 1.8332, test_acc: 0.5413, best: 0.5413, time: 0:01:32
 Epoch: 31, lr: 1.0e-02, train_loss: 1.6487, train_acc: 0.5675 test_loss: 1.8594, test_acc: 0.5466, best: 0.5466, time: 0:01:31
 Epoch: 32, lr: 1.0e-02, train_loss: 1.6381, train_acc: 0.5710 test_loss: 1.8289, test_acc: 0.5567, best: 0.5567, time: 0:01:32
 Epoch: 33, lr: 1.0e-02, train_loss: 1.6259, train_acc: 0.5763 test_loss: 1.9222, test_acc: 0.5311, best: 0.5567, time: 0:01:29
 Epoch: 34, lr: 1.0e-02, train_loss: 1.6260, train_acc: 0.5760 test_loss: 1.8144, test_acc: 0.5474, best: 0.5567, time: 0:01:28
 Epoch: 35, lr: 1.0e-02, train_loss: 1.6306, train_acc: 0.5771 test_loss: 1.8196, test_acc: 0.5459, best: 0.5567, time: 0:01:27
 Epoch: 36, lr: 1.0e-02, train_loss: 1.6114, train_acc: 0.5790 test_loss: 1.7716, test_acc: 0.5592, best: 0.5592, time: 0:01:32
 Epoch: 37, lr: 1.0e-02, train_loss: 1.5942, train_acc: 0.5833 test_loss: 1.8266, test_acc: 0.5522, best: 0.5592, time: 0:01:30
 Epoch: 38, lr: 1.0e-02, train_loss: 1.5966, train_acc: 0.5856 test_loss: 1.8060, test_acc: 0.5519, best: 0.5592, time: 0:01:27
 Epoch: 39, lr: 1.0e-02, train_loss: 1.5878, train_acc: 0.5878 test_loss: 1.8048, test_acc: 0.5571, best: 0.5592, time: 0:01:27
 Epoch: 40, lr: 1.0e-02, train_loss: 1.5662, train_acc: 0.5924 test_loss: 1.7602, test_acc: 0.5624, best: 0.5624, time: 0:01:33
 Epoch: 41, lr: 1.0e-02, train_loss: 1.5614, train_acc: 0.5933 test_loss: 1.7876, test_acc: 0.5647, best: 0.5647, time: 0:01:33
 Epoch: 42, lr: 1.0e-02, train_loss: 1.5597, train_acc: 0.5956 test_loss: 1.8480, test_acc: 0.5525, best: 0.5647, time: 0:01:26
 Epoch: 43, lr: 1.0e-02, train_loss: 1.5447, train_acc: 0.5973 test_loss: 1.7738, test_acc: 0.5653, best: 0.5653, time: 0:01:34
 Epoch: 44, lr: 1.0e-02, train_loss: 1.5531, train_acc: 0.5943 test_loss: 1.7740, test_acc: 0.5680, best: 0.5680, time: 0:01:33
 Epoch: 45, lr: 1.0e-02, train_loss: 1.5383, train_acc: 0.5988 test_loss: 1.8501, test_acc: 0.5569, best: 0.5680, time: 0:01:32
 Epoch: 46, lr: 1.0e-02, train_loss: 1.5326, train_acc: 0.6017 test_loss: 1.7733, test_acc: 0.5797, best: 0.5797, time: 0:01:38
 Epoch: 47, lr: 1.0e-02, train_loss: 1.5186, train_acc: 0.6066 test_loss: 1.7522, test_acc: 0.5739, best: 0.5797, time: 0:01:33
 Epoch: 48, lr: 1.0e-02, train_loss: 1.5341, train_acc: 0.6022 test_loss: 1.6882, test_acc: 0.5890, best: 0.5890, time: 0:01:39
 Epoch: 49, lr: 1.0e-02, train_loss: 1.5056, train_acc: 0.6115 test_loss: 1.7514, test_acc: 0.5692, best: 0.5890, time: 0:01:32
 Epoch: 50, lr: 1.0e-02, train_loss: 1.4961, train_acc: 0.6123 test_loss: 1.6898, test_acc: 0.5831, best: 0.5890, time: 0:01:34
 Epoch: 51, lr: 1.0e-02, train_loss: 1.4993, train_acc: 0.6128 test_loss: 1.6642, test_acc: 0.5881, best: 0.5890, time: 0:01:32
 Epoch: 52, lr: 1.0e-02, train_loss: 1.4766, train_acc: 0.6189 test_loss: 1.7568, test_acc: 0.5782, best: 0.5890, time: 0:01:32
 Epoch: 53, lr: 1.0e-02, train_loss: 1.4939, train_acc: 0.6144 test_loss: 1.7672, test_acc: 0.5668, best: 0.5890, time: 0:01:34
 Epoch: 54, lr: 1.0e-02, train_loss: 1.4857, train_acc: 0.6181 test_loss: 1.7082, test_acc: 0.5900, best: 0.5900, time: 0:01:36
 Epoch: 55, lr: 1.0e-02, train_loss: 1.4807, train_acc: 0.6188 test_loss: 1.7730, test_acc: 0.5762, best: 0.5900, time: 0:01:35
 Epoch: 56, lr: 1.0e-02, train_loss: 1.4986, train_acc: 0.6153 test_loss: 1.7487, test_acc: 0.5811, best: 0.5900, time: 0:01:31
 Epoch: 57, lr: 1.0e-02, train_loss: 1.4881, train_acc: 0.6174 test_loss: 1.7707, test_acc: 0.5734, best: 0.5900, time: 0:01:32
 Epoch: 58, lr: 1.0e-02, train_loss: 1.4741, train_acc: 0.6222 test_loss: 1.7145, test_acc: 0.5813, best: 0.5900, time: 0:01:33
 Epoch: 59, lr: 1.0e-02, train_loss: 1.4642, train_acc: 0.6241 test_loss: 1.7370, test_acc: 0.5839, best: 0.5900, time: 0:01:32
 Epoch: 60, lr: 1.0e-02, train_loss: 1.4756, train_acc: 0.6224 test_loss: 1.9252, test_acc: 0.5584, best: 0.5900, time: 0:01:34
 Epoch: 61, lr: 1.0e-02, train_loss: 1.4740, train_acc: 0.6226 test_loss: 1.7234, test_acc: 0.5790, best: 0.5900, time: 0:01:35
 Epoch: 62, lr: 1.0e-02, train_loss: 1.4626, train_acc: 0.6246 test_loss: 1.6941, test_acc: 0.5960, best: 0.5960, time: 0:01:39
 Epoch: 63, lr: 1.0e-02, train_loss: 1.4592, train_acc: 0.6251 test_loss: 1.6328, test_acc: 0.5938, best: 0.5960, time: 0:01:34
 Epoch: 64, lr: 1.0e-02, train_loss: 1.4436, train_acc: 0.6302 test_loss: 1.6909, test_acc: 0.5880, best: 0.5960, time: 0:01:28
 Epoch: 65, lr: 1.0e-02, train_loss: 1.4417, train_acc: 0.6313 test_loss: 1.6585, test_acc: 0.5967, best: 0.5967, time: 0:01:31
 Epoch: 66, lr: 1.0e-02, train_loss: 1.4329, train_acc: 0.6332 test_loss: 1.6597, test_acc: 0.6008, best: 0.6008, time: 0:01:30
 Epoch: 67, lr: 1.0e-02, train_loss: 1.4401, train_acc: 0.6325 test_loss: 1.7036, test_acc: 0.5854, best: 0.6008, time: 0:01:29
 Epoch: 68, lr: 1.0e-02, train_loss: 1.4244, train_acc: 0.6354 test_loss: 1.6568, test_acc: 0.5973, best: 0.6008, time: 0:01:28
 Epoch: 69, lr: 1.0e-02, train_loss: 1.4182, train_acc: 0.6381 test_loss: 1.7331, test_acc: 0.5745, best: 0.6008, time: 0:01:28
 Epoch: 70, lr: 1.0e-02, train_loss: 1.3989, train_acc: 0.6416 test_loss: 1.7372, test_acc: 0.5763, best: 0.6008, time: 0:01:26
 Epoch: 71, lr: 1.0e-02, train_loss: 1.4238, train_acc: 0.6365 test_loss: 1.6842, test_acc: 0.5901, best: 0.6008, time: 0:01:28
 Epoch: 72, lr: 1.0e-02, train_loss: 1.4189, train_acc: 0.6372 test_loss: 1.7708, test_acc: 0.5747, best: 0.6008, time: 0:01:29
 Epoch: 73, lr: 1.0e-02, train_loss: 1.4143, train_acc: 0.6376 test_loss: 1.6987, test_acc: 0.5959, best: 0.6008, time: 0:01:28
 Epoch: 74, lr: 1.0e-02, train_loss: 1.3899, train_acc: 0.6450 test_loss: 1.7036, test_acc: 0.5924, best: 0.6008, time: 0:01:27
 Epoch: 75, lr: 1.0e-02, train_loss: 1.3976, train_acc: 0.6435 test_loss: 1.6649, test_acc: 0.5984, best: 0.6008, time: 0:01:28
 Epoch: 76, lr: 1.0e-02, train_loss: 1.3845, train_acc: 0.6466 test_loss: 1.6872, test_acc: 0.6026, best: 0.6026, time: 0:01:34
 Epoch: 77, lr: 1.0e-02, train_loss: 1.3825, train_acc: 0.6464 test_loss: 1.6998, test_acc: 0.5914, best: 0.6026, time: 0:01:28
 Epoch: 78, lr: 1.0e-02, train_loss: 1.3815, train_acc: 0.6478 test_loss: 1.6783, test_acc: 0.5982, best: 0.6026, time: 0:01:27
 Epoch: 79, lr: 1.0e-02, train_loss: 1.3895, train_acc: 0.6459 test_loss: 1.6366, test_acc: 0.6067, best: 0.6067, time: 0:01:31
 Epoch: 80, lr: 1.0e-02, train_loss: 1.3616, train_acc: 0.6538 test_loss: 1.6993, test_acc: 0.5981, best: 0.6067, time: 0:01:27
 Epoch: 81, lr: 1.0e-02, train_loss: 1.3782, train_acc: 0.6500 test_loss: 1.6604, test_acc: 0.6110, best: 0.6110, time: 0:01:33
 Epoch: 82, lr: 1.0e-02, train_loss: 1.3652, train_acc: 0.6498 test_loss: 1.7641, test_acc: 0.5829, best: 0.6110, time: 0:01:29
 Epoch: 83, lr: 1.0e-02, train_loss: 1.3420, train_acc: 0.6570 test_loss: 1.6230, test_acc: 0.6012, best: 0.6110, time: 0:01:30
 Epoch: 84, lr: 1.0e-02, train_loss: 1.3581, train_acc: 0.6527 test_loss: 1.7170, test_acc: 0.5890, best: 0.6110, time: 0:01:29
 Epoch: 85, lr: 1.0e-02, train_loss: 1.3605, train_acc: 0.6518 test_loss: 1.6367, test_acc: 0.6035, best: 0.6110, time: 0:01:31
 Epoch: 86, lr: 1.0e-02, train_loss: 1.3530, train_acc: 0.6545 test_loss: 1.6418, test_acc: 0.6002, best: 0.6110, time: 0:01:28
 Epoch: 87, lr: 1.0e-02, train_loss: 1.3422, train_acc: 0.6567 test_loss: 1.6327, test_acc: 0.6030, best: 0.6110, time: 0:01:27
 Epoch: 88, lr: 1.0e-02, train_loss: 1.3333, train_acc: 0.6583 test_loss: 1.6528, test_acc: 0.6052, best: 0.6110, time: 0:01:27
 Epoch: 89, lr: 1.0e-02, train_loss: 1.3271, train_acc: 0.6604 test_loss: 1.5805, test_acc: 0.6174, best: 0.6174, time: 0:01:30
 Epoch: 90, lr: 1.0e-02, train_loss: 1.3313, train_acc: 0.6599 test_loss: 1.6193, test_acc: 0.6117, best: 0.6174, time: 0:01:28
 Epoch: 91, lr: 1.0e-02, train_loss: 1.3217, train_acc: 0.6639 test_loss: 1.6715, test_acc: 0.5963, best: 0.6174, time: 0:01:26
 Epoch: 92, lr: 1.0e-02, train_loss: 1.3245, train_acc: 0.6617 test_loss: 1.6214, test_acc: 0.6061, best: 0.6174, time: 0:01:27
 Epoch: 93, lr: 1.0e-02, train_loss: 1.3265, train_acc: 0.6642 test_loss: 1.7946, test_acc: 0.5687, best: 0.6174, time: 0:01:30
 Epoch: 94, lr: 1.0e-02, train_loss: 1.3170, train_acc: 0.6641 test_loss: 1.6078, test_acc: 0.6105, best: 0.6174, time: 0:01:28
 Epoch: 95, lr: 1.0e-02, train_loss: 1.2908, train_acc: 0.6673 test_loss: 1.5919, test_acc: 0.6145, best: 0.6174, time: 0:01:27
 Epoch: 96, lr: 1.0e-02, train_loss: 1.3119, train_acc: 0.6644 test_loss: 1.7766, test_acc: 0.5803, best: 0.6174, time: 0:01:27
 Epoch: 97, lr: 1.0e-02, train_loss: 1.3015, train_acc: 0.6675 test_loss: 1.5902, test_acc: 0.6178, best: 0.6178, time: 0:01:30
 Epoch: 98, lr: 1.0e-02, train_loss: 1.2685, train_acc: 0.6749 test_loss: 1.6332, test_acc: 0.6056, best: 0.6178, time: 0:01:28
 Epoch: 99, lr: 1.0e-02, train_loss: 1.2785, train_acc: 0.6715 test_loss: 1.5606, test_acc: 0.6204, best: 0.6204, time: 0:01:33
 Epoch: 100, lr: 1.0e-02, train_loss: 1.2761, train_acc: 0.6723 test_loss: 1.6172, test_acc: 0.6125, best: 0.6204, time: 0:01:26
 Epoch: 101, lr: 1.0e-02, train_loss: 1.2806, train_acc: 0.6710 test_loss: 1.6750, test_acc: 0.5978, best: 0.6204, time: 0:01:28
 Epoch: 102, lr: 1.0e-02, train_loss: 1.2544, train_acc: 0.6791 test_loss: 1.6120, test_acc: 0.6069, best: 0.6204, time: 0:01:27
 Epoch: 103, lr: 1.0e-02, train_loss: 1.2474, train_acc: 0.6790 test_loss: 1.5932, test_acc: 0.6157, best: 0.6204, time: 0:01:28
 Epoch: 104, lr: 1.0e-02, train_loss: 1.2346, train_acc: 0.6832 test_loss: 1.5302, test_acc: 0.6299, best: 0.6299, time: 0:01:32
 Epoch: 105, lr: 1.0e-02, train_loss: 1.2267, train_acc: 0.6822 test_loss: 1.5624, test_acc: 0.6267, best: 0.6299, time: 0:01:27
 Epoch: 106, lr: 1.0e-02, train_loss: 1.2414, train_acc: 0.6797 test_loss: 1.5719, test_acc: 0.6198, best: 0.6299, time: 0:01:34
 Epoch: 107, lr: 1.0e-02, train_loss: 1.2261, train_acc: 0.6824 test_loss: 1.6102, test_acc: 0.6196, best: 0.6299, time: 0:01:30
 Epoch: 108, lr: 1.0e-02, train_loss: 1.2273, train_acc: 0.6843 test_loss: 1.6381, test_acc: 0.6095, best: 0.6299, time: 0:01:30
 Epoch: 109, lr: 1.0e-02, train_loss: 1.2058, train_acc: 0.6895 test_loss: 1.6291, test_acc: 0.6131, best: 0.6299, time: 0:01:27
 Epoch: 110, lr: 1.0e-02, train_loss: 1.2252, train_acc: 0.6863 test_loss: 1.6155, test_acc: 0.6177, best: 0.6299, time: 0:01:26
 Epoch: 111, lr: 1.0e-02, train_loss: 1.2051, train_acc: 0.6874 test_loss: 1.5626, test_acc: 0.6222, best: 0.6299, time: 0:01:26
 Epoch: 112, lr: 1.0e-02, train_loss: 1.2082, train_acc: 0.6872 test_loss: 1.6583, test_acc: 0.6028, best: 0.6299, time: 0:01:27
 Epoch: 113, lr: 1.0e-02, train_loss: 1.2060, train_acc: 0.6900 test_loss: 1.5571, test_acc: 0.6259, best: 0.6299, time: 0:01:26
 Epoch: 114, lr: 1.0e-02, train_loss: 1.1996, train_acc: 0.6888 test_loss: 1.5559, test_acc: 0.6244, best: 0.6299, time: 0:01:32
 Epoch: 115, lr: 1.0e-02, train_loss: 1.1844, train_acc: 0.6921 test_loss: 1.5566, test_acc: 0.6210, best: 0.6299, time: 0:01:28
 Epoch: 116, lr: 1.0e-02, train_loss: 1.1944, train_acc: 0.6936 test_loss: 1.5052, test_acc: 0.6374, best: 0.6374, time: 0:01:30
 Epoch: 117, lr: 1.0e-02, train_loss: 1.1997, train_acc: 0.6913 test_loss: 1.6750, test_acc: 0.6064, best: 0.6374, time: 0:01:28
 Epoch: 118, lr: 1.0e-02, train_loss: 1.1648, train_acc: 0.6974 test_loss: 1.4890, test_acc: 0.6349, best: 0.6374, time: 0:01:29
 Epoch: 119, lr: 1.0e-02, train_loss: 1.1716, train_acc: 0.6960 test_loss: 1.5675, test_acc: 0.6208, best: 0.6374, time: 0:01:28
 Epoch: 120, lr: 1.0e-02, train_loss: 1.1764, train_acc: 0.6948 test_loss: 1.5877, test_acc: 0.6176, best: 0.6374, time: 0:01:28
 Epoch: 121, lr: 1.0e-02, train_loss: 1.1627, train_acc: 0.6974 test_loss: 1.5285, test_acc: 0.6257, best: 0.6374, time: 0:01:28
 Epoch: 122, lr: 1.0e-02, train_loss: 1.1587, train_acc: 0.6977 test_loss: 1.5489, test_acc: 0.6260, best: 0.6374, time: 0:01:28
 Epoch: 123, lr: 1.0e-02, train_loss: 1.1659, train_acc: 0.6963 test_loss: 1.5074, test_acc: 0.6291, best: 0.6374, time: 0:01:26
 Epoch: 124, lr: 1.0e-02, train_loss: 1.1527, train_acc: 0.7003 test_loss: 1.5234, test_acc: 0.6307, best: 0.6374, time: 0:01:28
 Epoch: 125, lr: 1.0e-02, train_loss: 1.1505, train_acc: 0.7007 test_loss: 1.5382, test_acc: 0.6266, best: 0.6374, time: 0:01:28
 Epoch: 126, lr: 1.0e-02, train_loss: 1.1423, train_acc: 0.7027 test_loss: 1.5391, test_acc: 0.6246, best: 0.6374, time: 0:01:28
 Epoch: 127, lr: 1.0e-02, train_loss: 1.1498, train_acc: 0.6992 test_loss: 1.5553, test_acc: 0.6207, best: 0.6374, time: 0:01:28
 Epoch: 128, lr: 1.0e-02, train_loss: 1.1308, train_acc: 0.7054 test_loss: 1.5502, test_acc: 0.6237, best: 0.6374, time: 0:01:27
 Epoch: 129, lr: 1.0e-02, train_loss: 1.1317, train_acc: 0.7068 test_loss: 1.6424, test_acc: 0.5999, best: 0.6374, time: 0:01:32
 Epoch: 130, lr: 1.0e-02, train_loss: 1.1350, train_acc: 0.7047 test_loss: 1.5353, test_acc: 0.6331, best: 0.6374, time: 0:01:33
 Epoch: 131, lr: 1.0e-02, train_loss: 1.1104, train_acc: 0.7089 test_loss: 1.5315, test_acc: 0.6305, best: 0.6374, time: 0:01:28
 Epoch: 132, lr: 1.0e-02, train_loss: 1.1248, train_acc: 0.7088 test_loss: 1.5219, test_acc: 0.6329, best: 0.6374, time: 0:01:31
 Epoch: 133, lr: 1.0e-02, train_loss: 1.1316, train_acc: 0.7054 test_loss: 1.5630, test_acc: 0.6167, best: 0.6374, time: 0:01:27
 Epoch: 134, lr: 1.0e-02, train_loss: 1.1088, train_acc: 0.7111 test_loss: 1.5779, test_acc: 0.6170, best: 0.6374, time: 0:01:29
 Epoch: 135, lr: 2.0e-03, train_loss: 0.7303, train_acc: 0.7978 test_loss: 1.2408, test_acc: 0.6931, best: 0.6931, time: 0:01:34
 Epoch: 136, lr: 2.0e-03, train_loss: 0.6421, train_acc: 0.8183 test_loss: 1.2327, test_acc: 0.6964, best: 0.6964, time: 0:01:33
 Epoch: 137, lr: 2.0e-03, train_loss: 0.6081, train_acc: 0.8264 test_loss: 1.2255, test_acc: 0.6978, best: 0.6978, time: 0:01:33
 Epoch: 138, lr: 2.0e-03, train_loss: 0.5801, train_acc: 0.8334 test_loss: 1.2312, test_acc: 0.6982, best: 0.6982, time: 0:01:31
 Epoch: 139, lr: 2.0e-03, train_loss: 0.5648, train_acc: 0.8369 test_loss: 1.2267, test_acc: 0.6921, best: 0.6982, time: 0:01:28
 Epoch: 140, lr: 2.0e-03, train_loss: 0.5410, train_acc: 0.8426 test_loss: 1.2231, test_acc: 0.6979, best: 0.6982, time: 0:01:29
 Epoch: 141, lr: 2.0e-03, train_loss: 0.5293, train_acc: 0.8460 test_loss: 1.2389, test_acc: 0.7016, best: 0.7016, time: 0:01:31
 Epoch: 142, lr: 2.0e-03, train_loss: 0.5104, train_acc: 0.8507 test_loss: 1.2725, test_acc: 0.6952, best: 0.7016, time: 0:01:30
 Epoch: 143, lr: 2.0e-03, train_loss: 0.4980, train_acc: 0.8545 test_loss: 1.2540, test_acc: 0.6937, best: 0.7016, time: 0:01:29
 Epoch: 144, lr: 2.0e-03, train_loss: 0.4917, train_acc: 0.8547 test_loss: 1.2567, test_acc: 0.6992, best: 0.7016, time: 0:01:30
 Epoch: 145, lr: 2.0e-03, train_loss: 0.4788, train_acc: 0.8589 test_loss: 1.2499, test_acc: 0.6969, best: 0.7016, time: 0:01:31
 Epoch: 146, lr: 2.0e-03, train_loss: 0.4685, train_acc: 0.8616 test_loss: 1.2872, test_acc: 0.6980, best: 0.7016, time: 0:01:29
 Epoch: 147, lr: 2.0e-03, train_loss: 0.4600, train_acc: 0.8648 test_loss: 1.3132, test_acc: 0.6985, best: 0.7016, time: 0:01:29
 Epoch: 148, lr: 2.0e-03, train_loss: 0.4592, train_acc: 0.8651 test_loss: 1.2790, test_acc: 0.6998, best: 0.7016, time: 0:01:29
 Epoch: 149, lr: 2.0e-03, train_loss: 0.4438, train_acc: 0.8708 test_loss: 1.2725, test_acc: 0.7009, best: 0.7016, time: 0:01:31
 Epoch: 150, lr: 2.0e-03, train_loss: 0.4403, train_acc: 0.8706 test_loss: 1.2810, test_acc: 0.7032, best: 0.7032, time: 0:01:35
 Epoch: 151, lr: 2.0e-03, train_loss: 0.4264, train_acc: 0.8735 test_loss: 1.2957, test_acc: 0.7028, best: 0.7032, time: 0:01:30
 Epoch: 152, lr: 2.0e-03, train_loss: 0.4279, train_acc: 0.8723 test_loss: 1.2977, test_acc: 0.6961, best: 0.7032, time: 0:01:33
 Epoch: 153, lr: 2.0e-03, train_loss: 0.4176, train_acc: 0.8757 test_loss: 1.2895, test_acc: 0.6966, best: 0.7032, time: 0:01:32
 Epoch: 154, lr: 2.0e-03, train_loss: 0.4127, train_acc: 0.8768 test_loss: 1.2731, test_acc: 0.6966, best: 0.7032, time: 0:01:30
 Epoch: 155, lr: 2.0e-03, train_loss: 0.4060, train_acc: 0.8785 test_loss: 1.3234, test_acc: 0.7001, best: 0.7032, time: 0:01:28
 Epoch: 156, lr: 2.0e-03, train_loss: 0.4035, train_acc: 0.8789 test_loss: 1.3248, test_acc: 0.6974, best: 0.7032, time: 0:01:29
 Epoch: 157, lr: 2.0e-03, train_loss: 0.3993, train_acc: 0.8800 test_loss: 1.3360, test_acc: 0.6995, best: 0.7032, time: 0:01:18
 Epoch: 158, lr: 2.0e-03, train_loss: 0.3907, train_acc: 0.8827 test_loss: 1.3262, test_acc: 0.7006, best: 0.7032, time: 0:01:21
 Epoch: 159, lr: 2.0e-03, train_loss: 0.3880, train_acc: 0.8838 test_loss: 1.3680, test_acc: 0.6974, best: 0.7032, time: 0:01:21
 Epoch: 160, lr: 2.0e-03, train_loss: 0.3818, train_acc: 0.8842 test_loss: 1.3171, test_acc: 0.6974, best: 0.7032, time: 0:01:23
 Epoch: 161, lr: 2.0e-03, train_loss: 0.3807, train_acc: 0.8842 test_loss: 1.3352, test_acc: 0.6975, best: 0.7032, time: 0:01:30
 Epoch: 162, lr: 2.0e-03, train_loss: 0.3793, train_acc: 0.8860 test_loss: 1.4271, test_acc: 0.6972, best: 0.7032, time: 0:01:31
 Epoch: 163, lr: 2.0e-03, train_loss: 0.3784, train_acc: 0.8866 test_loss: 1.3770, test_acc: 0.6926, best: 0.7032, time: 0:01:30
 Epoch: 164, lr: 2.0e-03, train_loss: 0.3710, train_acc: 0.8877 test_loss: 1.3718, test_acc: 0.6984, best: 0.7032, time: 0:01:30
 Epoch: 165, lr: 2.0e-03, train_loss: 0.3676, train_acc: 0.8907 test_loss: 1.3590, test_acc: 0.6945, best: 0.7032, time: 0:01:30
 Epoch: 166, lr: 2.0e-03, train_loss: 0.3630, train_acc: 0.8914 test_loss: 1.3291, test_acc: 0.6976, best: 0.7032, time: 0:01:30
 Epoch: 167, lr: 2.0e-03, train_loss: 0.3649, train_acc: 0.8905 test_loss: 1.3245, test_acc: 0.6941, best: 0.7032, time: 0:01:29
 Epoch: 168, lr: 2.0e-03, train_loss: 0.3594, train_acc: 0.8917 test_loss: 1.3427, test_acc: 0.6954, best: 0.7032, time: 0:01:29
 Epoch: 169, lr: 2.0e-03, train_loss: 0.3583, train_acc: 0.8930 test_loss: 1.3717, test_acc: 0.6957, best: 0.7032, time: 0:01:30
 Epoch: 170, lr: 2.0e-03, train_loss: 0.3586, train_acc: 0.8931 test_loss: 1.4058, test_acc: 0.6976, best: 0.7032, time: 0:01:30
 Epoch: 171, lr: 2.0e-03, train_loss: 0.3543, train_acc: 0.8949 test_loss: 1.3785, test_acc: 0.6983, best: 0.7032, time: 0:01:28
 Epoch: 172, lr: 2.0e-03, train_loss: 0.3525, train_acc: 0.8931 test_loss: 1.3701, test_acc: 0.6921, best: 0.7032, time: 0:01:28
 Epoch: 173, lr: 2.0e-03, train_loss: 0.3510, train_acc: 0.8939 test_loss: 1.3975, test_acc: 0.6970, best: 0.7032, time: 0:01:28
 Epoch: 174, lr: 2.0e-03, train_loss: 0.3442, train_acc: 0.8961 test_loss: 1.4181, test_acc: 0.6919, best: 0.7032, time: 0:01:30
 Epoch: 175, lr: 2.0e-03, train_loss: 0.3441, train_acc: 0.8963 test_loss: 1.4224, test_acc: 0.6882, best: 0.7032, time: 0:01:30
 Epoch: 176, lr: 2.0e-03, train_loss: 0.3461, train_acc: 0.8947 test_loss: 1.4031, test_acc: 0.6933, best: 0.7032, time: 0:01:33
 Epoch: 177, lr: 2.0e-03, train_loss: 0.3462, train_acc: 0.8962 test_loss: 1.3397, test_acc: 0.6936, best: 0.7032, time: 0:01:32
 Epoch: 178, lr: 2.0e-03, train_loss: 0.3388, train_acc: 0.8989 test_loss: 1.4022, test_acc: 0.6964, best: 0.7032, time: 0:01:29
 Epoch: 179, lr: 2.0e-03, train_loss: 0.3283, train_acc: 0.9009 test_loss: 1.4030, test_acc: 0.6854, best: 0.7032, time: 0:01:29
 Epoch: 180, lr: 2.0e-03, train_loss: 0.3431, train_acc: 0.8977 test_loss: 1.4422, test_acc: 0.6847, best: 0.7032, time: 0:01:29
 Epoch: 181, lr: 2.0e-03, train_loss: 0.3366, train_acc: 0.8992 test_loss: 1.4304, test_acc: 0.6848, best: 0.7032, time: 0:01:29
 Epoch: 182, lr: 2.0e-03, train_loss: 0.3318, train_acc: 0.8999 test_loss: 1.4017, test_acc: 0.6973, best: 0.7032, time: 0:01:31
 Epoch: 183, lr: 2.0e-03, train_loss: 0.3303, train_acc: 0.9002 test_loss: 1.4221, test_acc: 0.6907, best: 0.7032, time: 0:01:29
 Epoch: 184, lr: 2.0e-03, train_loss: 0.3274, train_acc: 0.9019 test_loss: 1.3486, test_acc: 0.6942, best: 0.7032, time: 0:01:29
 Epoch: 185, lr: 2.0e-03, train_loss: 0.3308, train_acc: 0.8993 test_loss: 1.4419, test_acc: 0.6897, best: 0.7032, time: 0:01:28
 Epoch: 186, lr: 2.0e-03, train_loss: 0.3331, train_acc: 0.8992 test_loss: 1.3814, test_acc: 0.6958, best: 0.7032, time: 0:01:29
 Epoch: 187, lr: 2.0e-03, train_loss: 0.3285, train_acc: 0.9012 test_loss: 1.4023, test_acc: 0.6858, best: 0.7032, time: 0:01:29
 Epoch: 188, lr: 2.0e-03, train_loss: 0.3291, train_acc: 0.8997 test_loss: 1.4720, test_acc: 0.6866, best: 0.7032, time: 0:01:28
 Epoch: 189, lr: 2.0e-03, train_loss: 0.3224, train_acc: 0.9043 test_loss: 1.4967, test_acc: 0.6881, best: 0.7032, time: 0:01:29
 Epoch: 190, lr: 2.0e-03, train_loss: 0.3282, train_acc: 0.9002 test_loss: 1.4364, test_acc: 0.6861, best: 0.7032, time: 0:01:29
 Epoch: 191, lr: 2.0e-03, train_loss: 0.3162, train_acc: 0.9044 test_loss: 1.4553, test_acc: 0.6942, best: 0.7032, time: 0:01:29
 Epoch: 192, lr: 2.0e-03, train_loss: 0.3196, train_acc: 0.9036 test_loss: 1.4121, test_acc: 0.6919, best: 0.7032, time: 0:01:29
 Epoch: 193, lr: 2.0e-03, train_loss: 0.3310, train_acc: 0.9014 test_loss: 1.3589, test_acc: 0.6914, best: 0.7032, time: 0:01:28
 Epoch: 194, lr: 2.0e-03, train_loss: 0.3140, train_acc: 0.9054 test_loss: 1.4779, test_acc: 0.6871, best: 0.7032, time: 0:01:30
 Epoch: 195, lr: 2.0e-03, train_loss: 0.3223, train_acc: 0.9031 test_loss: 1.4761, test_acc: 0.6882, best: 0.7032, time: 0:01:30
 Epoch: 196, lr: 2.0e-03, train_loss: 0.3166, train_acc: 0.9051 test_loss: 1.4512, test_acc: 0.6880, best: 0.7032, time: 0:01:30
 Epoch: 197, lr: 2.0e-03, train_loss: 0.3230, train_acc: 0.9027 test_loss: 1.4034, test_acc: 0.6849, best: 0.7032, time: 0:01:28
 Epoch: 198, lr: 2.0e-03, train_loss: 0.3159, train_acc: 0.9043 test_loss: 1.5003, test_acc: 0.6891, best: 0.7032, time: 0:01:31
 Epoch: 199, lr: 2.0e-03, train_loss: 0.3110, train_acc: 0.9049 test_loss: 1.4437, test_acc: 0.6957, best: 0.7032, time: 0:01:30
 Epoch: 200, lr: 2.0e-03, train_loss: 0.3143, train_acc: 0.9052 test_loss: 1.4128, test_acc: 0.6879, best: 0.7032, time: 0:01:32
 Epoch: 201, lr: 2.0e-03, train_loss: 0.3115, train_acc: 0.9074 test_loss: 1.4737, test_acc: 0.6892, best: 0.7032, time: 0:01:28
 Epoch: 202, lr: 2.0e-03, train_loss: 0.3077, train_acc: 0.9073 test_loss: 1.4605, test_acc: 0.6939, best: 0.7032, time: 0:01:29
 Epoch: 203, lr: 2.0e-03, train_loss: 0.3110, train_acc: 0.9056 test_loss: 1.5016, test_acc: 0.6851, best: 0.7032, time: 0:01:30
 Epoch: 204, lr: 2.0e-03, train_loss: 0.3123, train_acc: 0.9061 test_loss: 1.4718, test_acc: 0.6826, best: 0.7032, time: 0:01:30
 Epoch: 205, lr: 2.0e-03, train_loss: 0.3089, train_acc: 0.9063 test_loss: 1.3914, test_acc: 0.6913, best: 0.7032, time: 0:01:31
 Epoch: 206, lr: 2.0e-03, train_loss: 0.3127, train_acc: 0.9053 test_loss: 1.5288, test_acc: 0.6786, best: 0.7032, time: 0:01:29
 Epoch: 207, lr: 2.0e-03, train_loss: 0.3151, train_acc: 0.9049 test_loss: 1.4266, test_acc: 0.6869, best: 0.7032, time: 0:01:29
 Epoch: 208, lr: 2.0e-03, train_loss: 0.3086, train_acc: 0.9074 test_loss: 1.4316, test_acc: 0.6815, best: 0.7032, time: 0:01:30
 Epoch: 209, lr: 2.0e-03, train_loss: 0.3074, train_acc: 0.9080 test_loss: 1.4517, test_acc: 0.6918, best: 0.7032, time: 0:01:28
 Epoch: 210, lr: 4.0e-04, train_loss: 0.1866, train_acc: 0.9425 test_loss: 1.5066, test_acc: 0.7095, best: 0.7095, time: 0:01:34
 Epoch: 211, lr: 4.0e-04, train_loss: 0.1577, train_acc: 0.9513 test_loss: 1.4936, test_acc: 0.7100, best: 0.7100, time: 0:01:31
 Epoch: 212, lr: 4.0e-04, train_loss: 0.1510, train_acc: 0.9529 test_loss: 1.5181, test_acc: 0.7028, best: 0.7100, time: 0:01:29
 Epoch: 213, lr: 4.0e-04, train_loss: 0.1394, train_acc: 0.9563 test_loss: 1.5567, test_acc: 0.7067, best: 0.7100, time: 0:01:29
 Epoch: 214, lr: 4.0e-04, train_loss: 0.1353, train_acc: 0.9586 test_loss: 1.5673, test_acc: 0.7066, best: 0.7100, time: 0:01:29
 Epoch: 215, lr: 4.0e-04, train_loss: 0.1333, train_acc: 0.9583 test_loss: 1.5551, test_acc: 0.7095, best: 0.7100, time: 0:01:29
 Epoch: 216, lr: 4.0e-04, train_loss: 0.1269, train_acc: 0.9592 test_loss: 1.5536, test_acc: 0.7090, best: 0.7100, time: 0:01:30
 Epoch: 217, lr: 4.0e-04, train_loss: 0.1240, train_acc: 0.9606 test_loss: 1.5569, test_acc: 0.7092, best: 0.7100, time: 0:01:29
 Epoch: 218, lr: 4.0e-04, train_loss: 0.1208, train_acc: 0.9615 test_loss: 1.5991, test_acc: 0.7115, best: 0.7115, time: 0:01:34
 Epoch: 219, lr: 4.0e-04, train_loss: 0.1208, train_acc: 0.9613 test_loss: 1.5591, test_acc: 0.7135, best: 0.7135, time: 0:01:33
 Epoch: 220, lr: 4.0e-04, train_loss: 0.1186, train_acc: 0.9621 test_loss: 1.5905, test_acc: 0.7093, best: 0.7135, time: 0:01:31
 Epoch: 221, lr: 4.0e-04, train_loss: 0.1176, train_acc: 0.9636 test_loss: 1.6379, test_acc: 0.7082, best: 0.7135, time: 0:01:33
 Epoch: 222, lr: 4.0e-04, train_loss: 0.1112, train_acc: 0.9644 test_loss: 1.6152, test_acc: 0.7095, best: 0.7135, time: 0:01:31
 Epoch: 223, lr: 4.0e-04, train_loss: 0.1141, train_acc: 0.9634 test_loss: 1.6212, test_acc: 0.7078, best: 0.7135, time: 0:01:29
 Epoch: 224, lr: 4.0e-04, train_loss: 0.1122, train_acc: 0.9653 test_loss: 1.6263, test_acc: 0.7081, best: 0.7135, time: 0:01:29
 Epoch: 225, lr: 4.0e-04, train_loss: 0.1076, train_acc: 0.9660 test_loss: 1.6785, test_acc: 0.7139, best: 0.7139, time: 0:01:33
 Epoch: 226, lr: 4.0e-04, train_loss: 0.1085, train_acc: 0.9651 test_loss: 1.6486, test_acc: 0.7084, best: 0.7139, time: 0:01:31
 Epoch: 227, lr: 4.0e-04, train_loss: 0.1089, train_acc: 0.9661 test_loss: 1.6595, test_acc: 0.7105, best: 0.7139, time: 0:01:31
 Epoch: 228, lr: 4.0e-04, train_loss: 0.1057, train_acc: 0.9664 test_loss: 1.6185, test_acc: 0.7100, best: 0.7139, time: 0:01:29
 Epoch: 229, lr: 4.0e-04, train_loss: 0.1043, train_acc: 0.9661 test_loss: 1.6410, test_acc: 0.7100, best: 0.7139, time: 0:01:30
 Epoch: 230, lr: 4.0e-04, train_loss: 0.1012, train_acc: 0.9677 test_loss: 1.6371, test_acc: 0.7118, best: 0.7139, time: 0:01:30
 Epoch: 231, lr: 4.0e-04, train_loss: 0.1013, train_acc: 0.9687 test_loss: 1.6596, test_acc: 0.7094, best: 0.7139, time: 0:01:29
 Epoch: 232, lr: 4.0e-04, train_loss: 0.1007, train_acc: 0.9678 test_loss: 1.6068, test_acc: 0.7088, best: 0.7139, time: 0:01:30
 Epoch: 233, lr: 4.0e-04, train_loss: 0.1002, train_acc: 0.9685 test_loss: 1.6406, test_acc: 0.7124, best: 0.7139, time: 0:01:28
 Epoch: 234, lr: 4.0e-04, train_loss: 0.0985, train_acc: 0.9689 test_loss: 1.6203, test_acc: 0.7106, best: 0.7139, time: 0:01:29
 Epoch: 235, lr: 4.0e-04, train_loss: 0.0958, train_acc: 0.9695 test_loss: 1.6482, test_acc: 0.7105, best: 0.7139, time: 0:01:28
 Epoch: 236, lr: 4.0e-04, train_loss: 0.0991, train_acc: 0.9684 test_loss: 1.6155, test_acc: 0.7092, best: 0.7139, time: 0:01:30
 Epoch: 237, lr: 4.0e-04, train_loss: 0.0985, train_acc: 0.9682 test_loss: 1.6259, test_acc: 0.7083, best: 0.7139, time: 0:01:29
 Epoch: 238, lr: 4.0e-04, train_loss: 0.0936, train_acc: 0.9700 test_loss: 1.6465, test_acc: 0.7148, best: 0.7148, time: 0:01:33
 Epoch: 239, lr: 4.0e-04, train_loss: 0.0963, train_acc: 0.9694 test_loss: 1.6220, test_acc: 0.7084, best: 0.7148, time: 0:01:29
 Epoch: 240, lr: 4.0e-04, train_loss: 0.0930, train_acc: 0.9704 test_loss: 1.6584, test_acc: 0.7125, best: 0.7148, time: 0:01:29
 Epoch: 241, lr: 4.0e-04, train_loss: 0.0929, train_acc: 0.9708 test_loss: 1.6787, test_acc: 0.7096, best: 0.7148, time: 0:01:30
 Epoch: 242, lr: 4.0e-04, train_loss: 0.0942, train_acc: 0.9698 test_loss: 1.6777, test_acc: 0.7114, best: 0.7148, time: 0:01:31
 Epoch: 243, lr: 4.0e-04, train_loss: 0.0949, train_acc: 0.9706 test_loss: 1.6260, test_acc: 0.7137, best: 0.7148, time: 0:01:30
 Epoch: 244, lr: 4.0e-04, train_loss: 0.0923, train_acc: 0.9709 test_loss: 1.6388, test_acc: 0.7100, best: 0.7148, time: 0:01:32
 Epoch: 245, lr: 4.0e-04, train_loss: 0.0912, train_acc: 0.9719 test_loss: 1.7244, test_acc: 0.7146, best: 0.7148, time: 0:01:28
 Epoch: 246, lr: 4.0e-04, train_loss: 0.0948, train_acc: 0.9698 test_loss: 1.6206, test_acc: 0.7125, best: 0.7148, time: 0:01:28
 Epoch: 247, lr: 4.0e-04, train_loss: 0.0922, train_acc: 0.9707 test_loss: 1.6813, test_acc: 0.7136, best: 0.7148, time: 0:01:34
 Epoch: 248, lr: 4.0e-04, train_loss: 0.0904, train_acc: 0.9720 test_loss: 1.6881, test_acc: 0.7128, best: 0.7148, time: 0:01:30
 Epoch: 249, lr: 4.0e-04, train_loss: 0.0895, train_acc: 0.9717 test_loss: 1.6939, test_acc: 0.7095, best: 0.7148, time: 0:01:31
 Epoch: 250, lr: 4.0e-04, train_loss: 0.0859, train_acc: 0.9727 test_loss: 1.7395, test_acc: 0.7094, best: 0.7148, time: 0:01:30
 Epoch: 251, lr: 4.0e-04, train_loss: 0.0890, train_acc: 0.9716 test_loss: 1.7272, test_acc: 0.7115, best: 0.7148, time: 0:01:32
 Epoch: 252, lr: 4.0e-04, train_loss: 0.0905, train_acc: 0.9714 test_loss: 1.7098, test_acc: 0.7118, best: 0.7148, time: 0:01:31
 Epoch: 253, lr: 4.0e-04, train_loss: 0.0891, train_acc: 0.9721 test_loss: 1.7179, test_acc: 0.7133, best: 0.7148, time: 0:01:31
 Epoch: 254, lr: 4.0e-04, train_loss: 0.0870, train_acc: 0.9722 test_loss: 1.7471, test_acc: 0.7086, best: 0.7148, time: 0:01:31
 Epoch: 255, lr: 4.0e-04, train_loss: 0.0862, train_acc: 0.9731 test_loss: 1.6812, test_acc: 0.7132, best: 0.7148, time: 0:01:29
 Epoch: 256, lr: 4.0e-04, train_loss: 0.0868, train_acc: 0.9733 test_loss: 1.6897, test_acc: 0.7113, best: 0.7148, time: 0:01:34
 Epoch: 257, lr: 4.0e-04, train_loss: 0.0833, train_acc: 0.9745 test_loss: 1.7255, test_acc: 0.7111, best: 0.7148, time: 0:01:29
 Epoch: 258, lr: 4.0e-04, train_loss: 0.0851, train_acc: 0.9737 test_loss: 1.7308, test_acc: 0.7088, best: 0.7148, time: 0:01:31
 Epoch: 259, lr: 4.0e-04, train_loss: 0.0859, train_acc: 0.9724 test_loss: 1.7439, test_acc: 0.7115, best: 0.7148, time: 0:01:29
 Epoch: 260, lr: 4.0e-04, train_loss: 0.0827, train_acc: 0.9746 test_loss: 1.6831, test_acc: 0.7090, best: 0.7148, time: 0:01:31
 Epoch: 261, lr: 4.0e-04, train_loss: 0.0808, train_acc: 0.9737 test_loss: 1.6873, test_acc: 0.7118, best: 0.7148, time: 0:01:30
 Epoch: 262, lr: 4.0e-04, train_loss: 0.0812, train_acc: 0.9744 test_loss: 1.6546, test_acc: 0.7127, best: 0.7148, time: 0:01:31
 Epoch: 263, lr: 4.0e-04, train_loss: 0.0836, train_acc: 0.9738 test_loss: 1.6913, test_acc: 0.7139, best: 0.7148, time: 0:01:32
 Epoch: 264, lr: 4.0e-04, train_loss: 0.0848, train_acc: 0.9734 test_loss: 1.6907, test_acc: 0.7122, best: 0.7148, time: 0:01:29
 Epoch: 265, lr: 4.0e-04, train_loss: 0.0793, train_acc: 0.9750 test_loss: 1.7135, test_acc: 0.7102, best: 0.7148, time: 0:01:28
 Epoch: 266, lr: 4.0e-04, train_loss: 0.0821, train_acc: 0.9747 test_loss: 1.6865, test_acc: 0.7128, best: 0.7148, time: 0:01:34
 Epoch: 267, lr: 4.0e-04, train_loss: 0.0832, train_acc: 0.9740 test_loss: 1.7430, test_acc: 0.7095, best: 0.7148, time: 0:01:32
 Epoch: 268, lr: 4.0e-04, train_loss: 0.0780, train_acc: 0.9755 test_loss: 1.7156, test_acc: 0.7105, best: 0.7148, time: 0:01:32
 Epoch: 269, lr: 4.0e-04, train_loss: 0.0858, train_acc: 0.9724 test_loss: 1.6668, test_acc: 0.7152, best: 0.7152, time: 0:01:33
 Epoch: 270, lr: 8.0e-05, train_loss: 0.0681, train_acc: 0.9784 test_loss: 1.7029, test_acc: 0.7173, best: 0.7173, time: 0:01:35
 Epoch: 271, lr: 8.0e-05, train_loss: 0.0633, train_acc: 0.9808 test_loss: 1.7328, test_acc: 0.7164, best: 0.7173, time: 0:01:30
 Epoch: 272, lr: 8.0e-05, train_loss: 0.0646, train_acc: 0.9802 test_loss: 1.7328, test_acc: 0.7157, best: 0.7173, time: 0:01:30
 Epoch: 273, lr: 8.0e-05, train_loss: 0.0658, train_acc: 0.9789 test_loss: 1.7279, test_acc: 0.7155, best: 0.7173, time: 0:01:32
 Epoch: 274, lr: 8.0e-05, train_loss: 0.0609, train_acc: 0.9806 test_loss: 1.7430, test_acc: 0.7155, best: 0.7173, time: 0:01:31
 Epoch: 275, lr: 8.0e-05, train_loss: 0.0646, train_acc: 0.9794 test_loss: 1.7460, test_acc: 0.7172, best: 0.7173, time: 0:01:30
 Epoch: 276, lr: 8.0e-05, train_loss: 0.0594, train_acc: 0.9815 test_loss: 1.7641, test_acc: 0.7155, best: 0.7173, time: 0:01:29
 Epoch: 277, lr: 8.0e-05, train_loss: 0.0623, train_acc: 0.9805 test_loss: 1.7467, test_acc: 0.7172, best: 0.7173, time: 0:01:30
 Epoch: 278, lr: 8.0e-05, train_loss: 0.0614, train_acc: 0.9812 test_loss: 1.7479, test_acc: 0.7152, best: 0.7173, time: 0:01:30
 Epoch: 279, lr: 8.0e-05, train_loss: 0.0615, train_acc: 0.9800 test_loss: 1.7403, test_acc: 0.7152, best: 0.7173, time: 0:01:30
 Epoch: 280, lr: 8.0e-05, train_loss: 0.0637, train_acc: 0.9799 test_loss: 1.7316, test_acc: 0.7155, best: 0.7173, time: 0:01:30
 Epoch: 281, lr: 8.0e-05, train_loss: 0.0597, train_acc: 0.9810 test_loss: 1.7694, test_acc: 0.7155, best: 0.7173, time: 0:01:29
 Epoch: 282, lr: 8.0e-05, train_loss: 0.0623, train_acc: 0.9803 test_loss: 1.7568, test_acc: 0.7140, best: 0.7173, time: 0:01:31
 Epoch: 283, lr: 8.0e-05, train_loss: 0.0624, train_acc: 0.9805 test_loss: 1.7604, test_acc: 0.7182, best: 0.7182, time: 0:01:33
 Epoch: 284, lr: 8.0e-05, train_loss: 0.0588, train_acc: 0.9812 test_loss: 1.7588, test_acc: 0.7164, best: 0.7182, time: 0:01:30
 Epoch: 285, lr: 8.0e-05, train_loss: 0.0584, train_acc: 0.9819 test_loss: 1.7604, test_acc: 0.7166, best: 0.7182, time: 0:01:29
 Epoch: 286, lr: 8.0e-05, train_loss: 0.0585, train_acc: 0.9821 test_loss: 1.7850, test_acc: 0.7166, best: 0.7182, time: 0:01:30
 Epoch: 287, lr: 8.0e-05, train_loss: 0.0592, train_acc: 0.9819 test_loss: 1.7847, test_acc: 0.7159, best: 0.7182, time: 0:01:32
 Epoch: 288, lr: 8.0e-05, train_loss: 0.0586, train_acc: 0.9815 test_loss: 1.7794, test_acc: 0.7181, best: 0.7182, time: 0:01:30
 Epoch: 289, lr: 8.0e-05, train_loss: 0.0558, train_acc: 0.9818 test_loss: 1.7765, test_acc: 0.7164, best: 0.7182, time: 0:01:35
 Epoch: 290, lr: 8.0e-05, train_loss: 0.0619, train_acc: 0.9804 test_loss: 1.7589, test_acc: 0.7175, best: 0.7182, time: 0:01:32
 Epoch: 291, lr: 8.0e-05, train_loss: 0.0581, train_acc: 0.9812 test_loss: 1.7638, test_acc: 0.7163, best: 0.7182, time: 0:01:30
 Epoch: 292, lr: 8.0e-05, train_loss: 0.0570, train_acc: 0.9821 test_loss: 1.7819, test_acc: 0.7163, best: 0.7182, time: 0:01:33
 Epoch: 293, lr: 8.0e-05, train_loss: 0.0566, train_acc: 0.9819 test_loss: 1.7916, test_acc: 0.7169, best: 0.7182, time: 0:01:30
 Epoch: 294, lr: 8.0e-05, train_loss: 0.0604, train_acc: 0.9811 test_loss: 1.7521, test_acc: 0.7151, best: 0.7182, time: 0:01:30
 Epoch: 295, lr: 8.0e-05, train_loss: 0.0586, train_acc: 0.9813 test_loss: 1.7836, test_acc: 0.7155, best: 0.7182, time: 0:01:30
 Epoch: 296, lr: 8.0e-05, train_loss: 0.0605, train_acc: 0.9813 test_loss: 1.7569, test_acc: 0.7154, best: 0.7182, time: 0:01:29
 Epoch: 297, lr: 8.0e-05, train_loss: 0.0579, train_acc: 0.9816 test_loss: 1.7671, test_acc: 0.7177, best: 0.7182, time: 0:01:28
 Epoch: 298, lr: 8.0e-05, train_loss: 0.0561, train_acc: 0.9821 test_loss: 1.7677, test_acc: 0.7166, best: 0.7182, time: 0:01:30
 Epoch: 299, lr: 8.0e-05, train_loss: 0.0574, train_acc: 0.9816 test_loss: 1.7641, test_acc: 0.7161, best: 0.7182, time: 0:01:30
 Highest accuracy: 0.7182