
 => creating model 'VGG16'
VGG(
  (features): Sequential(
    (0): Conv2d(3, 64, kernel_size=(3, 3), stride=(1, 1), padding=(1, 1), bias=False)
    (1): ReLU(inplace)
    (2): Dropout(p=0.2)
    (3): Conv2d(64, 64, kernel_size=(3, 3), stride=(1, 1), padding=(1, 1), bias=False)
    (4): ReLU(inplace)
    (5): AvgPool2d(kernel_size=2, stride=2, padding=0)
    (6): Conv2d(64, 128, kernel_size=(3, 3), stride=(1, 1), padding=(1, 1), bias=False)
    (7): ReLU(inplace)
    (8): Dropout(p=0.2)
    (9): Conv2d(128, 128, kernel_size=(3, 3), stride=(1, 1), padding=(1, 1), bias=False)
    (10): ReLU(inplace)
    (11): AvgPool2d(kernel_size=2, stride=2, padding=0)
    (12): Conv2d(128, 256, kernel_size=(3, 3), stride=(1, 1), padding=(1, 1), bias=False)
    (13): ReLU(inplace)
    (14): Dropout(p=0.2)
    (15): Conv2d(256, 256, kernel_size=(3, 3), stride=(1, 1), padding=(1, 1), bias=False)
    (16): ReLU(inplace)
    (17): Dropout(p=0.2)
    (18): Conv2d(256, 256, kernel_size=(3, 3), stride=(1, 1), padding=(1, 1), bias=False)
    (19): ReLU(inplace)
    (20): AvgPool2d(kernel_size=2, stride=2, padding=0)
    (21): Conv2d(256, 512, kernel_size=(3, 3), stride=(1, 1), padding=(1, 1), bias=False)
    (22): ReLU(inplace)
    (23): Dropout(p=0.2)
    (24): Conv2d(512, 512, kernel_size=(3, 3), stride=(1, 1), padding=(1, 1), bias=False)
    (25): ReLU(inplace)
    (26): Dropout(p=0.2)
    (27): Conv2d(512, 512, kernel_size=(3, 3), stride=(1, 1), padding=(1, 1), bias=False)
    (28): ReLU(inplace)
    (29): AvgPool2d(kernel_size=2, stride=2, padding=0)
    (30): Conv2d(512, 512, kernel_size=(3, 3), stride=(1, 1), padding=(1, 1), bias=False)
    (31): ReLU(inplace)
    (32): Dropout(p=0.2)
    (33): Conv2d(512, 512, kernel_size=(3, 3), stride=(1, 1), padding=(1, 1), bias=False)
    (34): ReLU(inplace)
    (35): Dropout(p=0.2)
    (36): Conv2d(512, 512, kernel_size=(3, 3), stride=(1, 1), padding=(1, 1), bias=False)
    (37): ReLU(inplace)
    (38): AvgPool2d(kernel_size=2, stride=2, padding=0)
  )
  (classifier): Sequential(
    (0): Linear(in_features=25088, out_features=4096, bias=False)
    (1): ReLU(inplace)
    (2): Dropout(p=0.2)
    (3): Linear(in_features=4096, out_features=4096, bias=False)
    (4): ReLU(inplace)
    (5): Dropout(p=0.2)
    (6): Linear(in_features=4096, out_features=1000, bias=False)
  )
)
 => loading checkpoint 'best_ann_vgg16_imagenet.pth'
LR: 0.01 Epoch: [0][   0/5005]	Time 26.980 (26.980)	Data  3.532 ( 3.532)	Loss 1.5050e+00 (1.5050e+00)	Acc@1  66.02 ( 66.02)	Acc@5  86.72 ( 86.72)
LR: 0.01 Epoch: [0][ 500/5005]	Time  0.527 ( 0.633)	Data  0.000 ( 0.164)	Loss 2.2740e+00 (1.9265e+00)	Acc@1  50.00 ( 55.70)	Acc@5  74.22 ( 78.89)
LR: 0.01 Epoch: [0][1000/5005]	Time  0.514 ( 0.609)	Data  0.000 ( 0.161)	Loss 1.9498e+00 (1.9418e+00)	Acc@1  54.69 ( 55.29)	Acc@5  79.30 ( 78.67)
LR: 0.01 Epoch: [0][1500/5005]	Time  0.522 ( 0.603)	Data  0.000 ( 0.163)	Loss 2.0405e+00 (1.9540e+00)	Acc@1  54.30 ( 55.09)	Acc@5  79.30 ( 78.50)
LR: 0.01 Epoch: [0][2000/5005]	Time  0.537 ( 0.604)	Data  0.000 ( 0.168)	Loss 1.8457e+00 (1.9581e+00)	Acc@1  54.30 ( 55.01)	Acc@5  80.86 ( 78.45)
LR: 0.01 Epoch: [0][2500/5005]	Time  0.537 ( 0.604)	Data  0.000 ( 0.169)	Loss 2.0155e+00 (1.9631e+00)	Acc@1  52.34 ( 54.91)	Acc@5  77.73 ( 78.36)
LR: 0.01 Epoch: [0][3000/5005]	Time  0.524 ( 0.605)	Data  0.000 ( 0.171)	Loss 1.9096e+00 (1.9676e+00)	Acc@1  55.86 ( 54.81)	Acc@5  81.64 ( 78.27)
LR: 0.01 Epoch: [0][3500/5005]	Time  0.516 ( 0.606)	Data  0.000 ( 0.173)	Loss 2.0132e+00 (1.9710e+00)	Acc@1  53.12 ( 54.78)	Acc@5  79.30 ( 78.23)
LR: 0.01 Epoch: [0][4000/5005]	Time  0.517 ( 0.607)	Data  0.000 ( 0.177)	Loss 2.0840e+00 (1.9724e+00)	Acc@1  50.39 ( 54.72)	Acc@5  76.17 ( 78.22)
LR: 0.01 Epoch: [0][4500/5005]	Time  0.755 ( 0.608)	Data  0.571 ( 0.178)	Loss 2.0310e+00 (1.9761e+00)	Acc@1  50.00 ( 54.66)	Acc@5  76.17 ( 78.16)
LR: 0.01 Epoch: [0][5000/5005]	Time  0.663 ( 0.609)	Data  0.480 ( 0.178)	Loss 1.8954e+00 (1.9785e+00)	Acc@1  55.47 ( 54.63)	Acc@5  77.34 ( 78.13)
 * Loss 3.297148 Acc@1 60.132 Acc@5 83.614
LR: 0.01 Epoch: [1][   0/5005]	Time  3.740 ( 3.740)	Data  3.263 ( 3.263)	Loss 1.6819e+00 (1.6819e+00)	Acc@1  58.59 ( 58.59)	Acc@5  82.42 ( 82.42)
LR: 0.01 Epoch: [1][ 500/5005]	Time  0.619 ( 0.586)	Data  0.000 ( 0.025)	Loss 1.8617e+00 (1.9258e+00)	Acc@1  56.25 ( 55.57)	Acc@5  77.34 ( 78.94)
LR: 0.01 Epoch: [1][1000/5005]	Time  0.573 ( 0.586)	Data  0.000 ( 0.026)	Loss 1.9649e+00 (1.9310e+00)	Acc@1  54.30 ( 55.43)	Acc@5  77.34 ( 78.90)
LR: 0.01 Epoch: [1][1500/5005]	Time  0.572 ( 0.588)	Data  0.000 ( 0.043)	Loss 1.7456e+00 (1.9373e+00)	Acc@1  58.59 ( 55.33)	Acc@5  80.47 ( 78.78)
LR: 0.01 Epoch: [1][2000/5005]	Time  0.588 ( 0.591)	Data  0.000 ( 0.058)	Loss 1.8568e+00 (1.9392e+00)	Acc@1  55.08 ( 55.29)	Acc@5  79.69 ( 78.77)
LR: 0.01 Epoch: [1][2500/5005]	Time  0.578 ( 0.595)	Data  0.000 ( 0.072)	Loss 1.8612e+00 (1.9424e+00)	Acc@1  54.69 ( 55.23)	Acc@5  80.47 ( 78.73)
LR: 0.01 Epoch: [1][3000/5005]	Time  0.593 ( 0.598)	Data  0.000 ( 0.082)	Loss 1.9623e+00 (1.9451e+00)	Acc@1  56.64 ( 55.17)	Acc@5  78.91 ( 78.68)
LR: 0.01 Epoch: [1][3500/5005]	Time  0.578 ( 0.601)	Data  0.000 ( 0.089)	Loss 1.8533e+00 (1.9477e+00)	Acc@1  55.08 ( 55.12)	Acc@5  78.52 ( 78.64)
LR: 0.01 Epoch: [1][4000/5005]	Time  0.571 ( 0.603)	Data  0.000 ( 0.094)	Loss 1.8502e+00 (1.9505e+00)	Acc@1  57.03 ( 55.09)	Acc@5  80.08 ( 78.58)
LR: 0.01 Epoch: [1][4500/5005]	Time  0.598 ( 0.604)	Data  0.000 ( 0.099)	Loss 1.9973e+00 (1.9524e+00)	Acc@1  53.12 ( 55.05)	Acc@5  76.56 ( 78.55)
LR: 0.01 Epoch: [1][5000/5005]	Time  0.580 ( 0.606)	Data  0.000 ( 0.102)	Loss 1.9070e+00 (1.9549e+00)	Acc@1  54.30 ( 55.01)	Acc@5  80.08 ( 78.51)
 * Loss 3.193705 Acc@1 60.012 Acc@5 83.358
LR: 0.01 Epoch: [2][   0/5005]	Time  3.367 ( 3.367)	Data  3.093 ( 3.093)	Loss 1.9330e+00 (1.9330e+00)	Acc@1  57.03 ( 57.03)	Acc@5  79.69 ( 79.69)
LR: 0.01 Epoch: [2][ 500/5005]	Time  0.598 ( 0.596)	Data  0.000 ( 0.060)	Loss 1.9416e+00 (1.9058e+00)	Acc@1  55.08 ( 55.99)	Acc@5  77.34 ( 79.12)
LR: 0.01 Epoch: [2][1000/5005]	Time  0.593 ( 0.596)	Data  0.000 ( 0.069)	Loss 2.2007e+00 (1.9040e+00)	Acc@1  48.44 ( 55.99)	Acc@5  76.17 ( 79.23)
LR: 0.01 Epoch: [2][1500/5005]	Time  0.568 ( 0.596)	Data  0.000 ( 0.074)	Loss 1.7522e+00 (1.9132e+00)	Acc@1  62.11 ( 55.75)	Acc@5  80.47 ( 79.14)
LR: 0.01 Epoch: [2][2000/5005]	Time  0.594 ( 0.598)	Data  0.000 ( 0.081)	Loss 2.0341e+00 (1.9155e+00)	Acc@1  52.73 ( 55.69)	Acc@5  76.17 ( 79.13)
LR: 0.01 Epoch: [2][2500/5005]	Time  0.580 ( 0.601)	Data  0.000 ( 0.089)	Loss 1.9948e+00 (1.9210e+00)	Acc@1  52.73 ( 55.63)	Acc@5  80.86 ( 79.05)
LR: 0.01 Epoch: [2][3000/5005]	Time  0.570 ( 0.605)	Data  0.000 ( 0.097)	Loss 1.9600e+00 (1.9228e+00)	Acc@1  60.16 ( 55.60)	Acc@5  75.78 ( 79.03)
LR: 0.01 Epoch: [2][3500/5005]	Time  0.584 ( 0.607)	Data  0.000 ( 0.103)	Loss 2.2384e+00 (1.9249e+00)	Acc@1  47.66 ( 55.55)	Acc@5  75.78 ( 78.99)
LR: 0.01 Epoch: [2][4000/5005]	Time  0.594 ( 0.609)	Data  0.000 ( 0.107)	Loss 1.7129e+00 (1.9257e+00)	Acc@1  59.77 ( 55.56)	Acc@5  83.20 ( 78.98)
LR: 0.01 Epoch: [2][4500/5005]	Time  0.554 ( 0.610)	Data  0.000 ( 0.110)	Loss 2.0052e+00 (1.9281e+00)	Acc@1  54.30 ( 55.51)	Acc@5  78.91 ( 78.95)
LR: 0.01 Epoch: [2][5000/5005]	Time  0.571 ( 0.611)	Data  0.000 ( 0.113)	Loss 1.8334e+00 (1.9298e+00)	Acc@1  58.59 ( 55.50)	Acc@5  82.03 ( 78.93)
 * Loss 3.402319 Acc@1 61.084 Acc@5 84.264
LR: 0.01 Epoch: [3][   0/5005]	Time  3.240 ( 3.240)	Data  3.031 ( 3.031)	Loss 1.9765e+00 (1.9765e+00)	Acc@1  55.08 ( 55.08)	Acc@5  76.56 ( 76.56)
LR: 0.01 Epoch: [3][ 500/5005]	Time  0.555 ( 0.588)	Data  0.000 ( 0.025)	Loss 1.8916e+00 (1.8865e+00)	Acc@1  55.08 ( 56.29)	Acc@5  79.69 ( 79.55)
LR: 0.01 Epoch: [3][1000/5005]	Time  0.571 ( 0.586)	Data  0.000 ( 0.014)	Loss 1.8545e+00 (1.8838e+00)	Acc@1  55.86 ( 56.35)	Acc@5  78.12 ( 79.65)
LR: 0.01 Epoch: [3][1500/5005]	Time  0.637 ( 0.587)	Data  0.000 ( 0.021)	Loss 2.0054e+00 (1.8885e+00)	Acc@1  54.30 ( 56.27)	Acc@5  78.91 ( 79.56)
LR: 0.01 Epoch: [3][2000/5005]	Time  0.590 ( 0.589)	Data  0.000 ( 0.035)	Loss 1.8907e+00 (1.8944e+00)	Acc@1  59.38 ( 56.22)	Acc@5  78.52 ( 79.46)
LR: 0.01 Epoch: [3][2500/5005]	Time  0.644 ( 0.592)	Data  0.000 ( 0.051)	Loss 1.9841e+00 (1.8984e+00)	Acc@1  53.12 ( 56.11)	Acc@5  76.95 ( 79.39)
LR: 0.01 Epoch: [3][3000/5005]	Time  0.572 ( 0.595)	Data  0.000 ( 0.064)	Loss 2.0307e+00 (1.9015e+00)	Acc@1  55.08 ( 56.07)	Acc@5  76.95 ( 79.34)
LR: 0.01 Epoch: [3][3500/5005]	Time  0.596 ( 0.598)	Data  0.000 ( 0.073)	Loss 1.8293e+00 (1.9034e+00)	Acc@1  57.03 ( 56.03)	Acc@5  79.30 ( 79.31)
LR: 0.01 Epoch: [3][4000/5005]	Time  0.596 ( 0.600)	Data  0.000 ( 0.081)	Loss 1.9231e+00 (1.9070e+00)	Acc@1  55.86 ( 55.97)	Acc@5  80.47 ( 79.26)
LR: 0.01 Epoch: [3][4500/5005]	Time  0.578 ( 0.602)	Data  0.000 ( 0.087)	Loss 2.1958e+00 (1.9083e+00)	Acc@1  50.78 ( 55.96)	Acc@5  76.17 ( 79.23)
LR: 0.01 Epoch: [3][5000/5005]	Time  0.600 ( 0.603)	Data  0.000 ( 0.091)	Loss 1.9268e+00 (1.9109e+00)	Acc@1  57.03 ( 55.93)	Acc@5  79.30 ( 79.20)
 * Loss 3.301638 Acc@1 61.128 Acc@5 84.374
LR: 0.01 Epoch: [4][   0/5005]	Time  3.396 ( 3.396)	Data  3.187 ( 3.187)	Loss 1.6615e+00 (1.6615e+00)	Acc@1  61.33 ( 61.33)	Acc@5  80.86 ( 80.86)
LR: 0.01 Epoch: [4][ 500/5005]	Time  0.615 ( 0.588)	Data  0.001 ( 0.009)	Loss 1.9591e+00 (1.8516e+00)	Acc@1  56.25 ( 57.23)	Acc@5  79.69 ( 80.08)
LR: 0.01 Epoch: [4][1000/5005]	Time  0.582 ( 0.587)	Data  0.000 ( 0.005)	Loss 1.7939e+00 (1.8585e+00)	Acc@1  58.20 ( 56.95)	Acc@5  78.12 ( 79.99)
LR: 0.01 Epoch: [4][1500/5005]	Time  0.621 ( 0.587)	Data  0.000 ( 0.004)	Loss 2.0038e+00 (1.8672e+00)	Acc@1  55.08 ( 56.76)	Acc@5  78.12 ( 79.86)
LR: 0.01 Epoch: [4][2000/5005]	Time  0.575 ( 0.587)	Data  0.000 ( 0.004)	Loss 1.8551e+00 (1.8700e+00)	Acc@1  54.30 ( 56.72)	Acc@5  82.03 ( 79.80)
LR: 0.01 Epoch: [4][2500/5005]	Time  0.599 ( 0.588)	Data  0.000 ( 0.017)	Loss 1.8594e+00 (1.8725e+00)	Acc@1  53.12 ( 56.67)	Acc@5  82.42 ( 79.74)
LR: 0.01 Epoch: [4][3000/5005]	Time  0.531 ( 0.591)	Data  0.000 ( 0.030)	Loss 1.7427e+00 (1.8769e+00)	Acc@1  58.20 ( 56.58)	Acc@5  81.64 ( 79.69)
LR: 0.01 Epoch: [4][3500/5005]	Time  0.576 ( 0.592)	Data  0.000 ( 0.042)	Loss 1.8745e+00 (1.8787e+00)	Acc@1  56.25 ( 56.56)	Acc@5  80.08 ( 79.65)
LR: 0.01 Epoch: [4][4000/5005]	Time  0.599 ( 0.594)	Data  0.000 ( 0.050)	Loss 1.7626e+00 (1.8825e+00)	Acc@1  56.25 ( 56.47)	Acc@5  80.08 ( 79.59)
LR: 0.01 Epoch: [4][4500/5005]	Time  0.614 ( 0.596)	Data  0.000 ( 0.060)	Loss 1.8484e+00 (1.8855e+00)	Acc@1  57.42 ( 56.43)	Acc@5  79.69 ( 79.54)
LR: 0.01 Epoch: [4][5000/5005]	Time  0.587 ( 0.597)	Data  0.000 ( 0.065)	Loss 1.8606e+00 (1.8868e+00)	Acc@1  55.47 ( 56.40)	Acc@5  81.25 ( 79.52)
 * Loss 3.165169 Acc@1 61.640 Acc@5 84.464
LR: 0.01 Epoch: [5][   0/5005]	Time  3.705 ( 3.705)	Data  3.464 ( 3.464)	Loss 1.7654e+00 (1.7654e+00)	Acc@1  59.38 ( 59.38)	Acc@5  80.08 ( 80.08)
LR: 0.01 Epoch: [5][ 500/5005]	Time  0.575 ( 0.591)	Data  0.000 ( 0.028)	Loss 1.5434e+00 (1.8285e+00)	Acc@1  63.67 ( 57.44)	Acc@5  85.55 ( 80.49)
LR: 0.01 Epoch: [5][1000/5005]	Time  0.572 ( 0.588)	Data  0.000 ( 0.015)	Loss 1.7708e+00 (1.8368e+00)	Acc@1  55.86 ( 57.34)	Acc@5  84.77 ( 80.38)
LR: 0.01 Epoch: [5][1500/5005]	Time  0.573 ( 0.587)	Data  0.000 ( 0.010)	Loss 1.9679e+00 (1.8488e+00)	Acc@1  55.86 ( 57.11)	Acc@5  79.69 ( 80.18)
LR: 0.01 Epoch: [5][2000/5005]	Time  0.636 ( 0.587)	Data  0.449 ( 0.010)	Loss 1.8901e+00 (1.8520e+00)	Acc@1  58.59 ( 57.05)	Acc@5  78.52 ( 80.11)
LR: 0.01 Epoch: [5][2500/5005]	Time  0.675 ( 0.591)	Data  0.485 ( 0.029)	Loss 1.8305e+00 (1.8551e+00)	Acc@1  54.69 ( 56.98)	Acc@5  78.91 ( 80.06)
LR: 0.01 Epoch: [5][3000/5005]	Time  0.559 ( 0.595)	Data  0.375 ( 0.044)	Loss 2.1726e+00 (1.8590e+00)	Acc@1  50.78 ( 56.91)	Acc@5  74.22 ( 80.00)
LR: 0.01 Epoch: [5][3500/5005]	Time  0.643 ( 0.597)	Data  0.422 ( 0.059)	Loss 1.9207e+00 (1.8604e+00)	Acc@1  56.64 ( 56.89)	Acc@5  80.08 ( 79.99)
LR: 0.01 Epoch: [5][4000/5005]	Time  0.601 ( 0.598)	Data  0.000 ( 0.066)	Loss 1.8570e+00 (1.8624e+00)	Acc@1  58.98 ( 56.86)	Acc@5  82.03 ( 79.95)
LR: 0.01 Epoch: [5][4500/5005]	Time  0.707 ( 0.599)	Data  0.524 ( 0.072)	Loss 1.6245e+00 (1.8644e+00)	Acc@1  57.81 ( 56.83)	Acc@5  83.98 ( 79.92)
LR: 0.01 Epoch: [5][5000/5005]	Time  0.578 ( 0.600)	Data  0.247 ( 0.076)	Loss 1.8107e+00 (1.8667e+00)	Acc@1  55.86 ( 56.79)	Acc@5  78.91 ( 79.88)
 * Loss 3.473116 Acc@1 62.696 Acc@5 85.160
LR: 0.01 Epoch: [6][   0/5005]	Time  3.895 ( 3.895)	Data  3.679 ( 3.679)	Loss 2.1232e+00 (2.1232e+00)	Acc@1  50.39 ( 50.39)	Acc@5  75.00 ( 75.00)
LR: 0.01 Epoch: [6][ 500/5005]	Time  0.560 ( 0.591)	Data  0.000 ( 0.015)	Loss 2.1696e+00 (1.8162e+00)	Acc@1  54.69 ( 57.79)	Acc@5  75.00 ( 80.61)
LR: 0.01 Epoch: [6][1000/5005]	Time  0.583 ( 0.589)	Data  0.000 ( 0.008)	Loss 1.8777e+00 (1.8278e+00)	Acc@1  54.69 ( 57.51)	Acc@5  77.34 ( 80.44)
LR: 0.01 Epoch: [6][1500/5005]	Time  0.575 ( 0.588)	Data  0.000 ( 0.006)	Loss 1.8216e+00 (1.8326e+00)	Acc@1  61.72 ( 57.44)	Acc@5  82.03 ( 80.35)
LR: 0.01 Epoch: [6][2000/5005]	Time  0.572 ( 0.589)	Data  0.000 ( 0.012)	Loss 1.8795e+00 (1.8339e+00)	Acc@1  56.64 ( 57.37)	Acc@5  80.47 ( 80.34)
LR: 0.01 Epoch: [6][2500/5005]	Time  0.597 ( 0.593)	Data  0.000 ( 0.032)	Loss 1.9227e+00 (1.8366e+00)	Acc@1  55.86 ( 57.33)	Acc@5  78.12 ( 80.31)
LR: 0.01 Epoch: [6][3000/5005]	Time  0.563 ( 0.597)	Data  0.000 ( 0.048)	Loss 1.9921e+00 (1.8388e+00)	Acc@1  55.08 ( 57.30)	Acc@5  78.52 ( 80.27)
LR: 0.01 Epoch: [6][3500/5005]	Time  0.603 ( 0.600)	Data  0.000 ( 0.060)	Loss 1.7782e+00 (1.8412e+00)	Acc@1  59.38 ( 57.25)	Acc@5  78.91 ( 80.24)
LR: 0.01 Epoch: [6][4000/5005]	Time  0.590 ( 0.602)	Data  0.000 ( 0.068)	Loss 1.8046e+00 (1.8445e+00)	Acc@1  57.42 ( 57.21)	Acc@5  82.03 ( 80.19)
LR: 0.01 Epoch: [6][4500/5005]	Time  0.574 ( 0.603)	Data  0.000 ( 0.073)	Loss 1.6987e+00 (1.8479e+00)	Acc@1  58.20 ( 57.16)	Acc@5  83.59 ( 80.14)
LR: 0.01 Epoch: [6][5000/5005]	Time  0.600 ( 0.603)	Data  0.000 ( 0.077)	Loss 1.9890e+00 (1.8496e+00)	Acc@1  56.25 ( 57.13)	Acc@5  76.56 ( 80.11)
 * Loss 3.029199 Acc@1 62.258 Acc@5 84.934
LR: 0.01 Epoch: [7][   0/5005]	Time  3.774 ( 3.774)	Data  3.558 ( 3.558)	Loss 1.8323e+00 (1.8323e+00)	Acc@1  54.30 ( 54.30)	Acc@5  80.08 ( 80.08)
LR: 0.01 Epoch: [7][ 500/5005]	Time  0.651 ( 0.591)	Data  0.000 ( 0.015)	Loss 1.6057e+00 (1.7917e+00)	Acc@1  64.45 ( 58.07)	Acc@5  83.59 ( 80.95)
LR: 0.01 Epoch: [7][1000/5005]	Time  0.573 ( 0.589)	Data  0.000 ( 0.008)	Loss 1.7592e+00 (1.8022e+00)	Acc@1  57.03 ( 57.90)	Acc@5  81.64 ( 80.73)
LR: 0.01 Epoch: [7][1500/5005]	Time  0.588 ( 0.588)	Data  0.000 ( 0.006)	Loss 1.7747e+00 (1.8088e+00)	Acc@1  59.38 ( 57.85)	Acc@5  82.03 ( 80.64)
LR: 0.01 Epoch: [7][2000/5005]	Time  0.574 ( 0.588)	Data  0.000 ( 0.005)	Loss 1.9499e+00 (1.8127e+00)	Acc@1  56.64 ( 57.80)	Acc@5  77.34 ( 80.62)
LR: 0.01 Epoch: [7][2500/5005]	Time  0.578 ( 0.591)	Data  0.000 ( 0.019)	Loss 1.7165e+00 (1.8200e+00)	Acc@1  60.94 ( 57.66)	Acc@5  82.42 ( 80.52)
LR: 0.01 Epoch: [7][3000/5005]	Time  0.577 ( 0.595)	Data  0.000 ( 0.035)	Loss 1.8352e+00 (1.8227e+00)	Acc@1  57.81 ( 57.63)	Acc@5  78.91 ( 80.48)
LR: 0.01 Epoch: [7][3500/5005]	Time  0.570 ( 0.597)	Data  0.000 ( 0.047)	Loss 1.7391e+00 (1.8250e+00)	Acc@1  60.94 ( 57.59)	Acc@5  81.64 ( 80.44)
LR: 0.01 Epoch: [7][4000/5005]	Time  0.579 ( 0.598)	Data  0.000 ( 0.053)	Loss 1.8460e+00 (1.8285e+00)	Acc@1  57.81 ( 57.53)	Acc@5  81.64 ( 80.39)
LR: 0.01 Epoch: [7][4500/5005]	Time  0.574 ( 0.599)	Data  0.000 ( 0.059)	Loss 1.8274e+00 (1.8296e+00)	Acc@1  56.64 ( 57.52)	Acc@5  80.47 ( 80.36)
LR: 0.01 Epoch: [7][5000/5005]	Time  0.600 ( 0.600)	Data  0.000 ( 0.064)	Loss 1.8134e+00 (1.8325e+00)	Acc@1  57.81 ( 57.48)	Acc@5  79.30 ( 80.31)
 * Loss 3.181439 Acc@1 62.734 Acc@5 85.198
LR: 0.01 Epoch: [8][   0/5005]	Time  3.368 ( 3.368)	Data  3.138 ( 3.138)	Loss 1.5484e+00 (1.5484e+00)	Acc@1  62.89 ( 62.89)	Acc@5  85.16 ( 85.16)
LR: 0.01 Epoch: [8][ 500/5005]	Time  0.629 ( 0.591)	Data  0.000 ( 0.014)	Loss 2.0204e+00 (1.7779e+00)	Acc@1  58.59 ( 58.51)	Acc@5  76.95 ( 81.10)
LR: 0.01 Epoch: [8][1000/5005]	Time  0.577 ( 0.589)	Data  0.000 ( 0.007)	Loss 1.9066e+00 (1.7856e+00)	Acc@1  52.73 ( 58.37)	Acc@5  78.52 ( 80.98)
LR: 0.01 Epoch: [8][1500/5005]	Time  0.600 ( 0.589)	Data  0.000 ( 0.005)	Loss 1.5989e+00 (1.7911e+00)	Acc@1  60.94 ( 58.24)	Acc@5  85.55 ( 80.91)
LR: 0.01 Epoch: [8][2000/5005]	Time  0.564 ( 0.588)	Data  0.000 ( 0.004)	Loss 1.6287e+00 (1.7951e+00)	Acc@1  61.72 ( 58.16)	Acc@5  83.98 ( 80.88)
LR: 0.01 Epoch: [8][2500/5005]	Time  0.568 ( 0.590)	Data  0.000 ( 0.010)	Loss 2.0873e+00 (1.8009e+00)	Acc@1  51.95 ( 58.02)	Acc@5  76.95 ( 80.82)
LR: 0.01 Epoch: [8][3000/5005]	Time  0.591 ( 0.593)	Data  0.000 ( 0.026)	Loss 2.0873e+00 (1.8053e+00)	Acc@1  48.83 ( 57.92)	Acc@5  76.95 ( 80.77)
LR: 0.01 Epoch: [8][3500/5005]	Time  0.621 ( 0.595)	Data  0.000 ( 0.039)	Loss 1.8666e+00 (1.8072e+00)	Acc@1  55.47 ( 57.88)	Acc@5  80.47 ( 80.75)
LR: 0.01 Epoch: [8][4000/5005]	Time  0.574 ( 0.596)	Data  0.000 ( 0.048)	Loss 1.9420e+00 (1.8105e+00)	Acc@1  54.69 ( 57.82)	Acc@5  78.52 ( 80.71)
LR: 0.01 Epoch: [8][4500/5005]	Time  0.573 ( 0.598)	Data  0.000 ( 0.055)	Loss 1.7185e+00 (1.8129e+00)	Acc@1  58.20 ( 57.80)	Acc@5  83.20 ( 80.65)
LR: 0.01 Epoch: [8][5000/5005]	Time  0.572 ( 0.598)	Data  0.000 ( 0.056)	Loss 1.8345e+00 (1.8154e+00)	Acc@1  60.55 ( 57.76)	Acc@5  77.73 ( 80.61)
 * Loss 2.894129 Acc@1 62.850 Acc@5 85.370
LR: 0.01 Epoch: [9][   0/5005]	Time  3.828 ( 3.828)	Data  3.612 ( 3.612)	Loss 2.0308e+00 (2.0308e+00)	Acc@1  56.25 ( 56.25)	Acc@5  76.17 ( 76.17)
LR: 0.01 Epoch: [9][ 500/5005]	Time  0.569 ( 0.591)	Data  0.000 ( 0.009)	Loss 1.8063e+00 (1.7674e+00)	Acc@1  55.86 ( 58.62)	Acc@5  80.08 ( 81.23)
LR: 0.01 Epoch: [9][1000/5005]	Time  0.579 ( 0.589)	Data  0.000 ( 0.005)	Loss 1.6965e+00 (1.7720e+00)	Acc@1  60.16 ( 58.52)	Acc@5  80.86 ( 81.21)
LR: 0.01 Epoch: [9][1500/5005]	Time  0.576 ( 0.589)	Data  0.000 ( 0.004)	Loss 1.6339e+00 (1.7798e+00)	Acc@1  61.72 ( 58.43)	Acc@5  83.98 ( 81.10)
LR: 0.01 Epoch: [9][2000/5005]	Time  0.617 ( 0.588)	Data  0.000 ( 0.003)	Loss 1.7688e+00 (1.7868e+00)	Acc@1  61.72 ( 58.34)	Acc@5  81.64 ( 80.98)
LR: 0.01 Epoch: [9][2500/5005]	Time  0.575 ( 0.588)	Data  0.000 ( 0.003)	Loss 1.9298e+00 (1.7906e+00)	Acc@1  55.47 ( 58.26)	Acc@5  78.52 ( 80.92)
LR: 0.01 Epoch: [9][3000/5005]	Time  0.573 ( 0.588)	Data  0.000 ( 0.003)	Loss 1.7885e+00 (1.7949e+00)	Acc@1  57.42 ( 58.17)	Acc@5  82.81 ( 80.87)
LR: 0.01 Epoch: [9][3500/5005]	Time  0.596 ( 0.589)	Data  0.000 ( 0.012)	Loss 1.5472e+00 (1.7968e+00)	Acc@1  62.11 ( 58.12)	Acc@5  83.20 ( 80.86)
LR: 0.01 Epoch: [9][4000/5005]	Time  0.605 ( 0.589)	Data  0.000 ( 0.010)	Loss 1.6896e+00 (1.7979e+00)	Acc@1  63.28 ( 58.10)	Acc@5  81.25 ( 80.84)
LR: 0.01 Epoch: [9][4500/5005]	Time  0.602 ( 0.589)	Data  0.000 ( 0.012)	Loss 1.8116e+00 (1.7998e+00)	Acc@1  55.47 ( 58.07)	Acc@5  80.08 ( 80.81)
LR: 0.01 Epoch: [9][5000/5005]	Time  0.586 ( 0.590)	Data  0.000 ( 0.017)	Loss 2.0259e+00 (1.8008e+00)	Acc@1  52.34 ( 58.05)	Acc@5  75.39 ( 80.80)
 * Loss 3.466039 Acc@1 62.724 Acc@5 85.442
LR: 0.01 Epoch: [10][   0/5005]	Time  3.421 ( 3.421)	Data  3.163 ( 3.163)	Loss 1.6177e+00 (1.6177e+00)	Acc@1  61.72 ( 61.72)	Acc@5  83.98 ( 83.98)
LR: 0.01 Epoch: [10][ 500/5005]	Time  0.603 ( 0.589)	Data  0.000 ( 0.014)	Loss 1.5905e+00 (1.7522e+00)	Acc@1  63.67 ( 58.89)	Acc@5  82.42 ( 81.53)
LR: 0.01 Epoch: [10][1000/5005]	Time  0.558 ( 0.589)	Data  0.000 ( 0.008)	Loss 1.8149e+00 (1.7603e+00)	Acc@1  60.16 ( 58.81)	Acc@5  76.95 ( 81.35)
LR: 0.01 Epoch: [10][1500/5005]	Time  0.599 ( 0.589)	Data  0.000 ( 0.006)	Loss 1.7539e+00 (1.7664e+00)	Acc@1  63.28 ( 58.73)	Acc@5  80.47 ( 81.25)
LR: 0.01 Epoch: [10][2000/5005]	Time  0.531 ( 0.588)	Data  0.000 ( 0.004)	Loss 1.8167e+00 (1.7717e+00)	Acc@1  58.20 ( 58.63)	Acc@5  80.08 ( 81.16)
LR: 0.01 Epoch: [10][2500/5005]	Time  0.586 ( 0.589)	Data  0.000 ( 0.007)	Loss 1.8757e+00 (1.7772e+00)	Acc@1  55.47 ( 58.55)	Acc@5  80.47 ( 81.08)
LR: 0.01 Epoch: [10][3000/5005]	Time  0.579 ( 0.589)	Data  0.000 ( 0.006)	Loss 1.9821e+00 (1.7796e+00)	Acc@1  51.95 ( 58.48)	Acc@5  79.30 ( 81.08)
LR: 0.01 Epoch: [10][3500/5005]	Time  0.518 ( 0.589)	Data  0.000 ( 0.007)	Loss 1.7308e+00 (1.7817e+00)	Acc@1  56.25 ( 58.45)	Acc@5  85.16 ( 81.07)
LR: 0.01 Epoch: [10][4000/5005]	Time  0.594 ( 0.590)	Data  0.000 ( 0.012)	Loss 1.9559e+00 (1.7848e+00)	Acc@1  59.38 ( 58.40)	Acc@5  76.95 ( 81.03)
LR: 0.01 Epoch: [10][4500/5005]	Time  0.576 ( 0.590)	Data  0.000 ( 0.015)	Loss 1.8490e+00 (1.7876e+00)	Acc@1  55.47 ( 58.33)	Acc@5  81.25 ( 80.98)
LR: 0.01 Epoch: [10][5000/5005]	Time  0.574 ( 0.591)	Data  0.000 ( 0.021)	Loss 1.7291e+00 (1.7888e+00)	Acc@1  58.20 ( 58.32)	Acc@5  82.42 ( 80.96)
 * Loss 3.150849 Acc@1 63.344 Acc@5 85.596
LR: 0.01 Epoch: [11][   0/5005]	Time  3.630 ( 3.630)	Data  3.347 ( 3.347)	Loss 1.8898e+00 (1.8898e+00)	Acc@1  58.20 ( 58.20)	Acc@5  80.47 ( 80.47)
LR: 0.01 Epoch: [11][ 500/5005]	Time  0.573 ( 0.590)	Data  0.000 ( 0.014)	Loss 1.6860e+00 (1.7469e+00)	Acc@1  63.28 ( 59.40)	Acc@5  81.25 ( 81.56)
LR: 0.01 Epoch: [11][1000/5005]	Time  0.588 ( 0.589)	Data  0.000 ( 0.008)	Loss 1.7048e+00 (1.7526e+00)	Acc@1  57.42 ( 59.13)	Acc@5  81.25 ( 81.52)
LR: 0.01 Epoch: [11][1500/5005]	Time  0.575 ( 0.589)	Data  0.000 ( 0.006)	Loss 1.7708e+00 (1.7543e+00)	Acc@1  57.81 ( 59.06)	Acc@5  80.47 ( 81.50)
LR: 0.01 Epoch: [11][2000/5005]	Time  0.597 ( 0.589)	Data  0.000 ( 0.006)	Loss 1.7409e+00 (1.7606e+00)	Acc@1  58.98 ( 58.93)	Acc@5  82.03 ( 81.36)
LR: 0.01 Epoch: [11][2500/5005]	Time  0.576 ( 0.590)	Data  0.000 ( 0.009)	Loss 1.8911e+00 (1.7634e+00)	Acc@1  52.73 ( 58.86)	Acc@5  80.08 ( 81.34)
LR: 0.01 Epoch: [11][3000/5005]	Time  0.572 ( 0.591)	Data  0.000 ( 0.019)	Loss 1.9160e+00 (1.7664e+00)	Acc@1  54.69 ( 58.78)	Acc@5  82.03 ( 81.30)
LR: 0.01 Epoch: [11][3500/5005]	Time  0.592 ( 0.591)	Data  0.000 ( 0.023)	Loss 1.7366e+00 (1.7686e+00)	Acc@1  61.72 ( 58.74)	Acc@5  83.20 ( 81.27)
LR: 0.01 Epoch: [11][4000/5005]	Time  0.573 ( 0.594)	Data  0.000 ( 0.033)	Loss 1.7340e+00 (1.7722e+00)	Acc@1  55.47 ( 58.67)	Acc@5  84.38 ( 81.21)
LR: 0.01 Epoch: [11][4500/5005]	Time  0.652 ( 0.596)	Data  0.000 ( 0.041)	Loss 1.9212e+00 (1.7739e+00)	Acc@1  58.20 ( 58.62)	Acc@5  78.91 ( 81.20)
LR: 0.01 Epoch: [11][5000/5005]	Time  0.591 ( 0.596)	Data  0.000 ( 0.046)	Loss 2.0568e+00 (1.7759e+00)	Acc@1  56.64 ( 58.60)	Acc@5  76.56 ( 81.19)
 * Loss 3.193929 Acc@1 63.160 Acc@5 85.696
LR: 0.01 Epoch: [12][   0/5005]	Time  3.343 ( 3.343)	Data  3.089 ( 3.089)	Loss 1.6054e+00 (1.6054e+00)	Acc@1  64.45 ( 64.45)	Acc@5  83.59 ( 83.59)
LR: 0.01 Epoch: [12][ 500/5005]	Time  0.577 ( 0.589)	Data  0.000 ( 0.011)	Loss 1.7274e+00 (1.7354e+00)	Acc@1  60.55 ( 59.41)	Acc@5  82.03 ( 81.73)
LR: 0.01 Epoch: [12][1000/5005]	Time  0.575 ( 0.589)	Data  0.000 ( 0.006)	Loss 1.7970e+00 (1.7430e+00)	Acc@1  57.81 ( 59.26)	Acc@5  79.30 ( 81.61)
LR: 0.01 Epoch: [12][1500/5005]	Time  0.576 ( 0.589)	Data  0.000 ( 0.006)	Loss 1.6708e+00 (1.7441e+00)	Acc@1  56.64 ( 59.27)	Acc@5  82.42 ( 81.62)
LR: 0.01 Epoch: [12][2000/5005]	Time  0.604 ( 0.589)	Data  0.000 ( 0.005)	Loss 1.8735e+00 (1.7495e+00)	Acc@1  54.69 ( 59.16)	Acc@5  79.30 ( 81.54)
LR: 0.01 Epoch: [12][2500/5005]	Time  0.576 ( 0.589)	Data  0.000 ( 0.005)	Loss 1.9615e+00 (1.7508e+00)	Acc@1  55.08 ( 59.09)	Acc@5  80.08 ( 81.54)
LR: 0.01 Epoch: [12][3000/5005]	Time  0.588 ( 0.590)	Data  0.000 ( 0.016)	Loss 1.5943e+00 (1.7533e+00)	Acc@1  60.94 ( 59.04)	Acc@5  84.38 ( 81.51)
LR: 0.01 Epoch: [12][3500/5005]	Time  0.575 ( 0.592)	Data  0.000 ( 0.028)	Loss 1.8474e+00 (1.7574e+00)	Acc@1  56.64 ( 58.95)	Acc@5  79.69 ( 81.46)
LR: 0.01 Epoch: [12][4000/5005]	Time  0.579 ( 0.593)	Data  0.000 ( 0.035)	Loss 1.7310e+00 (1.7598e+00)	Acc@1  62.11 ( 58.89)	Acc@5  81.25 ( 81.40)
LR: 0.01 Epoch: [12][4500/5005]	Time  0.573 ( 0.593)	Data  0.000 ( 0.036)	Loss 1.6870e+00 (1.7623e+00)	Acc@1  62.89 ( 58.84)	Acc@5  84.77 ( 81.37)
LR: 0.01 Epoch: [12][5000/5005]	Time  0.580 ( 0.593)	Data  0.000 ( 0.040)	Loss 1.7288e+00 (1.7647e+00)	Acc@1  60.55 ( 58.81)	Acc@5  82.03 ( 81.34)
 * Loss 2.634400 Acc@1 63.532 Acc@5 85.828
LR: 0.01 Epoch: [13][   0/5005]	Time  3.656 ( 3.656)	Data  3.358 ( 3.358)	Loss 1.6870e+00 (1.6870e+00)	Acc@1  61.72 ( 61.72)	Acc@5  81.64 ( 81.64)
LR: 0.01 Epoch: [13][ 500/5005]	Time  0.593 ( 0.590)	Data  0.000 ( 0.012)	Loss 1.9528e+00 (1.7121e+00)	Acc@1  56.25 ( 59.71)	Acc@5  77.73 ( 82.00)
LR: 0.01 Epoch: [13][1000/5005]	Time  0.571 ( 0.589)	Data  0.000 ( 0.006)	Loss 1.8640e+00 (1.7195e+00)	Acc@1  56.64 ( 59.60)	Acc@5  77.73 ( 81.95)
LR: 0.01 Epoch: [13][1500/5005]	Time  0.577 ( 0.588)	Data  0.000 ( 0.005)	Loss 1.7925e+00 (1.7249e+00)	Acc@1  55.47 ( 59.52)	Acc@5  82.42 ( 81.90)
LR: 0.01 Epoch: [13][2000/5005]	Time  0.598 ( 0.589)	Data  0.338 ( 0.011)	Loss 1.4306e+00 (1.7293e+00)	Acc@1  65.23 ( 59.43)	Acc@5  85.55 ( 81.83)
LR: 0.01 Epoch: [13][2500/5005]	Time  0.810 ( 0.592)	Data  0.628 ( 0.030)	Loss 1.7698e+00 (1.7316e+00)	Acc@1  61.72 ( 59.39)	Acc@5  80.86 ( 81.79)
LR: 0.01 Epoch: [13][3000/5005]	Time  0.935 ( 0.595)	Data  0.721 ( 0.047)	Loss 2.1792e+00 (1.7376e+00)	Acc@1  51.17 ( 59.27)	Acc@5  76.95 ( 81.69)
LR: 0.01 Epoch: [13][3500/5005]	Time  0.981 ( 0.597)	Data  0.670 ( 0.056)	Loss 1.5947e+00 (1.7393e+00)	Acc@1  63.67 ( 59.26)	Acc@5  84.38 ( 81.68)
LR: 0.01 Epoch: [13][4000/5005]	Time  0.634 ( 0.598)	Data  0.325 ( 0.061)	Loss 1.6830e+00 (1.7430e+00)	Acc@1  58.59 ( 59.19)	Acc@5  83.59 ( 81.63)
LR: 0.01 Epoch: [13][4500/5005]	Time  0.846 ( 0.599)	Data  0.631 ( 0.067)	Loss 1.9871e+00 (1.7466e+00)	Acc@1  55.08 ( 59.12)	Acc@5  77.34 ( 81.59)
LR: 0.01 Epoch: [13][5000/5005]	Time  0.596 ( 0.599)	Data  0.264 ( 0.070)	Loss 1.8896e+00 (1.7507e+00)	Acc@1  60.94 ( 59.03)	Acc@5  78.91 ( 81.53)
 * Loss 2.718087 Acc@1 64.580 Acc@5 86.194
LR: 0.01 Epoch: [14][   0/5005]	Time  3.605 ( 3.605)	Data  3.250 ( 3.250)	Loss 1.7714e+00 (1.7714e+00)	Acc@1  59.38 ( 59.38)	Acc@5  82.42 ( 82.42)
LR: 0.01 Epoch: [14][ 500/5005]	Time  0.573 ( 0.587)	Data  0.000 ( 0.016)	Loss 1.7089e+00 (1.7039e+00)	Acc@1  60.55 ( 59.87)	Acc@5  79.69 ( 82.17)
LR: 0.01 Epoch: [14][1000/5005]	Time  0.591 ( 0.586)	Data  0.000 ( 0.009)	Loss 1.6788e+00 (1.7119e+00)	Acc@1  55.86 ( 59.70)	Acc@5  82.81 ( 82.11)
LR: 0.01 Epoch: [14][1500/5005]	Time  0.587 ( 0.585)	Data  0.000 ( 0.006)	Loss 1.4130e+00 (1.7197e+00)	Acc@1  64.84 ( 59.58)	Acc@5  87.89 ( 82.01)
LR: 0.01 Epoch: [14][2000/5005]	Time  0.573 ( 0.586)	Data  0.000 ( 0.013)	Loss 1.7277e+00 (1.7240e+00)	Acc@1  60.94 ( 59.55)	Acc@5  80.47 ( 81.94)
LR: 0.01 Epoch: [14][2500/5005]	Time  0.579 ( 0.590)	Data  0.000 ( 0.031)	Loss 1.6234e+00 (1.7289e+00)	Acc@1  59.77 ( 59.43)	Acc@5  81.64 ( 81.86)
LR: 0.01 Epoch: [14][3000/5005]	Time  0.594 ( 0.593)	Data  0.347 ( 0.048)	Loss 1.9872e+00 (1.7317e+00)	Acc@1  52.73 ( 59.36)	Acc@5  78.52 ( 81.82)
LR: 0.01 Epoch: [14][3500/5005]	Time  0.573 ( 0.596)	Data  0.000 ( 0.060)	Loss 1.6271e+00 (1.7356e+00)	Acc@1  61.33 ( 59.32)	Acc@5  82.81 ( 81.77)
LR: 0.01 Epoch: [14][4000/5005]	Time  0.574 ( 0.597)	Data  0.129 ( 0.066)	Loss 1.8081e+00 (1.7385e+00)	Acc@1  56.64 ( 59.28)	Acc@5  80.86 ( 81.73)
LR: 0.01 Epoch: [14][4500/5005]	Time  0.576 ( 0.598)	Data  0.365 ( 0.074)	Loss 1.8034e+00 (1.7420e+00)	Acc@1  58.20 ( 59.24)	Acc@5  80.47 ( 81.67)
LR: 0.01 Epoch: [14][5000/5005]	Time  0.711 ( 0.599)	Data  0.528 ( 0.078)	Loss 2.0551e+00 (1.7447e+00)	Acc@1  55.86 ( 59.19)	Acc@5  79.30 ( 81.64)
 * Loss 2.911999 Acc@1 63.544 Acc@5 85.764
LR: 0.01 Epoch: [15][   0/5005]	Time  3.803 ( 3.803)	Data  3.578 ( 3.578)	Loss 1.6898e+00 (1.6898e+00)	Acc@1  60.16 ( 60.16)	Acc@5  82.81 ( 82.81)
LR: 0.01 Epoch: [15][ 500/5005]	Time  0.567 ( 0.588)	Data  0.000 ( 0.011)	Loss 1.9231e+00 (1.6968e+00)	Acc@1  55.08 ( 60.10)	Acc@5  81.25 ( 82.26)
LR: 0.01 Epoch: [15][1000/5005]	Time  0.573 ( 0.586)	Data  0.000 ( 0.006)	Loss 1.7204e+00 (1.7089e+00)	Acc@1  58.98 ( 59.87)	Acc@5  84.38 ( 82.11)
LR: 0.01 Epoch: [15][1500/5005]	Time  0.597 ( 0.586)	Data  0.000 ( 0.004)	Loss 1.9058e+00 (1.7106e+00)	Acc@1  55.86 ( 59.84)	Acc@5  80.08 ( 82.09)
LR: 0.01 Epoch: [15][2000/5005]	Time  0.569 ( 0.585)	Data  0.000 ( 0.004)	Loss 1.5367e+00 (1.7157e+00)	Acc@1  63.28 ( 59.77)	Acc@5  83.98 ( 82.06)
LR: 0.01 Epoch: [15][2500/5005]	Time  0.575 ( 0.590)	Data  0.000 ( 0.026)	Loss 1.7842e+00 (1.7169e+00)	Acc@1  57.81 ( 59.69)	Acc@5  81.64 ( 82.05)
LR: 0.01 Epoch: [15][3000/5005]	Time  0.596 ( 0.594)	Data  0.000 ( 0.042)	Loss 1.6047e+00 (1.7216e+00)	Acc@1  58.98 ( 59.56)	Acc@5  85.55 ( 81.98)
LR: 0.01 Epoch: [15][3500/5005]	Time  0.577 ( 0.598)	Data  0.000 ( 0.054)	Loss 1.4850e+00 (1.7240e+00)	Acc@1  62.89 ( 59.53)	Acc@5  85.94 ( 81.94)
LR: 0.01 Epoch: [15][4000/5005]	Time  0.575 ( 0.600)	Data  0.000 ( 0.063)	Loss 1.3811e+00 (1.7278e+00)	Acc@1  65.62 ( 59.47)	Acc@5  86.72 ( 81.87)
LR: 0.01 Epoch: [15][4500/5005]	Time  0.626 ( 0.603)	Data  0.000 ( 0.071)	Loss 1.6535e+00 (1.7296e+00)	Acc@1  58.20 ( 59.43)	Acc@5  81.64 ( 81.87)
LR: 0.01 Epoch: [15][5000/5005]	Time  0.572 ( 0.604)	Data  0.000 ( 0.075)	Loss 1.7362e+00 (1.7321e+00)	Acc@1  58.59 ( 59.39)	Acc@5  81.25 ( 81.84)
 * Loss 3.232089 Acc@1 63.920 Acc@5 85.932
LR: 0.01 Epoch: [16][   0/5005]	Time  3.917 ( 3.917)	Data  3.694 ( 3.694)	Loss 1.5914e+00 (1.5914e+00)	Acc@1  61.72 ( 61.72)	Acc@5  85.55 ( 85.55)
LR: 0.01 Epoch: [16][ 500/5005]	Time  0.574 ( 0.589)	Data  0.000 ( 0.012)	Loss 1.5630e+00 (1.6778e+00)	Acc@1  63.67 ( 60.37)	Acc@5  83.59 ( 82.62)
LR: 0.01 Epoch: [16][1000/5005]	Time  0.647 ( 0.587)	Data  0.000 ( 0.006)	Loss 2.0196e+00 (1.6919e+00)	Acc@1  53.52 ( 60.33)	Acc@5  76.56 ( 82.40)
LR: 0.01 Epoch: [16][1500/5005]	Time  0.592 ( 0.586)	Data  0.000 ( 0.005)	Loss 1.6100e+00 (1.6957e+00)	Acc@1  62.50 ( 60.25)	Acc@5  84.77 ( 82.34)
LR: 0.01 Epoch: [16][2000/5005]	Time  0.588 ( 0.586)	Data  0.000 ( 0.004)	Loss 1.7885e+00 (1.7015e+00)	Acc@1  58.98 ( 60.09)	Acc@5  77.73 ( 82.25)
LR: 0.01 Epoch: [16][2500/5005]	Time  0.592 ( 0.588)	Data  0.000 ( 0.017)	Loss 1.6483e+00 (1.7038e+00)	Acc@1  63.67 ( 60.03)	Acc@5  82.03 ( 82.20)
LR: 0.01 Epoch: [16][3000/5005]	Time  0.579 ( 0.591)	Data  0.000 ( 0.034)	Loss 1.6821e+00 (1.7071e+00)	Acc@1  58.59 ( 59.93)	Acc@5  82.03 ( 82.15)
LR: 0.01 Epoch: [16][3500/5005]	Time  0.572 ( 0.593)	Data  0.000 ( 0.047)	Loss 2.0255e+00 (1.7116e+00)	Acc@1  54.30 ( 59.81)	Acc@5  78.52 ( 82.09)
LR: 0.01 Epoch: [16][4000/5005]	Time  0.575 ( 0.595)	Data  0.000 ( 0.056)	Loss 1.8118e+00 (1.7159e+00)	Acc@1  55.47 ( 59.74)	Acc@5  80.86 ( 82.02)
LR: 0.01 Epoch: [16][4500/5005]	Time  0.570 ( 0.597)	Data  0.000 ( 0.062)	Loss 1.6278e+00 (1.7189e+00)	Acc@1  57.81 ( 59.68)	Acc@5  84.77 ( 81.97)
LR: 0.01 Epoch: [16][5000/5005]	Time  0.594 ( 0.598)	Data  0.000 ( 0.068)	Loss 1.6609e+00 (1.7210e+00)	Acc@1  60.94 ( 59.64)	Acc@5  82.81 ( 81.95)
 * Loss 2.992554 Acc@1 63.908 Acc@5 86.042
LR: 0.01 Epoch: [17][   0/5005]	Time  3.748 ( 3.748)	Data  3.536 ( 3.536)	Loss 1.7594e+00 (1.7594e+00)	Acc@1  59.38 ( 59.38)	Acc@5  80.86 ( 80.86)
LR: 0.01 Epoch: [17][ 500/5005]	Time  0.575 ( 0.587)	Data  0.000 ( 0.013)	Loss 1.7622e+00 (1.6789e+00)	Acc@1  58.20 ( 60.34)	Acc@5  80.08 ( 82.52)
LR: 0.01 Epoch: [17][1000/5005]	Time  0.576 ( 0.586)	Data  0.000 ( 0.007)	Loss 1.5075e+00 (1.6823e+00)	Acc@1  60.94 ( 60.34)	Acc@5  87.50 ( 82.52)
LR: 0.01 Epoch: [17][1500/5005]	Time  0.574 ( 0.585)	Data  0.000 ( 0.007)	Loss 1.5358e+00 (1.6897e+00)	Acc@1  66.80 ( 60.22)	Acc@5  82.81 ( 82.41)
LR: 0.01 Epoch: [17][2000/5005]	Time  0.622 ( 0.587)	Data  0.000 ( 0.020)	Loss 1.7016e+00 (1.6936e+00)	Acc@1  56.64 ( 60.13)	Acc@5  83.20 ( 82.35)
LR: 0.01 Epoch: [17][2500/5005]	Time  0.576 ( 0.592)	Data  0.000 ( 0.037)	Loss 1.7295e+00 (1.6974e+00)	Acc@1  60.16 ( 60.07)	Acc@5  82.03 ( 82.30)
LR: 0.01 Epoch: [17][3000/5005]	Time  0.583 ( 0.595)	Data  0.000 ( 0.056)	Loss 1.8038e+00 (1.7016e+00)	Acc@1  56.64 ( 60.00)	Acc@5  81.64 ( 82.24)
LR: 0.01 Epoch: [17][3500/5005]	Time  0.592 ( 0.598)	Data  0.000 ( 0.065)	Loss 1.6935e+00 (1.7050e+00)	Acc@1  59.77 ( 59.96)	Acc@5  81.25 ( 82.19)
LR: 0.01 Epoch: [17][4000/5005]	Time  0.589 ( 0.600)	Data  0.000 ( 0.072)	Loss 1.7001e+00 (1.7077e+00)	Acc@1  60.16 ( 59.89)	Acc@5  80.47 ( 82.16)
LR: 0.01 Epoch: [17][4500/5005]	Time  0.747 ( 0.602)	Data  0.564 ( 0.080)	Loss 1.8903e+00 (1.7105e+00)	Acc@1  56.25 ( 59.85)	Acc@5  80.08 ( 82.12)
LR: 0.01 Epoch: [17][5000/5005]	Time  0.576 ( 0.603)	Data  0.353 ( 0.085)	Loss 1.8919e+00 (1.7130e+00)	Acc@1  56.25 ( 59.78)	Acc@5  80.86 ( 82.08)
 * Loss 2.700957 Acc@1 64.360 Acc@5 86.438
LR: 0.01 Epoch: [18][   0/5005]	Time  3.893 ( 3.893)	Data  3.675 ( 3.675)	Loss 1.5946e+00 (1.5946e+00)	Acc@1  61.33 ( 61.33)	Acc@5  85.16 ( 85.16)
LR: 0.01 Epoch: [18][ 500/5005]	Time  0.570 ( 0.591)	Data  0.000 ( 0.043)	Loss 1.6082e+00 (1.6638e+00)	Acc@1  65.23 ( 60.69)	Acc@5  82.81 ( 82.78)
LR: 0.01 Epoch: [18][1000/5005]	Time  0.597 ( 0.588)	Data  0.000 ( 0.022)	Loss 1.4586e+00 (1.6695e+00)	Acc@1  65.23 ( 60.60)	Acc@5  85.94 ( 82.67)
LR: 0.01 Epoch: [18][1500/5005]	Time  0.532 ( 0.589)	Data  0.123 ( 0.036)	Loss 1.8205e+00 (1.6719e+00)	Acc@1  56.25 ( 60.57)	Acc@5  78.12 ( 82.62)
LR: 0.01 Epoch: [18][2000/5005]	Time  0.574 ( 0.589)	Data  0.239 ( 0.034)	Loss 1.8225e+00 (1.6805e+00)	Acc@1  56.64 ( 60.40)	Acc@5  82.81 ( 82.53)
LR: 0.01 Epoch: [18][2500/5005]	Time  0.580 ( 0.592)	Data  0.346 ( 0.049)	Loss 1.9585e+00 (1.6886e+00)	Acc@1  55.86 ( 60.25)	Acc@5  78.12 ( 82.45)
LR: 0.01 Epoch: [18][3000/5005]	Time  0.852 ( 0.594)	Data  0.668 ( 0.061)	Loss 1.7575e+00 (1.6936e+00)	Acc@1  54.30 ( 60.15)	Acc@5  82.81 ( 82.39)
LR: 0.01 Epoch: [18][3500/5005]	Time  0.597 ( 0.597)	Data  0.001 ( 0.069)	Loss 1.4514e+00 (1.6956e+00)	Acc@1  66.80 ( 60.12)	Acc@5  85.16 ( 82.34)
LR: 0.01 Epoch: [18][4000/5005]	Time  0.574 ( 0.599)	Data  0.000 ( 0.076)	Loss 1.6294e+00 (1.6999e+00)	Acc@1  61.72 ( 60.04)	Acc@5  82.81 ( 82.27)
LR: 0.01 Epoch: [18][4500/5005]	Time  0.594 ( 0.600)	Data  0.202 ( 0.082)	Loss 1.7137e+00 (1.7016e+00)	Acc@1  60.55 ( 60.00)	Acc@5  82.03 ( 82.26)
LR: 0.01 Epoch: [18][5000/5005]	Time  0.573 ( 0.601)	Data  0.000 ( 0.086)	Loss 1.7229e+00 (1.7050e+00)	Acc@1  60.94 ( 59.93)	Acc@5  82.03 ( 82.21)
 * Loss 3.300071 Acc@1 64.006 Acc@5 86.260
LR: 0.01 Epoch: [19][   0/5005]	Time  3.766 ( 3.766)	Data  3.550 ( 3.550)	Loss 1.6444e+00 (1.6444e+00)	Acc@1  61.33 ( 61.33)	Acc@5  82.42 ( 82.42)
LR: 0.01 Epoch: [19][ 500/5005]	Time  0.628 ( 0.588)	Data  0.000 ( 0.017)	Loss 1.6117e+00 (1.6631e+00)	Acc@1  60.55 ( 60.83)	Acc@5  83.20 ( 82.80)
LR: 0.01 Epoch: [19][1000/5005]	Time  0.601 ( 0.586)	Data  0.000 ( 0.009)	Loss 1.9229e+00 (1.6712e+00)	Acc@1  59.77 ( 60.66)	Acc@5  78.12 ( 82.70)
LR: 0.01 Epoch: [19][1500/5005]	Time  0.598 ( 0.586)	Data  0.000 ( 0.011)	Loss 1.8040e+00 (1.6751e+00)	Acc@1  56.25 ( 60.59)	Acc@5  79.30 ( 82.61)
LR: 0.01 Epoch: [19][2000/5005]	Time  0.570 ( 0.586)	Data  0.000 ( 0.012)	Loss 1.6246e+00 (1.6803e+00)	Acc@1  61.72 ( 60.45)	Acc@5  82.03 ( 82.54)
LR: 0.01 Epoch: [19][2500/5005]	Time  0.578 ( 0.589)	Data  0.000 ( 0.031)	Loss 1.8790e+00 (1.6850e+00)	Acc@1  52.34 ( 60.31)	Acc@5  78.91 ( 82.47)
LR: 0.01 Epoch: [19][3000/5005]	Time  0.572 ( 0.592)	Data  0.000 ( 0.043)	Loss 1.9576e+00 (1.6898e+00)	Acc@1  53.52 ( 60.22)	Acc@5  77.34 ( 82.39)
LR: 0.01 Epoch: [19][3500/5005]	Time  0.573 ( 0.594)	Data  0.000 ( 0.054)	Loss 1.6377e+00 (1.6923e+00)	Acc@1  59.77 ( 60.17)	Acc@5  83.59 ( 82.36)
LR: 0.01 Epoch: [19][4000/5005]	Time  0.726 ( 0.596)	Data  0.544 ( 0.060)	Loss 1.4648e+00 (1.6942e+00)	Acc@1  64.45 ( 60.14)	Acc@5  83.98 ( 82.34)
LR: 0.01 Epoch: [19][4500/5005]	Time  0.580 ( 0.597)	Data  0.300 ( 0.067)	Loss 1.8585e+00 (1.6969e+00)	Acc@1  56.64 ( 60.09)	Acc@5  80.08 ( 82.30)
LR: 0.01 Epoch: [19][5000/5005]	Time  0.577 ( 0.598)	Data  0.346 ( 0.072)	Loss 1.9882e+00 (1.6988e+00)	Acc@1  53.52 ( 60.04)	Acc@5  78.12 ( 82.26)
 * Loss 2.902693 Acc@1 63.754 Acc@5 85.944
LR: 0.01 Epoch: [20][   0/5005]	Time  3.452 ( 3.452)	Data  3.160 ( 3.160)	Loss 1.6338e+00 (1.6338e+00)	Acc@1  60.16 ( 60.16)	Acc@5  82.03 ( 82.03)
LR: 0.01 Epoch: [20][ 500/5005]	Time  0.626 ( 0.588)	Data  0.000 ( 0.016)	Loss 1.7100e+00 (1.6638e+00)	Acc@1  61.33 ( 60.76)	Acc@5  79.30 ( 82.74)
LR: 0.01 Epoch: [20][1000/5005]	Time  0.570 ( 0.586)	Data  0.000 ( 0.008)	Loss 1.7691e+00 (1.6593e+00)	Acc@1  61.33 ( 60.85)	Acc@5  80.47 ( 82.83)
LR: 0.01 Epoch: [20][1500/5005]	Time  0.592 ( 0.586)	Data  0.134 ( 0.006)	Loss 1.4402e+00 (1.6653e+00)	Acc@1  63.67 ( 60.70)	Acc@5  86.72 ( 82.76)
LR: 0.01 Epoch: [20][2000/5005]	Time  0.592 ( 0.587)	Data  0.409 ( 0.016)	Loss 1.7204e+00 (1.6681e+00)	Acc@1  62.89 ( 60.64)	Acc@5  82.81 ( 82.73)
LR: 0.01 Epoch: [20][2500/5005]	Time  0.888 ( 0.589)	Data  0.707 ( 0.029)	Loss 1.6989e+00 (1.6735e+00)	Acc@1  57.81 ( 60.51)	Acc@5  83.98 ( 82.66)
LR: 0.01 Epoch: [20][3000/5005]	Time  0.594 ( 0.592)	Data  0.379 ( 0.043)	Loss 1.7966e+00 (1.6775e+00)	Acc@1  58.98 ( 60.43)	Acc@5  81.64 ( 82.61)
LR: 0.01 Epoch: [20][3500/5005]	Time  0.571 ( 0.594)	Data  0.131 ( 0.054)	Loss 1.6421e+00 (1.6788e+00)	Acc@1  64.45 ( 60.42)	Acc@5  82.42 ( 82.59)
LR: 0.01 Epoch: [20][4000/5005]	Time  0.689 ( 0.596)	Data  0.458 ( 0.062)	Loss 1.6795e+00 (1.6823e+00)	Acc@1  62.50 ( 60.37)	Acc@5  80.86 ( 82.54)
LR: 0.01 Epoch: [20][4500/5005]	Time  0.762 ( 0.597)	Data  0.548 ( 0.068)	Loss 1.8030e+00 (1.6842e+00)	Acc@1  58.59 ( 60.32)	Acc@5  80.47 ( 82.51)
LR: 0.01 Epoch: [20][5000/5005]	Time  0.600 ( 0.598)	Data  0.000 ( 0.073)	Loss 1.7194e+00 (1.6871e+00)	Acc@1  60.94 ( 60.27)	Acc@5  82.42 ( 82.47)
 * Loss 2.923246 Acc@1 64.656 Acc@5 86.572
LR: 0.01 Epoch: [21][   0/5005]	Time  3.629 ( 3.629)	Data  3.318 ( 3.318)	Loss 1.5766e+00 (1.5766e+00)	Acc@1  63.67 ( 63.67)	Acc@5  84.77 ( 84.77)
LR: 0.01 Epoch: [21][ 500/5005]	Time  0.569 ( 0.587)	Data  0.000 ( 0.013)	Loss 1.9733e+00 (1.6386e+00)	Acc@1  55.08 ( 61.15)	Acc@5  79.30 ( 83.21)
LR: 0.01 Epoch: [21][1000/5005]	Time  0.634 ( 0.586)	Data  0.000 ( 0.007)	Loss 1.7400e+00 (1.6493e+00)	Acc@1  57.42 ( 61.01)	Acc@5  82.42 ( 83.06)
LR: 0.01 Epoch: [21][1500/5005]	Time  0.616 ( 0.585)	Data  0.000 ( 0.005)	Loss 1.7528e+00 (1.6574e+00)	Acc@1  59.77 ( 60.79)	Acc@5  83.20 ( 82.91)
LR: 0.01 Epoch: [21][2000/5005]	Time  0.696 ( 0.585)	Data  0.465 ( 0.004)	Loss 1.5643e+00 (1.6603e+00)	Acc@1  61.33 ( 60.79)	Acc@5  81.64 ( 82.86)
LR: 0.01 Epoch: [21][2500/5005]	Time  0.580 ( 0.588)	Data  0.000 ( 0.024)	Loss 1.7341e+00 (1.6653e+00)	Acc@1  59.38 ( 60.72)	Acc@5  82.42 ( 82.75)
LR: 0.01 Epoch: [21][3000/5005]	Time  0.569 ( 0.591)	Data  0.000 ( 0.039)	Loss 1.7088e+00 (1.6690e+00)	Acc@1  58.20 ( 60.64)	Acc@5  80.08 ( 82.72)
LR: 0.01 Epoch: [21][3500/5005]	Time  0.718 ( 0.593)	Data  0.509 ( 0.051)	Loss 1.6187e+00 (1.6740e+00)	Acc@1  59.77 ( 60.52)	Acc@5  83.20 ( 82.65)
LR: 0.01 Epoch: [21][4000/5005]	Time  0.574 ( 0.595)	Data  0.000 ( 0.061)	Loss 1.7003e+00 (1.6763e+00)	Acc@1  59.38 ( 60.47)	Acc@5  84.77 ( 82.63)
LR: 0.01 Epoch: [21][4500/5005]	Time  0.596 ( 0.596)	Data  0.384 ( 0.068)	Loss 1.6132e+00 (1.6784e+00)	Acc@1  59.77 ( 60.44)	Acc@5  84.38 ( 82.60)
LR: 0.01 Epoch: [21][5000/5005]	Time  0.582 ( 0.597)	Data  0.000 ( 0.073)	Loss 1.6138e+00 (1.6808e+00)	Acc@1  56.64 ( 60.40)	Acc@5  81.25 ( 82.57)
 * Loss 2.798143 Acc@1 63.848 Acc@5 86.110
LR: 0.01 Epoch: [22][   0/5005]	Time  3.683 ( 3.683)	Data  3.440 ( 3.440)	Loss 1.7338e+00 (1.7338e+00)	Acc@1  60.94 ( 60.94)	Acc@5  83.98 ( 83.98)
LR: 0.01 Epoch: [22][ 500/5005]	Time  0.570 ( 0.587)	Data  0.000 ( 0.011)	Loss 1.7939e+00 (1.6347e+00)	Acc@1  58.59 ( 61.50)	Acc@5  81.25 ( 83.17)
LR: 0.01 Epoch: [22][1000/5005]	Time  0.594 ( 0.586)	Data  0.000 ( 0.006)	Loss 1.4742e+00 (1.6426e+00)	Acc@1  59.77 ( 61.24)	Acc@5  87.50 ( 83.07)
LR: 0.01 Epoch: [22][1500/5005]	Time  0.570 ( 0.585)	Data  0.000 ( 0.004)	Loss 1.6056e+00 (1.6465e+00)	Acc@1  63.28 ( 61.10)	Acc@5  82.81 ( 82.99)
LR: 0.01 Epoch: [22][2000/5005]	Time  0.598 ( 0.584)	Data  0.000 ( 0.004)	Loss 1.5481e+00 (1.6516e+00)	Acc@1  61.72 ( 61.02)	Acc@5  85.55 ( 82.93)
LR: 0.01 Epoch: [22][2500/5005]	Time  0.575 ( 0.589)	Data  0.000 ( 0.025)	Loss 1.4634e+00 (1.6563e+00)	Acc@1  64.45 ( 60.91)	Acc@5  83.59 ( 82.86)
LR: 0.01 Epoch: [22][3000/5005]	Time  0.571 ( 0.592)	Data  0.000 ( 0.040)	Loss 1.6446e+00 (1.6604e+00)	Acc@1  60.94 ( 60.81)	Acc@5  82.42 ( 82.81)
LR: 0.01 Epoch: [22][3500/5005]	Time  0.597 ( 0.594)	Data  0.140 ( 0.049)	Loss 1.5791e+00 (1.6634e+00)	Acc@1  64.45 ( 60.75)	Acc@5  81.25 ( 82.77)
LR: 0.01 Epoch: [22][4000/5005]	Time  0.574 ( 0.596)	Data  0.000 ( 0.059)	Loss 1.5538e+00 (1.6675e+00)	Acc@1  60.16 ( 60.67)	Acc@5  85.94 ( 82.72)
LR: 0.01 Epoch: [22][4500/5005]	Time  0.583 ( 0.597)	Data  0.000 ( 0.064)	Loss 1.8352e+00 (1.6717e+00)	Acc@1  57.42 ( 60.58)	Acc@5  79.69 ( 82.66)
LR: 0.01 Epoch: [22][5000/5005]	Time  0.568 ( 0.599)	Data  0.000 ( 0.070)	Loss 1.5810e+00 (1.6738e+00)	Acc@1  61.33 ( 60.54)	Acc@5  83.20 ( 82.64)
 * Loss 2.891925 Acc@1 64.794 Acc@5 86.632
LR: 0.01 Epoch: [23][   0/5005]	Time  3.687 ( 3.687)	Data  3.348 ( 3.348)	Loss 1.6360e+00 (1.6360e+00)	Acc@1  62.89 ( 62.89)	Acc@5  82.81 ( 82.81)
LR: 0.01 Epoch: [23][ 500/5005]	Time  0.532 ( 0.589)	Data  0.000 ( 0.019)	Loss 1.8420e+00 (1.6315e+00)	Acc@1  60.94 ( 61.48)	Acc@5  79.69 ( 83.22)
LR: 0.01 Epoch: [23][1000/5005]	Time  0.570 ( 0.586)	Data  0.000 ( 0.010)	Loss 1.6017e+00 (1.6405e+00)	Acc@1  64.84 ( 61.29)	Acc@5  83.59 ( 83.10)
LR: 0.01 Epoch: [23][1500/5005]	Time  0.572 ( 0.586)	Data  0.126 ( 0.010)	Loss 1.8541e+00 (1.6439e+00)	Acc@1  55.08 ( 61.18)	Acc@5  78.52 ( 83.03)
LR: 0.01 Epoch: [23][2000/5005]	Time  0.569 ( 0.588)	Data  0.353 ( 0.030)	Loss 1.5700e+00 (1.6465e+00)	Acc@1  62.89 ( 61.12)	Acc@5  80.86 ( 83.02)
LR: 0.01 Epoch: [23][2500/5005]	Time  0.713 ( 0.592)	Data  0.531 ( 0.043)	Loss 1.6987e+00 (1.6498e+00)	Acc@1  58.20 ( 61.07)	Acc@5  78.91 ( 82.99)
LR: 0.01 Epoch: [23][3000/5005]	Time  0.591 ( 0.595)	Data  0.317 ( 0.058)	Loss 1.7867e+00 (1.6558e+00)	Acc@1  57.81 ( 60.96)	Acc@5  80.08 ( 82.89)
LR: 0.01 Epoch: [23][3500/5005]	Time  0.573 ( 0.598)	Data  0.000 ( 0.070)	Loss 1.8831e+00 (1.6571e+00)	Acc@1  55.86 ( 60.92)	Acc@5  78.52 ( 82.88)
LR: 0.01 Epoch: [23][4000/5005]	Time  0.809 ( 0.599)	Data  0.624 ( 0.075)	Loss 1.5957e+00 (1.6605e+00)	Acc@1  62.89 ( 60.87)	Acc@5  83.59 ( 82.83)
LR: 0.01 Epoch: [23][4500/5005]	Time  0.636 ( 0.601)	Data  0.454 ( 0.082)	Loss 1.6853e+00 (1.6637e+00)	Acc@1  57.42 ( 60.80)	Acc@5  82.81 ( 82.80)
LR: 0.01 Epoch: [23][5000/5005]	Time  0.572 ( 0.602)	Data  0.131 ( 0.086)	Loss 1.8173e+00 (1.6671e+00)	Acc@1  57.03 ( 60.74)	Acc@5  78.52 ( 82.75)
 * Loss 2.742630 Acc@1 64.274 Acc@5 86.292
LR: 0.01 Epoch: [24][   0/5005]	Time  3.796 ( 3.796)	Data  3.579 ( 3.579)	Loss 1.8027e+00 (1.8027e+00)	Acc@1  58.20 ( 58.20)	Acc@5  80.47 ( 80.47)
LR: 0.01 Epoch: [24][ 500/5005]	Time  0.591 ( 0.589)	Data  0.000 ( 0.015)	Loss 1.4642e+00 (1.6275e+00)	Acc@1  62.11 ( 61.54)	Acc@5  87.11 ( 83.22)
LR: 0.01 Epoch: [24][1000/5005]	Time  0.574 ( 0.587)	Data  0.000 ( 0.008)	Loss 1.6538e+00 (1.6293e+00)	Acc@1  61.72 ( 61.52)	Acc@5  83.98 ( 83.24)
LR: 0.01 Epoch: [24][1500/5005]	Time  0.599 ( 0.585)	Data  0.000 ( 0.006)	Loss 1.7077e+00 (1.6358e+00)	Acc@1  61.72 ( 61.36)	Acc@5  82.03 ( 83.14)
LR: 0.01 Epoch: [24][2000/5005]	Time  0.574 ( 0.586)	Data  0.000 ( 0.011)	Loss 1.8596e+00 (1.6406e+00)	Acc@1  56.64 ( 61.25)	Acc@5  78.52 ( 83.08)
LR: 0.01 Epoch: [24][2500/5005]	Time  0.620 ( 0.589)	Data  0.438 ( 0.030)	Loss 1.4574e+00 (1.6462e+00)	Acc@1  60.55 ( 61.10)	Acc@5  86.72 ( 83.00)
LR: 0.01 Epoch: [24][3000/5005]	Time  0.600 ( 0.592)	Data  0.000 ( 0.046)	Loss 1.6468e+00 (1.6505e+00)	Acc@1  60.55 ( 61.00)	Acc@5  80.08 ( 82.93)
LR: 0.01 Epoch: [24][3500/5005]	Time  0.576 ( 0.594)	Data  0.000 ( 0.054)	Loss 1.8015e+00 (1.6520e+00)	Acc@1  60.94 ( 60.95)	Acc@5  81.25 ( 82.92)
LR: 0.01 Epoch: [24][4000/5005]	Time  0.572 ( 0.596)	Data  0.000 ( 0.063)	Loss 1.6240e+00 (1.6560e+00)	Acc@1  60.55 ( 60.88)	Acc@5  84.38 ( 82.86)
LR: 0.01 Epoch: [24][4500/5005]	Time  0.570 ( 0.597)	Data  0.254 ( 0.067)	Loss 1.6459e+00 (1.6577e+00)	Acc@1  60.55 ( 60.83)	Acc@5  82.42 ( 82.85)
LR: 0.01 Epoch: [24][5000/5005]	Time  0.570 ( 0.598)	Data  0.268 ( 0.072)	Loss 1.6749e+00 (1.6610e+00)	Acc@1  62.89 ( 60.76)	Acc@5  83.59 ( 82.81)
 * Loss 3.408689 Acc@1 64.178 Acc@5 86.098
LR: 0.01 Epoch: [25][   0/5005]	Time  3.393 ( 3.393)	Data  3.144 ( 3.144)	Loss 1.7535e+00 (1.7535e+00)	Acc@1  60.94 ( 60.94)	Acc@5  80.47 ( 80.47)
LR: 0.01 Epoch: [25][ 500/5005]	Time  0.574 ( 0.588)	Data  0.000 ( 0.013)	Loss 1.6667e+00 (1.6178e+00)	Acc@1  58.98 ( 61.81)	Acc@5  84.38 ( 83.47)
LR: 0.01 Epoch: [25][1000/5005]	Time  0.575 ( 0.586)	Data  0.000 ( 0.007)	Loss 1.4303e+00 (1.6298e+00)	Acc@1  65.23 ( 61.42)	Acc@5  86.33 ( 83.31)
LR: 0.01 Epoch: [25][1500/5005]	Time  0.570 ( 0.585)	Data  0.000 ( 0.005)	Loss 1.6713e+00 (1.6319e+00)	Acc@1  61.72 ( 61.41)	Acc@5  81.25 ( 83.22)
LR: 0.01 Epoch: [25][2000/5005]	Time  0.578 ( 0.587)	Data  0.000 ( 0.014)	Loss 1.5390e+00 (1.6378e+00)	Acc@1  60.94 ( 61.30)	Acc@5  84.77 ( 83.14)
LR: 0.01 Epoch: [25][2500/5005]	Time  0.570 ( 0.590)	Data  0.000 ( 0.032)	Loss 1.6552e+00 (1.6403e+00)	Acc@1  63.67 ( 61.27)	Acc@5  80.86 ( 83.10)
LR: 0.01 Epoch: [25][3000/5005]	Time  0.571 ( 0.592)	Data  0.000 ( 0.046)	Loss 1.7761e+00 (1.6436e+00)	Acc@1  56.25 ( 61.17)	Acc@5  79.30 ( 83.06)
LR: 0.01 Epoch: [25][3500/5005]	Time  0.591 ( 0.594)	Data  0.000 ( 0.058)	Loss 1.7084e+00 (1.6460e+00)	Acc@1  58.20 ( 61.10)	Acc@5  82.03 ( 83.02)
LR: 0.01 Epoch: [25][4000/5005]	Time  0.571 ( 0.597)	Data  0.000 ( 0.069)	Loss 1.5857e+00 (1.6487e+00)	Acc@1  62.89 ( 61.03)	Acc@5  84.77 ( 82.99)
LR: 0.01 Epoch: [25][4500/5005]	Time  0.590 ( 0.598)	Data  0.000 ( 0.076)	Loss 1.7783e+00 (1.6511e+00)	Acc@1  55.08 ( 61.00)	Acc@5  83.98 ( 82.97)
LR: 0.01 Epoch: [25][5000/5005]	Time  0.595 ( 0.599)	Data  0.000 ( 0.081)	Loss 1.6108e+00 (1.6544e+00)	Acc@1  57.81 ( 60.94)	Acc@5  84.38 ( 82.92)
 * Loss 2.635226 Acc@1 64.320 Acc@5 86.342
LR: 0.01 Epoch: [26][   0/5005]	Time  3.253 ( 3.253)	Data  3.052 ( 3.052)	Loss 1.9161e+00 (1.9161e+00)	Acc@1  57.42 ( 57.42)	Acc@5  78.52 ( 78.52)
LR: 0.01 Epoch: [26][ 500/5005]	Time  0.589 ( 0.586)	Data  0.000 ( 0.016)	Loss 1.5257e+00 (1.6115e+00)	Acc@1  62.11 ( 61.90)	Acc@5  83.98 ( 83.53)
LR: 0.01 Epoch: [26][1000/5005]	Time  0.582 ( 0.585)	Data  0.000 ( 0.008)	Loss 1.5952e+00 (1.6167e+00)	Acc@1  63.28 ( 61.80)	Acc@5  82.42 ( 83.45)
LR: 0.01 Epoch: [26][1500/5005]	Time  0.554 ( 0.585)	Data  0.000 ( 0.011)	Loss 1.4071e+00 (1.6214e+00)	Acc@1  64.84 ( 61.65)	Acc@5  86.33 ( 83.42)
LR: 0.01 Epoch: [26][2000/5005]	Time  0.561 ( 0.585)	Data  0.000 ( 0.013)	Loss 1.6063e+00 (1.6289e+00)	Acc@1  61.72 ( 61.51)	Acc@5  83.98 ( 83.27)
LR: 0.01 Epoch: [26][2500/5005]	Time  0.586 ( 0.587)	Data  0.000 ( 0.029)	Loss 1.5462e+00 (1.6315e+00)	Acc@1  64.06 ( 61.44)	Acc@5  84.38 ( 83.25)
LR: 0.01 Epoch: [26][3000/5005]	Time  0.575 ( 0.591)	Data  0.000 ( 0.044)	Loss 1.4190e+00 (1.6325e+00)	Acc@1  64.45 ( 61.39)	Acc@5  86.72 ( 83.23)
LR: 0.01 Epoch: [26][3500/5005]	Time  0.583 ( 0.594)	Data  0.000 ( 0.057)	Loss 1.6200e+00 (1.6370e+00)	Acc@1  63.28 ( 61.30)	Acc@5  84.38 ( 83.16)
LR: 0.01 Epoch: [26][4000/5005]	Time  0.574 ( 0.596)	Data  0.000 ( 0.065)	Loss 1.7634e+00 (1.6398e+00)	Acc@1  61.33 ( 61.25)	Acc@5  79.69 ( 83.13)
LR: 0.01 Epoch: [26][4500/5005]	Time  0.590 ( 0.597)	Data  0.000 ( 0.071)	Loss 1.6303e+00 (1.6435e+00)	Acc@1  59.38 ( 61.18)	Acc@5  82.03 ( 83.07)
LR: 0.01 Epoch: [26][5000/5005]	Time  0.570 ( 0.598)	Data  0.000 ( 0.076)	Loss 1.8655e+00 (1.6459e+00)	Acc@1  58.98 ( 61.14)	Acc@5  80.47 ( 83.04)
 * Loss 3.046813 Acc@1 64.638 Acc@5 86.554
LR: 0.01 Epoch: [27][   0/5005]	Time  3.887 ( 3.887)	Data  3.671 ( 3.671)	Loss 1.5913e+00 (1.5913e+00)	Acc@1  63.28 ( 63.28)	Acc@5  82.42 ( 82.42)
LR: 0.01 Epoch: [27][ 500/5005]	Time  0.573 ( 0.588)	Data  0.000 ( 0.011)	Loss 1.4086e+00 (1.5972e+00)	Acc@1  66.41 ( 62.26)	Acc@5  85.55 ( 83.66)
LR: 0.01 Epoch: [27][1000/5005]	Time  0.575 ( 0.586)	Data  0.000 ( 0.006)	Loss 1.4031e+00 (1.6081e+00)	Acc@1  67.58 ( 61.94)	Acc@5  87.89 ( 83.53)
LR: 0.01 Epoch: [27][1500/5005]	Time  0.541 ( 0.585)	Data  0.000 ( 0.005)	Loss 1.5499e+00 (1.6124e+00)	Acc@1  63.67 ( 61.82)	Acc@5  85.55 ( 83.49)
LR: 0.01 Epoch: [27][2000/5005]	Time  0.576 ( 0.585)	Data  0.000 ( 0.004)	Loss 1.6773e+00 (1.6176e+00)	Acc@1  64.84 ( 61.70)	Acc@5  80.86 ( 83.42)
LR: 0.01 Epoch: [27][2500/5005]	Time  0.574 ( 0.589)	Data  0.000 ( 0.021)	Loss 1.6234e+00 (1.6242e+00)	Acc@1  63.67 ( 61.60)	Acc@5  83.59 ( 83.33)
LR: 0.01 Epoch: [27][3000/5005]	Time  0.572 ( 0.592)	Data  0.000 ( 0.035)	Loss 1.5970e+00 (1.6269e+00)	Acc@1  64.06 ( 61.54)	Acc@5  86.72 ( 83.28)
LR: 0.01 Epoch: [27][3500/5005]	Time  0.574 ( 0.595)	Data  0.000 ( 0.047)	Loss 1.6109e+00 (1.6318e+00)	Acc@1  59.77 ( 61.45)	Acc@5  83.59 ( 83.21)
LR: 0.01 Epoch: [27][4000/5005]	Time  0.572 ( 0.596)	Data  0.000 ( 0.055)	Loss 1.7748e+00 (1.6350e+00)	Acc@1  57.03 ( 61.36)	Acc@5  81.25 ( 83.17)
LR: 0.01 Epoch: [27][4500/5005]	Time  0.596 ( 0.599)	Data  0.000 ( 0.062)	Loss 1.5494e+00 (1.6381e+00)	Acc@1  64.06 ( 61.29)	Acc@5  85.94 ( 83.13)
LR: 0.01 Epoch: [27][5000/5005]	Time  0.572 ( 0.601)	Data  0.000 ( 0.068)	Loss 1.5738e+00 (1.6405e+00)	Acc@1  62.89 ( 61.24)	Acc@5  85.16 ( 83.10)
 * Loss 3.227287 Acc@1 64.834 Acc@5 86.610
LR: 0.01 Epoch: [28][   0/5005]	Time  3.490 ( 3.490)	Data  3.189 ( 3.189)	Loss 1.4426e+00 (1.4426e+00)	Acc@1  66.80 ( 66.80)	Acc@5  85.55 ( 85.55)
LR: 0.01 Epoch: [28][ 500/5005]	Time  0.582 ( 0.587)	Data  0.000 ( 0.012)	Loss 1.6291e+00 (1.6028e+00)	Acc@1  62.89 ( 61.98)	Acc@5  80.47 ( 83.63)
LR: 0.01 Epoch: [28][1000/5005]	Time  0.591 ( 0.586)	Data  0.000 ( 0.006)	Loss 1.7939e+00 (1.6107e+00)	Acc@1  58.98 ( 61.84)	Acc@5  81.64 ( 83.45)
LR: 0.01 Epoch: [28][1500/5005]	Time  0.600 ( 0.585)	Data  0.000 ( 0.006)	Loss 1.7026e+00 (1.6135e+00)	Acc@1  61.33 ( 61.76)	Acc@5  82.03 ( 83.43)
LR: 0.01 Epoch: [28][2000/5005]	Time  0.598 ( 0.589)	Data  0.000 ( 0.027)	Loss 1.8907e+00 (1.6165e+00)	Acc@1  56.64 ( 61.71)	Acc@5  80.47 ( 83.37)
LR: 0.01 Epoch: [28][2500/5005]	Time  0.582 ( 0.593)	Data  0.000 ( 0.043)	Loss 1.5533e+00 (1.6218e+00)	Acc@1  64.45 ( 61.60)	Acc@5  84.77 ( 83.31)
LR: 0.01 Epoch: [28][3000/5005]	Time  0.573 ( 0.596)	Data  0.000 ( 0.056)	Loss 1.5707e+00 (1.6238e+00)	Acc@1  60.55 ( 61.56)	Acc@5  81.25 ( 83.29)
LR: 0.01 Epoch: [28][3500/5005]	Time  0.552 ( 0.598)	Data  0.000 ( 0.065)	Loss 1.6635e+00 (1.6269e+00)	Acc@1  62.11 ( 61.49)	Acc@5  83.59 ( 83.24)
LR: 0.01 Epoch: [28][4000/5005]	Time  0.595 ( 0.600)	Data  0.000 ( 0.073)	Loss 1.7384e+00 (1.6306e+00)	Acc@1  58.59 ( 61.41)	Acc@5  81.64 ( 83.19)
LR: 0.01 Epoch: [28][4500/5005]	Time  0.575 ( 0.603)	Data  0.000 ( 0.079)	Loss 1.6807e+00 (1.6343e+00)	Acc@1  58.20 ( 61.34)	Acc@5  81.25 ( 83.15)
LR: 0.01 Epoch: [28][5000/5005]	Time  0.566 ( 0.604)	Data  0.000 ( 0.085)	Loss 1.6335e+00 (1.6372e+00)	Acc@1  61.33 ( 61.28)	Acc@5  83.59 ( 83.11)
 * Loss 3.010478 Acc@1 65.324 Acc@5 86.820
LR: 0.01 Epoch: [29][   0/5005]	Time  3.429 ( 3.429)	Data  3.111 ( 3.111)	Loss 1.4241e+00 (1.4241e+00)	Acc@1  66.80 ( 66.80)	Acc@5  85.55 ( 85.55)
LR: 0.01 Epoch: [29][ 500/5005]	Time  0.590 ( 0.588)	Data  0.000 ( 0.016)	Loss 1.6234e+00 (1.5894e+00)	Acc@1  64.45 ( 62.38)	Acc@5  83.98 ( 83.79)
LR: 0.01 Epoch: [29][1000/5005]	Time  0.574 ( 0.586)	Data  0.000 ( 0.009)	Loss 1.5670e+00 (1.5939e+00)	Acc@1  58.98 ( 62.18)	Acc@5  83.59 ( 83.75)
LR: 0.01 Epoch: [29][1500/5005]	Time  0.590 ( 0.586)	Data  0.000 ( 0.006)	Loss 1.6980e+00 (1.5994e+00)	Acc@1  55.47 ( 62.07)	Acc@5  83.59 ( 83.67)
LR: 0.01 Epoch: [29][2000/5005]	Time  0.596 ( 0.586)	Data  0.000 ( 0.016)	Loss 1.7927e+00 (1.6082e+00)	Acc@1  57.81 ( 61.93)	Acc@5  79.69 ( 83.57)
LR: 0.01 Epoch: [29][2500/5005]	Time  0.576 ( 0.589)	Data  0.000 ( 0.034)	Loss 1.7127e+00 (1.6140e+00)	Acc@1  60.94 ( 61.79)	Acc@5  82.81 ( 83.48)
LR: 0.01 Epoch: [29][3000/5005]	Time  0.586 ( 0.592)	Data  0.000 ( 0.048)	Loss 1.6365e+00 (1.6181e+00)	Acc@1  62.11 ( 61.71)	Acc@5  81.64 ( 83.41)
LR: 0.01 Epoch: [29][3500/5005]	Time  0.600 ( 0.594)	Data  0.000 ( 0.058)	Loss 1.6582e+00 (1.6208e+00)	Acc@1  58.98 ( 61.65)	Acc@5  81.64 ( 83.38)
LR: 0.01 Epoch: [29][4000/5005]	Time  0.612 ( 0.596)	Data  0.000 ( 0.068)	Loss 1.6272e+00 (1.6229e+00)	Acc@1  60.16 ( 61.57)	Acc@5  82.03 ( 83.36)
LR: 0.01 Epoch: [29][4500/5005]	Time  0.572 ( 0.597)	Data  0.000 ( 0.073)	Loss 1.7575e+00 (1.6266e+00)	Acc@1  57.81 ( 61.51)	Acc@5  85.16 ( 83.32)
LR: 0.01 Epoch: [29][5000/5005]	Time  0.596 ( 0.598)	Data  0.000 ( 0.079)	Loss 1.5225e+00 (1.6297e+00)	Acc@1  63.28 ( 61.45)	Acc@5  86.33 ( 83.29)
 * Loss 3.012490 Acc@1 65.160 Acc@5 86.734
LR: 0.001 Epoch: [30][   0/5005]	Time  3.557 ( 3.557)	Data  3.320 ( 3.320)	Loss 1.4926e+00 (1.4926e+00)	Acc@1  62.50 ( 62.50)	Acc@5  87.89 ( 87.89)
LR: 0.001 Epoch: [30][ 500/5005]	Time  0.597 ( 0.590)	Data  0.000 ( 0.035)	Loss 1.3545e+00 (1.4308e+00)	Acc@1  67.19 ( 65.88)	Acc@5  87.11 ( 85.80)
LR: 0.001 Epoch: [30][1000/5005]	Time  0.572 ( 0.587)	Data  0.000 ( 0.018)	Loss 1.1523e+00 (1.4021e+00)	Acc@1  73.83 ( 66.46)	Acc@5  89.45 ( 86.17)
LR: 0.001 Epoch: [30][1500/5005]	Time  0.575 ( 0.586)	Data  0.000 ( 0.012)	Loss 1.1878e+00 (1.3834e+00)	Acc@1  71.48 ( 66.81)	Acc@5  89.84 ( 86.37)
LR: 0.001 Epoch: [30][2000/5005]	Time  0.579 ( 0.587)	Data  0.000 ( 0.022)	Loss 1.3487e+00 (1.3759e+00)	Acc@1  68.75 ( 67.00)	Acc@5  85.55 ( 86.46)
LR: 0.001 Epoch: [30][2500/5005]	Time  0.599 ( 0.591)	Data  0.419 ( 0.042)	Loss 1.1537e+00 (1.3682e+00)	Acc@1  74.22 ( 67.16)	Acc@5  90.23 ( 86.55)
LR: 0.001 Epoch: [30][3000/5005]	Time  0.592 ( 0.595)	Data  0.000 ( 0.056)	Loss 1.3036e+00 (1.3630e+00)	Acc@1  65.62 ( 67.29)	Acc@5  88.67 ( 86.59)
LR: 0.001 Epoch: [30][3500/5005]	Time  0.573 ( 0.597)	Data  0.000 ( 0.065)	Loss 1.3874e+00 (1.3577e+00)	Acc@1  67.97 ( 67.40)	Acc@5  85.94 ( 86.66)
LR: 0.001 Epoch: [30][4000/5005]	Time  0.574 ( 0.599)	Data  0.000 ( 0.071)	Loss 1.2992e+00 (1.3526e+00)	Acc@1  69.92 ( 67.50)	Acc@5  88.67 ( 86.73)
LR: 0.001 Epoch: [30][4500/5005]	Time  0.570 ( 0.601)	Data  0.000 ( 0.077)	Loss 1.3455e+00 (1.3487e+00)	Acc@1  71.48 ( 67.59)	Acc@5  87.11 ( 86.78)
LR: 0.001 Epoch: [30][5000/5005]	Time  0.575 ( 0.602)	Data  0.000 ( 0.081)	Loss 1.3838e+00 (1.3454e+00)	Acc@1  69.14 ( 67.66)	Acc@5  83.59 ( 86.81)
 * Loss 2.819017 Acc@1 69.028 Acc@5 88.882
LR: 0.001 Epoch: [31][   0/5005]	Time  3.793 ( 3.793)	Data  3.532 ( 3.532)	Loss 1.1513e+00 (1.1513e+00)	Acc@1  70.70 ( 70.70)	Acc@5  87.89 ( 87.89)
LR: 0.001 Epoch: [31][ 500/5005]	Time  0.571 ( 0.588)	Data  0.001 ( 0.022)	Loss 1.3607e+00 (1.2891e+00)	Acc@1  64.06 ( 68.99)	Acc@5  85.55 ( 87.48)
LR: 0.001 Epoch: [31][1000/5005]	Time  0.574 ( 0.586)	Data  0.000 ( 0.012)	Loss 1.4092e+00 (1.2900e+00)	Acc@1  66.41 ( 68.90)	Acc@5  86.33 ( 87.49)
LR: 0.001 Epoch: [31][1500/5005]	Time  0.591 ( 0.586)	Data  0.000 ( 0.010)	Loss 1.3361e+00 (1.2920e+00)	Acc@1  66.41 ( 68.83)	Acc@5  85.55 ( 87.44)
LR: 0.001 Epoch: [31][2000/5005]	Time  0.602 ( 0.586)	Data  0.000 ( 0.017)	Loss 1.3833e+00 (1.2913e+00)	Acc@1  65.23 ( 68.84)	Acc@5  85.55 ( 87.44)
LR: 0.001 Epoch: [31][2500/5005]	Time  0.594 ( 0.588)	Data  0.000 ( 0.031)	Loss 1.1723e+00 (1.2919e+00)	Acc@1  73.83 ( 68.86)	Acc@5  87.89 ( 87.42)
LR: 0.001 Epoch: [31][3000/5005]	Time  0.575 ( 0.591)	Data  0.000 ( 0.045)	Loss 1.4366e+00 (1.2913e+00)	Acc@1  69.14 ( 68.90)	Acc@5  86.72 ( 87.42)
LR: 0.001 Epoch: [31][3500/5005]	Time  0.573 ( 0.594)	Data  0.000 ( 0.055)	Loss 1.2317e+00 (1.2893e+00)	Acc@1  72.66 ( 68.93)	Acc@5  86.33 ( 87.45)
LR: 0.001 Epoch: [31][4000/5005]	Time  0.577 ( 0.596)	Data  0.000 ( 0.065)	Loss 1.4088e+00 (1.2883e+00)	Acc@1  65.23 ( 68.95)	Acc@5  84.38 ( 87.48)
LR: 0.001 Epoch: [31][4500/5005]	Time  0.596 ( 0.597)	Data  0.000 ( 0.070)	Loss 1.3437e+00 (1.2867e+00)	Acc@1  66.80 ( 69.00)	Acc@5  87.50 ( 87.49)
LR: 0.001 Epoch: [31][5000/5005]	Time  0.578 ( 0.598)	Data  0.000 ( 0.074)	Loss 1.0152e+00 (1.2860e+00)	Acc@1  74.61 ( 69.00)	Acc@5  91.80 ( 87.50)
 * Loss 2.696901 Acc@1 69.496 Acc@5 89.054
LR: 0.001 Epoch: [32][   0/5005]	Time  3.873 ( 3.873)	Data  3.629 ( 3.629)	Loss 1.2498e+00 (1.2498e+00)	Acc@1  70.31 ( 70.31)	Acc@5  88.28 ( 88.28)
LR: 0.001 Epoch: [32][ 500/5005]	Time  0.577 ( 0.588)	Data  0.000 ( 0.012)	Loss 1.2704e+00 (1.2599e+00)	Acc@1  66.02 ( 69.54)	Acc@5  87.11 ( 87.83)
LR: 0.001 Epoch: [32][1000/5005]	Time  0.572 ( 0.586)	Data  0.000 ( 0.006)	Loss 1.3660e+00 (1.2607e+00)	Acc@1  67.97 ( 69.59)	Acc@5  85.16 ( 87.78)
LR: 0.001 Epoch: [32][1500/5005]	Time  0.573 ( 0.586)	Data  0.000 ( 0.005)	Loss 1.2370e+00 (1.2616e+00)	Acc@1  69.53 ( 69.52)	Acc@5  89.45 ( 87.80)
LR: 0.001 Epoch: [32][2000/5005]	Time  0.579 ( 0.586)	Data  0.000 ( 0.010)	Loss 1.2560e+00 (1.2612e+00)	Acc@1  69.92 ( 69.52)	Acc@5  88.28 ( 87.79)
LR: 0.001 Epoch: [32][2500/5005]	Time  0.586 ( 0.589)	Data  0.256 ( 0.029)	Loss 1.2800e+00 (1.2614e+00)	Acc@1  73.05 ( 69.53)	Acc@5  87.11 ( 87.79)
LR: 0.001 Epoch: [32][3000/5005]	Time  0.802 ( 0.592)	Data  0.601 ( 0.046)	Loss 1.2301e+00 (1.2616e+00)	Acc@1  71.09 ( 69.53)	Acc@5  90.62 ( 87.78)
LR: 0.001 Epoch: [32][3500/5005]	Time  0.711 ( 0.594)	Data  0.526 ( 0.059)	Loss 1.1484e+00 (1.2616e+00)	Acc@1  73.44 ( 69.52)	Acc@5  88.67 ( 87.76)
LR: 0.001 Epoch: [32][4000/5005]	Time  0.518 ( 0.596)	Data  0.129 ( 0.065)	Loss 1.3891e+00 (1.2608e+00)	Acc@1  65.62 ( 69.56)	Acc@5  88.28 ( 87.77)
LR: 0.001 Epoch: [32][4500/5005]	Time  0.654 ( 0.597)	Data  0.000 ( 0.070)	Loss 1.1234e+00 (1.2606e+00)	Acc@1  70.31 ( 69.56)	Acc@5  89.06 ( 87.77)
LR: 0.001 Epoch: [32][5000/5005]	Time  0.569 ( 0.598)	Data  0.000 ( 0.074)	Loss 1.2483e+00 (1.2601e+00)	Acc@1  69.14 ( 69.57)	Acc@5  90.23 ( 87.79)
 * Loss 2.740746 Acc@1 69.670 Acc@5 89.088
LR: 0.001 Epoch: [33][   0/5005]	Time  3.779 ( 3.779)	Data  3.521 ( 3.521)	Loss 1.0390e+00 (1.0390e+00)	Acc@1  73.44 ( 73.44)	Acc@5  91.02 ( 91.02)
LR: 0.001 Epoch: [33][ 500/5005]	Time  0.596 ( 0.587)	Data  0.000 ( 0.022)	Loss 1.1181e+00 (1.2441e+00)	Acc@1  71.09 ( 69.88)	Acc@5  90.23 ( 88.00)
LR: 0.001 Epoch: [33][1000/5005]	Time  0.523 ( 0.586)	Data  0.000 ( 0.012)	Loss 1.2485e+00 (1.2389e+00)	Acc@1  71.48 ( 70.02)	Acc@5  85.94 ( 88.06)
LR: 0.001 Epoch: [33][1500/5005]	Time  0.534 ( 0.586)	Data  0.000 ( 0.008)	Loss 1.1529e+00 (1.2387e+00)	Acc@1  71.48 ( 70.03)	Acc@5  87.50 ( 88.07)
LR: 0.001 Epoch: [33][2000/5005]	Time  0.596 ( 0.588)	Data  0.000 ( 0.024)	Loss 1.4222e+00 (1.2395e+00)	Acc@1  67.19 ( 70.05)	Acc@5  85.55 ( 88.06)
LR: 0.001 Epoch: [33][2500/5005]	Time  0.595 ( 0.594)	Data  0.000 ( 0.044)	Loss 1.0934e+00 (1.2391e+00)	Acc@1  71.88 ( 70.05)	Acc@5  91.02 ( 88.06)
LR: 0.001 Epoch: [33][3000/5005]	Time  0.570 ( 0.598)	Data  0.000 ( 0.058)	Loss 1.2815e+00 (1.2388e+00)	Acc@1  68.75 ( 70.07)	Acc@5  86.33 ( 88.07)
LR: 0.001 Epoch: [33][3500/5005]	Time  0.595 ( 0.600)	Data  0.000 ( 0.066)	Loss 1.3697e+00 (1.2386e+00)	Acc@1  65.23 ( 70.06)	Acc@5  87.50 ( 88.07)
LR: 0.001 Epoch: [33][4000/5005]	Time  0.630 ( 0.603)	Data  0.000 ( 0.074)	Loss 1.3098e+00 (1.2390e+00)	Acc@1  69.14 ( 70.06)	Acc@5  89.06 ( 88.05)
LR: 0.001 Epoch: [33][4500/5005]	Time  0.597 ( 0.605)	Data  0.000 ( 0.080)	Loss 1.2340e+00 (1.2389e+00)	Acc@1  69.53 ( 70.07)	Acc@5  88.28 ( 88.04)
LR: 0.001 Epoch: [33][5000/5005]	Time  0.573 ( 0.606)	Data  0.000 ( 0.084)	Loss 1.2393e+00 (1.2390e+00)	Acc@1  72.66 ( 70.08)	Acc@5  85.55 ( 88.04)
 * Loss 2.856871 Acc@1 69.780 Acc@5 89.148
LR: 0.001 Epoch: [34][   0/5005]	Time  3.355 ( 3.355)	Data  3.055 ( 3.055)	Loss 1.1180e+00 (1.1180e+00)	Acc@1  72.66 ( 72.66)	Acc@5  89.45 ( 89.45)
LR: 0.001 Epoch: [34][ 500/5005]	Time  0.596 ( 0.590)	Data  0.000 ( 0.011)	Loss 1.4407e+00 (1.2220e+00)	Acc@1  62.89 ( 70.53)	Acc@5  85.55 ( 88.25)
LR: 0.001 Epoch: [34][1000/5005]	Time  0.543 ( 0.588)	Data  0.001 ( 0.006)	Loss 1.3656e+00 (1.2212e+00)	Acc@1  67.97 ( 70.45)	Acc@5  84.77 ( 88.25)
LR: 0.001 Epoch: [34][1500/5005]	Time  0.591 ( 0.587)	Data  0.000 ( 0.004)	Loss 1.1322e+00 (1.2192e+00)	Acc@1  69.53 ( 70.47)	Acc@5  90.23 ( 88.29)
LR: 0.001 Epoch: [34][2000/5005]	Time  0.577 ( 0.586)	Data  0.000 ( 0.006)	Loss 1.0466e+00 (1.2195e+00)	Acc@1  75.00 ( 70.46)	Acc@5  89.45 ( 88.28)
LR: 0.001 Epoch: [34][2500/5005]	Time  0.578 ( 0.586)	Data  0.000 ( 0.008)	Loss 1.0562e+00 (1.2189e+00)	Acc@1  73.83 ( 70.47)	Acc@5  91.41 ( 88.28)
LR: 0.001 Epoch: [34][3000/5005]	Time  0.575 ( 0.588)	Data  0.000 ( 0.019)	Loss 1.2270e+00 (1.2190e+00)	Acc@1  70.70 ( 70.44)	Acc@5  87.11 ( 88.28)
LR: 0.001 Epoch: [34][3500/5005]	Time  0.595 ( 0.589)	Data  0.000 ( 0.027)	Loss 1.1917e+00 (1.2197e+00)	Acc@1  73.05 ( 70.42)	Acc@5  88.28 ( 88.28)
LR: 0.001 Epoch: [34][4000/5005]	Time  0.609 ( 0.588)	Data  0.000 ( 0.026)	Loss 1.2939e+00 (1.2199e+00)	Acc@1  70.70 ( 70.42)	Acc@5  87.50 ( 88.28)
LR: 0.001 Epoch: [34][4500/5005]	Time  0.576 ( 0.588)	Data  0.000 ( 0.023)	Loss 1.3753e+00 (1.2204e+00)	Acc@1  69.53 ( 70.42)	Acc@5  85.55 ( 88.27)
LR: 0.001 Epoch: [34][5000/5005]	Time  0.576 ( 0.589)	Data  0.000 ( 0.029)	Loss 1.5182e+00 (1.2206e+00)	Acc@1  63.28 ( 70.42)	Acc@5  84.38 ( 88.27)
 * Loss 2.733016 Acc@1 69.918 Acc@5 89.350
LR: 0.001 Epoch: [35][   0/5005]	Time  4.235 ( 4.235)	Data  3.823 ( 3.823)	Loss 1.1512e+00 (1.1512e+00)	Acc@1  72.27 ( 72.27)	Acc@5  88.67 ( 88.67)
LR: 0.001 Epoch: [35][ 500/5005]	Time  0.578 ( 0.589)	Data  0.000 ( 0.011)	Loss 1.1776e+00 (1.2019e+00)	Acc@1  71.88 ( 70.84)	Acc@5  87.89 ( 88.51)
LR: 0.001 Epoch: [35][1000/5005]	Time  0.620 ( 0.587)	Data  0.000 ( 0.006)	Loss 1.3235e+00 (1.2024e+00)	Acc@1  68.75 ( 70.86)	Acc@5  85.16 ( 88.47)
LR: 0.001 Epoch: [35][1500/5005]	Time  0.596 ( 0.587)	Data  0.000 ( 0.004)	Loss 1.0494e+00 (1.2024e+00)	Acc@1  76.17 ( 70.84)	Acc@5  91.41 ( 88.47)
LR: 0.001 Epoch: [35][2000/5005]	Time  0.574 ( 0.591)	Data  0.000 ( 0.030)	Loss 1.2160e+00 (1.2027e+00)	Acc@1  70.70 ( 70.87)	Acc@5  89.06 ( 88.46)
LR: 0.001 Epoch: [35][2500/5005]	Time  0.579 ( 0.596)	Data  0.000 ( 0.049)	Loss 1.3724e+00 (1.2032e+00)	Acc@1  68.75 ( 70.84)	Acc@5  87.89 ( 88.47)
LR: 0.001 Epoch: [35][3000/5005]	Time  0.589 ( 0.596)	Data  0.185 ( 0.051)	Loss 1.2643e+00 (1.2027e+00)	Acc@1  72.27 ( 70.86)	Acc@5  88.28 ( 88.46)
LR: 0.001 Epoch: [35][3500/5005]	Time  0.863 ( 0.595)	Data  0.680 ( 0.050)	Loss 1.2482e+00 (1.2034e+00)	Acc@1  69.53 ( 70.85)	Acc@5  86.72 ( 88.44)
LR: 0.001 Epoch: [35][4000/5005]	Time  0.580 ( 0.595)	Data  0.000 ( 0.052)	Loss 1.1259e+00 (1.2049e+00)	Acc@1  69.53 ( 70.81)	Acc@5  88.67 ( 88.42)
LR: 0.001 Epoch: [35][4500/5005]	Time  0.571 ( 0.595)	Data  0.117 ( 0.054)	Loss 1.1366e+00 (1.2048e+00)	Acc@1  72.66 ( 70.80)	Acc@5  90.23 ( 88.43)
LR: 0.001 Epoch: [35][5000/5005]	Time  0.573 ( 0.594)	Data  0.132 ( 0.054)	Loss 1.0923e+00 (1.2048e+00)	Acc@1  74.22 ( 70.80)	Acc@5  89.45 ( 88.43)
 * Loss 2.738471 Acc@1 69.960 Acc@5 89.242
LR: 0.001 Epoch: [36][   0/5005]	Time  3.830 ( 3.830)	Data  3.562 ( 3.562)	Loss 1.1366e+00 (1.1366e+00)	Acc@1  69.53 ( 69.53)	Acc@5  90.23 ( 90.23)
LR: 0.001 Epoch: [36][ 500/5005]	Time  0.536 ( 0.589)	Data  0.000 ( 0.014)	Loss 1.1471e+00 (1.1879e+00)	Acc@1  71.88 ( 71.15)	Acc@5  88.67 ( 88.62)
LR: 0.001 Epoch: [36][1000/5005]	Time  0.621 ( 0.590)	Data  0.000 ( 0.032)	Loss 1.3230e+00 (1.1879e+00)	Acc@1  69.92 ( 71.16)	Acc@5  85.16 ( 88.59)
LR: 0.001 Epoch: [36][1500/5005]	Time  0.625 ( 0.589)	Data  0.000 ( 0.032)	Loss 1.2771e+00 (1.1903e+00)	Acc@1  71.09 ( 71.10)	Acc@5  86.33 ( 88.60)
LR: 0.001 Epoch: [36][2000/5005]	Time  0.573 ( 0.589)	Data  0.000 ( 0.031)	Loss 9.6805e-01 (1.1896e+00)	Acc@1  75.39 ( 71.12)	Acc@5  90.62 ( 88.62)
LR: 0.001 Epoch: [36][2500/5005]	Time  0.587 ( 0.592)	Data  0.000 ( 0.046)	Loss 1.2202e+00 (1.1903e+00)	Acc@1  73.83 ( 71.09)	Acc@5  87.89 ( 88.62)
LR: 0.001 Epoch: [36][3000/5005]	Time  0.593 ( 0.595)	Data  0.000 ( 0.055)	Loss 1.1632e+00 (1.1907e+00)	Acc@1  72.27 ( 71.07)	Acc@5  89.45 ( 88.61)
LR: 0.001 Epoch: [36][3500/5005]	Time  0.589 ( 0.596)	Data  0.000 ( 0.063)	Loss 1.3229e+00 (1.1913e+00)	Acc@1  67.19 ( 71.07)	Acc@5  87.11 ( 88.61)
LR: 0.001 Epoch: [36][4000/5005]	Time  0.576 ( 0.598)	Data  0.000 ( 0.070)	Loss 1.2795e+00 (1.1916e+00)	Acc@1  69.53 ( 71.08)	Acc@5  87.50 ( 88.61)
LR: 0.001 Epoch: [36][4500/5005]	Time  0.570 ( 0.599)	Data  0.000 ( 0.075)	Loss 1.2079e+00 (1.1923e+00)	Acc@1  71.48 ( 71.07)	Acc@5  89.84 ( 88.61)
LR: 0.001 Epoch: [36][5000/5005]	Time  0.592 ( 0.600)	Data  0.000 ( 0.077)	Loss 1.2116e+00 (1.1921e+00)	Acc@1  69.53 ( 71.06)	Acc@5  90.23 ( 88.62)
 * Loss 2.773067 Acc@1 69.904 Acc@5 89.332
LR: 0.001 Epoch: [37][   0/5005]	Time  3.237 ( 3.237)	Data  3.022 ( 3.022)	Loss 1.1709e+00 (1.1709e+00)	Acc@1  68.75 ( 68.75)	Acc@5  90.62 ( 90.62)
LR: 0.001 Epoch: [37][ 500/5005]	Time  0.593 ( 0.587)	Data  0.000 ( 0.016)	Loss 1.2083e+00 (1.1828e+00)	Acc@1  68.75 ( 71.26)	Acc@5  88.67 ( 88.68)
LR: 0.001 Epoch: [37][1000/5005]	Time  0.587 ( 0.586)	Data  0.000 ( 0.009)	Loss 1.2675e+00 (1.1783e+00)	Acc@1  69.14 ( 71.31)	Acc@5  87.50 ( 88.73)
LR: 0.001 Epoch: [37][1500/5005]	Time  0.593 ( 0.586)	Data  0.000 ( 0.006)	Loss 1.0819e+00 (1.1770e+00)	Acc@1  74.61 ( 71.34)	Acc@5  90.62 ( 88.77)
LR: 0.001 Epoch: [37][2000/5005]	Time  0.589 ( 0.586)	Data  0.000 ( 0.005)	Loss 1.0831e+00 (1.1793e+00)	Acc@1  74.22 ( 71.30)	Acc@5  88.67 ( 88.74)
LR: 0.001 Epoch: [37][2500/5005]	Time  0.593 ( 0.586)	Data  0.000 ( 0.011)	Loss 1.0170e+00 (1.1785e+00)	Acc@1  71.48 ( 71.33)	Acc@5  91.80 ( 88.75)
LR: 0.001 Epoch: [37][3000/5005]	Time  0.577 ( 0.587)	Data  0.000 ( 0.021)	Loss 1.2357e+00 (1.1791e+00)	Acc@1  70.70 ( 71.31)	Acc@5  87.89 ( 88.75)
LR: 0.001 Epoch: [37][3500/5005]	Time  0.585 ( 0.588)	Data  0.000 ( 0.025)	Loss 1.0730e+00 (1.1790e+00)	Acc@1  72.66 ( 71.34)	Acc@5  91.80 ( 88.75)
LR: 0.001 Epoch: [37][4000/5005]	Time  0.597 ( 0.588)	Data  0.000 ( 0.028)	Loss 1.2092e+00 (1.1792e+00)	Acc@1  69.92 ( 71.33)	Acc@5  90.62 ( 88.75)
LR: 0.001 Epoch: [37][4500/5005]	Time  0.595 ( 0.588)	Data  0.000 ( 0.032)	Loss 1.2834e+00 (1.1796e+00)	Acc@1  70.70 ( 71.33)	Acc@5  89.06 ( 88.75)
LR: 0.001 Epoch: [37][5000/5005]	Time  0.572 ( 0.589)	Data  0.000 ( 0.036)	Loss 1.0260e+00 (1.1801e+00)	Acc@1  74.22 ( 71.32)	Acc@5  92.19 ( 88.74)
 * Loss 2.681297 Acc@1 69.962 Acc@5 89.300
LR: 0.001 Epoch: [38][   0/5005]	Time  3.813 ( 3.813)	Data  3.515 ( 3.515)	Loss 1.1255e+00 (1.1255e+00)	Acc@1  69.14 ( 69.14)	Acc@5  91.41 ( 91.41)
LR: 0.001 Epoch: [38][ 500/5005]	Time  0.598 ( 0.589)	Data  0.000 ( 0.024)	Loss 9.9018e-01 (1.1656e+00)	Acc@1  73.05 ( 71.74)	Acc@5  91.41 ( 88.89)
LR: 0.001 Epoch: [38][1000/5005]	Time  0.593 ( 0.587)	Data  0.000 ( 0.012)	Loss 1.1059e+00 (1.1675e+00)	Acc@1  72.66 ( 71.63)	Acc@5  88.28 ( 88.93)
LR: 0.001 Epoch: [38][1500/5005]	Time  0.574 ( 0.587)	Data  0.000 ( 0.009)	Loss 1.0968e+00 (1.1660e+00)	Acc@1  75.78 ( 71.66)	Acc@5  90.62 ( 88.95)
LR: 0.001 Epoch: [38][2000/5005]	Time  0.574 ( 0.589)	Data  0.304 ( 0.022)	Loss 1.4375e+00 (1.1678e+00)	Acc@1  63.28 ( 71.63)	Acc@5  85.16 ( 88.91)
LR: 0.001 Epoch: [38][2500/5005]	Time  0.583 ( 0.591)	Data  0.199 ( 0.039)	Loss 1.0327e+00 (1.1679e+00)	Acc@1  69.14 ( 71.61)	Acc@5  89.84 ( 88.91)
LR: 0.001 Epoch: [38][3000/5005]	Time  0.579 ( 0.594)	Data  0.133 ( 0.051)	Loss 1.0285e+00 (1.1679e+00)	Acc@1  76.95 ( 71.62)	Acc@5  89.45 ( 88.91)
LR: 0.001 Epoch: [38][3500/5005]	Time  0.573 ( 0.596)	Data  0.314 ( 0.062)	Loss 1.0494e+00 (1.1683e+00)	Acc@1  73.44 ( 71.62)	Acc@5  89.06 ( 88.89)
LR: 0.001 Epoch: [38][4000/5005]	Time  0.592 ( 0.597)	Data  0.264 ( 0.069)	Loss 9.7200e-01 (1.1681e+00)	Acc@1  73.83 ( 71.61)	Acc@5  92.19 ( 88.89)
LR: 0.001 Epoch: [38][4500/5005]	Time  0.587 ( 0.598)	Data  0.000 ( 0.076)	Loss 1.1267e+00 (1.1687e+00)	Acc@1  76.17 ( 71.60)	Acc@5  89.45 ( 88.88)
LR: 0.001 Epoch: [38][5000/5005]	Time  0.573 ( 0.599)	Data  0.000 ( 0.081)	Loss 1.2952e+00 (1.1698e+00)	Acc@1  69.53 ( 71.58)	Acc@5  88.28 ( 88.87)
 * Loss 2.615830 Acc@1 69.938 Acc@5 89.238
LR: 0.001 Epoch: [39][   0/5005]	Time  3.640 ( 3.640)	Data  3.396 ( 3.396)	Loss 1.2415e+00 (1.2415e+00)	Acc@1  66.80 ( 66.80)	Acc@5  89.06 ( 89.06)
LR: 0.001 Epoch: [39][ 500/5005]	Time  0.576 ( 0.588)	Data  0.000 ( 0.010)	Loss 1.1446e+00 (1.1516e+00)	Acc@1  74.22 ( 72.01)	Acc@5  90.23 ( 89.04)
LR: 0.001 Epoch: [39][1000/5005]	Time  0.578 ( 0.587)	Data  0.000 ( 0.005)	Loss 1.2838e+00 (1.1548e+00)	Acc@1  69.92 ( 71.90)	Acc@5  87.89 ( 88.98)
LR: 0.001 Epoch: [39][1500/5005]	Time  0.580 ( 0.587)	Data  0.000 ( 0.004)	Loss 1.2900e+00 (1.1551e+00)	Acc@1  70.31 ( 71.86)	Acc@5  86.72 ( 89.02)
LR: 0.001 Epoch: [39][2000/5005]	Time  0.637 ( 0.587)	Data  0.000 ( 0.003)	Loss 1.1159e+00 (1.1589e+00)	Acc@1  69.92 ( 71.82)	Acc@5  89.84 ( 88.95)
LR: 0.001 Epoch: [39][2500/5005]	Time  0.592 ( 0.588)	Data  0.000 ( 0.018)	Loss 1.0520e+00 (1.1581e+00)	Acc@1  71.88 ( 71.81)	Acc@5  92.97 ( 88.99)
LR: 0.001 Epoch: [39][3000/5005]	Time  0.592 ( 0.591)	Data  0.000 ( 0.032)	Loss 1.3151e+00 (1.1583e+00)	Acc@1  66.41 ( 71.80)	Acc@5  86.33 ( 88.99)
LR: 0.001 Epoch: [39][3500/5005]	Time  0.576 ( 0.593)	Data  0.000 ( 0.045)	Loss 1.0159e+00 (1.1589e+00)	Acc@1  75.00 ( 71.78)	Acc@5  90.62 ( 88.99)
LR: 0.001 Epoch: [39][4000/5005]	Time  0.578 ( 0.595)	Data  0.000 ( 0.053)	Loss 1.0506e+00 (1.1589e+00)	Acc@1  76.56 ( 71.78)	Acc@5  93.36 ( 89.00)
LR: 0.001 Epoch: [39][4500/5005]	Time  0.531 ( 0.597)	Data  0.000 ( 0.060)	Loss 1.1119e+00 (1.1606e+00)	Acc@1  73.44 ( 71.75)	Acc@5  90.23 ( 88.98)
LR: 0.001 Epoch: [39][5000/5005]	Time  0.573 ( 0.598)	Data  0.000 ( 0.065)	Loss 1.0103e+00 (1.1607e+00)	Acc@1  74.22 ( 71.74)	Acc@5  89.84 ( 88.98)
 * Loss 2.891491 Acc@1 70.086 Acc@5 89.494
LR: 0.001 Epoch: [40][   0/5005]	Time  3.537 ( 3.537)	Data  3.237 ( 3.237)	Loss 1.0802e+00 (1.0802e+00)	Acc@1  74.22 ( 74.22)	Acc@5  88.67 ( 88.67)
LR: 0.001 Epoch: [40][ 500/5005]	Time  0.596 ( 0.588)	Data  0.000 ( 0.011)	Loss 8.9782e-01 (1.1417e+00)	Acc@1  77.34 ( 72.10)	Acc@5  92.19 ( 89.15)
LR: 0.001 Epoch: [40][1000/5005]	Time  0.596 ( 0.586)	Data  0.000 ( 0.006)	Loss 1.1332e+00 (1.1453e+00)	Acc@1  73.05 ( 72.11)	Acc@5  89.06 ( 89.14)
LR: 0.001 Epoch: [40][1500/5005]	Time  0.595 ( 0.586)	Data  0.000 ( 0.004)	Loss 1.1673e+00 (1.1486e+00)	Acc@1  73.05 ( 72.01)	Acc@5  87.89 ( 89.10)
LR: 0.001 Epoch: [40][2000/5005]	Time  0.596 ( 0.588)	Data  0.000 ( 0.022)	Loss 1.0156e+00 (1.1517e+00)	Acc@1  73.83 ( 71.98)	Acc@5  89.45 ( 89.05)
LR: 0.001 Epoch: [40][2500/5005]	Time  0.574 ( 0.590)	Data  0.000 ( 0.036)	Loss 1.3069e+00 (1.1520e+00)	Acc@1  69.53 ( 71.96)	Acc@5  87.11 ( 89.06)
LR: 0.001 Epoch: [40][3000/5005]	Time  0.620 ( 0.594)	Data  0.000 ( 0.050)	Loss 1.3297e+00 (1.1514e+00)	Acc@1  69.92 ( 71.97)	Acc@5  87.11 ( 89.08)
LR: 0.001 Epoch: [40][3500/5005]	Time  0.574 ( 0.596)	Data  0.000 ( 0.060)	Loss 1.0897e+00 (1.1516e+00)	Acc@1  71.48 ( 71.97)	Acc@5  90.62 ( 89.07)
