
 Run on time: 2020-05-04 01:28:07.931661

 Arguments:
	 gpu                  : True
	 log                  : True
	 seed                 : 0
	 dataset              : CIFAR10
	 batch_size           : 64
	 architecture         : RESNET20
	 learning_rate        : 0.01
	 pretrained_ann       : 
	 test_only            : False
	 epochs               : 300
	 lr_interval          : [120, 180, 240]
	 lr_reduce            : 10
	 optimizer            : SGD
	 dropout              : 0.2
	 kernel_size          : 3
 DataParallel(
  (module): ResNet(
    (pre_process): Sequential(
      (0): Conv2d(3, 64, kernel_size=(3, 3), stride=(1, 1), padding=(1, 1), bias=False)
      (1): ReLU(inplace=True)
      (2): Dropout(p=0.2, inplace=False)
      (3): Conv2d(64, 64, kernel_size=(3, 3), stride=(1, 1), padding=(1, 1), bias=False)
      (4): ReLU(inplace=True)
      (5): Dropout(p=0.2, inplace=False)
      (6): Conv2d(64, 64, kernel_size=(3, 3), stride=(1, 1), padding=(1, 1), bias=False)
      (7): ReLU(inplace=True)
      (8): AvgPool2d(kernel_size=2, stride=2, padding=0)
    )
    (layer1): Sequential(
      (0): BasicBlock(
        (residual): Sequential(
          (0): Conv2d(64, 64, kernel_size=(3, 3), stride=(1, 1), padding=(1, 1), bias=False)
          (1): ReLU(inplace=True)
          (2): Dropout(p=0.2, inplace=False)
          (3): Conv2d(64, 64, kernel_size=(3, 3), stride=(1, 1), padding=(1, 1), bias=False)
        )
        (identity): Sequential()
      )
      (1): BasicBlock(
        (residual): Sequential(
          (0): Conv2d(64, 64, kernel_size=(3, 3), stride=(1, 1), padding=(1, 1), bias=False)
          (1): ReLU(inplace=True)
          (2): Dropout(p=0.2, inplace=False)
          (3): Conv2d(64, 64, kernel_size=(3, 3), stride=(1, 1), padding=(1, 1), bias=False)
        )
        (identity): Sequential()
      )
    )
    (layer2): Sequential(
      (0): BasicBlock(
        (residual): Sequential(
          (0): Conv2d(64, 128, kernel_size=(3, 3), stride=(2, 2), padding=(1, 1), bias=False)
          (1): ReLU(inplace=True)
          (2): Dropout(p=0.2, inplace=False)
          (3): Conv2d(128, 128, kernel_size=(3, 3), stride=(1, 1), padding=(1, 1), bias=False)
        )
        (identity): Sequential(
          (0): Conv2d(64, 128, kernel_size=(1, 1), stride=(2, 2), bias=False)
        )
      )
      (1): BasicBlock(
        (residual): Sequential(
          (0): Conv2d(128, 128, kernel_size=(3, 3), stride=(1, 1), padding=(1, 1), bias=False)
          (1): ReLU(inplace=True)
          (2): Dropout(p=0.2, inplace=False)
          (3): Conv2d(128, 128, kernel_size=(3, 3), stride=(1, 1), padding=(1, 1), bias=False)
        )
        (identity): Sequential()
      )
    )
    (layer3): Sequential(
      (0): BasicBlock(
        (residual): Sequential(
          (0): Conv2d(128, 256, kernel_size=(3, 3), stride=(2, 2), padding=(1, 1), bias=False)
          (1): ReLU(inplace=True)
          (2): Dropout(p=0.2, inplace=False)
          (3): Conv2d(256, 256, kernel_size=(3, 3), stride=(1, 1), padding=(1, 1), bias=False)
        )
        (identity): Sequential(
          (0): Conv2d(128, 256, kernel_size=(1, 1), stride=(2, 2), bias=False)
        )
      )
      (1): BasicBlock(
        (residual): Sequential(
          (0): Conv2d(256, 256, kernel_size=(3, 3), stride=(1, 1), padding=(1, 1), bias=False)
          (1): ReLU(inplace=True)
          (2): Dropout(p=0.2, inplace=False)
          (3): Conv2d(256, 256, kernel_size=(3, 3), stride=(1, 1), padding=(1, 1), bias=False)
        )
        (identity): Sequential()
      )
    )
    (layer4): Sequential(
      (0): BasicBlock(
        (residual): Sequential(
          (0): Conv2d(256, 512, kernel_size=(3, 3), stride=(2, 2), padding=(1, 1), bias=False)
          (1): ReLU(inplace=True)
          (2): Dropout(p=0.2, inplace=False)
          (3): Conv2d(512, 512, kernel_size=(3, 3), stride=(1, 1), padding=(1, 1), bias=False)
        )
        (identity): Sequential(
          (0): Conv2d(256, 512, kernel_size=(1, 1), stride=(2, 2), bias=False)
        )
      )
      (1): BasicBlock(
        (residual): Sequential(
          (0): Conv2d(512, 512, kernel_size=(3, 3), stride=(1, 1), padding=(1, 1), bias=False)
          (1): ReLU(inplace=True)
          (2): Dropout(p=0.2, inplace=False)
          (3): Conv2d(512, 512, kernel_size=(3, 3), stride=(1, 1), padding=(1, 1), bias=False)
        )
        (identity): Sequential()
      )
    )
    (classifier): Sequential(
      (0): Linear(in_features=2048, out_features=10, bias=False)
    )
  )
)
 Epoch: 1, lr: 1.0e-02, train_loss: 1.9700, train_acc: 0.2619 test_loss: 1.6376, test_acc: 0.3991, best: 0.3991, time: 0:01:43
 Epoch: 2, lr: 1.0e-02, train_loss: 1.5917, train_acc: 0.4168 test_loss: 1.3864, test_acc: 0.4984, best: 0.4984, time: 0:01:41
 Epoch: 3, lr: 1.0e-02, train_loss: 1.3942, train_acc: 0.4927 test_loss: 1.2064, test_acc: 0.5679, best: 0.5679, time: 0:01:41
 Epoch: 4, lr: 1.0e-02, train_loss: 1.2294, train_acc: 0.5590 test_loss: 1.1870, test_acc: 0.5845, best: 0.5845, time: 0:01:41
 Epoch: 5, lr: 1.0e-02, train_loss: 1.1005, train_acc: 0.6080 test_loss: 1.0011, test_acc: 0.6466, best: 0.6466, time: 0:01:43
 Epoch: 6, lr: 1.0e-02, train_loss: 0.9989, train_acc: 0.6460 test_loss: 0.9606, test_acc: 0.6613, best: 0.6613, time: 0:01:40
 Epoch: 7, lr: 1.0e-02, train_loss: 0.9211, train_acc: 0.6751 test_loss: 0.8670, test_acc: 0.7051, best: 0.7051, time: 0:01:39
 Epoch: 8, lr: 1.0e-02, train_loss: 0.8537, train_acc: 0.6996 test_loss: 0.8776, test_acc: 0.7059, best: 0.7059, time: 0:01:41
 Epoch: 9, lr: 1.0e-02, train_loss: 0.8022, train_acc: 0.7207 test_loss: 0.7937, test_acc: 0.7350, best: 0.7350, time: 0:01:40
 Epoch: 10, lr: 1.0e-02, train_loss: 0.7584, train_acc: 0.7349 test_loss: 0.7289, test_acc: 0.7620, best: 0.7620, time: 0:01:41
 Epoch: 11, lr: 1.0e-02, train_loss: 0.7185, train_acc: 0.7496 test_loss: 0.7115, test_acc: 0.7524, best: 0.7620, time: 0:01:40
 Epoch: 12, lr: 1.0e-02, train_loss: 0.6896, train_acc: 0.7583 test_loss: 0.7854, test_acc: 0.7468, best: 0.7620, time: 0:01:40
 Epoch: 13, lr: 1.0e-02, train_loss: 0.6582, train_acc: 0.7733 test_loss: 0.6563, test_acc: 0.7838, best: 0.7838, time: 0:01:40
 Epoch: 14, lr: 1.0e-02, train_loss: 0.6331, train_acc: 0.7818 test_loss: 0.5833, test_acc: 0.8093, best: 0.8093, time: 0:01:40
 Epoch: 15, lr: 1.0e-02, train_loss: 0.6046, train_acc: 0.7904 test_loss: 0.6276, test_acc: 0.7974, best: 0.8093, time: 0:01:39
 Epoch: 16, lr: 1.0e-02, train_loss: 0.5922, train_acc: 0.7955 test_loss: 0.6078, test_acc: 0.7978, best: 0.8093, time: 0:01:41
 Epoch: 17, lr: 1.0e-02, train_loss: 0.5652, train_acc: 0.8052 test_loss: 0.5716, test_acc: 0.8125, best: 0.8125, time: 0:01:40
 Epoch: 18, lr: 1.0e-02, train_loss: 0.5524, train_acc: 0.8105 test_loss: 0.5356, test_acc: 0.8240, best: 0.8240, time: 0:01:40
 Epoch: 19, lr: 1.0e-02, train_loss: 0.5270, train_acc: 0.8182 test_loss: 0.5486, test_acc: 0.8243, best: 0.8243, time: 0:01:40
 Epoch: 20, lr: 1.0e-02, train_loss: 0.5219, train_acc: 0.8211 test_loss: 0.5071, test_acc: 0.8312, best: 0.8312, time: 0:01:41
 Epoch: 21, lr: 1.0e-02, train_loss: 0.5075, train_acc: 0.8248 test_loss: 0.4860, test_acc: 0.8352, best: 0.8352, time: 0:01:42
 Epoch: 22, lr: 1.0e-02, train_loss: 0.4905, train_acc: 0.8314 test_loss: 0.4794, test_acc: 0.8389, best: 0.8389, time: 0:01:40
 Epoch: 23, lr: 1.0e-02, train_loss: 0.4801, train_acc: 0.8332 test_loss: 0.5157, test_acc: 0.8286, best: 0.8389, time: 0:01:40
 Epoch: 24, lr: 1.0e-02, train_loss: 0.4729, train_acc: 0.8383 test_loss: 0.4856, test_acc: 0.8399, best: 0.8399, time: 0:01:42
 Epoch: 25, lr: 1.0e-02, train_loss: 0.4566, train_acc: 0.8425 test_loss: 0.4599, test_acc: 0.8430, best: 0.8430, time: 0:01:41
 Epoch: 26, lr: 1.0e-02, train_loss: 0.4516, train_acc: 0.8446 test_loss: 0.5009, test_acc: 0.8319, best: 0.8430, time: 0:01:39
 Epoch: 27, lr: 1.0e-02, train_loss: 0.4358, train_acc: 0.8499 test_loss: 0.5066, test_acc: 0.8300, best: 0.8430, time: 0:01:41
 Epoch: 28, lr: 1.0e-02, train_loss: 0.4337, train_acc: 0.8502 test_loss: 0.4389, test_acc: 0.8547, best: 0.8547, time: 0:01:42
 Epoch: 29, lr: 1.0e-02, train_loss: 0.4224, train_acc: 0.8547 test_loss: 0.4489, test_acc: 0.8527, best: 0.8547, time: 0:01:41
 Epoch: 30, lr: 1.0e-02, train_loss: 0.4178, train_acc: 0.8565 test_loss: 0.4486, test_acc: 0.8502, best: 0.8547, time: 0:01:41
 Epoch: 31, lr: 1.0e-02, train_loss: 0.4090, train_acc: 0.8572 test_loss: 0.5047, test_acc: 0.8319, best: 0.8547, time: 0:01:42
 Epoch: 32, lr: 1.0e-02, train_loss: 0.4032, train_acc: 0.8609 test_loss: 0.4093, test_acc: 0.8673, best: 0.8673, time: 0:01:42
 Epoch: 33, lr: 1.0e-02, train_loss: 0.3982, train_acc: 0.8628 test_loss: 0.4232, test_acc: 0.8577, best: 0.8673, time: 0:01:41
 Epoch: 34, lr: 1.0e-02, train_loss: 0.3904, train_acc: 0.8661 test_loss: 0.4364, test_acc: 0.8531, best: 0.8673, time: 0:01:41
 Epoch: 35, lr: 1.0e-02, train_loss: 0.3805, train_acc: 0.8688 test_loss: 0.3963, test_acc: 0.8662, best: 0.8673, time: 0:01:42
 Epoch: 36, lr: 1.0e-02, train_loss: 0.3739, train_acc: 0.8711 test_loss: 0.4029, test_acc: 0.8668, best: 0.8673, time: 0:01:41
 Epoch: 37, lr: 1.0e-02, train_loss: 0.3729, train_acc: 0.8722 test_loss: 0.4557, test_acc: 0.8490, best: 0.8673, time: 0:01:40
 Epoch: 38, lr: 1.0e-02, train_loss: 0.3719, train_acc: 0.8718 test_loss: 0.4316, test_acc: 0.8508, best: 0.8673, time: 0:01:40
 Epoch: 39, lr: 1.0e-02, train_loss: 0.3660, train_acc: 0.8725 test_loss: 0.4046, test_acc: 0.8637, best: 0.8673, time: 0:01:42
 Epoch: 40, lr: 1.0e-02, train_loss: 0.3602, train_acc: 0.8758 test_loss: 0.4015, test_acc: 0.8705, best: 0.8705, time: 0:01:41
 Epoch: 41, lr: 1.0e-02, train_loss: 0.3530, train_acc: 0.8789 test_loss: 0.3912, test_acc: 0.8707, best: 0.8707, time: 0:01:42
 Epoch: 42, lr: 1.0e-02, train_loss: 0.3524, train_acc: 0.8783 test_loss: 0.3999, test_acc: 0.8669, best: 0.8707, time: 0:01:21
 Epoch: 43, lr: 1.0e-02, train_loss: 0.3504, train_acc: 0.8790 test_loss: 0.3970, test_acc: 0.8694, best: 0.8707, time: 0:01:21
 Epoch: 44, lr: 1.0e-02, train_loss: 0.3449, train_acc: 0.8807 test_loss: 0.3883, test_acc: 0.8748, best: 0.8748, time: 0:01:20
 Epoch: 45, lr: 1.0e-02, train_loss: 0.3394, train_acc: 0.8832 test_loss: 0.3720, test_acc: 0.8749, best: 0.8749, time: 0:01:21
 Epoch: 46, lr: 1.0e-02, train_loss: 0.3416, train_acc: 0.8819 test_loss: 0.4104, test_acc: 0.8644, best: 0.8749, time: 0:01:19
 Epoch: 47, lr: 1.0e-02, train_loss: 0.3313, train_acc: 0.8870 test_loss: 0.3976, test_acc: 0.8654, best: 0.8749, time: 0:01:20
 Epoch: 48, lr: 1.0e-02, train_loss: 0.3356, train_acc: 0.8846 test_loss: 0.3733, test_acc: 0.8769, best: 0.8769, time: 0:01:22
 Epoch: 49, lr: 1.0e-02, train_loss: 0.3289, train_acc: 0.8864 test_loss: 0.3733, test_acc: 0.8751, best: 0.8769, time: 0:01:21
 Epoch: 50, lr: 1.0e-02, train_loss: 0.3180, train_acc: 0.8907 test_loss: 0.3454, test_acc: 0.8848, best: 0.8848, time: 0:01:34
 Epoch: 51, lr: 1.0e-02, train_loss: 0.3184, train_acc: 0.8899 test_loss: 0.3689, test_acc: 0.8778, best: 0.8848, time: 0:01:44
 Epoch: 52, lr: 1.0e-02, train_loss: 0.3190, train_acc: 0.8905 test_loss: 0.4100, test_acc: 0.8635, best: 0.8848, time: 0:01:43
 Epoch: 53, lr: 1.0e-02, train_loss: 0.3085, train_acc: 0.8928 test_loss: 0.4113, test_acc: 0.8709, best: 0.8848, time: 0:01:43
 Epoch: 54, lr: 1.0e-02, train_loss: 0.3062, train_acc: 0.8946 test_loss: 0.3926, test_acc: 0.8694, best: 0.8848, time: 0:01:43
 Epoch: 55, lr: 1.0e-02, train_loss: 0.3072, train_acc: 0.8939 test_loss: 0.3377, test_acc: 0.8907, best: 0.8907, time: 0:01:44
 Epoch: 56, lr: 1.0e-02, train_loss: 0.3031, train_acc: 0.8950 test_loss: 0.4088, test_acc: 0.8651, best: 0.8907, time: 0:01:44
 Epoch: 57, lr: 1.0e-02, train_loss: 0.3044, train_acc: 0.8948 test_loss: 0.4192, test_acc: 0.8631, best: 0.8907, time: 0:01:43
 Epoch: 58, lr: 1.0e-02, train_loss: 0.3002, train_acc: 0.8962 test_loss: 0.3814, test_acc: 0.8698, best: 0.8907, time: 0:01:43
 Epoch: 59, lr: 1.0e-02, train_loss: 0.3007, train_acc: 0.8965 test_loss: 0.3906, test_acc: 0.8725, best: 0.8907, time: 0:01:43
 Epoch: 60, lr: 1.0e-02, train_loss: 0.2932, train_acc: 0.8985 test_loss: 0.3830, test_acc: 0.8729, best: 0.8907, time: 0:01:43
 Epoch: 61, lr: 1.0e-02, train_loss: 0.2975, train_acc: 0.8967 test_loss: 0.3656, test_acc: 0.8785, best: 0.8907, time: 0:01:44
 Epoch: 62, lr: 1.0e-02, train_loss: 0.2871, train_acc: 0.9024 test_loss: 0.4092, test_acc: 0.8684, best: 0.8907, time: 0:01:42
 Epoch: 63, lr: 1.0e-02, train_loss: 0.2864, train_acc: 0.9031 test_loss: 0.3530, test_acc: 0.8834, best: 0.8907, time: 0:01:42
 Epoch: 64, lr: 1.0e-02, train_loss: 0.2844, train_acc: 0.9009 test_loss: 0.3342, test_acc: 0.8861, best: 0.8907, time: 0:01:44
 Epoch: 65, lr: 1.0e-02, train_loss: 0.2852, train_acc: 0.9019 test_loss: 0.4041, test_acc: 0.8672, best: 0.8907, time: 0:01:45
 Epoch: 66, lr: 1.0e-02, train_loss: 0.2853, train_acc: 0.9025 test_loss: 0.3355, test_acc: 0.8906, best: 0.8907, time: 0:01:45
 Epoch: 67, lr: 1.0e-02, train_loss: 0.2839, train_acc: 0.9013 test_loss: 0.3467, test_acc: 0.8898, best: 0.8907, time: 0:01:42
 Epoch: 68, lr: 1.0e-02, train_loss: 0.2795, train_acc: 0.9041 test_loss: 0.4124, test_acc: 0.8673, best: 0.8907, time: 0:01:43
 Epoch: 69, lr: 1.0e-02, train_loss: 0.2822, train_acc: 0.9014 test_loss: 0.3709, test_acc: 0.8753, best: 0.8907, time: 0:01:45
 Epoch: 70, lr: 1.0e-02, train_loss: 0.2804, train_acc: 0.9018 test_loss: 0.3664, test_acc: 0.8780, best: 0.8907, time: 0:01:44
 Epoch: 71, lr: 1.0e-02, train_loss: 0.2751, train_acc: 0.9059 test_loss: 0.3717, test_acc: 0.8786, best: 0.8907, time: 0:01:43
 Epoch: 72, lr: 1.0e-02, train_loss: 0.2730, train_acc: 0.9063 test_loss: 0.3705, test_acc: 0.8762, best: 0.8907, time: 0:01:43
 Epoch: 73, lr: 1.0e-02, train_loss: 0.2730, train_acc: 0.9046 test_loss: 0.3371, test_acc: 0.8893, best: 0.8907, time: 0:01:43
 Epoch: 74, lr: 1.0e-02, train_loss: 0.2675, train_acc: 0.9092 test_loss: 0.3566, test_acc: 0.8832, best: 0.8907, time: 0:01:44
 Epoch: 75, lr: 1.0e-02, train_loss: 0.2697, train_acc: 0.9065 test_loss: 0.3591, test_acc: 0.8819, best: 0.8907, time: 0:01:44
 Epoch: 76, lr: 1.0e-02, train_loss: 0.2638, train_acc: 0.9081 test_loss: 0.3367, test_acc: 0.8910, best: 0.8910, time: 0:01:44
 Epoch: 77, lr: 1.0e-02, train_loss: 0.2604, train_acc: 0.9105 test_loss: 0.3528, test_acc: 0.8828, best: 0.8910, time: 0:01:44
 Epoch: 78, lr: 1.0e-02, train_loss: 0.2667, train_acc: 0.9073 test_loss: 0.3311, test_acc: 0.8934, best: 0.8934, time: 0:01:45
 Epoch: 79, lr: 1.0e-02, train_loss: 0.2649, train_acc: 0.9101 test_loss: 0.3559, test_acc: 0.8838, best: 0.8934, time: 0:01:44
 Epoch: 80, lr: 1.0e-02, train_loss: 0.2707, train_acc: 0.9064 test_loss: 0.3716, test_acc: 0.8792, best: 0.8934, time: 0:01:43
 Epoch: 81, lr: 1.0e-02, train_loss: 0.2588, train_acc: 0.9098 test_loss: 0.4023, test_acc: 0.8702, best: 0.8934, time: 0:01:44
 Epoch: 82, lr: 1.0e-02, train_loss: 0.2564, train_acc: 0.9116 test_loss: 0.3548, test_acc: 0.8811, best: 0.8934, time: 0:01:45
 Epoch: 83, lr: 1.0e-02, train_loss: 0.2565, train_acc: 0.9118 test_loss: 0.3625, test_acc: 0.8835, best: 0.8934, time: 0:01:44
 Epoch: 84, lr: 1.0e-02, train_loss: 0.2582, train_acc: 0.9115 test_loss: 0.3287, test_acc: 0.8940, best: 0.8940, time: 0:01:44
 Epoch: 85, lr: 1.0e-02, train_loss: 0.2489, train_acc: 0.9148 test_loss: 0.3732, test_acc: 0.8779, best: 0.8940, time: 0:01:44
 Epoch: 86, lr: 1.0e-02, train_loss: 0.2578, train_acc: 0.9103 test_loss: 0.3565, test_acc: 0.8805, best: 0.8940, time: 0:01:44
 Epoch: 87, lr: 1.0e-02, train_loss: 0.2545, train_acc: 0.9122 test_loss: 0.3301, test_acc: 0.8923, best: 0.8940, time: 0:01:44
 Epoch: 88, lr: 1.0e-02, train_loss: 0.2525, train_acc: 0.9132 test_loss: 0.3521, test_acc: 0.8877, best: 0.8940, time: 0:01:43
 Epoch: 89, lr: 1.0e-02, train_loss: 0.2511, train_acc: 0.9142 test_loss: 0.3569, test_acc: 0.8790, best: 0.8940, time: 0:01:42
 Epoch: 90, lr: 1.0e-02, train_loss: 0.2534, train_acc: 0.9134 test_loss: 0.3365, test_acc: 0.8874, best: 0.8940, time: 0:01:44
 Epoch: 91, lr: 1.0e-02, train_loss: 0.2505, train_acc: 0.9142 test_loss: 0.3208, test_acc: 0.8964, best: 0.8964, time: 0:01:45
 Epoch: 92, lr: 1.0e-02, train_loss: 0.2501, train_acc: 0.9138 test_loss: 0.3500, test_acc: 0.8856, best: 0.8964, time: 0:01:42
 Epoch: 93, lr: 1.0e-02, train_loss: 0.2499, train_acc: 0.9152 test_loss: 0.3128, test_acc: 0.8974, best: 0.8974, time: 0:01:24
 Epoch: 94, lr: 1.0e-02, train_loss: 0.2462, train_acc: 0.9160 test_loss: 0.3556, test_acc: 0.8844, best: 0.8974, time: 0:01:22
 Epoch: 95, lr: 1.0e-02, train_loss: 0.2467, train_acc: 0.9145 test_loss: 0.3414, test_acc: 0.8881, best: 0.8974, time: 0:01:21
 Epoch: 96, lr: 1.0e-02, train_loss: 0.2448, train_acc: 0.9154 test_loss: 0.3463, test_acc: 0.8878, best: 0.8974, time: 0:01:22
 Epoch: 97, lr: 1.0e-02, train_loss: 0.2458, train_acc: 0.9148 test_loss: 0.3592, test_acc: 0.8806, best: 0.8974, time: 0:01:22
 Epoch: 98, lr: 1.0e-02, train_loss: 0.2432, train_acc: 0.9156 test_loss: 0.3345, test_acc: 0.8887, best: 0.8974, time: 0:01:20
 Epoch: 99, lr: 1.0e-02, train_loss: 0.2469, train_acc: 0.9152 test_loss: 0.3604, test_acc: 0.8826, best: 0.8974, time: 0:01:22
 Epoch: 100, lr: 1.0e-02, train_loss: 0.2438, train_acc: 0.9156 test_loss: 0.3647, test_acc: 0.8793, best: 0.8974, time: 0:01:21
 Epoch: 101, lr: 1.0e-02, train_loss: 0.2393, train_acc: 0.9178 test_loss: 0.3336, test_acc: 0.8924, best: 0.8974, time: 0:01:20
 Epoch: 102, lr: 1.0e-02, train_loss: 0.2443, train_acc: 0.9153 test_loss: 0.3003, test_acc: 0.9012, best: 0.9012, time: 0:01:22
 Epoch: 103, lr: 1.0e-02, train_loss: 0.2457, train_acc: 0.9163 test_loss: 0.3338, test_acc: 0.8908, best: 0.9012, time: 0:01:20
 Epoch: 104, lr: 1.0e-02, train_loss: 0.2405, train_acc: 0.9168 test_loss: 0.3591, test_acc: 0.8858, best: 0.9012, time: 0:01:20
 Epoch: 105, lr: 1.0e-02, train_loss: 0.2328, train_acc: 0.9190 test_loss: 0.3372, test_acc: 0.8890, best: 0.9012, time: 0:01:22
 Epoch: 106, lr: 1.0e-02, train_loss: 0.2419, train_acc: 0.9173 test_loss: 0.3471, test_acc: 0.8872, best: 0.9012, time: 0:01:21
 Epoch: 107, lr: 1.0e-02, train_loss: 0.2359, train_acc: 0.9191 test_loss: 0.3627, test_acc: 0.8831, best: 0.9012, time: 0:01:21
 Epoch: 108, lr: 1.0e-02, train_loss: 0.2357, train_acc: 0.9185 test_loss: 0.3410, test_acc: 0.8883, best: 0.9012, time: 0:01:20
 Epoch: 109, lr: 1.0e-02, train_loss: 0.2315, train_acc: 0.9196 test_loss: 0.3127, test_acc: 0.8964, best: 0.9012, time: 0:01:20
 Epoch: 110, lr: 1.0e-02, train_loss: 0.2345, train_acc: 0.9192 test_loss: 0.3320, test_acc: 0.8894, best: 0.9012, time: 0:01:23
 Epoch: 111, lr: 1.0e-02, train_loss: 0.2333, train_acc: 0.9198 test_loss: 0.3051, test_acc: 0.8979, best: 0.9012, time: 0:01:21
 Epoch: 112, lr: 1.0e-02, train_loss: 0.2361, train_acc: 0.9185 test_loss: 0.3116, test_acc: 0.8960, best: 0.9012, time: 0:01:21
 Epoch: 113, lr: 1.0e-02, train_loss: 0.2314, train_acc: 0.9201 test_loss: 0.3470, test_acc: 0.8848, best: 0.9012, time: 0:01:21
 Epoch: 114, lr: 1.0e-02, train_loss: 0.2360, train_acc: 0.9185 test_loss: 0.3363, test_acc: 0.8882, best: 0.9012, time: 0:01:22
 Epoch: 115, lr: 1.0e-02, train_loss: 0.2327, train_acc: 0.9212 test_loss: 0.3149, test_acc: 0.8963, best: 0.9012, time: 0:01:20
 Epoch: 116, lr: 1.0e-02, train_loss: 0.2365, train_acc: 0.9180 test_loss: 0.3375, test_acc: 0.8910, best: 0.9012, time: 0:01:21
 Epoch: 117, lr: 1.0e-02, train_loss: 0.2328, train_acc: 0.9207 test_loss: 0.3215, test_acc: 0.8924, best: 0.9012, time: 0:01:21
 Epoch: 118, lr: 1.0e-02, train_loss: 0.2290, train_acc: 0.9218 test_loss: 0.3041, test_acc: 0.9028, best: 0.9028, time: 0:01:21
 Epoch: 119, lr: 1.0e-02, train_loss: 0.2312, train_acc: 0.9203 test_loss: 0.3232, test_acc: 0.8903, best: 0.9028, time: 0:01:21
 Epoch: 120, lr: 1.0e-03, train_loss: 0.1329, train_acc: 0.9542 test_loss: 0.2600, test_acc: 0.9169, best: 0.9169, time: 0:01:25
 Epoch: 121, lr: 1.0e-03, train_loss: 0.1163, train_acc: 0.9604 test_loss: 0.2589, test_acc: 0.9166, best: 0.9169, time: 0:01:20
 Epoch: 122, lr: 1.0e-03, train_loss: 0.1030, train_acc: 0.9642 test_loss: 0.2559, test_acc: 0.9189, best: 0.9189, time: 0:01:23
 Epoch: 123, lr: 1.0e-03, train_loss: 0.0976, train_acc: 0.9665 test_loss: 0.2492, test_acc: 0.9198, best: 0.9198, time: 0:01:22
 Epoch: 124, lr: 1.0e-03, train_loss: 0.0976, train_acc: 0.9666 test_loss: 0.2500, test_acc: 0.9201, best: 0.9201, time: 0:01:26
 Epoch: 125, lr: 1.0e-03, train_loss: 0.0913, train_acc: 0.9678 test_loss: 0.2526, test_acc: 0.9214, best: 0.9214, time: 0:01:45
 Epoch: 126, lr: 1.0e-03, train_loss: 0.0883, train_acc: 0.9691 test_loss: 0.2542, test_acc: 0.9219, best: 0.9219, time: 0:01:44
 Epoch: 127, lr: 1.0e-03, train_loss: 0.0860, train_acc: 0.9696 test_loss: 0.2552, test_acc: 0.9201, best: 0.9219, time: 0:01:44
 Epoch: 128, lr: 1.0e-03, train_loss: 0.0826, train_acc: 0.9714 test_loss: 0.2569, test_acc: 0.9202, best: 0.9219, time: 0:01:43
 Epoch: 129, lr: 1.0e-03, train_loss: 0.0811, train_acc: 0.9719 test_loss: 0.2568, test_acc: 0.9197, best: 0.9219, time: 0:01:44
 Epoch: 130, lr: 1.0e-03, train_loss: 0.0805, train_acc: 0.9719 test_loss: 0.2516, test_acc: 0.9226, best: 0.9226, time: 0:01:46
 Epoch: 131, lr: 1.0e-03, train_loss: 0.0788, train_acc: 0.9718 test_loss: 0.2544, test_acc: 0.9200, best: 0.9226, time: 0:01:59
 Epoch: 132, lr: 1.0e-03, train_loss: 0.0781, train_acc: 0.9731 test_loss: 0.2508, test_acc: 0.9218, best: 0.9226, time: 0:02:03
 Epoch: 133, lr: 1.0e-03, train_loss: 0.0754, train_acc: 0.9738 test_loss: 0.2539, test_acc: 0.9228, best: 0.9228, time: 0:02:03
 Epoch: 134, lr: 1.0e-03, train_loss: 0.0746, train_acc: 0.9732 test_loss: 0.2603, test_acc: 0.9213, best: 0.9228, time: 0:02:02
 Epoch: 135, lr: 1.0e-03, train_loss: 0.0738, train_acc: 0.9737 test_loss: 0.2486, test_acc: 0.9250, best: 0.9250, time: 0:02:02
 Epoch: 136, lr: 1.0e-03, train_loss: 0.0716, train_acc: 0.9747 test_loss: 0.2604, test_acc: 0.9217, best: 0.9250, time: 0:02:01
 Epoch: 137, lr: 1.0e-03, train_loss: 0.0714, train_acc: 0.9748 test_loss: 0.2571, test_acc: 0.9239, best: 0.9250, time: 0:02:02
 Epoch: 138, lr: 1.0e-03, train_loss: 0.0699, train_acc: 0.9753 test_loss: 0.2563, test_acc: 0.9247, best: 0.9250, time: 0:01:50
 Epoch: 139, lr: 1.0e-03, train_loss: 0.0701, train_acc: 0.9756 test_loss: 0.2534, test_acc: 0.9238, best: 0.9250, time: 0:01:36
 Epoch: 140, lr: 1.0e-03, train_loss: 0.0675, train_acc: 0.9758 test_loss: 0.2559, test_acc: 0.9248, best: 0.9250, time: 0:01:37
 Epoch: 141, lr: 1.0e-03, train_loss: 0.0680, train_acc: 0.9762 test_loss: 0.2594, test_acc: 0.9228, best: 0.9250, time: 0:01:36
 Epoch: 142, lr: 1.0e-03, train_loss: 0.0658, train_acc: 0.9766 test_loss: 0.2553, test_acc: 0.9243, best: 0.9250, time: 0:01:38
 Epoch: 143, lr: 1.0e-03, train_loss: 0.0661, train_acc: 0.9768 test_loss: 0.2590, test_acc: 0.9238, best: 0.9250, time: 0:01:36
 Epoch: 144, lr: 1.0e-03, train_loss: 0.0641, train_acc: 0.9770 test_loss: 0.2617, test_acc: 0.9244, best: 0.9250, time: 0:01:37
 Epoch: 145, lr: 1.0e-03, train_loss: 0.0641, train_acc: 0.9774 test_loss: 0.2574, test_acc: 0.9250, best: 0.9250, time: 0:01:38
 Epoch: 146, lr: 1.0e-03, train_loss: 0.0635, train_acc: 0.9779 test_loss: 0.2650, test_acc: 0.9219, best: 0.9250, time: 0:01:38
 Epoch: 147, lr: 1.0e-03, train_loss: 0.0641, train_acc: 0.9777 test_loss: 0.2641, test_acc: 0.9231, best: 0.9250, time: 0:01:37
 Epoch: 148, lr: 1.0e-03, train_loss: 0.0616, train_acc: 0.9786 test_loss: 0.2600, test_acc: 0.9233, best: 0.9250, time: 0:01:38
 Epoch: 149, lr: 1.0e-03, train_loss: 0.0617, train_acc: 0.9784 test_loss: 0.2623, test_acc: 0.9236, best: 0.9250, time: 0:01:38
 Epoch: 150, lr: 1.0e-03, train_loss: 0.0610, train_acc: 0.9789 test_loss: 0.2614, test_acc: 0.9239, best: 0.9250, time: 0:01:38
 Epoch: 151, lr: 1.0e-03, train_loss: 0.0599, train_acc: 0.9785 test_loss: 0.2695, test_acc: 0.9243, best: 0.9250, time: 0:01:37
 Epoch: 152, lr: 1.0e-03, train_loss: 0.0595, train_acc: 0.9794 test_loss: 0.2703, test_acc: 0.9214, best: 0.9250, time: 0:01:36
 Epoch: 153, lr: 1.0e-03, train_loss: 0.0584, train_acc: 0.9799 test_loss: 0.2706, test_acc: 0.9220, best: 0.9250, time: 0:01:38
 Epoch: 154, lr: 1.0e-03, train_loss: 0.0575, train_acc: 0.9797 test_loss: 0.2690, test_acc: 0.9226, best: 0.9250, time: 0:01:36
 Epoch: 155, lr: 1.0e-03, train_loss: 0.0586, train_acc: 0.9795 test_loss: 0.2616, test_acc: 0.9267, best: 0.9267, time: 0:01:38
 Epoch: 156, lr: 1.0e-03, train_loss: 0.0560, train_acc: 0.9803 test_loss: 0.2689, test_acc: 0.9250, best: 0.9267, time: 0:01:37
 Epoch: 157, lr: 1.0e-03, train_loss: 0.0571, train_acc: 0.9800 test_loss: 0.2665, test_acc: 0.9244, best: 0.9267, time: 0:01:38
 Epoch: 158, lr: 1.0e-03, train_loss: 0.0577, train_acc: 0.9795 test_loss: 0.2700, test_acc: 0.9247, best: 0.9267, time: 0:01:38
 Epoch: 159, lr: 1.0e-03, train_loss: 0.0555, train_acc: 0.9810 test_loss: 0.2800, test_acc: 0.9212, best: 0.9267, time: 0:01:38
 Epoch: 160, lr: 1.0e-03, train_loss: 0.0558, train_acc: 0.9803 test_loss: 0.2723, test_acc: 0.9257, best: 0.9267, time: 0:01:37
 Epoch: 161, lr: 1.0e-03, train_loss: 0.0556, train_acc: 0.9806 test_loss: 0.2765, test_acc: 0.9239, best: 0.9267, time: 0:01:38
 Epoch: 162, lr: 1.0e-03, train_loss: 0.0575, train_acc: 0.9802 test_loss: 0.2708, test_acc: 0.9231, best: 0.9267, time: 0:01:37
 Epoch: 163, lr: 1.0e-03, train_loss: 0.0538, train_acc: 0.9820 test_loss: 0.2704, test_acc: 0.9248, best: 0.9267, time: 0:01:37
 Epoch: 164, lr: 1.0e-03, train_loss: 0.0536, train_acc: 0.9808 test_loss: 0.2749, test_acc: 0.9224, best: 0.9267, time: 0:01:38
 Epoch: 165, lr: 1.0e-03, train_loss: 0.0552, train_acc: 0.9805 test_loss: 0.2686, test_acc: 0.9247, best: 0.9267, time: 0:01:36
 Epoch: 166, lr: 1.0e-03, train_loss: 0.0535, train_acc: 0.9819 test_loss: 0.2758, test_acc: 0.9239, best: 0.9267, time: 0:01:38
 Epoch: 167, lr: 1.0e-03, train_loss: 0.0534, train_acc: 0.9812 test_loss: 0.2701, test_acc: 0.9234, best: 0.9267, time: 0:01:38
 Epoch: 168, lr: 1.0e-03, train_loss: 0.0510, train_acc: 0.9820 test_loss: 0.2693, test_acc: 0.9247, best: 0.9267, time: 0:01:37
 Epoch: 169, lr: 1.0e-03, train_loss: 0.0518, train_acc: 0.9812 test_loss: 0.2743, test_acc: 0.9246, best: 0.9267, time: 0:01:37
 Epoch: 170, lr: 1.0e-03, train_loss: 0.0510, train_acc: 0.9827 test_loss: 0.2851, test_acc: 0.9242, best: 0.9267, time: 0:01:37
 Epoch: 171, lr: 1.0e-03, train_loss: 0.0556, train_acc: 0.9812 test_loss: 0.2777, test_acc: 0.9217, best: 0.9267, time: 0:01:38
 Epoch: 172, lr: 1.0e-03, train_loss: 0.0511, train_acc: 0.9822 test_loss: 0.2878, test_acc: 0.9245, best: 0.9267, time: 0:01:38
 Epoch: 173, lr: 1.0e-03, train_loss: 0.0546, train_acc: 0.9805 test_loss: 0.2744, test_acc: 0.9232, best: 0.9267, time: 0:01:36
 Epoch: 174, lr: 1.0e-03, train_loss: 0.0507, train_acc: 0.9824 test_loss: 0.2730, test_acc: 0.9223, best: 0.9267, time: 0:01:37
 Epoch: 175, lr: 1.0e-03, train_loss: 0.0527, train_acc: 0.9818 test_loss: 0.2763, test_acc: 0.9258, best: 0.9267, time: 0:01:37
 Epoch: 176, lr: 1.0e-03, train_loss: 0.0526, train_acc: 0.9816 test_loss: 0.2775, test_acc: 0.9235, best: 0.9267, time: 0:01:38
 Epoch: 177, lr: 1.0e-03, train_loss: 0.0519, train_acc: 0.9822 test_loss: 0.2679, test_acc: 0.9247, best: 0.9267, time: 0:01:37
 Epoch: 178, lr: 1.0e-03, train_loss: 0.0520, train_acc: 0.9819 test_loss: 0.2758, test_acc: 0.9231, best: 0.9267, time: 0:01:37
 Epoch: 179, lr: 1.0e-03, train_loss: 0.0526, train_acc: 0.9823 test_loss: 0.2752, test_acc: 0.9243, best: 0.9267, time: 0:01:37
 Epoch: 180, lr: 1.0e-04, train_loss: 0.0437, train_acc: 0.9857 test_loss: 0.2690, test_acc: 0.9264, best: 0.9267, time: 0:01:37
 Epoch: 181, lr: 1.0e-04, train_loss: 0.0389, train_acc: 0.9866 test_loss: 0.2747, test_acc: 0.9264, best: 0.9267, time: 0:01:38
 Epoch: 182, lr: 1.0e-04, train_loss: 0.0396, train_acc: 0.9866 test_loss: 0.2738, test_acc: 0.9279, best: 0.9279, time: 0:01:37
 Epoch: 183, lr: 1.0e-04, train_loss: 0.0400, train_acc: 0.9865 test_loss: 0.2749, test_acc: 0.9276, best: 0.9279, time: 0:01:37
 Epoch: 184, lr: 1.0e-04, train_loss: 0.0404, train_acc: 0.9859 test_loss: 0.2757, test_acc: 0.9263, best: 0.9279, time: 0:01:37
 Epoch: 185, lr: 1.0e-04, train_loss: 0.0361, train_acc: 0.9882 test_loss: 0.2796, test_acc: 0.9258, best: 0.9279, time: 0:01:36
 Epoch: 186, lr: 1.0e-04, train_loss: 0.0371, train_acc: 0.9873 test_loss: 0.2803, test_acc: 0.9258, best: 0.9279, time: 0:01:37
 Epoch: 187, lr: 1.0e-04, train_loss: 0.0368, train_acc: 0.9874 test_loss: 0.2818, test_acc: 0.9269, best: 0.9279, time: 0:01:35
 Epoch: 188, lr: 1.0e-04, train_loss: 0.0368, train_acc: 0.9873 test_loss: 0.2814, test_acc: 0.9263, best: 0.9279, time: 0:01:37
 Epoch: 189, lr: 1.0e-04, train_loss: 0.0372, train_acc: 0.9871 test_loss: 0.2815, test_acc: 0.9269, best: 0.9279, time: 0:01:36
 Epoch: 190, lr: 1.0e-04, train_loss: 0.0367, train_acc: 0.9873 test_loss: 0.2827, test_acc: 0.9253, best: 0.9279, time: 0:01:37
 Epoch: 191, lr: 1.0e-04, train_loss: 0.0378, train_acc: 0.9877 test_loss: 0.2803, test_acc: 0.9257, best: 0.9279, time: 0:01:36
 Epoch: 192, lr: 1.0e-04, train_loss: 0.0363, train_acc: 0.9878 test_loss: 0.2838, test_acc: 0.9254, best: 0.9279, time: 0:01:37
 Epoch: 193, lr: 1.0e-04, train_loss: 0.0374, train_acc: 0.9872 test_loss: 0.2829, test_acc: 0.9263, best: 0.9279, time: 0:01:38
 Epoch: 194, lr: 1.0e-04, train_loss: 0.0354, train_acc: 0.9880 test_loss: 0.2851, test_acc: 0.9258, best: 0.9279, time: 0:01:38
 Epoch: 195, lr: 1.0e-04, train_loss: 0.0356, train_acc: 0.9887 test_loss: 0.2859, test_acc: 0.9255, best: 0.9279, time: 0:01:38
 Epoch: 196, lr: 1.0e-04, train_loss: 0.0357, train_acc: 0.9878 test_loss: 0.2858, test_acc: 0.9254, best: 0.9279, time: 0:01:37
 Epoch: 197, lr: 1.0e-04, train_loss: 0.0368, train_acc: 0.9871 test_loss: 0.2825, test_acc: 0.9259, best: 0.9279, time: 0:01:37
 Epoch: 198, lr: 1.0e-04, train_loss: 0.0350, train_acc: 0.9880 test_loss: 0.2841, test_acc: 0.9261, best: 0.9279, time: 0:01:37
 Epoch: 199, lr: 1.0e-04, train_loss: 0.0362, train_acc: 0.9881 test_loss: 0.2831, test_acc: 0.9263, best: 0.9279, time: 0:01:36
 Epoch: 200, lr: 1.0e-04, train_loss: 0.0361, train_acc: 0.9879 test_loss: 0.2805, test_acc: 0.9276, best: 0.9279, time: 0:01:37
 Epoch: 201, lr: 1.0e-04, train_loss: 0.0349, train_acc: 0.9880 test_loss: 0.2824, test_acc: 0.9268, best: 0.9279, time: 0:01:37
 Epoch: 202, lr: 1.0e-04, train_loss: 0.0348, train_acc: 0.9880 test_loss: 0.2841, test_acc: 0.9261, best: 0.9279, time: 0:01:38
 Epoch: 203, lr: 1.0e-04, train_loss: 0.0358, train_acc: 0.9880 test_loss: 0.2849, test_acc: 0.9257, best: 0.9279, time: 0:01:37
 Epoch: 204, lr: 1.0e-04, train_loss: 0.0350, train_acc: 0.9882 test_loss: 0.2845, test_acc: 0.9252, best: 0.9279, time: 0:01:37
 Epoch: 205, lr: 1.0e-04, train_loss: 0.0351, train_acc: 0.9883 test_loss: 0.2853, test_acc: 0.9272, best: 0.9279, time: 0:01:37
 Epoch: 206, lr: 1.0e-04, train_loss: 0.0348, train_acc: 0.9880 test_loss: 0.2861, test_acc: 0.9252, best: 0.9279, time: 0:01:38
 Epoch: 207, lr: 1.0e-04, train_loss: 0.0350, train_acc: 0.9882 test_loss: 0.2856, test_acc: 0.9249, best: 0.9279, time: 0:01:38
 Epoch: 208, lr: 1.0e-04, train_loss: 0.0355, train_acc: 0.9878 test_loss: 0.2847, test_acc: 0.9260, best: 0.9279, time: 0:01:37
 Epoch: 209, lr: 1.0e-04, train_loss: 0.0351, train_acc: 0.9887 test_loss: 0.2865, test_acc: 0.9261, best: 0.9279, time: 0:01:37
 Epoch: 210, lr: 1.0e-04, train_loss: 0.0347, train_acc: 0.9881 test_loss: 0.2881, test_acc: 0.9257, best: 0.9279, time: 0:01:38
 Epoch: 211, lr: 1.0e-04, train_loss: 0.0358, train_acc: 0.9884 test_loss: 0.2843, test_acc: 0.9267, best: 0.9279, time: 0:01:37
 Epoch: 212, lr: 1.0e-04, train_loss: 0.0343, train_acc: 0.9880 test_loss: 0.2853, test_acc: 0.9266, best: 0.9279, time: 0:01:37
 Epoch: 213, lr: 1.0e-04, train_loss: 0.0351, train_acc: 0.9883 test_loss: 0.2884, test_acc: 0.9261, best: 0.9279, time: 0:01:37
 Epoch: 214, lr: 1.0e-04, train_loss: 0.0340, train_acc: 0.9886 test_loss: 0.2875, test_acc: 0.9260, best: 0.9279, time: 0:01:39
 Epoch: 215, lr: 1.0e-04, train_loss: 0.0348, train_acc: 0.9882 test_loss: 0.2876, test_acc: 0.9250, best: 0.9279, time: 0:01:38
 Epoch: 216, lr: 1.0e-04, train_loss: 0.0342, train_acc: 0.9879 test_loss: 0.2880, test_acc: 0.9252, best: 0.9279, time: 0:01:37
 Epoch: 217, lr: 1.0e-04, train_loss: 0.0337, train_acc: 0.9887 test_loss: 0.2890, test_acc: 0.9262, best: 0.9279, time: 0:01:37
 Epoch: 218, lr: 1.0e-04, train_loss: 0.0329, train_acc: 0.9890 test_loss: 0.2895, test_acc: 0.9262, best: 0.9279, time: 0:01:38
 Epoch: 219, lr: 1.0e-04, train_loss: 0.0333, train_acc: 0.9885 test_loss: 0.2887, test_acc: 0.9255, best: 0.9279, time: 0:01:38
 Epoch: 220, lr: 1.0e-04, train_loss: 0.0320, train_acc: 0.9892 test_loss: 0.2908, test_acc: 0.9259, best: 0.9279, time: 0:01:40
 Epoch: 221, lr: 1.0e-04, train_loss: 0.0335, train_acc: 0.9889 test_loss: 0.2895, test_acc: 0.9263, best: 0.9279, time: 0:01:37
 Epoch: 222, lr: 1.0e-04, train_loss: 0.0363, train_acc: 0.9874 test_loss: 0.2878, test_acc: 0.9246, best: 0.9279, time: 0:01:37
 Epoch: 223, lr: 1.0e-04, train_loss: 0.0323, train_acc: 0.9892 test_loss: 0.2888, test_acc: 0.9257, best: 0.9279, time: 0:01:38
 Epoch: 224, lr: 1.0e-04, train_loss: 0.0332, train_acc: 0.9883 test_loss: 0.2926, test_acc: 0.9243, best: 0.9279, time: 0:01:37
 Epoch: 225, lr: 1.0e-04, train_loss: 0.0337, train_acc: 0.9887 test_loss: 0.2903, test_acc: 0.9257, best: 0.9279, time: 0:01:36
 Epoch: 226, lr: 1.0e-04, train_loss: 0.0343, train_acc: 0.9885 test_loss: 0.2894, test_acc: 0.9266, best: 0.9279, time: 0:01:38
 Epoch: 227, lr: 1.0e-04, train_loss: 0.0346, train_acc: 0.9878 test_loss: 0.2879, test_acc: 0.9265, best: 0.9279, time: 0:01:38
 Epoch: 228, lr: 1.0e-04, train_loss: 0.0343, train_acc: 0.9885 test_loss: 0.2891, test_acc: 0.9251, best: 0.9279, time: 0:01:37
 Epoch: 229, lr: 1.0e-04, train_loss: 0.0349, train_acc: 0.9885 test_loss: 0.2867, test_acc: 0.9262, best: 0.9279, time: 0:01:37
 Epoch: 230, lr: 1.0e-04, train_loss: 0.0322, train_acc: 0.9890 test_loss: 0.2873, test_acc: 0.9262, best: 0.9279, time: 0:01:38
 Epoch: 231, lr: 1.0e-04, train_loss: 0.0337, train_acc: 0.9883 test_loss: 0.2892, test_acc: 0.9255, best: 0.9279, time: 0:01:38
 Epoch: 232, lr: 1.0e-04, train_loss: 0.0358, train_acc: 0.9877 test_loss: 0.2896, test_acc: 0.9256, best: 0.9279, time: 0:01:38
 Epoch: 233, lr: 1.0e-04, train_loss: 0.0329, train_acc: 0.9889 test_loss: 0.2904, test_acc: 0.9257, best: 0.9279, time: 0:01:36
 Epoch: 234, lr: 1.0e-04, train_loss: 0.0337, train_acc: 0.9883 test_loss: 0.2888, test_acc: 0.9258, best: 0.9279, time: 0:01:37
 Epoch: 235, lr: 1.0e-04, train_loss: 0.0336, train_acc: 0.9882 test_loss: 0.2883, test_acc: 0.9269, best: 0.9279, time: 0:01:37
 Epoch: 236, lr: 1.0e-04, train_loss: 0.0331, train_acc: 0.9893 test_loss: 0.2887, test_acc: 0.9257, best: 0.9279, time: 0:01:38
 Epoch: 237, lr: 1.0e-04, train_loss: 0.0337, train_acc: 0.9883 test_loss: 0.2891, test_acc: 0.9263, best: 0.9279, time: 0:01:36
 Epoch: 238, lr: 1.0e-04, train_loss: 0.0320, train_acc: 0.9892 test_loss: 0.2901, test_acc: 0.9271, best: 0.9279, time: 0:01:37
 Epoch: 239, lr: 1.0e-04, train_loss: 0.0328, train_acc: 0.9883 test_loss: 0.2900, test_acc: 0.9269, best: 0.9279, time: 0:01:31
 Epoch: 240, lr: 1.0e-05, train_loss: 0.0327, train_acc: 0.9886 test_loss: 0.2891, test_acc: 0.9270, best: 0.9279, time: 0:01:23
 Epoch: 241, lr: 1.0e-05, train_loss: 0.0318, train_acc: 0.9892 test_loss: 0.2890, test_acc: 0.9268, best: 0.9279, time: 0:01:23
 Epoch: 242, lr: 1.0e-05, train_loss: 0.0328, train_acc: 0.9889 test_loss: 0.2891, test_acc: 0.9265, best: 0.9279, time: 0:01:22
 Epoch: 243, lr: 1.0e-05, train_loss: 0.0312, train_acc: 0.9897 test_loss: 0.2890, test_acc: 0.9272, best: 0.9279, time: 0:01:23
 Epoch: 244, lr: 1.0e-05, train_loss: 0.0313, train_acc: 0.9898 test_loss: 0.2897, test_acc: 0.9266, best: 0.9279, time: 0:01:23
 Epoch: 245, lr: 1.0e-05, train_loss: 0.0323, train_acc: 0.9884 test_loss: 0.2898, test_acc: 0.9269, best: 0.9279, time: 0:01:22
 Epoch: 246, lr: 1.0e-05, train_loss: 0.0334, train_acc: 0.9886 test_loss: 0.2892, test_acc: 0.9270, best: 0.9279, time: 0:01:21
 Epoch: 247, lr: 1.0e-05, train_loss: 0.0312, train_acc: 0.9895 test_loss: 0.2893, test_acc: 0.9265, best: 0.9279, time: 0:01:23
 Epoch: 248, lr: 1.0e-05, train_loss: 0.0326, train_acc: 0.9890 test_loss: 0.2890, test_acc: 0.9266, best: 0.9279, time: 0:01:22
 Epoch: 249, lr: 1.0e-05, train_loss: 0.0315, train_acc: 0.9893 test_loss: 0.2897, test_acc: 0.9274, best: 0.9279, time: 0:01:23
 Epoch: 250, lr: 1.0e-05, train_loss: 0.0342, train_acc: 0.9882 test_loss: 0.2892, test_acc: 0.9271, best: 0.9279, time: 0:01:24
 Epoch: 251, lr: 1.0e-05, train_loss: 0.0320, train_acc: 0.9897 test_loss: 0.2895, test_acc: 0.9270, best: 0.9279, time: 0:01:22
 Epoch: 252, lr: 1.0e-05, train_loss: 0.0328, train_acc: 0.9888 test_loss: 0.2893, test_acc: 0.9265, best: 0.9279, time: 0:01:23
 Epoch: 253, lr: 1.0e-05, train_loss: 0.0326, train_acc: 0.9891 test_loss: 0.2895, test_acc: 0.9266, best: 0.9279, time: 0:01:22
 Epoch: 254, lr: 1.0e-05, train_loss: 0.0331, train_acc: 0.9889 test_loss: 0.2893, test_acc: 0.9264, best: 0.9279, time: 0:01:23
 Epoch: 255, lr: 1.0e-05, train_loss: 0.0324, train_acc: 0.9894 test_loss: 0.2888, test_acc: 0.9268, best: 0.9279, time: 0:01:23
 Epoch: 256, lr: 1.0e-05, train_loss: 0.0318, train_acc: 0.9890 test_loss: 0.2890, test_acc: 0.9270, best: 0.9279, time: 0:01:22
 Epoch: 257, lr: 1.0e-05, train_loss: 0.0314, train_acc: 0.9894 test_loss: 0.2896, test_acc: 0.9265, best: 0.9279, time: 0:01:21
 Epoch: 258, lr: 1.0e-05, train_loss: 0.0328, train_acc: 0.9894 test_loss: 0.2896, test_acc: 0.9271, best: 0.9279, time: 0:01:22
 Epoch: 259, lr: 1.0e-05, train_loss: 0.0322, train_acc: 0.9897 test_loss: 0.2896, test_acc: 0.9267, best: 0.9279, time: 0:01:22
 Epoch: 260, lr: 1.0e-05, train_loss: 0.0316, train_acc: 0.9895 test_loss: 0.2899, test_acc: 0.9271, best: 0.9279, time: 0:01:23
 Epoch: 261, lr: 1.0e-05, train_loss: 0.0319, train_acc: 0.9889 test_loss: 0.2899, test_acc: 0.9275, best: 0.9279, time: 0:01:22
 Epoch: 262, lr: 1.0e-05, train_loss: 0.0305, train_acc: 0.9895 test_loss: 0.2899, test_acc: 0.9273, best: 0.9279, time: 0:01:22
 Epoch: 263, lr: 1.0e-05, train_loss: 0.0334, train_acc: 0.9886 test_loss: 0.2900, test_acc: 0.9267, best: 0.9279, time: 0:01:22
 Epoch: 264, lr: 1.0e-05, train_loss: 0.0313, train_acc: 0.9895 test_loss: 0.2906, test_acc: 0.9266, best: 0.9279, time: 0:01:22
 Epoch: 265, lr: 1.0e-05, train_loss: 0.0315, train_acc: 0.9892 test_loss: 0.2909, test_acc: 0.9267, best: 0.9279, time: 0:01:22
 Epoch: 266, lr: 1.0e-05, train_loss: 0.0314, train_acc: 0.9894 test_loss: 0.2905, test_acc: 0.9272, best: 0.9279, time: 0:01:22
 Epoch: 267, lr: 1.0e-05, train_loss: 0.0333, train_acc: 0.9888 test_loss: 0.2906, test_acc: 0.9266, best: 0.9279, time: 0:01:22
 Epoch: 268, lr: 1.0e-05, train_loss: 0.0312, train_acc: 0.9891 test_loss: 0.2905, test_acc: 0.9269, best: 0.9279, time: 0:01:22
 Epoch: 269, lr: 1.0e-05, train_loss: 0.0327, train_acc: 0.9887 test_loss: 0.2906, test_acc: 0.9266, best: 0.9279, time: 0:01:22
 Epoch: 270, lr: 1.0e-05, train_loss: 0.0322, train_acc: 0.9894 test_loss: 0.2905, test_acc: 0.9262, best: 0.9279, time: 0:01:21
 Epoch: 271, lr: 1.0e-05, train_loss: 0.0330, train_acc: 0.9889 test_loss: 0.2898, test_acc: 0.9270, best: 0.9279, time: 0:01:22
 Epoch: 272, lr: 1.0e-05, train_loss: 0.0326, train_acc: 0.9892 test_loss: 0.2899, test_acc: 0.9265, best: 0.9279, time: 0:01:22
 Epoch: 273, lr: 1.0e-05, train_loss: 0.0316, train_acc: 0.9896 test_loss: 0.2899, test_acc: 0.9267, best: 0.9279, time: 0:01:21
 Epoch: 274, lr: 1.0e-05, train_loss: 0.0316, train_acc: 0.9896 test_loss: 0.2900, test_acc: 0.9265, best: 0.9279, time: 0:01:23
 Epoch: 275, lr: 1.0e-05, train_loss: 0.0321, train_acc: 0.9892 test_loss: 0.2897, test_acc: 0.9269, best: 0.9279, time: 0:01:22
 Epoch: 276, lr: 1.0e-05, train_loss: 0.0301, train_acc: 0.9897 test_loss: 0.2898, test_acc: 0.9265, best: 0.9279, time: 0:01:22
 Epoch: 277, lr: 1.0e-05, train_loss: 0.0306, train_acc: 0.9898 test_loss: 0.2900, test_acc: 0.9268, best: 0.9279, time: 0:01:22
 Epoch: 278, lr: 1.0e-05, train_loss: 0.0323, train_acc: 0.9886 test_loss: 0.2900, test_acc: 0.9263, best: 0.9279, time: 0:01:23
 Epoch: 279, lr: 1.0e-05, train_loss: 0.0320, train_acc: 0.9892 test_loss: 0.2903, test_acc: 0.9268, best: 0.9279, time: 0:01:21
 Epoch: 280, lr: 1.0e-05, train_loss: 0.0312, train_acc: 0.9899 test_loss: 0.2903, test_acc: 0.9270, best: 0.9279, time: 0:01:23
 Epoch: 281, lr: 1.0e-05, train_loss: 0.0325, train_acc: 0.9891 test_loss: 0.2907, test_acc: 0.9266, best: 0.9279, time: 0:01:23
 Epoch: 282, lr: 1.0e-05, train_loss: 0.0315, train_acc: 0.9893 test_loss: 0.2907, test_acc: 0.9268, best: 0.9279, time: 0:01:23
 Epoch: 283, lr: 1.0e-05, train_loss: 0.0305, train_acc: 0.9897 test_loss: 0.2907, test_acc: 0.9270, best: 0.9279, time: 0:01:22
 Epoch: 284, lr: 1.0e-05, train_loss: 0.0314, train_acc: 0.9895 test_loss: 0.2910, test_acc: 0.9267, best: 0.9279, time: 0:01:23
 Epoch: 285, lr: 1.0e-05, train_loss: 0.0320, train_acc: 0.9893 test_loss: 0.2907, test_acc: 0.9267, best: 0.9279, time: 0:01:21
 Epoch: 286, lr: 1.0e-05, train_loss: 0.0305, train_acc: 0.9897 test_loss: 0.2910, test_acc: 0.9266, best: 0.9279, time: 0:01:21
 Epoch: 287, lr: 1.0e-05, train_loss: 0.0322, train_acc: 0.9888 test_loss: 0.2913, test_acc: 0.9268, best: 0.9279, time: 0:01:22
 Epoch: 288, lr: 1.0e-05, train_loss: 0.0324, train_acc: 0.9891 test_loss: 0.2910, test_acc: 0.9272, best: 0.9279, time: 0:01:23
 Epoch: 289, lr: 1.0e-05, train_loss: 0.0330, train_acc: 0.9884 test_loss: 0.2908, test_acc: 0.9271, best: 0.9279, time: 0:01:22
 Epoch: 290, lr: 1.0e-05, train_loss: 0.0323, train_acc: 0.9888 test_loss: 0.2910, test_acc: 0.9263, best: 0.9279, time: 0:01:22
 Epoch: 291, lr: 1.0e-05, train_loss: 0.0312, train_acc: 0.9900 test_loss: 0.2912, test_acc: 0.9265, best: 0.9279, time: 0:01:22
 Epoch: 292, lr: 1.0e-05, train_loss: 0.0337, train_acc: 0.9884 test_loss: 0.2914, test_acc: 0.9264, best: 0.9279, time: 0:01:23
 Epoch: 293, lr: 1.0e-05, train_loss: 0.0314, train_acc: 0.9891 test_loss: 0.2914, test_acc: 0.9262, best: 0.9279, time: 0:01:22
 Epoch: 294, lr: 1.0e-05, train_loss: 0.0314, train_acc: 0.9892 test_loss: 0.2912, test_acc: 0.9262, best: 0.9279, time: 0:01:22
 Epoch: 295, lr: 1.0e-05, train_loss: 0.0323, train_acc: 0.9889 test_loss: 0.2910, test_acc: 0.9264, best: 0.9279, time: 0:01:21
 Epoch: 296, lr: 1.0e-05, train_loss: 0.0301, train_acc: 0.9901 test_loss: 0.2908, test_acc: 0.9267, best: 0.9279, time: 0:01:21
 Epoch: 297, lr: 1.0e-05, train_loss: 0.0327, train_acc: 0.9890 test_loss: 0.2907, test_acc: 0.9267, best: 0.9279, time: 0:01:23
 Epoch: 298, lr: 1.0e-05, train_loss: 0.0315, train_acc: 0.9892 test_loss: 0.2910, test_acc: 0.9264, best: 0.9279, time: 0:01:13
 Epoch: 299, lr: 1.0e-05, train_loss: 0.0322, train_acc: 0.9889 test_loss: 0.2912, test_acc: 0.9259, best: 0.9279, time: 0:01:04
 Highest accuracy: 0.9279