
 Run on time: 2020-05-21 00:55:45.718811

 Arguments: 
	 gpu                  : True
	 seed                 : 0
	 dataset              : CIFAR10
	 batch_size           : 64
	 architecture         : VGG16
	 learning_rate        : 0.0001
	 pretrained_ann       : ./trained_models/ann/ann_vgg16_cifar10.pth
	 pretrained_snn       : 
	 test_only            : False
	 log                  : True
	 epochs               : 100
	 lr_interval          : [60, 80, 90]
	 lr_reduce            : 5
	 timesteps            : 20
	 leak                 : 1.0
	 scaling_factor       : 0.5
	 default_threshold    : 1.0
	 activation           : Linear
	 alpha                : 0.3
	 beta                 : 0.01
	 optimizer            : Adam
	 weight_decay         : 0.0
	 momentum             : 0.9
	 amsgrad              : True
	 betas                : 0.9,0.999
	 dropout              : 0.1
	 kernel_size          : 3
	 test_acc_every_batch : False
	 train_acc_batches    : 500
	 devices              : 1
	 resume               : 
 Missing keys : ['module.threshold.t0', 'module.threshold.t12', 'module.threshold.t15', 'module.threshold.t18', 'module.threshold.t21', 'module.threshold.t24', 'module.threshold.t27', 'module.threshold.t3', 'module.threshold.t30', 'module.threshold.t33', 'module.threshold.t36', 'module.threshold.t39', 'module.threshold.t42', 'module.threshold.t6', 'module.threshold.t9', 'module.leak.l0', 'module.leak.l12', 'module.leak.l15', 'module.leak.l18', 'module.leak.l21', 'module.leak.l24', 'module.leak.l27', 'module.leak.l3', 'module.leak.l30', 'module.leak.l33', 'module.leak.l36', 'module.leak.l39', 'module.leak.l42', 'module.leak.l6', 'module.leak.l9'], Unexpected Keys: []
 Info: Accuracy of loaded ANN model: 0.9372
 Info: Thresholds loaded from trained ANN: [0.831040620803833, 1.4753763675689697, 0.32904037833213806, 0.6929887533187866, 0.20848481357097626, 0.48301830887794495, 0.3789688050746918, 0.29542970657348633, 1.2988295555114746, 3.8788959980010986, 1.2825186252593994, 2.7335851192474365, 2.7925970554351807, 1.3797931671142578, 1.5446691513061523]
 DataParallel(
  (module): VGG_SNN(
    (features): Sequential(
      (0): Conv2d(3, 64, kernel_size=(3, 3), stride=(1, 1), padding=(1, 1), bias=False)
      (1): ReLU(inplace=True)
      (2): Dropout(p=0.1, inplace=False)
      (3): Conv2d(64, 64, kernel_size=(3, 3), stride=(1, 1), padding=(1, 1), bias=False)
      (4): ReLU(inplace=True)
      (5): AvgPool2d(kernel_size=2, stride=2, padding=0)
      (6): Conv2d(64, 128, kernel_size=(3, 3), stride=(1, 1), padding=(1, 1), bias=False)
      (7): ReLU(inplace=True)
      (8): Dropout(p=0.1, inplace=False)
      (9): Conv2d(128, 128, kernel_size=(3, 3), stride=(1, 1), padding=(1, 1), bias=False)
      (10): ReLU(inplace=True)
      (11): AvgPool2d(kernel_size=2, stride=2, padding=0)
      (12): Conv2d(128, 256, kernel_size=(3, 3), stride=(1, 1), padding=(1, 1), bias=False)
      (13): ReLU(inplace=True)
      (14): Dropout(p=0.1, inplace=False)
      (15): Conv2d(256, 256, kernel_size=(3, 3), stride=(1, 1), padding=(1, 1), bias=False)
      (16): ReLU(inplace=True)
      (17): Dropout(p=0.1, inplace=False)
      (18): Conv2d(256, 256, kernel_size=(3, 3), stride=(1, 1), padding=(1, 1), bias=False)
      (19): ReLU(inplace=True)
      (20): AvgPool2d(kernel_size=2, stride=2, padding=0)
      (21): Conv2d(256, 512, kernel_size=(3, 3), stride=(1, 1), padding=(1, 1), bias=False)
      (22): ReLU(inplace=True)
      (23): Dropout(p=0.1, inplace=False)
      (24): Conv2d(512, 512, kernel_size=(3, 3), stride=(1, 1), padding=(1, 1), bias=False)
      (25): ReLU(inplace=True)
      (26): Dropout(p=0.1, inplace=False)
      (27): Conv2d(512, 512, kernel_size=(3, 3), stride=(1, 1), padding=(1, 1), bias=False)
      (28): ReLU(inplace=True)
      (29): AvgPool2d(kernel_size=2, stride=2, padding=0)
      (30): Conv2d(512, 512, kernel_size=(3, 3), stride=(1, 1), padding=(1, 1), bias=False)
      (31): ReLU(inplace=True)
      (32): Dropout(p=0.1, inplace=False)
      (33): Conv2d(512, 512, kernel_size=(3, 3), stride=(1, 1), padding=(1, 1), bias=False)
      (34): ReLU(inplace=True)
      (35): Dropout(p=0.1, inplace=False)
      (36): Conv2d(512, 512, kernel_size=(3, 3), stride=(1, 1), padding=(1, 1), bias=False)
      (37): ReLU(inplace=True)
      (38): Dropout(p=0.1, inplace=False)
    )
    (classifier): Sequential(
      (0): Linear(in_features=2048, out_features=4096, bias=False)
      (1): ReLU(inplace=True)
      (2): Dropout(p=0.1, inplace=False)
      (3): Linear(in_features=4096, out_features=4096, bias=False)
      (4): ReLU(inplace=True)
      (5): Dropout(p=0.1, inplace=False)
      (6): Linear(in_features=4096, out_features=10, bias=False)
    )
    (threshold): ParameterDict(
        (t0): Parameter containing: [torch.cuda.FloatTensor of size  (GPU 0)]
        (t12): Parameter containing: [torch.cuda.FloatTensor of size  (GPU 0)]
        (t15): Parameter containing: [torch.cuda.FloatTensor of size  (GPU 0)]
        (t18): Parameter containing: [torch.cuda.FloatTensor of size  (GPU 0)]
        (t21): Parameter containing: [torch.cuda.FloatTensor of size  (GPU 0)]
        (t24): Parameter containing: [torch.cuda.FloatTensor of size  (GPU 0)]
        (t27): Parameter containing: [torch.cuda.FloatTensor of size  (GPU 0)]
        (t3): Parameter containing: [torch.cuda.FloatTensor of size  (GPU 0)]
        (t30): Parameter containing: [torch.cuda.FloatTensor of size  (GPU 0)]
        (t33): Parameter containing: [torch.cuda.FloatTensor of size  (GPU 0)]
        (t36): Parameter containing: [torch.cuda.FloatTensor of size  (GPU 0)]
        (t39): Parameter containing: [torch.cuda.FloatTensor of size  (GPU 0)]
        (t42): Parameter containing: [torch.cuda.FloatTensor of size  (GPU 0)]
        (t6): Parameter containing: [torch.cuda.FloatTensor of size  (GPU 0)]
        (t9): Parameter containing: [torch.cuda.FloatTensor of size  (GPU 0)]
    )
    (leak): ParameterDict(
        (l0): Parameter containing: [torch.cuda.FloatTensor of size 1 (GPU 0)]
        (l12): Parameter containing: [torch.cuda.FloatTensor of size 1 (GPU 0)]
        (l15): Parameter containing: [torch.cuda.FloatTensor of size 1 (GPU 0)]
        (l18): Parameter containing: [torch.cuda.FloatTensor of size 1 (GPU 0)]
        (l21): Parameter containing: [torch.cuda.FloatTensor of size 1 (GPU 0)]
        (l24): Parameter containing: [torch.cuda.FloatTensor of size 1 (GPU 0)]
        (l27): Parameter containing: [torch.cuda.FloatTensor of size 1 (GPU 0)]
        (l3): Parameter containing: [torch.cuda.FloatTensor of size 1 (GPU 0)]
        (l30): Parameter containing: [torch.cuda.FloatTensor of size 1 (GPU 0)]
        (l33): Parameter containing: [torch.cuda.FloatTensor of size 1 (GPU 0)]
        (l36): Parameter containing: [torch.cuda.FloatTensor of size 1 (GPU 0)]
        (l39): Parameter containing: [torch.cuda.FloatTensor of size 1 (GPU 0)]
        (l42): Parameter containing: [torch.cuda.FloatTensor of size 1 (GPU 0)]
        (l6): Parameter containing: [torch.cuda.FloatTensor of size 1 (GPU 0)]
        (l9): Parameter containing: [torch.cuda.FloatTensor of size 1 (GPU 0)]
    )
  )
)
 Adam (
Parameter Group 0
    amsgrad: True
    betas: (0.9, 0.999)
    eps: 1e-08
    lr: 0.0001
    weight_decay: 0.0
)

Epoch: 1, batch: 500, train_loss: 0.5542, train_acc: 0.8880, threshold: [0.4, 0.74, 0.17, 0.37, 0.12, 0.26, 0.2, 0.15, 0.65, 1.94, 0.64, 1.37, 1.4, 0.69, 0.77], leak: [1.0, 0.99, 0.98, 0.97, 0.97, 0.97, 0.97, 0.99, 1.0, 0.99, 0.98, 0.97, 0.98, 0.99, 1.0], timesteps: 20, time: 0:06:41
Epoch: 1, lr: 1.0e-04, train_loss: 0.4261, train_acc: 0.9106 test_loss: 0.4775, test_acc: 0.8923, best: 0.8923 time: 0:12:04

Epoch: 2, batch: 500, train_loss: 0.1243, train_acc: 0.9673, threshold: [0.38, 0.75, 0.19, 0.39, 0.14, 0.27, 0.2, 0.15, 0.65, 1.94, 0.64, 1.37, 1.4, 0.69, 0.77], leak: [1.0, 0.97, 0.96, 0.95, 0.95, 0.95, 0.96, 0.98, 0.99, 0.99, 0.96, 0.96, 0.96, 0.99, 1.0], timesteps: 20, time: 0:06:48
Epoch: 2, lr: 1.0e-04, train_loss: 0.1209, train_acc: 0.9691 test_loss: 0.4518, test_acc: 0.9060, best: 0.9060 time: 0:12:12

Epoch: 3, batch: 500, train_loss: 0.0939, train_acc: 0.9758, threshold: [0.37, 0.76, 0.2, 0.4, 0.14, 0.28, 0.21, 0.15, 0.65, 1.94, 0.64, 1.37, 1.4, 0.69, 0.77], leak: [1.0, 0.96, 0.95, 0.93, 0.93, 0.93, 0.95, 0.98, 0.99, 0.98, 0.95, 0.94, 0.95, 0.99, 1.0], timesteps: 20, time: 0:06:49
Epoch: 3, lr: 1.0e-04, train_loss: 0.0903, train_acc: 0.9764 test_loss: 0.4253, test_acc: 0.8989, best: 0.9060 time: 0:12:06

Epoch: 4, batch: 500, train_loss: 0.0915, train_acc: 0.9770, threshold: [0.36, 0.76, 0.2, 0.41, 0.14, 0.28, 0.21, 0.15, 0.65, 1.94, 0.64, 1.37, 1.4, 0.69, 0.77], leak: [1.0, 0.96, 0.94, 0.92, 0.93, 0.93, 0.95, 0.97, 0.99, 0.98, 0.94, 0.93, 0.94, 0.99, 0.99], timesteps: 20, time: 0:06:48
Epoch: 4, lr: 1.0e-04, train_loss: 0.0867, train_acc: 0.9781 test_loss: 0.4443, test_acc: 0.9057, best: 0.9060 time: 0:12:06

Epoch: 5, batch: 500, train_loss: 0.0636, train_acc: 0.9824, threshold: [0.35, 0.76, 0.2, 0.41, 0.15, 0.28, 0.21, 0.15, 0.65, 1.94, 0.64, 1.37, 1.4, 0.69, 0.77], leak: [1.0, 0.95, 0.93, 0.91, 0.93, 0.92, 0.94, 0.97, 0.99, 0.98, 0.94, 0.92, 0.93, 0.99, 0.99], timesteps: 20, time: 0:06:48
Epoch: 5, lr: 1.0e-04, train_loss: 0.0652, train_acc: 0.9820 test_loss: 0.4215, test_acc: 0.9057, best: 0.9060 time: 0:12:05

Epoch: 6, batch: 500, train_loss: 0.0607, train_acc: 0.9839, threshold: [0.34, 0.77, 0.21, 0.42, 0.15, 0.28, 0.21, 0.15, 0.65, 1.94, 0.64, 1.37, 1.4, 0.69, 0.77], leak: [1.0, 0.94, 0.93, 0.91, 0.92, 0.92, 0.94, 0.97, 0.99, 0.98, 0.93, 0.91, 0.92, 0.98, 0.99], timesteps: 20, time: 0:06:48
Epoch: 6, lr: 1.0e-04, train_loss: 0.0651, train_acc: 0.9828 test_loss: 0.4463, test_acc: 0.9121, best: 0.9121 time: 0:12:12

Epoch: 7, batch: 500, train_loss: 0.0602, train_acc: 0.9829, threshold: [0.34, 0.77, 0.21, 0.42, 0.15, 0.29, 0.21, 0.15, 0.65, 1.94, 0.64, 1.37, 1.4, 0.69, 0.77], leak: [1.0, 0.94, 0.92, 0.9, 0.92, 0.92, 0.94, 0.97, 0.99, 0.98, 0.92, 0.9, 0.92, 0.98, 0.99], timesteps: 20, time: 0:06:48
Epoch: 7, lr: 1.0e-04, train_loss: 0.0611, train_acc: 0.9828 test_loss: 0.4416, test_acc: 0.9058, best: 0.9121 time: 0:12:05

Epoch: 8, batch: 500, train_loss: 0.0596, train_acc: 0.9830, threshold: [0.34, 0.77, 0.21, 0.43, 0.15, 0.29, 0.21, 0.15, 0.65, 1.94, 0.64, 1.37, 1.4, 0.69, 0.78], leak: [1.0, 0.93, 0.92, 0.9, 0.92, 0.92, 0.93, 0.97, 0.99, 0.98, 0.92, 0.9, 0.91, 0.98, 0.99], timesteps: 20, time: 0:06:48
Epoch: 8, lr: 1.0e-04, train_loss: 0.0610, train_acc: 0.9828 test_loss: 0.4077, test_acc: 0.9057, best: 0.9121 time: 0:12:05

Epoch: 9, batch: 500, train_loss: 0.0545, train_acc: 0.9853, threshold: [0.33, 0.78, 0.21, 0.43, 0.15, 0.29, 0.21, 0.15, 0.65, 1.93, 0.64, 1.37, 1.4, 0.69, 0.78], leak: [1.0, 0.93, 0.92, 0.89, 0.91, 0.92, 0.93, 0.97, 0.99, 0.97, 0.92, 0.89, 0.9, 0.98, 0.99], timesteps: 20, time: 0:06:46
Epoch: 9, lr: 1.0e-04, train_loss: 0.0570, train_acc: 0.9844 test_loss: 0.4326, test_acc: 0.9053, best: 0.9121 time: 0:12:04

Epoch: 10, batch: 500, train_loss: 0.0451, train_acc: 0.9871, threshold: [0.33, 0.78, 0.21, 0.43, 0.15, 0.29, 0.22, 0.15, 0.65, 1.94, 0.64, 1.37, 1.4, 0.69, 0.78], leak: [1.0, 0.92, 0.91, 0.89, 0.91, 0.91, 0.93, 0.96, 0.98, 0.97, 0.91, 0.88, 0.9, 0.98, 0.99], timesteps: 20, time: 0:06:48
Epoch: 10, lr: 1.0e-04, train_loss: 0.0454, train_acc: 0.9874 test_loss: 0.4505, test_acc: 0.9109, best: 0.9121 time: 0:12:06

Epoch: 11, batch: 500, train_loss: 0.0454, train_acc: 0.9877, threshold: [0.33, 0.78, 0.21, 0.44, 0.15, 0.29, 0.22, 0.15, 0.65, 1.94, 0.64, 1.37, 1.4, 0.69, 0.78], leak: [1.0, 0.92, 0.91, 0.88, 0.91, 0.91, 0.93, 0.96, 0.98, 0.97, 0.9, 0.88, 0.89, 0.98, 0.99], timesteps: 20, time: 0:06:47
Epoch: 11, lr: 1.0e-04, train_loss: 0.0472, train_acc: 0.9873 test_loss: 0.4478, test_acc: 0.9062, best: 0.9121 time: 0:12:01

Epoch: 12, batch: 500, train_loss: 0.0482, train_acc: 0.9863, threshold: [0.32, 0.78, 0.21, 0.44, 0.16, 0.29, 0.22, 0.15, 0.65, 1.94, 0.64, 1.37, 1.4, 0.69, 0.78], leak: [1.0, 0.92, 0.91, 0.88, 0.91, 0.91, 0.93, 0.96, 0.98, 0.97, 0.9, 0.87, 0.89, 0.98, 0.99], timesteps: 20, time: 0:06:45
Epoch: 12, lr: 1.0e-04, train_loss: 0.0486, train_acc: 0.9860 test_loss: 0.4082, test_acc: 0.9040, best: 0.9121 time: 0:12:02

Epoch: 13, batch: 500, train_loss: 0.0471, train_acc: 0.9867, threshold: [0.32, 0.78, 0.22, 0.44, 0.16, 0.29, 0.22, 0.15, 0.65, 1.93, 0.64, 1.37, 1.4, 0.69, 0.78], leak: [1.0, 0.91, 0.91, 0.88, 0.91, 0.91, 0.93, 0.96, 0.98, 0.97, 0.9, 0.87, 0.89, 0.98, 0.99], timesteps: 20, time: 0:06:46
Epoch: 13, lr: 1.0e-04, train_loss: 0.0447, train_acc: 0.9868 test_loss: 0.4454, test_acc: 0.9121, best: 0.9121 time: 0:12:01

Epoch: 14, batch: 500, train_loss: 0.0387, train_acc: 0.9889, threshold: [0.32, 0.79, 0.22, 0.45, 0.16, 0.29, 0.22, 0.15, 0.65, 1.94, 0.64, 1.37, 1.4, 0.69, 0.78], leak: [1.0, 0.91, 0.91, 0.88, 0.91, 0.91, 0.92, 0.96, 0.98, 0.97, 0.89, 0.87, 0.88, 0.98, 0.99], timesteps: 20, time: 0:06:47
Epoch: 14, lr: 1.0e-04, train_loss: 0.0394, train_acc: 0.9888 test_loss: 0.4256, test_acc: 0.9125, best: 0.9125 time: 0:12:11

Epoch: 15, batch: 500, train_loss: 0.0372, train_acc: 0.9896, threshold: [0.32, 0.79, 0.22, 0.45, 0.16, 0.29, 0.22, 0.15, 0.65, 1.94, 0.64, 1.37, 1.4, 0.69, 0.78], leak: [1.0, 0.91, 0.91, 0.87, 0.91, 0.91, 0.92, 0.96, 0.98, 0.97, 0.89, 0.86, 0.88, 0.98, 0.99], timesteps: 20, time: 0:06:48
Epoch: 15, lr: 1.0e-04, train_loss: 0.0400, train_acc: 0.9886 test_loss: 0.4866, test_acc: 0.9095, best: 0.9125 time: 0:12:05

Epoch: 16, batch: 500, train_loss: 0.0478, train_acc: 0.9864, threshold: [0.32, 0.79, 0.22, 0.45, 0.16, 0.29, 0.22, 0.15, 0.65, 1.94, 0.64, 1.37, 1.4, 0.69, 0.78], leak: [1.0, 0.91, 0.9, 0.87, 0.91, 0.91, 0.92, 0.96, 0.98, 0.96, 0.88, 0.86, 0.87, 0.97, 0.99], timesteps: 20, time: 0:06:48
Epoch: 16, lr: 1.0e-04, train_loss: 0.0444, train_acc: 0.9875 test_loss: 0.4026, test_acc: 0.9110, best: 0.9125 time: 0:12:05

Epoch: 17, batch: 500, train_loss: 0.0368, train_acc: 0.9898, threshold: [0.32, 0.79, 0.21, 0.45, 0.16, 0.29, 0.22, 0.15, 0.65, 1.94, 0.64, 1.37, 1.4, 0.69, 0.78], leak: [1.0, 0.9, 0.9, 0.87, 0.91, 0.91, 0.92, 0.96, 0.98, 0.96, 0.88, 0.85, 0.87, 0.97, 0.99], timesteps: 20, time: 0:06:48
Epoch: 17, lr: 1.0e-04, train_loss: 0.0376, train_acc: 0.9894 test_loss: 0.4311, test_acc: 0.9117, best: 0.9125 time: 0:12:04

Epoch: 18, batch: 500, train_loss: 0.0359, train_acc: 0.9890, threshold: [0.32, 0.79, 0.21, 0.45, 0.16, 0.29, 0.22, 0.15, 0.65, 1.94, 0.64, 1.37, 1.4, 0.69, 0.78], leak: [1.0, 0.9, 0.9, 0.87, 0.91, 0.91, 0.92, 0.96, 0.98, 0.96, 0.88, 0.85, 0.87, 0.97, 0.99], timesteps: 20, time: 0:06:48
Epoch: 18, lr: 1.0e-04, train_loss: 0.0378, train_acc: 0.9885 test_loss: 0.4957, test_acc: 0.9081, best: 0.9125 time: 0:12:06

Epoch: 19, batch: 500, train_loss: 0.0406, train_acc: 0.9894, threshold: [0.32, 0.79, 0.21, 0.45, 0.16, 0.29, 0.22, 0.15, 0.65, 1.94, 0.64, 1.37, 1.4, 0.69, 0.78], leak: [1.0, 0.89, 0.9, 0.87, 0.91, 0.92, 0.92, 0.96, 0.98, 0.96, 0.87, 0.84, 0.86, 0.97, 0.99], timesteps: 20, time: 0:06:48
Epoch: 19, lr: 1.0e-04, train_loss: 0.0401, train_acc: 0.9892 test_loss: 0.4653, test_acc: 0.9077, best: 0.9125 time: 0:12:01

Epoch: 20, batch: 500, train_loss: 0.0481, train_acc: 0.9869, threshold: [0.31, 0.8, 0.21, 0.46, 0.16, 0.3, 0.22, 0.15, 0.65, 1.94, 0.64, 1.37, 1.4, 0.69, 0.78], leak: [1.0, 0.89, 0.9, 0.87, 0.91, 0.92, 0.92, 0.96, 0.98, 0.96, 0.87, 0.84, 0.86, 0.97, 0.99], timesteps: 20, time: 0:06:43
Epoch: 20, lr: 1.0e-04, train_loss: 0.0528, train_acc: 0.9860 test_loss: 0.3852, test_acc: 0.9080, best: 0.9125 time: 0:11:56

Epoch: 21, batch: 500, train_loss: 0.0448, train_acc: 0.9880, threshold: [0.32, 0.8, 0.22, 0.46, 0.16, 0.3, 0.22, 0.15, 0.65, 1.94, 0.64, 1.37, 1.4, 0.69, 0.78], leak: [1.0, 0.89, 0.9, 0.87, 0.91, 0.91, 0.92, 0.96, 0.98, 0.96, 0.87, 0.84, 0.86, 0.97, 0.99], timesteps: 20, time: 0:06:43
Epoch: 21, lr: 1.0e-04, train_loss: 0.0420, train_acc: 0.9884 test_loss: 0.4606, test_acc: 0.9087, best: 0.9125 time: 0:11:57

Epoch: 22, batch: 500, train_loss: 0.0381, train_acc: 0.9895, threshold: [0.31, 0.8, 0.21, 0.46, 0.16, 0.3, 0.22, 0.15, 0.65, 1.94, 0.64, 1.37, 1.4, 0.69, 0.78], leak: [1.0, 0.89, 0.89, 0.86, 0.91, 0.92, 0.92, 0.95, 0.98, 0.96, 0.86, 0.83, 0.85, 0.97, 0.99], timesteps: 20, time: 0:06:44
Epoch: 22, lr: 1.0e-04, train_loss: 0.0352, train_acc: 0.9903 test_loss: 0.4079, test_acc: 0.9128, best: 0.9128 time: 0:12:02

Epoch: 23, batch: 500, train_loss: 0.0328, train_acc: 0.9904, threshold: [0.31, 0.8, 0.21, 0.46, 0.16, 0.3, 0.22, 0.15, 0.65, 1.94, 0.64, 1.37, 1.4, 0.69, 0.78], leak: [1.0, 0.88, 0.89, 0.86, 0.91, 0.92, 0.92, 0.95, 0.98, 0.96, 0.86, 0.83, 0.85, 0.97, 0.99], timesteps: 20, time: 0:06:41
Epoch: 23, lr: 1.0e-04, train_loss: 0.0347, train_acc: 0.9901 test_loss: 0.4119, test_acc: 0.9111, best: 0.9128 time: 0:11:54

Epoch: 24, batch: 500, train_loss: 0.0365, train_acc: 0.9896, threshold: [0.31, 0.8, 0.21, 0.46, 0.16, 0.3, 0.22, 0.15, 0.65, 1.94, 0.64, 1.37, 1.4, 0.69, 0.78], leak: [1.0, 0.88, 0.89, 0.86, 0.91, 0.92, 0.92, 0.95, 0.98, 0.96, 0.86, 0.82, 0.85, 0.97, 0.99], timesteps: 20, time: 0:06:42
Epoch: 24, lr: 1.0e-04, train_loss: 0.0353, train_acc: 0.9900 test_loss: 0.4234, test_acc: 0.9119, best: 0.9128 time: 0:17:10

Epoch: 25, batch: 500, train_loss: 0.0396, train_acc: 0.9889, threshold: [0.31, 0.8, 0.21, 0.46, 0.16, 0.3, 0.23, 0.15, 0.65, 1.94, 0.64, 1.37, 1.4, 0.69, 0.78], leak: [1.0, 0.88, 0.89, 0.86, 0.91, 0.91, 0.91, 0.95, 0.98, 0.95, 0.85, 0.82, 0.84, 0.97, 0.98], timesteps: 20, time: 0:06:26
Epoch: 25, lr: 1.0e-04, train_loss: 0.0360, train_acc: 0.9894 test_loss: 0.4012, test_acc: 0.9056, best: 0.9128 time: 0:11:28

Epoch: 26, batch: 500, train_loss: 0.0302, train_acc: 0.9912, threshold: [0.31, 0.8, 0.22, 0.47, 0.16, 0.3, 0.23, 0.15, 0.65, 1.94, 0.64, 1.37, 1.4, 0.69, 0.78], leak: [1.0, 0.88, 0.89, 0.86, 0.91, 0.91, 0.91, 0.95, 0.98, 0.95, 0.85, 0.82, 0.84, 0.97, 0.98], timesteps: 20, time: 0:06:30
Epoch: 26, lr: 1.0e-04, train_loss: 0.0312, train_acc: 0.9913 test_loss: 0.4480, test_acc: 0.9127, best: 0.9128 time: 0:11:34

Epoch: 27, batch: 500, train_loss: 0.0300, train_acc: 0.9911, threshold: [0.3, 0.8, 0.22, 0.47, 0.16, 0.3, 0.23, 0.15, 0.65, 1.94, 0.64, 1.37, 1.4, 0.69, 0.78], leak: [1.0, 0.88, 0.89, 0.86, 0.91, 0.92, 0.91, 0.95, 0.98, 0.95, 0.85, 0.81, 0.84, 0.97, 0.98], timesteps: 20, time: 0:06:30
Epoch: 27, lr: 1.0e-04, train_loss: 0.0309, train_acc: 0.9913 test_loss: 0.4215, test_acc: 0.9139, best: 0.9139 time: 0:11:39

Epoch: 28, batch: 500, train_loss: 0.0298, train_acc: 0.9907, threshold: [0.3, 0.8, 0.21, 0.47, 0.16, 0.3, 0.23, 0.15, 0.65, 1.94, 0.64, 1.37, 1.4, 0.69, 0.78], leak: [1.0, 0.88, 0.89, 0.86, 0.91, 0.92, 0.91, 0.95, 0.98, 0.95, 0.84, 0.81, 0.84, 0.97, 0.98], timesteps: 20, time: 0:06:30
Epoch: 28, lr: 1.0e-04, train_loss: 0.0319, train_acc: 0.9902 test_loss: 0.4234, test_acc: 0.9113, best: 0.9139 time: 0:11:33

Epoch: 29, batch: 500, train_loss: 0.0279, train_acc: 0.9918, threshold: [0.3, 0.8, 0.21, 0.47, 0.16, 0.3, 0.23, 0.15, 0.65, 1.94, 0.64, 1.37, 1.4, 0.69, 0.78], leak: [1.0, 0.88, 0.89, 0.86, 0.91, 0.92, 0.91, 0.95, 0.98, 0.95, 0.84, 0.81, 0.83, 0.97, 0.98], timesteps: 20, time: 0:06:32
Epoch: 29, lr: 1.0e-04, train_loss: 0.0268, train_acc: 0.9924 test_loss: 0.4679, test_acc: 0.9125, best: 0.9139 time: 0:11:36

Epoch: 30, batch: 500, train_loss: 0.0290, train_acc: 0.9921, threshold: [0.3, 0.8, 0.21, 0.47, 0.16, 0.3, 0.23, 0.15, 0.65, 1.94, 0.64, 1.37, 1.4, 0.69, 0.78], leak: [1.0, 0.88, 0.89, 0.86, 0.91, 0.92, 0.91, 0.95, 0.98, 0.95, 0.84, 0.8, 0.83, 0.97, 0.98], timesteps: 20, time: 0:06:30
Epoch: 30, lr: 1.0e-04, train_loss: 0.0293, train_acc: 0.9918 test_loss: 0.4488, test_acc: 0.9113, best: 0.9139 time: 0:11:34

Epoch: 31, batch: 500, train_loss: 0.0278, train_acc: 0.9924, threshold: [0.3, 0.8, 0.21, 0.47, 0.16, 0.3, 0.23, 0.15, 0.65, 1.94, 0.64, 1.37, 1.4, 0.69, 0.78], leak: [1.0, 0.87, 0.89, 0.86, 0.91, 0.92, 0.91, 0.95, 0.98, 0.95, 0.83, 0.8, 0.83, 0.96, 0.98], timesteps: 20, time: 0:06:31
Epoch: 31, lr: 1.0e-04, train_loss: 0.0286, train_acc: 0.9919 test_loss: 0.4689, test_acc: 0.9094, best: 0.9139 time: 0:11:36

Epoch: 32, batch: 500, train_loss: 0.0278, train_acc: 0.9922, threshold: [0.3, 0.8, 0.21, 0.47, 0.16, 0.31, 0.23, 0.15, 0.65, 1.94, 0.64, 1.37, 1.4, 0.69, 0.78], leak: [1.0, 0.87, 0.89, 0.86, 0.91, 0.91, 0.91, 0.94, 0.97, 0.95, 0.83, 0.8, 0.83, 0.96, 0.98], timesteps: 20, time: 0:06:33
Epoch: 32, lr: 1.0e-04, train_loss: 0.0285, train_acc: 0.9920 test_loss: 0.4340, test_acc: 0.9085, best: 0.9139 time: 0:11:36

Epoch: 33, batch: 500, train_loss: 0.0305, train_acc: 0.9915, threshold: [0.3, 0.8, 0.21, 0.48, 0.16, 0.31, 0.23, 0.15, 0.65, 1.94, 0.64, 1.37, 1.4, 0.69, 0.78], leak: [1.0, 0.87, 0.89, 0.86, 0.91, 0.91, 0.91, 0.94, 0.97, 0.95, 0.83, 0.8, 0.82, 0.96, 0.98], timesteps: 20, time: 0:06:31
Epoch: 33, lr: 1.0e-04, train_loss: 0.0298, train_acc: 0.9916 test_loss: 0.4409, test_acc: 0.9096, best: 0.9139 time: 0:11:36

Epoch: 34, batch: 500, train_loss: 0.0267, train_acc: 0.9922, threshold: [0.3, 0.8, 0.21, 0.48, 0.16, 0.31, 0.23, 0.15, 0.65, 1.94, 0.64, 1.37, 1.4, 0.69, 0.78], leak: [1.0, 0.87, 0.89, 0.85, 0.91, 0.91, 0.91, 0.94, 0.97, 0.94, 0.82, 0.79, 0.82, 0.96, 0.98], timesteps: 20, time: 0:06:30
Epoch: 34, lr: 1.0e-04, train_loss: 0.0252, train_acc: 0.9922 test_loss: 0.4694, test_acc: 0.9097, best: 0.9139 time: 0:11:34

Epoch: 35, batch: 500, train_loss: 0.0255, train_acc: 0.9922, threshold: [0.3, 0.8, 0.21, 0.48, 0.16, 0.31, 0.23, 0.15, 0.65, 1.94, 0.64, 1.37, 1.4, 0.69, 0.78], leak: [1.0, 0.87, 0.88, 0.85, 0.91, 0.92, 0.91, 0.94, 0.97, 0.94, 0.82, 0.79, 0.82, 0.96, 0.98], timesteps: 20, time: 0:06:32
Epoch: 35, lr: 1.0e-04, train_loss: 0.0249, train_acc: 0.9924 test_loss: 0.4164, test_acc: 0.9131, best: 0.9139 time: 0:11:37

Epoch: 36, batch: 500, train_loss: 0.0228, train_acc: 0.9940, threshold: [0.3, 0.8, 0.21, 0.48, 0.16, 0.31, 0.23, 0.15, 0.65, 1.94, 0.64, 1.37, 1.4, 0.69, 0.78], leak: [1.0, 0.87, 0.88, 0.85, 0.91, 0.91, 0.9, 0.94, 0.97, 0.94, 0.82, 0.79, 0.82, 0.96, 0.98], timesteps: 20, time: 0:06:32
Epoch: 36, lr: 1.0e-04, train_loss: 0.0237, train_acc: 0.9935 test_loss: 0.4528, test_acc: 0.9112, best: 0.9139 time: 0:11:37

Epoch: 37, batch: 500, train_loss: 0.0242, train_acc: 0.9928, threshold: [0.3, 0.8, 0.21, 0.48, 0.16, 0.31, 0.23, 0.15, 0.65, 1.94, 0.64, 1.37, 1.4, 0.69, 0.78], leak: [1.0, 0.87, 0.88, 0.85, 0.91, 0.92, 0.9, 0.94, 0.97, 0.94, 0.82, 0.78, 0.81, 0.96, 0.98], timesteps: 20, time: 0:06:33
Epoch: 37, lr: 1.0e-04, train_loss: 0.0262, train_acc: 0.9925 test_loss: 0.4330, test_acc: 0.9097, best: 0.9139 time: 0:11:36

Epoch: 38, batch: 500, train_loss: 0.0225, train_acc: 0.9936, threshold: [0.3, 0.8, 0.21, 0.48, 0.16, 0.31, 0.23, 0.15, 0.65, 1.94, 0.64, 1.37, 1.4, 0.7, 0.78], leak: [1.0, 0.87, 0.88, 0.85, 0.91, 0.92, 0.9, 0.94, 0.97, 0.94, 0.81, 0.78, 0.81, 0.96, 0.98], timesteps: 20, time: 0:06:32
Epoch: 38, lr: 1.0e-04, train_loss: 0.0218, train_acc: 0.9937 test_loss: 0.4483, test_acc: 0.9115, best: 0.9139 time: 0:11:34

Epoch: 39, batch: 500, train_loss: 0.0275, train_acc: 0.9918, threshold: [0.3, 0.81, 0.21, 0.48, 0.16, 0.31, 0.23, 0.15, 0.65, 1.94, 0.64, 1.37, 1.4, 0.7, 0.78], leak: [1.0, 0.86, 0.88, 0.85, 0.91, 0.92, 0.9, 0.94, 0.97, 0.94, 0.81, 0.78, 0.81, 0.96, 0.98], timesteps: 20, time: 0:06:29
Epoch: 39, lr: 1.0e-04, train_loss: 0.0246, train_acc: 0.9927 test_loss: 0.4254, test_acc: 0.9180, best: 0.9180 time: 0:11:40

Epoch: 40, batch: 500, train_loss: 0.0292, train_acc: 0.9916, threshold: [0.3, 0.81, 0.21, 0.48, 0.16, 0.31, 0.23, 0.15, 0.65, 1.94, 0.64, 1.37, 1.4, 0.7, 0.78], leak: [1.0, 0.86, 0.88, 0.85, 0.91, 0.92, 0.9, 0.94, 0.97, 0.94, 0.81, 0.78, 0.81, 0.96, 0.98], timesteps: 20, time: 0:06:30
Epoch: 40, lr: 1.0e-04, train_loss: 0.0280, train_acc: 0.9918 test_loss: 0.4343, test_acc: 0.9153, best: 0.9180 time: 0:11:34

Epoch: 41, batch: 500, train_loss: 0.0224, train_acc: 0.9933, threshold: [0.3, 0.81, 0.21, 0.48, 0.16, 0.31, 0.23, 0.15, 0.65, 1.94, 0.64, 1.37, 1.4, 0.7, 0.78], leak: [1.0, 0.86, 0.88, 0.85, 0.91, 0.92, 0.9, 0.94, 0.97, 0.94, 0.81, 0.78, 0.81, 0.96, 0.98], timesteps: 20, time: 0:06:32
Epoch: 41, lr: 1.0e-04, train_loss: 0.0218, train_acc: 0.9935 test_loss: 0.4302, test_acc: 0.9112, best: 0.9180 time: 0:11:34

Epoch: 42, batch: 500, train_loss: 0.0233, train_acc: 0.9932, threshold: [0.3, 0.81, 0.21, 0.48, 0.16, 0.31, 0.23, 0.15, 0.65, 1.94, 0.64, 1.37, 1.4, 0.7, 0.78], leak: [1.0, 0.86, 0.87, 0.85, 0.91, 0.92, 0.9, 0.94, 0.97, 0.94, 0.81, 0.78, 0.81, 0.96, 0.98], timesteps: 20, time: 0:06:29
Epoch: 42, lr: 1.0e-04, train_loss: 0.0226, train_acc: 0.9935 test_loss: 0.4631, test_acc: 0.9147, best: 0.9180 time: 0:11:33

Epoch: 43, batch: 500, train_loss: 0.0201, train_acc: 0.9939, threshold: [0.3, 0.81, 0.21, 0.48, 0.16, 0.31, 0.23, 0.15, 0.65, 1.94, 0.64, 1.37, 1.4, 0.7, 0.78], leak: [1.0, 0.86, 0.88, 0.85, 0.91, 0.92, 0.9, 0.94, 0.97, 0.94, 0.8, 0.77, 0.8, 0.96, 0.98], timesteps: 20, time: 0:06:31
Epoch: 43, lr: 1.0e-04, train_loss: 0.0253, train_acc: 0.9928 test_loss: 0.4205, test_acc: 0.9078, best: 0.9180 time: 0:11:36

Epoch: 44, batch: 500, train_loss: 0.0220, train_acc: 0.9930, threshold: [0.29, 0.81, 0.21, 0.49, 0.16, 0.31, 0.24, 0.15, 0.65, 1.94, 0.64, 1.37, 1.4, 0.7, 0.78], leak: [1.0, 0.86, 0.87, 0.85, 0.91, 0.92, 0.9, 0.94, 0.97, 0.94, 0.8, 0.77, 0.8, 0.96, 0.98], timesteps: 20, time: 0:06:32
Epoch: 44, lr: 1.0e-04, train_loss: 0.0223, train_acc: 0.9929 test_loss: 0.4643, test_acc: 0.9169, best: 0.9180 time: 0:11:36

Epoch: 45, batch: 500, train_loss: 0.0196, train_acc: 0.9943, threshold: [0.29, 0.81, 0.21, 0.49, 0.16, 0.31, 0.24, 0.15, 0.65, 1.94, 0.64, 1.37, 1.4, 0.7, 0.78], leak: [1.0, 0.86, 0.87, 0.85, 0.91, 0.92, 0.9, 0.94, 0.97, 0.94, 0.8, 0.77, 0.8, 0.96, 0.98], timesteps: 20, time: 0:06:31
Epoch: 45, lr: 1.0e-04, train_loss: 0.0213, train_acc: 0.9938 test_loss: 0.4496, test_acc: 0.9143, best: 0.9180 time: 0:11:34

Epoch: 46, batch: 500, train_loss: 0.0218, train_acc: 0.9935, threshold: [0.3, 0.81, 0.21, 0.49, 0.16, 0.31, 0.24, 0.15, 0.65, 1.94, 0.64, 1.37, 1.4, 0.7, 0.78], leak: [1.0, 0.85, 0.87, 0.85, 0.91, 0.92, 0.9, 0.94, 0.97, 0.94, 0.8, 0.77, 0.8, 0.96, 0.98], timesteps: 20, time: 0:06:32
Epoch: 46, lr: 1.0e-04, train_loss: 0.0223, train_acc: 0.9935 test_loss: 0.4689, test_acc: 0.9126, best: 0.9180 time: 0:11:35

Epoch: 47, batch: 500, train_loss: 0.0214, train_acc: 0.9935, threshold: [0.29, 0.81, 0.21, 0.49, 0.16, 0.31, 0.24, 0.15, 0.65, 1.94, 0.64, 1.37, 1.4, 0.7, 0.78], leak: [1.0, 0.85, 0.87, 0.85, 0.91, 0.92, 0.9, 0.94, 0.97, 0.94, 0.8, 0.77, 0.8, 0.96, 0.98], timesteps: 20, time: 0:06:33
Epoch: 47, lr: 1.0e-04, train_loss: 0.0209, train_acc: 0.9939 test_loss: 0.4004, test_acc: 0.9159, best: 0.9180 time: 0:11:37

Epoch: 48, batch: 500, train_loss: 0.0177, train_acc: 0.9946, threshold: [0.29, 0.81, 0.21, 0.49, 0.16, 0.31, 0.24, 0.15, 0.65, 1.94, 0.64, 1.37, 1.4, 0.7, 0.78], leak: [1.0, 0.85, 0.87, 0.85, 0.91, 0.92, 0.9, 0.94, 0.97, 0.93, 0.79, 0.76, 0.8, 0.96, 0.98], timesteps: 20, time: 0:06:32
Epoch: 48, lr: 1.0e-04, train_loss: 0.0225, train_acc: 0.9933 test_loss: 0.4418, test_acc: 0.9179, best: 0.9180 time: 0:11:37

Epoch: 49, batch: 500, train_loss: 0.0230, train_acc: 0.9932, threshold: [0.29, 0.81, 0.21, 0.49, 0.17, 0.32, 0.24, 0.15, 0.65, 1.94, 0.64, 1.37, 1.4, 0.7, 0.78], leak: [1.0, 0.85, 0.87, 0.85, 0.91, 0.92, 0.9, 0.94, 0.97, 0.93, 0.79, 0.76, 0.79, 0.96, 0.98], timesteps: 20, time: 0:06:31
Epoch: 49, lr: 1.0e-04, train_loss: 0.0216, train_acc: 0.9938 test_loss: 0.4622, test_acc: 0.9121, best: 0.9180 time: 0:11:35

Epoch: 50, batch: 500, train_loss: 0.0221, train_acc: 0.9936, threshold: [0.29, 0.81, 0.21, 0.49, 0.17, 0.32, 0.24, 0.15, 0.65, 1.94, 0.64, 1.37, 1.4, 0.7, 0.78], leak: [1.0, 0.85, 0.87, 0.85, 0.91, 0.92, 0.9, 0.94, 0.97, 0.93, 0.79, 0.76, 0.79, 0.96, 0.98], timesteps: 20, time: 0:06:32
Epoch: 50, lr: 1.0e-04, train_loss: 0.0228, train_acc: 0.9933 test_loss: 0.4549, test_acc: 0.9176, best: 0.9180 time: 0:11:36

Epoch: 51, batch: 500, train_loss: 0.0208, train_acc: 0.9938, threshold: [0.29, 0.81, 0.21, 0.49, 0.17, 0.31, 0.24, 0.15, 0.65, 1.94, 0.64, 1.37, 1.4, 0.7, 0.78], leak: [1.0, 0.85, 0.87, 0.85, 0.91, 0.92, 0.9, 0.94, 0.97, 0.93, 0.79, 0.76, 0.79, 0.96, 0.98], timesteps: 20, time: 0:06:33
Epoch: 51, lr: 1.0e-04, train_loss: 0.0213, train_acc: 0.9937 test_loss: 0.4410, test_acc: 0.9161, best: 0.9180 time: 0:11:38

Epoch: 52, batch: 500, train_loss: 0.0167, train_acc: 0.9952, threshold: [0.29, 0.81, 0.21, 0.49, 0.17, 0.32, 0.24, 0.15, 0.65, 1.94, 0.64, 1.37, 1.4, 0.7, 0.78], leak: [1.0, 0.85, 0.87, 0.85, 0.91, 0.92, 0.9, 0.94, 0.97, 0.93, 0.78, 0.76, 0.79, 0.96, 0.98], timesteps: 20, time: 0:06:32
Epoch: 52, lr: 1.0e-04, train_loss: 0.0189, train_acc: 0.9945 test_loss: 0.4448, test_acc: 0.9199, best: 0.9199 time: 0:11:43

Epoch: 53, batch: 500, train_loss: 0.0209, train_acc: 0.9936, threshold: [0.29, 0.81, 0.21, 0.49, 0.17, 0.31, 0.24, 0.15, 0.65, 1.94, 0.64, 1.37, 1.41, 0.7, 0.78], leak: [1.0, 0.85, 0.87, 0.84, 0.9, 0.92, 0.9, 0.94, 0.97, 0.93, 0.78, 0.75, 0.79, 0.96, 0.98], timesteps: 20, time: 0:06:32
Epoch: 53, lr: 1.0e-04, train_loss: 0.0210, train_acc: 0.9935 test_loss: 0.4289, test_acc: 0.9143, best: 0.9199 time: 0:11:37

Epoch: 54, batch: 500, train_loss: 0.0218, train_acc: 0.9941, threshold: [0.29, 0.8, 0.21, 0.49, 0.17, 0.31, 0.24, 0.15, 0.65, 1.94, 0.64, 1.37, 1.41, 0.7, 0.78], leak: [1.0, 0.85, 0.87, 0.84, 0.91, 0.93, 0.9, 0.94, 0.97, 0.93, 0.78, 0.75, 0.79, 0.96, 0.98], timesteps: 20, time: 0:06:33
Epoch: 54, lr: 1.0e-04, train_loss: 0.0224, train_acc: 0.9940 test_loss: 0.4246, test_acc: 0.9154, best: 0.9199 time: 0:11:37

Epoch: 55, batch: 500, train_loss: 0.0211, train_acc: 0.9939, threshold: [0.29, 0.81, 0.21, 0.5, 0.17, 0.31, 0.24, 0.15, 0.65, 1.94, 0.64, 1.37, 1.41, 0.7, 0.78], leak: [1.0, 0.85, 0.87, 0.84, 0.91, 0.93, 0.9, 0.94, 0.97, 0.93, 0.78, 0.75, 0.79, 0.96, 0.98], timesteps: 20, time: 0:06:32
Epoch: 55, lr: 1.0e-04, train_loss: 0.0199, train_acc: 0.9941 test_loss: 0.4235, test_acc: 0.9168, best: 0.9199 time: 0:11:35

Epoch: 56, batch: 500, train_loss: 0.0216, train_acc: 0.9937, threshold: [0.29, 0.81, 0.21, 0.5, 0.17, 0.31, 0.24, 0.15, 0.65, 1.94, 0.64, 1.37, 1.41, 0.7, 0.78], leak: [1.0, 0.85, 0.87, 0.84, 0.91, 0.93, 0.9, 0.94, 0.97, 0.93, 0.78, 0.75, 0.78, 0.96, 0.98], timesteps: 20, time: 0:06:30
Epoch: 56, lr: 1.0e-04, train_loss: 0.0213, train_acc: 0.9937 test_loss: 0.4594, test_acc: 0.9179, best: 0.9199 time: 0:11:35

Epoch: 57, batch: 500, train_loss: 0.0193, train_acc: 0.9940, threshold: [0.29, 0.81, 0.21, 0.5, 0.17, 0.31, 0.24, 0.15, 0.65, 1.94, 0.64, 1.37, 1.41, 0.7, 0.78], leak: [1.0, 0.85, 0.87, 0.84, 0.91, 0.93, 0.9, 0.94, 0.97, 0.93, 0.78, 0.75, 0.78, 0.96, 0.98], timesteps: 20, time: 0:06:32
Epoch: 57, lr: 1.0e-04, train_loss: 0.0203, train_acc: 0.9938 test_loss: 0.4386, test_acc: 0.9160, best: 0.9199 time: 0:11:36

Epoch: 58, batch: 500, train_loss: 0.0176, train_acc: 0.9951, threshold: [0.29, 0.81, 0.21, 0.5, 0.17, 0.32, 0.24, 0.15, 0.65, 1.94, 0.64, 1.37, 1.41, 0.7, 0.78], leak: [1.0, 0.84, 0.86, 0.84, 0.9, 0.93, 0.9, 0.93, 0.96, 0.93, 0.77, 0.75, 0.78, 0.96, 0.98], timesteps: 20, time: 0:06:31
Epoch: 58, lr: 1.0e-04, train_loss: 0.0188, train_acc: 0.9943 test_loss: 0.4464, test_acc: 0.9192, best: 0.9199 time: 0:11:35

Epoch: 59, batch: 500, train_loss: 0.0197, train_acc: 0.9941, threshold: [0.29, 0.81, 0.21, 0.5, 0.17, 0.32, 0.24, 0.15, 0.65, 1.94, 0.64, 1.37, 1.41, 0.7, 0.78], leak: [1.0, 0.84, 0.86, 0.84, 0.9, 0.93, 0.9, 0.93, 0.96, 0.93, 0.77, 0.74, 0.78, 0.96, 0.98], timesteps: 20, time: 0:06:32
Epoch: 59, lr: 1.0e-04, train_loss: 0.0190, train_acc: 0.9944 test_loss: 0.4746, test_acc: 0.9134, best: 0.9199 time: 0:11:36

Epoch: 60, batch: 500, train_loss: 0.0151, train_acc: 0.9955, threshold: [0.29, 0.81, 0.21, 0.5, 0.17, 0.32, 0.24, 0.15, 0.65, 1.94, 0.64, 1.37, 1.41, 0.7, 0.78], leak: [1.0, 0.84, 0.86, 0.84, 0.9, 0.93, 0.9, 0.93, 0.96, 0.93, 0.77, 0.74, 0.78, 0.96, 0.98], timesteps: 20, time: 0:06:31
Epoch: 60, lr: 2.0e-05, train_loss: 0.0135, train_acc: 0.9959 test_loss: 0.4231, test_acc: 0.9193, best: 0.9199 time: 0:11:36

Epoch: 61, batch: 500, train_loss: 0.0118, train_acc: 0.9964, threshold: [0.29, 0.81, 0.21, 0.5, 0.17, 0.32, 0.24, 0.15, 0.65, 1.94, 0.64, 1.37, 1.41, 0.7, 0.78], leak: [1.0, 0.84, 0.86, 0.84, 0.9, 0.93, 0.9, 0.93, 0.96, 0.93, 0.77, 0.74, 0.78, 0.96, 0.98], timesteps: 20, time: 0:06:32
Epoch: 61, lr: 2.0e-05, train_loss: 0.0111, train_acc: 0.9965 test_loss: 0.4079, test_acc: 0.9217, best: 0.9217 time: 0:11:43

Epoch: 62, batch: 500, train_loss: 0.0086, train_acc: 0.9973, threshold: [0.29, 0.81, 0.21, 0.5, 0.17, 0.32, 0.24, 0.15, 0.65, 1.94, 0.64, 1.37, 1.41, 0.7, 0.78], leak: [1.0, 0.84, 0.86, 0.84, 0.9, 0.93, 0.9, 0.93, 0.96, 0.93, 0.77, 0.74, 0.78, 0.96, 0.98], timesteps: 20, time: 0:06:32
Epoch: 62, lr: 2.0e-05, train_loss: 0.0090, train_acc: 0.9972 test_loss: 0.4237, test_acc: 0.9234, best: 0.9234 time: 0:11:42

Epoch: 63, batch: 500, train_loss: 0.0091, train_acc: 0.9972, threshold: [0.29, 0.81, 0.21, 0.5, 0.17, 0.32, 0.24, 0.15, 0.65, 1.94, 0.64, 1.37, 1.41, 0.7, 0.78], leak: [1.0, 0.84, 0.86, 0.84, 0.9, 0.93, 0.9, 0.93, 0.96, 0.93, 0.77, 0.74, 0.78, 0.96, 0.98], timesteps: 20, time: 0:06:32
Epoch: 63, lr: 2.0e-05, train_loss: 0.0086, train_acc: 0.9972 test_loss: 0.4185, test_acc: 0.9213, best: 0.9234 time: 0:11:36

Epoch: 64, batch: 500, train_loss: 0.0074, train_acc: 0.9975, threshold: [0.29, 0.81, 0.21, 0.5, 0.17, 0.32, 0.24, 0.15, 0.65, 1.94, 0.64, 1.37, 1.41, 0.7, 0.78], leak: [1.0, 0.84, 0.86, 0.84, 0.9, 0.93, 0.9, 0.93, 0.96, 0.93, 0.77, 0.74, 0.78, 0.96, 0.98], timesteps: 20, time: 0:06:31
Epoch: 64, lr: 2.0e-05, train_loss: 0.0073, train_acc: 0.9977 test_loss: 0.4367, test_acc: 0.9240, best: 0.9240 time: 0:11:40

Epoch: 65, batch: 500, train_loss: 0.0080, train_acc: 0.9976, threshold: [0.29, 0.81, 0.21, 0.5, 0.17, 0.32, 0.24, 0.15, 0.65, 1.94, 0.64, 1.37, 1.41, 0.7, 0.78], leak: [1.0, 0.84, 0.86, 0.84, 0.9, 0.93, 0.9, 0.93, 0.96, 0.93, 0.77, 0.74, 0.78, 0.96, 0.98], timesteps: 20, time: 0:06:31
Epoch: 65, lr: 2.0e-05, train_loss: 0.0073, train_acc: 0.9977 test_loss: 0.4295, test_acc: 0.9229, best: 0.9240 time: 0:11:36

Epoch: 66, batch: 500, train_loss: 0.0060, train_acc: 0.9979, threshold: [0.29, 0.81, 0.21, 0.5, 0.17, 0.32, 0.24, 0.15, 0.65, 1.94, 0.64, 1.37, 1.41, 0.7, 0.78], leak: [1.0, 0.84, 0.86, 0.84, 0.9, 0.93, 0.9, 0.93, 0.96, 0.93, 0.77, 0.74, 0.78, 0.96, 0.98], timesteps: 20, time: 0:06:32
Epoch: 66, lr: 2.0e-05, train_loss: 0.0060, train_acc: 0.9981 test_loss: 0.4283, test_acc: 0.9236, best: 0.9240 time: 0:11:37

Epoch: 67, batch: 500, train_loss: 0.0072, train_acc: 0.9978, threshold: [0.29, 0.81, 0.21, 0.5, 0.17, 0.32, 0.24, 0.15, 0.65, 1.94, 0.64, 1.37, 1.41, 0.7, 0.78], leak: [1.0, 0.84, 0.86, 0.84, 0.9, 0.93, 0.9, 0.93, 0.96, 0.92, 0.77, 0.74, 0.78, 0.96, 0.98], timesteps: 20, time: 0:06:33
Epoch: 67, lr: 2.0e-05, train_loss: 0.0068, train_acc: 0.9978 test_loss: 0.4325, test_acc: 0.9229, best: 0.9240 time: 0:11:37

Epoch: 68, batch: 500, train_loss: 0.0067, train_acc: 0.9980, threshold: [0.29, 0.81, 0.21, 0.5, 0.17, 0.32, 0.24, 0.15, 0.65, 1.94, 0.64, 1.37, 1.41, 0.7, 0.78], leak: [1.0, 0.84, 0.86, 0.84, 0.9, 0.93, 0.9, 0.93, 0.96, 0.92, 0.77, 0.74, 0.78, 0.96, 0.98], timesteps: 20, time: 0:06:33
Epoch: 68, lr: 2.0e-05, train_loss: 0.0058, train_acc: 0.9981 test_loss: 0.4328, test_acc: 0.9222, best: 0.9240 time: 0:11:35

Epoch: 69, batch: 500, train_loss: 0.0056, train_acc: 0.9981, threshold: [0.29, 0.81, 0.21, 0.5, 0.17, 0.32, 0.24, 0.15, 0.65, 1.94, 0.64, 1.37, 1.41, 0.7, 0.78], leak: [1.0, 0.84, 0.86, 0.84, 0.9, 0.93, 0.9, 0.93, 0.96, 0.92, 0.77, 0.74, 0.78, 0.96, 0.98], timesteps: 20, time: 0:06:31
Epoch: 69, lr: 2.0e-05, train_loss: 0.0057, train_acc: 0.9981 test_loss: 0.4487, test_acc: 0.9220, best: 0.9240 time: 0:11:35

Epoch: 70, batch: 500, train_loss: 0.0052, train_acc: 0.9986, threshold: [0.29, 0.81, 0.21, 0.5, 0.17, 0.32, 0.24, 0.15, 0.65, 1.94, 0.64, 1.37, 1.41, 0.7, 0.78], leak: [1.0, 0.84, 0.86, 0.84, 0.9, 0.93, 0.9, 0.93, 0.96, 0.92, 0.77, 0.74, 0.78, 0.96, 0.98], timesteps: 20, time: 0:06:32
Epoch: 70, lr: 2.0e-05, train_loss: 0.0050, train_acc: 0.9985 test_loss: 0.4535, test_acc: 0.9245, best: 0.9245 time: 0:11:44

Epoch: 71, batch: 500, train_loss: 0.0051, train_acc: 0.9982, threshold: [0.29, 0.81, 0.21, 0.5, 0.17, 0.32, 0.24, 0.15, 0.65, 1.94, 0.64, 1.37, 1.41, 0.7, 0.78], leak: [1.0, 0.84, 0.86, 0.84, 0.9, 0.93, 0.9, 0.93, 0.96, 0.92, 0.77, 0.74, 0.78, 0.96, 0.98], timesteps: 20, time: 0:06:32
Epoch: 71, lr: 2.0e-05, train_loss: 0.0055, train_acc: 0.9982 test_loss: 0.4649, test_acc: 0.9243, best: 0.9245 time: 0:11:36

Epoch: 72, batch: 500, train_loss: 0.0046, train_acc: 0.9989, threshold: [0.29, 0.81, 0.21, 0.5, 0.17, 0.32, 0.24, 0.15, 0.65, 1.94, 0.64, 1.37, 1.41, 0.7, 0.78], leak: [1.0, 0.84, 0.86, 0.84, 0.9, 0.93, 0.9, 0.93, 0.96, 0.92, 0.77, 0.74, 0.78, 0.96, 0.98], timesteps: 20, time: 0:06:32
Epoch: 72, lr: 2.0e-05, train_loss: 0.0050, train_acc: 0.9986 test_loss: 0.4469, test_acc: 0.9242, best: 0.9245 time: 0:11:36

Epoch: 73, batch: 500, train_loss: 0.0048, train_acc: 0.9983, threshold: [0.29, 0.81, 0.21, 0.5, 0.17, 0.32, 0.24, 0.15, 0.65, 1.94, 0.64, 1.37, 1.41, 0.7, 0.78], leak: [1.0, 0.84, 0.86, 0.84, 0.9, 0.93, 0.9, 0.93, 0.96, 0.92, 0.77, 0.74, 0.78, 0.96, 0.98], timesteps: 20, time: 0:06:32
Epoch: 73, lr: 2.0e-05, train_loss: 0.0046, train_acc: 0.9984 test_loss: 0.4518, test_acc: 0.9252, best: 0.9252 time: 0:11:42

Epoch: 74, batch: 500, train_loss: 0.0053, train_acc: 0.9986, threshold: [0.29, 0.81, 0.21, 0.5, 0.17, 0.32, 0.24, 0.15, 0.65, 1.94, 0.64, 1.37, 1.41, 0.7, 0.78], leak: [1.0, 0.84, 0.86, 0.84, 0.9, 0.93, 0.9, 0.93, 0.96, 0.92, 0.77, 0.74, 0.78, 0.96, 0.98], timesteps: 20, time: 0:06:33
Epoch: 74, lr: 2.0e-05, train_loss: 0.0053, train_acc: 0.9985 test_loss: 0.4498, test_acc: 0.9242, best: 0.9252 time: 0:11:36

Epoch: 75, batch: 500, train_loss: 0.0061, train_acc: 0.9981, threshold: [0.29, 0.81, 0.21, 0.5, 0.17, 0.32, 0.24, 0.15, 0.65, 1.94, 0.64, 1.37, 1.41, 0.7, 0.78], leak: [1.0, 0.84, 0.86, 0.84, 0.9, 0.93, 0.9, 0.93, 0.96, 0.92, 0.77, 0.74, 0.78, 0.96, 0.98], timesteps: 20, time: 0:06:32
Epoch: 75, lr: 2.0e-05, train_loss: 0.0057, train_acc: 0.9981 test_loss: 0.4467, test_acc: 0.9245, best: 0.9252 time: 0:11:36

Epoch: 76, batch: 500, train_loss: 0.0055, train_acc: 0.9985, threshold: [0.29, 0.81, 0.21, 0.5, 0.17, 0.32, 0.24, 0.15, 0.65, 1.94, 0.64, 1.37, 1.41, 0.7, 0.78], leak: [1.0, 0.84, 0.86, 0.84, 0.9, 0.93, 0.9, 0.93, 0.96, 0.92, 0.77, 0.74, 0.78, 0.96, 0.98], timesteps: 20, time: 0:06:33
Epoch: 76, lr: 2.0e-05, train_loss: 0.0051, train_acc: 0.9986 test_loss: 0.4595, test_acc: 0.9243, best: 0.9252 time: 0:11:37

Epoch: 77, batch: 500, train_loss: 0.0053, train_acc: 0.9986, threshold: [0.29, 0.81, 0.21, 0.5, 0.17, 0.32, 0.24, 0.15, 0.65, 1.94, 0.64, 1.37, 1.41, 0.7, 0.78], leak: [1.0, 0.84, 0.86, 0.84, 0.9, 0.93, 0.9, 0.93, 0.96, 0.92, 0.77, 0.74, 0.78, 0.96, 0.98], timesteps: 20, time: 0:06:32
Epoch: 77, lr: 2.0e-05, train_loss: 0.0048, train_acc: 0.9986 test_loss: 0.4589, test_acc: 0.9244, best: 0.9252 time: 0:11:38

Epoch: 78, batch: 500, train_loss: 0.0067, train_acc: 0.9980, threshold: [0.29, 0.81, 0.21, 0.5, 0.17, 0.32, 0.24, 0.15, 0.65, 1.94, 0.64, 1.37, 1.41, 0.7, 0.78], leak: [1.0, 0.84, 0.86, 0.84, 0.9, 0.93, 0.9, 0.93, 0.96, 0.92, 0.77, 0.74, 0.78, 0.96, 0.98], timesteps: 20, time: 0:06:32
Epoch: 78, lr: 2.0e-05, train_loss: 0.0065, train_acc: 0.9981 test_loss: 0.4392, test_acc: 0.9248, best: 0.9252 time: 0:11:37

Epoch: 79, batch: 500, train_loss: 0.0049, train_acc: 0.9987, threshold: [0.29, 0.81, 0.21, 0.5, 0.17, 0.32, 0.24, 0.15, 0.65, 1.94, 0.64, 1.37, 1.41, 0.7, 0.78], leak: [1.0, 0.84, 0.86, 0.84, 0.9, 0.93, 0.9, 0.93, 0.96, 0.92, 0.77, 0.74, 0.78, 0.96, 0.98], timesteps: 20, time: 0:06:30
Epoch: 79, lr: 2.0e-05, train_loss: 0.0051, train_acc: 0.9985 test_loss: 0.4563, test_acc: 0.9239, best: 0.9252 time: 0:11:34

Epoch: 80, batch: 500, train_loss: 0.0064, train_acc: 0.9980, threshold: [0.29, 0.81, 0.21, 0.5, 0.17, 0.32, 0.24, 0.15, 0.65, 1.94, 0.64, 1.37, 1.41, 0.7, 0.78], leak: [1.0, 0.84, 0.86, 0.84, 0.9, 0.93, 0.9, 0.93, 0.96, 0.92, 0.77, 0.74, 0.78, 0.96, 0.98], timesteps: 20, time: 0:06:32
Epoch: 80, lr: 4.0e-06, train_loss: 0.0057, train_acc: 0.9983 test_loss: 0.4450, test_acc: 0.9246, best: 0.9252 time: 0:11:35

Epoch: 81, batch: 500, train_loss: 0.0042, train_acc: 0.9987, threshold: [0.29, 0.81, 0.21, 0.5, 0.17, 0.32, 0.24, 0.15, 0.65, 1.94, 0.64, 1.37, 1.41, 0.7, 0.78], leak: [1.0, 0.84, 0.86, 0.84, 0.9, 0.93, 0.9, 0.93, 0.96, 0.92, 0.77, 0.74, 0.78, 0.96, 0.98], timesteps: 20, time: 0:06:32
Epoch: 81, lr: 4.0e-06, train_loss: 0.0041, train_acc: 0.9987 test_loss: 0.4499, test_acc: 0.9229, best: 0.9252 time: 0:11:36

Epoch: 82, batch: 500, train_loss: 0.0057, train_acc: 0.9983, threshold: [0.29, 0.81, 0.21, 0.5, 0.17, 0.32, 0.24, 0.15, 0.65, 1.94, 0.64, 1.37, 1.41, 0.7, 0.78], leak: [1.0, 0.84, 0.86, 0.84, 0.9, 0.93, 0.9, 0.93, 0.96, 0.92, 0.77, 0.74, 0.78, 0.96, 0.98], timesteps: 20, time: 0:06:33
Epoch: 82, lr: 4.0e-06, train_loss: 0.0054, train_acc: 0.9985 test_loss: 0.4422, test_acc: 0.9246, best: 0.9252 time: 0:11:37

Epoch: 83, batch: 500, train_loss: 0.0050, train_acc: 0.9983, threshold: [0.29, 0.81, 0.21, 0.5, 0.17, 0.32, 0.24, 0.15, 0.65, 1.94, 0.64, 1.37, 1.41, 0.7, 0.78], leak: [1.0, 0.84, 0.86, 0.84, 0.9, 0.93, 0.9, 0.93, 0.96, 0.92, 0.77, 0.74, 0.78, 0.96, 0.98], timesteps: 20, time: 0:06:29
Epoch: 83, lr: 4.0e-06, train_loss: 0.0053, train_acc: 0.9984 test_loss: 0.4448, test_acc: 0.9231, best: 0.9252 time: 0:11:33

Epoch: 84, batch: 500, train_loss: 0.0043, train_acc: 0.9988, threshold: [0.29, 0.81, 0.21, 0.5, 0.17, 0.32, 0.24, 0.15, 0.65, 1.94, 0.64, 1.37, 1.41, 0.7, 0.78], leak: [1.0, 0.84, 0.86, 0.84, 0.9, 0.93, 0.9, 0.93, 0.96, 0.92, 0.77, 0.74, 0.78, 0.96, 0.98], timesteps: 20, time: 0:06:33
Epoch: 84, lr: 4.0e-06, train_loss: 0.0041, train_acc: 0.9988 test_loss: 0.4457, test_acc: 0.9244, best: 0.9252 time: 0:11:38

Epoch: 85, batch: 500, train_loss: 0.0035, train_acc: 0.9986, threshold: [0.29, 0.81, 0.21, 0.5, 0.17, 0.32, 0.24, 0.15, 0.65, 1.94, 0.64, 1.37, 1.41, 0.7, 0.78], leak: [1.0, 0.84, 0.86, 0.84, 0.9, 0.93, 0.9, 0.93, 0.96, 0.92, 0.77, 0.74, 0.78, 0.96, 0.98], timesteps: 20, time: 0:06:33
Epoch: 85, lr: 4.0e-06, train_loss: 0.0037, train_acc: 0.9986 test_loss: 0.4340, test_acc: 0.9264, best: 0.9264 time: 0:11:45

Epoch: 86, batch: 500, train_loss: 0.0050, train_acc: 0.9986, threshold: [0.29, 0.81, 0.21, 0.5, 0.17, 0.32, 0.24, 0.15, 0.65, 1.94, 0.64, 1.37, 1.41, 0.7, 0.78], leak: [1.0, 0.84, 0.86, 0.84, 0.9, 0.93, 0.9, 0.93, 0.96, 0.92, 0.77, 0.74, 0.78, 0.96, 0.98], timesteps: 20, time: 0:06:33
Epoch: 86, lr: 4.0e-06, train_loss: 0.0048, train_acc: 0.9985 test_loss: 0.4357, test_acc: 0.9240, best: 0.9264 time: 0:11:38

Epoch: 87, batch: 500, train_loss: 0.0031, train_acc: 0.9989, threshold: [0.29, 0.81, 0.21, 0.5, 0.17, 0.32, 0.24, 0.15, 0.65, 1.94, 0.64, 1.37, 1.41, 0.7, 0.78], leak: [1.0, 0.84, 0.86, 0.84, 0.9, 0.93, 0.9, 0.93, 0.96, 0.92, 0.77, 0.74, 0.78, 0.96, 0.98], timesteps: 20, time: 0:06:33
Epoch: 87, lr: 4.0e-06, train_loss: 0.0037, train_acc: 0.9987 test_loss: 0.4428, test_acc: 0.9243, best: 0.9264 time: 0:11:38

Epoch: 88, batch: 500, train_loss: 0.0038, train_acc: 0.9988, threshold: [0.29, 0.81, 0.21, 0.5, 0.17, 0.32, 0.24, 0.15, 0.65, 1.94, 0.64, 1.37, 1.41, 0.7, 0.78], leak: [1.0, 0.84, 0.86, 0.84, 0.9, 0.93, 0.9, 0.93, 0.96, 0.92, 0.77, 0.74, 0.78, 0.96, 0.98], timesteps: 20, time: 0:06:33
Epoch: 88, lr: 4.0e-06, train_loss: 0.0043, train_acc: 0.9986 test_loss: 0.4403, test_acc: 0.9250, best: 0.9264 time: 0:11:37

Epoch: 89, batch: 500, train_loss: 0.0048, train_acc: 0.9987, threshold: [0.29, 0.81, 0.21, 0.5, 0.17, 0.32, 0.24, 0.15, 0.65, 1.94, 0.64, 1.37, 1.41, 0.7, 0.78], leak: [1.0, 0.84, 0.86, 0.84, 0.9, 0.93, 0.9, 0.93, 0.96, 0.92, 0.77, 0.74, 0.78, 0.96, 0.98], timesteps: 20, time: 0:06:32
Epoch: 89, lr: 4.0e-06, train_loss: 0.0042, train_acc: 0.9987 test_loss: 0.4354, test_acc: 0.9255, best: 0.9264 time: 0:11:36

Epoch: 90, batch: 500, train_loss: 0.0036, train_acc: 0.9989, threshold: [0.29, 0.81, 0.21, 0.5, 0.17, 0.32, 0.24, 0.15, 0.65, 1.94, 0.64, 1.37, 1.41, 0.7, 0.78], leak: [1.0, 0.84, 0.86, 0.84, 0.9, 0.93, 0.9, 0.93, 0.96, 0.92, 0.77, 0.74, 0.78, 0.96, 0.98], timesteps: 20, time: 0:06:34
Epoch: 90, lr: 8.0e-07, train_loss: 0.0038, train_acc: 0.9988 test_loss: 0.4400, test_acc: 0.9245, best: 0.9264 time: 0:11:39

Epoch: 91, batch: 500, train_loss: 0.0046, train_acc: 0.9987, threshold: [0.29, 0.81, 0.21, 0.5, 0.17, 0.32, 0.24, 0.15, 0.65, 1.94, 0.64, 1.37, 1.41, 0.7, 0.78], leak: [1.0, 0.84, 0.86, 0.84, 0.9, 0.93, 0.9, 0.93, 0.96, 0.92, 0.77, 0.74, 0.78, 0.96, 0.98], timesteps: 20, time: 0:06:33
Epoch: 91, lr: 8.0e-07, train_loss: 0.0044, train_acc: 0.9986 test_loss: 0.4413, test_acc: 0.9263, best: 0.9264 time: 0:11:37

Epoch: 92, batch: 500, train_loss: 0.0041, train_acc: 0.9987, threshold: [0.29, 0.81, 0.21, 0.5, 0.17, 0.32, 0.24, 0.15, 0.65, 1.94, 0.64, 1.37, 1.41, 0.7, 0.78], leak: [1.0, 0.84, 0.86, 0.84, 0.9, 0.93, 0.9, 0.93, 0.96, 0.92, 0.77, 0.74, 0.78, 0.96, 0.98], timesteps: 20, time: 0:06:32
Epoch: 92, lr: 8.0e-07, train_loss: 0.0039, train_acc: 0.9987 test_loss: 0.4412, test_acc: 0.9259, best: 0.9264 time: 0:11:36

Epoch: 93, batch: 500, train_loss: 0.0041, train_acc: 0.9989, threshold: [0.29, 0.81, 0.21, 0.5, 0.17, 0.32, 0.24, 0.15, 0.65, 1.94, 0.64, 1.37, 1.41, 0.7, 0.78], leak: [1.0, 0.84, 0.86, 0.84, 0.9, 0.93, 0.9, 0.93, 0.96, 0.92, 0.77, 0.74, 0.78, 0.96, 0.98], timesteps: 20, time: 0:06:32
Epoch: 93, lr: 8.0e-07, train_loss: 0.0041, train_acc: 0.9988 test_loss: 0.4495, test_acc: 0.9230, best: 0.9264 time: 0:11:37

Epoch: 94, batch: 500, train_loss: 0.0036, train_acc: 0.9990, threshold: [0.29, 0.81, 0.21, 0.5, 0.17, 0.32, 0.24, 0.15, 0.65, 1.94, 0.64, 1.37, 1.41, 0.7, 0.78], leak: [1.0, 0.84, 0.86, 0.84, 0.9, 0.93, 0.9, 0.93, 0.96, 0.92, 0.77, 0.74, 0.78, 0.96, 0.98], timesteps: 20, time: 0:06:33
Epoch: 94, lr: 8.0e-07, train_loss: 0.0041, train_acc: 0.9989 test_loss: 0.4469, test_acc: 0.9236, best: 0.9264 time: 0:11:37

Epoch: 95, batch: 500, train_loss: 0.0035, train_acc: 0.9987, threshold: [0.29, 0.81, 0.21, 0.5, 0.17, 0.32, 0.24, 0.15, 0.65, 1.94, 0.64, 1.37, 1.41, 0.7, 0.78], leak: [1.0, 0.84, 0.86, 0.84, 0.9, 0.93, 0.9, 0.93, 0.96, 0.92, 0.77, 0.74, 0.78, 0.96, 0.98], timesteps: 20, time: 0:06:33
Epoch: 95, lr: 8.0e-07, train_loss: 0.0042, train_acc: 0.9986 test_loss: 0.4443, test_acc: 0.9238, best: 0.9264 time: 0:11:37

Epoch: 96, batch: 500, train_loss: 0.0030, train_acc: 0.9991, threshold: [0.29, 0.81, 0.21, 0.5, 0.17, 0.32, 0.24, 0.15, 0.65, 1.94, 0.64, 1.37, 1.41, 0.7, 0.78], leak: [1.0, 0.84, 0.86, 0.84, 0.9, 0.93, 0.9, 0.93, 0.96, 0.92, 0.77, 0.74, 0.78, 0.96, 0.98], timesteps: 20, time: 0:06:31
Epoch: 96, lr: 8.0e-07, train_loss: 0.0037, train_acc: 0.9990 test_loss: 0.4429, test_acc: 0.9247, best: 0.9264 time: 0:11:36

Epoch: 97, batch: 500, train_loss: 0.0041, train_acc: 0.9988, threshold: [0.29, 0.81, 0.21, 0.5, 0.17, 0.32, 0.24, 0.15, 0.65, 1.94, 0.64, 1.37, 1.41, 0.7, 0.78], leak: [1.0, 0.84, 0.86, 0.84, 0.9, 0.93, 0.9, 0.93, 0.96, 0.92, 0.77, 0.74, 0.78, 0.96, 0.98], timesteps: 20, time: 0:06:33
Epoch: 97, lr: 8.0e-07, train_loss: 0.0040, train_acc: 0.9986 test_loss: 0.4457, test_acc: 0.9250, best: 0.9264 time: 0:11:36

Epoch: 98, batch: 500, train_loss: 0.0040, train_acc: 0.9987, threshold: [0.29, 0.81, 0.21, 0.5, 0.17, 0.32, 0.24, 0.15, 0.65, 1.94, 0.64, 1.37, 1.41, 0.7, 0.78], leak: [1.0, 0.84, 0.86, 0.84, 0.9, 0.93, 0.9, 0.93, 0.96, 0.92, 0.77, 0.74, 0.78, 0.96, 0.98], timesteps: 20, time: 0:06:32
Epoch: 98, lr: 8.0e-07, train_loss: 0.0042, train_acc: 0.9986 test_loss: 0.4387, test_acc: 0.9248, best: 0.9264 time: 0:11:37

Epoch: 99, batch: 500, train_loss: 0.0027, train_acc: 0.9991, threshold: [0.29, 0.81, 0.21, 0.5, 0.17, 0.32, 0.24, 0.15, 0.65, 1.94, 0.64, 1.37, 1.41, 0.7, 0.78], leak: [1.0, 0.84, 0.86, 0.84, 0.9, 0.93, 0.9, 0.93, 0.96, 0.92, 0.77, 0.74, 0.78, 0.96, 0.98], timesteps: 20, time: 0:06:33
Epoch: 99, lr: 8.0e-07, train_loss: 0.0033, train_acc: 0.9989 test_loss: 0.4477, test_acc: 0.9242, best: 0.9264 time: 0:11:38
 Highest accuracy: 0.9264