
 Run on time: 2020-05-22 16:32:31.163258

 Arguments: 
	 gpu                  : True
	 seed                 : 0
	 dataset              : CIFAR100
	 batch_size           : 64
	 architecture         : RESNET20
	 learning_rate        : 0.0001
	 pretrained_ann       : ./trained_models/ann/ann_resnet20_cifar100.pth
	 pretrained_snn       : 
	 test_only            : False
	 log                  : True
	 epochs               : 100
	 lr_interval          : [60, 80, 90]
	 lr_reduce            : 5
	 timesteps            : 25
	 leak                 : 1.0
	 scaling_factor       : 0.6
	 default_threshold    : 1.0
	 activation           : Linear
	 alpha                : 0.3
	 beta                 : 0.01
	 optimizer            : Adam
	 weight_decay         : 0.0
	 momentum             : 0.9
	 amsgrad              : True
	 betas                : 0.9,0.999
	 dropout              : 0.1
	 kernel_size          : 3
	 test_acc_every_batch : False
	 train_acc_batches    : 500
	 devices              : 1
	 resume               : 
 Missing keys : ['module.threshold.t0', 'module.threshold.t10', 'module.threshold.t11', 'module.threshold.t12', 'module.threshold.t13', 'module.threshold.t14', 'module.threshold.t15', 'module.threshold.t16', 'module.threshold.t17', 'module.threshold.t18', 'module.threshold.t19', 'module.threshold.t20', 'module.threshold.t21', 'module.threshold.t22', 'module.threshold.t23', 'module.threshold.t24', 'module.threshold.t3', 'module.threshold.t6', 'module.threshold.t9', 'module.leak.l0', 'module.leak.l10', 'module.leak.l11', 'module.leak.l12', 'module.leak.l13', 'module.leak.l14', 'module.leak.l15', 'module.leak.l16', 'module.leak.l17', 'module.leak.l18', 'module.leak.l19', 'module.leak.l20', 'module.leak.l21', 'module.leak.l22', 'module.leak.l23', 'module.leak.l24', 'module.leak.l3', 'module.leak.l6', 'module.leak.l9'], Unexpected Keys: []
 Info: Accuracy of loaded ANN model: 0.6464
 Info: Thresholds loaded from trained ANN: [1.5408837795257568, 2.553335666656494, 2.943711042404175]
 DataParallel(
  (module): RESNET_SNN(
    (pre_process): Sequential(
      (0): Conv2d(3, 64, kernel_size=(3, 3), stride=(1, 1), padding=(1, 1), bias=False)
      (1): ReLU()
      (2): Dropout(p=0.1, inplace=False)
      (3): Conv2d(64, 64, kernel_size=(3, 3), stride=(1, 1), padding=(1, 1), bias=False)
      (4): ReLU()
      (5): Dropout(p=0.1, inplace=False)
      (6): Conv2d(64, 64, kernel_size=(3, 3), stride=(1, 1), padding=(1, 1), bias=False)
      (7): ReLU()
      (8): AvgPool2d(kernel_size=2, stride=2, padding=0)
    )
    (layer1): Sequential(
      (0): BasicBlock(
        (residual): Sequential(
          (0): Conv2d(64, 64, kernel_size=(3, 3), stride=(1, 1), padding=(1, 1), bias=False)
          (1): ReLU()
          (2): Dropout(p=0.1, inplace=False)
          (3): Conv2d(64, 64, kernel_size=(3, 3), stride=(1, 1), padding=(1, 1), bias=False)
        )
        (identity): Sequential()
      )
      (1): BasicBlock(
        (residual): Sequential(
          (0): Conv2d(64, 64, kernel_size=(3, 3), stride=(1, 1), padding=(1, 1), bias=False)
          (1): ReLU()
          (2): Dropout(p=0.1, inplace=False)
          (3): Conv2d(64, 64, kernel_size=(3, 3), stride=(1, 1), padding=(1, 1), bias=False)
        )
        (identity): Sequential()
      )
    )
    (layer2): Sequential(
      (0): BasicBlock(
        (residual): Sequential(
          (0): Conv2d(64, 128, kernel_size=(3, 3), stride=(2, 2), padding=(1, 1), bias=False)
          (1): ReLU()
          (2): Dropout(p=0.1, inplace=False)
          (3): Conv2d(128, 128, kernel_size=(3, 3), stride=(1, 1), padding=(1, 1), bias=False)
        )
        (identity): Sequential(
          (0): Conv2d(64, 128, kernel_size=(1, 1), stride=(2, 2), bias=False)
        )
      )
      (1): BasicBlock(
        (residual): Sequential(
          (0): Conv2d(128, 128, kernel_size=(3, 3), stride=(1, 1), padding=(1, 1), bias=False)
          (1): ReLU()
          (2): Dropout(p=0.1, inplace=False)
          (3): Conv2d(128, 128, kernel_size=(3, 3), stride=(1, 1), padding=(1, 1), bias=False)
        )
        (identity): Sequential()
      )
    )
    (layer3): Sequential(
      (0): BasicBlock(
        (residual): Sequential(
          (0): Conv2d(128, 256, kernel_size=(3, 3), stride=(2, 2), padding=(1, 1), bias=False)
          (1): ReLU()
          (2): Dropout(p=0.1, inplace=False)
          (3): Conv2d(256, 256, kernel_size=(3, 3), stride=(1, 1), padding=(1, 1), bias=False)
        )
        (identity): Sequential(
          (0): Conv2d(128, 256, kernel_size=(1, 1), stride=(2, 2), bias=False)
        )
      )
      (1): BasicBlock(
        (residual): Sequential(
          (0): Conv2d(256, 256, kernel_size=(3, 3), stride=(1, 1), padding=(1, 1), bias=False)
          (1): ReLU()
          (2): Dropout(p=0.1, inplace=False)
          (3): Conv2d(256, 256, kernel_size=(3, 3), stride=(1, 1), padding=(1, 1), bias=False)
        )
        (identity): Sequential()
      )
    )
    (layer4): Sequential(
      (0): BasicBlock(
        (residual): Sequential(
          (0): Conv2d(256, 512, kernel_size=(3, 3), stride=(2, 2), padding=(1, 1), bias=False)
          (1): ReLU()
          (2): Dropout(p=0.1, inplace=False)
          (3): Conv2d(512, 512, kernel_size=(3, 3), stride=(1, 1), padding=(1, 1), bias=False)
        )
        (identity): Sequential(
          (0): Conv2d(256, 512, kernel_size=(1, 1), stride=(2, 2), bias=False)
        )
      )
      (1): BasicBlock(
        (residual): Sequential(
          (0): Conv2d(512, 512, kernel_size=(3, 3), stride=(1, 1), padding=(1, 1), bias=False)
          (1): ReLU()
          (2): Dropout(p=0.1, inplace=False)
          (3): Conv2d(512, 512, kernel_size=(3, 3), stride=(1, 1), padding=(1, 1), bias=False)
        )
        (identity): Sequential()
      )
    )
    (classifier): Sequential(
      (0): Linear(in_features=2048, out_features=100, bias=False)
    )
    (threshold): ParameterDict(
        (t0): Parameter containing: [torch.cuda.FloatTensor of size  (GPU 0)]
        (t10): Parameter containing: [torch.cuda.FloatTensor of size  (GPU 0)]
        (t11): Parameter containing: [torch.cuda.FloatTensor of size  (GPU 0)]
        (t12): Parameter containing: [torch.cuda.FloatTensor of size  (GPU 0)]
        (t13): Parameter containing: [torch.cuda.FloatTensor of size  (GPU 0)]
        (t14): Parameter containing: [torch.cuda.FloatTensor of size  (GPU 0)]
        (t15): Parameter containing: [torch.cuda.FloatTensor of size  (GPU 0)]
        (t16): Parameter containing: [torch.cuda.FloatTensor of size  (GPU 0)]
        (t17): Parameter containing: [torch.cuda.FloatTensor of size  (GPU 0)]
        (t18): Parameter containing: [torch.cuda.FloatTensor of size  (GPU 0)]
        (t19): Parameter containing: [torch.cuda.FloatTensor of size  (GPU 0)]
        (t20): Parameter containing: [torch.cuda.FloatTensor of size  (GPU 0)]
        (t21): Parameter containing: [torch.cuda.FloatTensor of size  (GPU 0)]
        (t22): Parameter containing: [torch.cuda.FloatTensor of size  (GPU 0)]
        (t23): Parameter containing: [torch.cuda.FloatTensor of size  (GPU 0)]
        (t24): Parameter containing: [torch.cuda.FloatTensor of size  (GPU 0)]
        (t3): Parameter containing: [torch.cuda.FloatTensor of size  (GPU 0)]
        (t6): Parameter containing: [torch.cuda.FloatTensor of size  (GPU 0)]
        (t9): Parameter containing: [torch.cuda.FloatTensor of size  (GPU 0)]
    )
    (leak): ParameterDict(
        (l0): Parameter containing: [torch.cuda.FloatTensor of size  (GPU 0)]
        (l10): Parameter containing: [torch.cuda.FloatTensor of size  (GPU 0)]
        (l11): Parameter containing: [torch.cuda.FloatTensor of size  (GPU 0)]
        (l12): Parameter containing: [torch.cuda.FloatTensor of size  (GPU 0)]
        (l13): Parameter containing: [torch.cuda.FloatTensor of size  (GPU 0)]
        (l14): Parameter containing: [torch.cuda.FloatTensor of size  (GPU 0)]
        (l15): Parameter containing: [torch.cuda.FloatTensor of size  (GPU 0)]
        (l16): Parameter containing: [torch.cuda.FloatTensor of size  (GPU 0)]
        (l17): Parameter containing: [torch.cuda.FloatTensor of size  (GPU 0)]
        (l18): Parameter containing: [torch.cuda.FloatTensor of size  (GPU 0)]
        (l19): Parameter containing: [torch.cuda.FloatTensor of size  (GPU 0)]
        (l20): Parameter containing: [torch.cuda.FloatTensor of size  (GPU 0)]
        (l21): Parameter containing: [torch.cuda.FloatTensor of size  (GPU 0)]
        (l22): Parameter containing: [torch.cuda.FloatTensor of size  (GPU 0)]
        (l23): Parameter containing: [torch.cuda.FloatTensor of size  (GPU 0)]
        (l24): Parameter containing: [torch.cuda.FloatTensor of size  (GPU 0)]
        (l3): Parameter containing: [torch.cuda.FloatTensor of size  (GPU 0)]
        (l6): Parameter containing: [torch.cuda.FloatTensor of size  (GPU 0)]
        (l9): Parameter containing: [torch.cuda.FloatTensor of size  (GPU 0)]
    )
  )
)
 Adam (
Parameter Group 0
    amsgrad: True
    betas: (0.9, 0.999)
    eps: 1e-08
    lr: 0.0001
    weight_decay: 0.0
)

Epoch: 1, batch: 500, train_loss: 0.7483, train_acc: 0.7877, threshold: [0.92, 1.53, 1.77, 0.99, 1.0, 1.0, 1.0, 0.99, 1.0, 0.99, 0.99, 0.98, 0.99, 0.99, 0.97, 0.97, 0.97, 0.98, 0.96], leak: [1.0, 1.0, 1.0, 1.0, 1.0, 1.0, 1.0, 1.0, 1.0, 1.0, 0.99, 1.0, 1.0, 1.0, 1.0, 1.0, 1.0, 1.0, 1.0], timesteps: 25, time: 0:10:35
Epoch: 1, lr: 1.0e-04, train_loss: 0.6859, train_acc: 0.8016 test_loss: 1.5535, test_acc: 0.6071, best: 0.6071 time: 0:18:44

Epoch: 2, batch: 500, train_loss: 0.4594, train_acc: 0.8618, threshold: [0.91, 1.53, 1.77, 0.99, 1.0, 1.0, 1.0, 0.98, 1.0, 0.99, 0.99, 0.97, 0.98, 0.98, 0.95, 0.94, 0.93, 0.95, 0.91], leak: [1.0, 1.0, 1.0, 1.0, 1.0, 1.0, 1.0, 1.0, 0.99, 1.0, 0.99, 1.0, 0.99, 1.0, 1.0, 1.0, 1.0, 1.0, 1.0], timesteps: 25, time: 0:10:46
Epoch: 2, lr: 1.0e-04, train_loss: 0.4682, train_acc: 0.8590 test_loss: 1.5394, test_acc: 0.6115, best: 0.6115 time: 0:18:51

Epoch: 3, batch: 500, train_loss: 0.3955, train_acc: 0.8832, threshold: [0.91, 1.53, 1.78, 0.99, 1.0, 0.99, 1.0, 0.97, 1.0, 0.99, 0.99, 0.96, 0.98, 0.97, 0.93, 0.92, 0.89, 0.92, 0.86], leak: [1.0, 1.0, 1.0, 1.0, 1.0, 1.0, 0.99, 1.0, 0.99, 1.0, 0.99, 1.0, 0.98, 1.0, 1.0, 1.0, 1.0, 1.0, 1.0], timesteps: 25, time: 0:10:44
Epoch: 3, lr: 1.0e-04, train_loss: 0.4069, train_acc: 0.8795 test_loss: 1.5416, test_acc: 0.6047, best: 0.6115 time: 0:18:46

Epoch: 4, batch: 500, train_loss: 0.3907, train_acc: 0.8902, threshold: [0.9, 1.53, 1.78, 0.99, 1.0, 0.99, 1.0, 0.97, 1.01, 0.99, 0.99, 0.96, 0.98, 0.96, 0.92, 0.9, 0.87, 0.9, 0.83], leak: [1.0, 1.0, 1.0, 1.0, 1.0, 1.0, 0.99, 1.0, 0.99, 1.0, 0.98, 1.0, 0.97, 1.0, 1.0, 1.0, 1.0, 1.0, 1.0], timesteps: 25, time: 0:10:41
Epoch: 4, lr: 1.0e-04, train_loss: 0.3994, train_acc: 0.8877 test_loss: 1.5240, test_acc: 0.6145, best: 0.6145 time: 0:18:42

Epoch: 5, batch: 500, train_loss: 0.3585, train_acc: 0.9006, threshold: [0.89, 1.53, 1.78, 0.99, 1.0, 0.99, 1.0, 0.97, 1.01, 0.99, 1.0, 0.96, 0.98, 0.95, 0.91, 0.88, 0.85, 0.87, 0.8], leak: [1.0, 1.0, 1.0, 1.0, 1.0, 1.0, 0.99, 1.0, 0.98, 1.0, 0.97, 1.0, 0.97, 1.0, 1.0, 1.0, 1.0, 1.0, 1.0], timesteps: 25, time: 0:10:40
Epoch: 5, lr: 1.0e-04, train_loss: 0.3600, train_acc: 0.8997 test_loss: 1.5347, test_acc: 0.6191, best: 0.6191 time: 0:18:41

Epoch: 6, batch: 500, train_loss: 0.3321, train_acc: 0.9097, threshold: [0.89, 1.53, 1.78, 0.99, 1.0, 0.99, 1.0, 0.97, 1.02, 0.99, 1.0, 0.96, 0.99, 0.94, 0.91, 0.87, 0.83, 0.84, 0.77], leak: [1.0, 1.0, 1.0, 1.0, 1.0, 1.0, 0.99, 1.0, 0.98, 1.0, 0.97, 1.0, 0.96, 1.0, 1.0, 1.0, 1.0, 1.0, 1.0], timesteps: 25, time: 0:10:39
Epoch: 6, lr: 1.0e-04, train_loss: 0.3407, train_acc: 0.9074 test_loss: 1.5147, test_acc: 0.6157, best: 0.6191 time: 0:18:36

Epoch: 7, batch: 500, train_loss: 0.3228, train_acc: 0.9147, threshold: [0.88, 1.52, 1.78, 0.99, 1.0, 1.0, 1.01, 0.97, 1.02, 0.98, 1.0, 0.96, 0.99, 0.94, 0.91, 0.85, 0.82, 0.82, 0.75], leak: [1.0, 1.0, 1.0, 1.0, 1.0, 0.99, 0.99, 1.0, 0.98, 1.0, 0.96, 1.0, 0.96, 1.0, 1.0, 1.0, 1.0, 1.0, 1.0], timesteps: 25, time: 0:10:38
Epoch: 7, lr: 1.0e-04, train_loss: 0.3278, train_acc: 0.9136 test_loss: 1.5116, test_acc: 0.6176, best: 0.6191 time: 0:18:35

Epoch: 8, batch: 500, train_loss: 0.2872, train_acc: 0.9241, threshold: [0.88, 1.52, 1.78, 0.99, 1.0, 1.0, 1.01, 0.97, 1.02, 0.98, 1.0, 0.96, 1.0, 0.93, 0.91, 0.85, 0.81, 0.79, 0.73], leak: [1.0, 1.0, 1.0, 1.0, 1.0, 1.0, 0.99, 1.0, 0.97, 1.0, 0.96, 0.99, 0.95, 1.0, 1.0, 1.0, 1.0, 1.0, 1.0], timesteps: 25, time: 0:10:40
Epoch: 8, lr: 1.0e-04, train_loss: 0.2901, train_acc: 0.9224 test_loss: 1.5291, test_acc: 0.6252, best: 0.6252 time: 0:18:41

Epoch: 9, batch: 500, train_loss: 0.2626, train_acc: 0.9316, threshold: [0.87, 1.52, 1.78, 0.99, 1.0, 1.0, 1.01, 0.97, 1.02, 0.98, 1.01, 0.96, 1.0, 0.93, 0.91, 0.84, 0.8, 0.77, 0.72], leak: [1.0, 1.0, 1.0, 1.0, 1.0, 0.99, 0.99, 1.0, 0.97, 1.0, 0.95, 0.99, 0.95, 1.0, 1.0, 1.0, 1.0, 1.0, 1.0], timesteps: 25, time: 0:10:40
Epoch: 9, lr: 1.0e-04, train_loss: 0.2686, train_acc: 0.9299 test_loss: 1.5384, test_acc: 0.6283, best: 0.6283 time: 0:18:42

Epoch: 10, batch: 500, train_loss: 0.2533, train_acc: 0.9340, threshold: [0.87, 1.52, 1.78, 0.99, 1.0, 0.99, 1.01, 0.97, 1.03, 0.98, 1.01, 0.95, 1.0, 0.92, 0.91, 0.83, 0.79, 0.74, 0.71], leak: [1.0, 1.0, 1.0, 1.0, 1.0, 1.0, 0.98, 1.0, 0.97, 1.0, 0.95, 0.99, 0.95, 1.0, 1.0, 1.0, 1.0, 1.0, 1.0], timesteps: 25, time: 0:10:40
Epoch: 10, lr: 1.0e-04, train_loss: 0.2536, train_acc: 0.9342 test_loss: 1.5216, test_acc: 0.6287, best: 0.6287 time: 0:18:41

Epoch: 11, batch: 500, train_loss: 0.2326, train_acc: 0.9403, threshold: [0.87, 1.52, 1.78, 0.99, 1.0, 1.0, 1.01, 0.97, 1.03, 0.98, 1.01, 0.95, 1.01, 0.92, 0.91, 0.82, 0.78, 0.72, 0.7], leak: [1.0, 1.0, 1.0, 1.0, 1.0, 0.99, 0.98, 1.0, 0.97, 1.0, 0.95, 0.99, 0.94, 1.0, 1.0, 1.0, 1.0, 1.0, 1.0], timesteps: 25, time: 0:10:38
Epoch: 11, lr: 1.0e-04, train_loss: 0.2354, train_acc: 0.9390 test_loss: 1.5483, test_acc: 0.6246, best: 0.6287 time: 0:18:37

Epoch: 12, batch: 500, train_loss: 0.2115, train_acc: 0.9455, threshold: [0.86, 1.52, 1.78, 0.99, 1.0, 0.99, 1.01, 0.97, 1.03, 0.98, 1.01, 0.95, 1.01, 0.91, 0.91, 0.82, 0.78, 0.7, 0.69], leak: [1.0, 1.0, 1.0, 1.0, 1.0, 1.0, 0.98, 1.0, 0.97, 1.0, 0.94, 0.99, 0.94, 1.0, 1.0, 1.0, 1.0, 1.0, 1.0], timesteps: 25, time: 0:10:41
Epoch: 12, lr: 1.0e-04, train_loss: 0.2155, train_acc: 0.9439 test_loss: 1.5614, test_acc: 0.6259, best: 0.6287 time: 0:18:41

Epoch: 13, batch: 500, train_loss: 0.2048, train_acc: 0.9489, threshold: [0.86, 1.52, 1.78, 0.99, 1.0, 0.99, 1.01, 0.97, 1.03, 0.98, 1.01, 0.95, 1.01, 0.91, 0.91, 0.81, 0.77, 0.68, 0.68], leak: [1.0, 1.0, 1.0, 1.0, 1.0, 0.99, 0.98, 1.0, 0.97, 1.0, 0.94, 1.0, 0.94, 1.0, 1.0, 1.0, 1.0, 1.0, 1.0], timesteps: 25, time: 0:10:41
Epoch: 13, lr: 1.0e-04, train_loss: 0.2049, train_acc: 0.9490 test_loss: 1.5729, test_acc: 0.6293, best: 0.6293 time: 0:18:45

Epoch: 14, batch: 500, train_loss: 0.1897, train_acc: 0.9507, threshold: [0.86, 1.52, 1.78, 0.99, 1.0, 1.0, 1.01, 0.97, 1.03, 0.98, 1.01, 0.95, 1.01, 0.9, 0.91, 0.81, 0.77, 0.66, 0.67], leak: [1.0, 1.0, 1.0, 1.0, 1.0, 0.99, 0.98, 1.0, 0.97, 1.0, 0.94, 0.99, 0.94, 1.0, 0.99, 1.0, 1.0, 1.0, 1.0], timesteps: 25, time: 0:10:41
Epoch: 14, lr: 1.0e-04, train_loss: 0.1933, train_acc: 0.9491 test_loss: 1.5780, test_acc: 0.6262, best: 0.6293 time: 0:18:40

Epoch: 15, batch: 500, train_loss: 0.1780, train_acc: 0.9542, threshold: [0.85, 1.51, 1.78, 0.98, 1.0, 1.0, 1.01, 0.97, 1.03, 0.98, 1.02, 0.95, 1.02, 0.9, 0.91, 0.8, 0.76, 0.64, 0.66], leak: [1.0, 1.0, 1.0, 1.0, 1.0, 0.99, 0.99, 1.0, 0.97, 1.0, 0.94, 1.0, 0.94, 1.0, 0.99, 1.0, 1.0, 1.0, 1.0], timesteps: 25, time: 0:10:41
Epoch: 15, lr: 1.0e-04, train_loss: 0.1797, train_acc: 0.9534 test_loss: 1.5859, test_acc: 0.6287, best: 0.6293 time: 0:18:42

Epoch: 16, batch: 500, train_loss: 0.1647, train_acc: 0.9574, threshold: [0.85, 1.51, 1.78, 0.98, 1.0, 1.0, 1.01, 0.97, 1.03, 0.98, 1.02, 0.95, 1.02, 0.9, 0.91, 0.8, 0.76, 0.62, 0.66], leak: [1.0, 1.0, 1.0, 1.0, 1.0, 0.99, 0.99, 1.0, 0.96, 1.0, 0.94, 0.99, 0.93, 1.0, 0.99, 1.0, 1.0, 1.0, 1.0], timesteps: 25, time: 0:10:40
Epoch: 16, lr: 1.0e-04, train_loss: 0.1688, train_acc: 0.9565 test_loss: 1.6141, test_acc: 0.6270, best: 0.6293 time: 0:18:40

Epoch: 17, batch: 500, train_loss: 0.1557, train_acc: 0.9594, threshold: [0.85, 1.51, 1.78, 0.98, 1.0, 0.99, 1.01, 0.97, 1.04, 0.98, 1.02, 0.95, 1.02, 0.9, 0.91, 0.79, 0.76, 0.6, 0.65], leak: [1.0, 1.0, 1.0, 1.0, 1.0, 0.99, 0.99, 1.0, 0.96, 1.0, 0.93, 1.0, 0.93, 1.0, 0.99, 1.0, 1.0, 1.0, 1.0], timesteps: 25, time: 0:10:41
Epoch: 17, lr: 1.0e-04, train_loss: 0.1594, train_acc: 0.9587 test_loss: 1.6321, test_acc: 0.6233, best: 0.6293 time: 0:18:40

Epoch: 18, batch: 500, train_loss: 0.1413, train_acc: 0.9644, threshold: [0.85, 1.51, 1.78, 0.98, 1.0, 1.0, 1.01, 0.97, 1.04, 0.98, 1.02, 0.95, 1.02, 0.89, 0.91, 0.79, 0.75, 0.58, 0.65], leak: [1.0, 1.0, 1.0, 1.0, 1.0, 0.99, 0.99, 1.0, 0.96, 1.0, 0.93, 0.99, 0.93, 1.0, 0.99, 1.0, 1.0, 1.0, 1.0], timesteps: 25, time: 0:10:42
Epoch: 18, lr: 1.0e-04, train_loss: 0.1466, train_acc: 0.9632 test_loss: 1.6260, test_acc: 0.6322, best: 0.6322 time: 0:18:41

Epoch: 19, batch: 500, train_loss: 0.1379, train_acc: 0.9644, threshold: [0.85, 1.51, 1.78, 0.98, 1.0, 0.99, 1.01, 0.97, 1.04, 0.98, 1.02, 0.95, 1.02, 0.89, 0.91, 0.78, 0.75, 0.57, 0.64], leak: [1.0, 1.0, 1.0, 1.0, 1.0, 0.99, 0.99, 1.0, 0.96, 1.0, 0.93, 0.99, 0.93, 1.0, 0.99, 1.0, 0.99, 1.0, 1.0], timesteps: 25, time: 0:10:41
Epoch: 19, lr: 1.0e-04, train_loss: 0.1390, train_acc: 0.9643 test_loss: 1.6076, test_acc: 0.6293, best: 0.6322 time: 0:18:43

Epoch: 20, batch: 500, train_loss: 0.1299, train_acc: 0.9680, threshold: [0.84, 1.51, 1.78, 0.98, 1.0, 0.99, 1.01, 0.97, 1.04, 0.98, 1.02, 0.95, 1.03, 0.89, 0.91, 0.78, 0.75, 0.55, 0.64], leak: [1.0, 1.0, 1.0, 1.0, 1.0, 0.99, 0.99, 1.0, 0.96, 1.0, 0.93, 1.0, 0.93, 1.0, 0.99, 1.0, 0.99, 1.0, 1.0], timesteps: 25, time: 0:10:40
Epoch: 20, lr: 1.0e-04, train_loss: 0.1330, train_acc: 0.9668 test_loss: 1.6354, test_acc: 0.6282, best: 0.6322 time: 0:18:40

Epoch: 21, batch: 500, train_loss: 0.1278, train_acc: 0.9685, threshold: [0.84, 1.51, 1.78, 0.98, 1.0, 0.99, 1.01, 0.97, 1.04, 0.98, 1.02, 0.95, 1.03, 0.88, 0.91, 0.78, 0.75, 0.53, 0.63], leak: [1.0, 1.0, 1.0, 1.0, 1.0, 0.99, 0.99, 1.0, 0.96, 1.0, 0.93, 1.0, 0.93, 1.0, 0.99, 1.0, 0.99, 1.0, 1.0], timesteps: 25, time: 0:10:41
Epoch: 21, lr: 1.0e-04, train_loss: 0.1278, train_acc: 0.9683 test_loss: 1.6582, test_acc: 0.6321, best: 0.6322 time: 0:18:40

Epoch: 22, batch: 500, train_loss: 0.1158, train_acc: 0.9697, threshold: [0.84, 1.51, 1.78, 0.98, 1.0, 0.99, 1.01, 0.97, 1.04, 0.98, 1.02, 0.95, 1.03, 0.88, 0.91, 0.77, 0.74, 0.52, 0.63], leak: [1.0, 1.0, 1.0, 1.0, 1.0, 0.99, 0.99, 1.0, 0.96, 1.0, 0.93, 1.0, 0.92, 1.0, 0.99, 1.0, 0.99, 1.0, 1.0], timesteps: 25, time: 0:10:41
Epoch: 22, lr: 1.0e-04, train_loss: 0.1153, train_acc: 0.9701 test_loss: 1.6777, test_acc: 0.6315, best: 0.6322 time: 0:18:42

Epoch: 23, batch: 500, train_loss: 0.1114, train_acc: 0.9721, threshold: [0.84, 1.51, 1.78, 0.98, 1.0, 0.99, 1.01, 0.97, 1.04, 0.98, 1.02, 0.95, 1.03, 0.88, 0.92, 0.77, 0.74, 0.51, 0.63], leak: [1.0, 1.0, 1.0, 1.0, 1.0, 0.99, 0.99, 1.0, 0.96, 1.0, 0.93, 1.0, 0.92, 1.0, 0.99, 1.0, 0.99, 1.0, 1.0], timesteps: 25, time: 0:10:41
Epoch: 23, lr: 1.0e-04, train_loss: 0.1129, train_acc: 0.9716 test_loss: 1.6596, test_acc: 0.6356, best: 0.6356 time: 0:18:44

Epoch: 24, batch: 500, train_loss: 0.1007, train_acc: 0.9750, threshold: [0.84, 1.51, 1.78, 0.98, 0.99, 0.99, 1.01, 0.97, 1.04, 0.98, 1.02, 0.95, 1.03, 0.88, 0.92, 0.77, 0.74, 0.5, 0.62], leak: [1.0, 1.0, 1.0, 1.0, 1.0, 0.99, 0.99, 1.0, 0.96, 1.0, 0.92, 1.0, 0.92, 1.0, 0.99, 1.0, 0.99, 1.0, 1.0], timesteps: 25, time: 0:10:42
Epoch: 24, lr: 1.0e-04, train_loss: 0.1042, train_acc: 0.9742 test_loss: 1.6872, test_acc: 0.6326, best: 0.6356 time: 0:18:41

Epoch: 25, batch: 500, train_loss: 0.1004, train_acc: 0.9749, threshold: [0.83, 1.51, 1.78, 0.98, 0.99, 0.99, 1.01, 0.97, 1.04, 0.98, 1.02, 0.95, 1.04, 0.88, 0.92, 0.76, 0.74, 0.49, 0.62], leak: [1.0, 1.0, 1.0, 1.0, 1.0, 0.99, 0.99, 1.0, 0.96, 1.0, 0.92, 1.0, 0.92, 1.0, 0.99, 1.0, 0.99, 1.0, 1.0], timesteps: 25, time: 0:10:42
Epoch: 25, lr: 1.0e-04, train_loss: 0.1016, train_acc: 0.9746 test_loss: 1.7067, test_acc: 0.6337, best: 0.6356 time: 0:18:43

Epoch: 26, batch: 500, train_loss: 0.0936, train_acc: 0.9758, threshold: [0.83, 1.51, 1.78, 0.98, 0.99, 0.99, 1.01, 0.97, 1.04, 0.98, 1.03, 0.95, 1.04, 0.87, 0.92, 0.76, 0.74, 0.48, 0.62], leak: [1.0, 1.0, 1.0, 1.0, 1.0, 1.0, 0.99, 1.0, 0.96, 1.0, 0.92, 1.0, 0.92, 1.0, 0.99, 1.0, 0.99, 1.0, 1.0], timesteps: 25, time: 0:10:41
Epoch: 26, lr: 1.0e-04, train_loss: 0.0959, train_acc: 0.9758 test_loss: 1.7038, test_acc: 0.6337, best: 0.6356 time: 0:18:42

Epoch: 27, batch: 500, train_loss: 0.0919, train_acc: 0.9769, threshold: [0.83, 1.51, 1.78, 0.98, 0.99, 0.99, 1.01, 0.97, 1.04, 0.98, 1.03, 0.95, 1.04, 0.87, 0.92, 0.76, 0.74, 0.47, 0.61], leak: [1.0, 1.0, 1.0, 1.0, 1.0, 1.0, 0.99, 1.0, 0.96, 1.0, 0.92, 1.0, 0.92, 1.0, 0.99, 1.0, 0.99, 1.0, 1.0], timesteps: 25, time: 0:10:41
Epoch: 27, lr: 1.0e-04, train_loss: 0.0934, train_acc: 0.9765 test_loss: 1.7154, test_acc: 0.6327, best: 0.6356 time: 0:18:40

Epoch: 28, batch: 500, train_loss: 0.0840, train_acc: 0.9790, threshold: [0.83, 1.51, 1.78, 0.98, 0.99, 0.99, 1.01, 0.97, 1.04, 0.98, 1.03, 0.95, 1.04, 0.87, 0.92, 0.76, 0.74, 0.46, 0.61], leak: [1.0, 1.0, 1.0, 1.0, 1.0, 1.0, 0.99, 1.0, 0.96, 1.0, 0.92, 1.0, 0.92, 1.0, 0.99, 1.0, 0.99, 1.0, 1.0], timesteps: 25, time: 0:10:42
Epoch: 28, lr: 1.0e-04, train_loss: 0.0883, train_acc: 0.9778 test_loss: 1.7234, test_acc: 0.6333, best: 0.6356 time: 0:18:41

Epoch: 29, batch: 500, train_loss: 0.0817, train_acc: 0.9792, threshold: [0.83, 1.5, 1.78, 0.98, 0.99, 0.99, 1.01, 0.97, 1.04, 0.98, 1.03, 0.95, 1.04, 0.87, 0.92, 0.75, 0.73, 0.45, 0.61], leak: [1.0, 1.0, 1.0, 1.0, 1.0, 1.0, 0.99, 1.0, 0.96, 1.0, 0.92, 1.0, 0.92, 1.0, 0.98, 1.0, 0.99, 1.0, 1.0], timesteps: 25, time: 0:10:41
Epoch: 29, lr: 1.0e-04, train_loss: 0.0836, train_acc: 0.9786 test_loss: 1.7559, test_acc: 0.6324, best: 0.6356 time: 0:18:41

Epoch: 30, batch: 500, train_loss: 0.0828, train_acc: 0.9793, threshold: [0.83, 1.5, 1.78, 0.98, 0.99, 0.99, 1.01, 0.97, 1.05, 0.98, 1.03, 0.95, 1.04, 0.87, 0.92, 0.75, 0.73, 0.45, 0.61], leak: [1.0, 1.0, 1.0, 1.0, 1.0, 1.0, 0.99, 1.0, 0.96, 1.0, 0.92, 1.0, 0.92, 1.0, 0.98, 1.0, 0.99, 1.0, 1.0], timesteps: 25, time: 0:10:41
Epoch: 30, lr: 1.0e-04, train_loss: 0.0849, train_acc: 0.9786 test_loss: 1.7394, test_acc: 0.6344, best: 0.6356 time: 0:18:41

Epoch: 31, batch: 500, train_loss: 0.0799, train_acc: 0.9792, threshold: [0.83, 1.5, 1.78, 0.98, 0.99, 0.99, 1.01, 0.97, 1.05, 0.98, 1.03, 0.95, 1.04, 0.86, 0.92, 0.75, 0.73, 0.44, 0.6], leak: [1.0, 1.0, 1.0, 1.0, 1.0, 1.0, 0.99, 1.0, 0.96, 1.0, 0.92, 1.0, 0.92, 1.0, 0.98, 1.0, 0.99, 1.0, 1.0], timesteps: 25, time: 0:10:41
Epoch: 31, lr: 1.0e-04, train_loss: 0.0813, train_acc: 0.9788 test_loss: 1.7706, test_acc: 0.6373, best: 0.6373 time: 0:18:44

Epoch: 32, batch: 500, train_loss: 0.0752, train_acc: 0.9810, threshold: [0.82, 1.5, 1.78, 0.98, 0.99, 0.99, 1.01, 0.97, 1.05, 0.98, 1.03, 0.95, 1.05, 0.86, 0.92, 0.75, 0.73, 0.44, 0.6], leak: [1.0, 1.0, 1.0, 1.0, 1.0, 1.0, 0.99, 1.0, 0.96, 1.0, 0.92, 1.0, 0.91, 1.0, 0.98, 1.0, 0.99, 1.0, 1.0], timesteps: 25, time: 0:10:39
Epoch: 32, lr: 1.0e-04, train_loss: 0.0755, train_acc: 0.9808 test_loss: 1.7696, test_acc: 0.6354, best: 0.6373 time: 0:18:40

Epoch: 33, batch: 500, train_loss: 0.0740, train_acc: 0.9811, threshold: [0.82, 1.5, 1.78, 0.98, 0.99, 0.99, 1.01, 0.97, 1.05, 0.98, 1.03, 0.95, 1.05, 0.86, 0.92, 0.75, 0.73, 0.43, 0.6], leak: [1.0, 1.0, 1.0, 1.0, 1.0, 1.0, 0.99, 1.0, 0.96, 1.0, 0.92, 1.0, 0.91, 1.0, 0.98, 1.0, 0.99, 1.0, 1.0], timesteps: 25, time: 0:10:40
Epoch: 33, lr: 1.0e-04, train_loss: 0.0735, train_acc: 0.9811 test_loss: 1.7865, test_acc: 0.6323, best: 0.6373 time: 0:18:42

Epoch: 34, batch: 500, train_loss: 0.0701, train_acc: 0.9823, threshold: [0.82, 1.5, 1.78, 0.98, 0.99, 0.99, 1.01, 0.97, 1.05, 0.98, 1.03, 0.95, 1.05, 0.86, 0.92, 0.75, 0.73, 0.42, 0.6], leak: [1.0, 1.0, 1.0, 1.0, 1.0, 1.0, 0.99, 1.0, 0.96, 1.0, 0.92, 1.0, 0.91, 1.0, 0.98, 1.0, 0.99, 1.0, 1.0], timesteps: 25, time: 0:10:40
Epoch: 34, lr: 1.0e-04, train_loss: 0.0708, train_acc: 0.9817 test_loss: 1.7912, test_acc: 0.6343, best: 0.6373 time: 0:18:42

Epoch: 35, batch: 500, train_loss: 0.0664, train_acc: 0.9831, threshold: [0.82, 1.5, 1.78, 0.98, 0.99, 0.99, 1.01, 0.97, 1.05, 0.98, 1.03, 0.95, 1.05, 0.86, 0.92, 0.74, 0.73, 0.42, 0.6], leak: [1.0, 1.0, 1.0, 1.0, 1.0, 1.0, 0.99, 1.0, 0.96, 1.0, 0.92, 1.0, 0.91, 1.0, 0.98, 1.0, 0.99, 1.0, 1.0], timesteps: 25, time: 0:10:41
Epoch: 35, lr: 1.0e-04, train_loss: 0.0694, train_acc: 0.9823 test_loss: 1.7713, test_acc: 0.6340, best: 0.6373 time: 0:18:41

Epoch: 36, batch: 500, train_loss: 0.0681, train_acc: 0.9829, threshold: [0.82, 1.5, 1.78, 0.97, 0.99, 0.99, 1.01, 0.97, 1.05, 0.98, 1.03, 0.95, 1.05, 0.86, 0.92, 0.74, 0.73, 0.42, 0.6], leak: [1.0, 1.0, 1.0, 1.0, 1.0, 1.0, 1.0, 1.0, 0.96, 1.0, 0.92, 1.0, 0.91, 1.0, 0.98, 1.0, 0.99, 1.0, 1.0], timesteps: 25, time: 0:10:41
Epoch: 36, lr: 1.0e-04, train_loss: 0.0675, train_acc: 0.9830 test_loss: 1.7787, test_acc: 0.6322, best: 0.6373 time: 0:18:41

Epoch: 37, batch: 500, train_loss: 0.0617, train_acc: 0.9845, threshold: [0.82, 1.5, 1.78, 0.98, 0.99, 0.99, 1.01, 0.97, 1.05, 0.98, 1.03, 0.95, 1.05, 0.86, 0.92, 0.74, 0.73, 0.42, 0.59], leak: [1.0, 1.0, 1.0, 1.0, 1.0, 1.0, 1.0, 1.0, 0.96, 1.0, 0.92, 1.0, 0.91, 1.0, 0.98, 1.0, 0.99, 1.0, 1.0], timesteps: 25, time: 0:10:40
Epoch: 37, lr: 1.0e-04, train_loss: 0.0649, train_acc: 0.9836 test_loss: 1.7885, test_acc: 0.6336, best: 0.6373 time: 0:18:41

Epoch: 38, batch: 500, train_loss: 0.0599, train_acc: 0.9858, threshold: [0.82, 1.5, 1.78, 0.97, 0.99, 0.99, 1.01, 0.97, 1.05, 0.98, 1.03, 0.95, 1.05, 0.85, 0.92, 0.74, 0.73, 0.41, 0.59], leak: [1.0, 1.0, 1.0, 1.0, 1.0, 1.0, 1.0, 1.0, 0.96, 1.0, 0.91, 1.0, 0.91, 1.0, 0.98, 1.0, 0.99, 1.0, 1.0], timesteps: 25, time: 0:10:43
Epoch: 38, lr: 1.0e-04, train_loss: 0.0615, train_acc: 0.9849 test_loss: 1.8161, test_acc: 0.6299, best: 0.6373 time: 0:18:44

Epoch: 39, batch: 500, train_loss: 0.0590, train_acc: 0.9853, threshold: [0.82, 1.5, 1.78, 0.97, 0.99, 0.99, 1.01, 0.97, 1.05, 0.98, 1.03, 0.95, 1.05, 0.85, 0.92, 0.74, 0.73, 0.41, 0.59], leak: [1.0, 1.0, 1.0, 1.0, 1.0, 1.0, 1.0, 1.0, 0.96, 1.0, 0.91, 1.0, 0.91, 1.0, 0.98, 1.0, 0.99, 1.0, 1.0], timesteps: 25, time: 0:10:40
Epoch: 39, lr: 1.0e-04, train_loss: 0.0614, train_acc: 0.9842 test_loss: 1.8363, test_acc: 0.6303, best: 0.6373 time: 0:18:41

Epoch: 40, batch: 500, train_loss: 0.0570, train_acc: 0.9861, threshold: [0.81, 1.5, 1.78, 0.97, 0.99, 0.99, 1.01, 0.97, 1.05, 0.98, 1.03, 0.95, 1.05, 0.85, 0.92, 0.74, 0.73, 0.41, 0.59], leak: [1.0, 1.0, 1.0, 1.0, 1.0, 1.0, 1.0, 1.0, 0.96, 1.0, 0.91, 1.0, 0.91, 1.0, 0.98, 1.0, 0.99, 1.0, 1.0], timesteps: 25, time: 0:10:41
Epoch: 40, lr: 1.0e-04, train_loss: 0.0582, train_acc: 0.9854 test_loss: 1.8354, test_acc: 0.6316, best: 0.6373 time: 0:18:42

Epoch: 41, batch: 500, train_loss: 0.0570, train_acc: 0.9855, threshold: [0.81, 1.5, 1.78, 0.97, 0.99, 0.99, 1.01, 0.97, 1.05, 0.98, 1.03, 0.95, 1.06, 0.85, 0.92, 0.74, 0.73, 0.41, 0.59], leak: [1.0, 1.0, 1.0, 1.0, 1.0, 1.0, 1.0, 1.0, 0.96, 1.0, 0.91, 1.0, 0.91, 1.0, 0.98, 1.0, 0.99, 1.0, 1.0], timesteps: 25, time: 0:10:40
Epoch: 41, lr: 1.0e-04, train_loss: 0.0582, train_acc: 0.9853 test_loss: 1.8497, test_acc: 0.6300, best: 0.6373 time: 0:18:40

Epoch: 42, batch: 500, train_loss: 0.0545, train_acc: 0.9854, threshold: [0.81, 1.5, 1.78, 0.97, 0.99, 0.99, 1.01, 0.97, 1.05, 0.98, 1.03, 0.95, 1.06, 0.85, 0.92, 0.74, 0.73, 0.4, 0.59], leak: [1.0, 1.0, 1.0, 1.0, 1.0, 1.0, 1.0, 1.0, 0.96, 1.0, 0.91, 1.0, 0.91, 1.0, 0.98, 1.0, 0.98, 1.0, 1.0], timesteps: 25, time: 0:10:43
Epoch: 42, lr: 1.0e-04, train_loss: 0.0569, train_acc: 0.9850 test_loss: 1.8504, test_acc: 0.6274, best: 0.6373 time: 0:18:44

Epoch: 43, batch: 500, train_loss: 0.0533, train_acc: 0.9865, threshold: [0.81, 1.5, 1.78, 0.97, 0.99, 0.99, 1.01, 0.97, 1.05, 0.98, 1.03, 0.95, 1.06, 0.85, 0.93, 0.73, 0.73, 0.4, 0.59], leak: [1.0, 1.0, 1.0, 1.0, 1.0, 1.0, 1.0, 1.0, 0.95, 1.0, 0.91, 1.0, 0.91, 1.0, 0.98, 1.0, 0.98, 1.0, 1.0], timesteps: 25, time: 0:10:41
Epoch: 43, lr: 1.0e-04, train_loss: 0.0537, train_acc: 0.9864 test_loss: 1.8448, test_acc: 0.6382, best: 0.6382 time: 0:18:43

Epoch: 44, batch: 500, train_loss: 0.0509, train_acc: 0.9875, threshold: [0.81, 1.5, 1.78, 0.97, 0.99, 0.99, 1.01, 0.97, 1.05, 0.97, 1.03, 0.95, 1.06, 0.85, 0.93, 0.73, 0.73, 0.4, 0.58], leak: [1.0, 1.0, 1.0, 1.0, 1.0, 1.0, 1.0, 1.0, 0.95, 1.0, 0.91, 1.0, 0.91, 1.0, 0.98, 1.0, 0.98, 1.0, 1.0], timesteps: 25, time: 0:10:41
Epoch: 44, lr: 1.0e-04, train_loss: 0.0527, train_acc: 0.9868 test_loss: 1.8646, test_acc: 0.6300, best: 0.6382 time: 0:18:40

Epoch: 45, batch: 500, train_loss: 0.0518, train_acc: 0.9872, threshold: [0.81, 1.5, 1.78, 0.97, 0.99, 0.99, 1.01, 0.97, 1.05, 0.97, 1.03, 0.95, 1.06, 0.85, 0.93, 0.73, 0.73, 0.4, 0.58], leak: [1.0, 1.0, 1.0, 1.0, 1.0, 1.0, 1.0, 1.0, 0.96, 1.0, 0.91, 1.0, 0.91, 1.0, 0.98, 1.0, 0.98, 1.0, 1.0], timesteps: 25, time: 0:10:43
Epoch: 45, lr: 1.0e-04, train_loss: 0.0517, train_acc: 0.9871 test_loss: 1.8425, test_acc: 0.6385, best: 0.6385 time: 0:18:46

Epoch: 46, batch: 500, train_loss: 0.0505, train_acc: 0.9869, threshold: [0.81, 1.5, 1.78, 0.97, 0.99, 0.99, 1.01, 0.97, 1.05, 0.97, 1.03, 0.95, 1.06, 0.85, 0.93, 0.73, 0.73, 0.4, 0.58], leak: [1.0, 1.0, 1.0, 1.0, 1.0, 1.0, 1.0, 1.0, 0.95, 1.0, 0.91, 1.0, 0.91, 1.0, 0.98, 1.0, 0.98, 1.0, 1.0], timesteps: 25, time: 0:10:42
Epoch: 46, lr: 1.0e-04, train_loss: 0.0511, train_acc: 0.9865 test_loss: 1.8308, test_acc: 0.6364, best: 0.6385 time: 0:18:43

Epoch: 47, batch: 500, train_loss: 0.0475, train_acc: 0.9877, threshold: [0.81, 1.5, 1.78, 0.97, 0.99, 0.99, 1.01, 0.97, 1.05, 0.97, 1.03, 0.95, 1.06, 0.84, 0.93, 0.73, 0.73, 0.4, 0.58], leak: [1.0, 1.0, 1.0, 1.0, 1.0, 1.0, 1.0, 1.0, 0.95, 1.0, 0.91, 1.0, 0.91, 1.0, 0.98, 1.0, 0.98, 1.0, 1.0], timesteps: 25, time: 0:10:42
Epoch: 47, lr: 1.0e-04, train_loss: 0.0491, train_acc: 0.9876 test_loss: 1.8573, test_acc: 0.6339, best: 0.6385 time: 0:18:44

Epoch: 48, batch: 500, train_loss: 0.0475, train_acc: 0.9877, threshold: [0.81, 1.5, 1.78, 0.97, 0.99, 0.99, 1.01, 0.97, 1.05, 0.97, 1.03, 0.95, 1.06, 0.84, 0.93, 0.73, 0.73, 0.4, 0.58], leak: [1.0, 1.0, 1.0, 1.0, 1.0, 1.0, 1.0, 1.0, 0.95, 1.0, 0.91, 1.0, 0.91, 1.0, 0.98, 1.0, 0.98, 1.0, 1.0], timesteps: 25, time: 0:10:41
Epoch: 48, lr: 1.0e-04, train_loss: 0.0484, train_acc: 0.9875 test_loss: 1.8729, test_acc: 0.6380, best: 0.6385 time: 0:18:42

Epoch: 49, batch: 500, train_loss: 0.0439, train_acc: 0.9896, threshold: [0.81, 1.5, 1.78, 0.97, 0.99, 0.99, 1.01, 0.97, 1.05, 0.97, 1.03, 0.95, 1.06, 0.84, 0.93, 0.73, 0.73, 0.4, 0.58], leak: [1.0, 1.0, 1.0, 1.0, 1.0, 1.0, 1.0, 1.0, 0.95, 1.0, 0.91, 1.0, 0.9, 1.0, 0.98, 1.0, 0.98, 1.0, 1.0], timesteps: 25, time: 0:10:42
Epoch: 49, lr: 1.0e-04, train_loss: 0.0460, train_acc: 0.9884 test_loss: 1.9051, test_acc: 0.6325, best: 0.6385 time: 0:18:43

Epoch: 50, batch: 500, train_loss: 0.0440, train_acc: 0.9891, threshold: [0.81, 1.5, 1.78, 0.97, 0.99, 0.99, 1.01, 0.97, 1.05, 0.97, 1.03, 0.95, 1.06, 0.84, 0.93, 0.73, 0.73, 0.4, 0.58], leak: [1.0, 1.0, 1.0, 1.0, 1.0, 1.0, 1.0, 1.0, 0.95, 1.0, 0.91, 1.0, 0.9, 1.0, 0.98, 1.0, 0.98, 1.0, 1.0], timesteps: 25, time: 0:10:42
Epoch: 50, lr: 1.0e-04, train_loss: 0.0455, train_acc: 0.9889 test_loss: 1.8955, test_acc: 0.6346, best: 0.6385 time: 0:18:42

Epoch: 51, batch: 500, train_loss: 0.0454, train_acc: 0.9880, threshold: [0.81, 1.5, 1.78, 0.97, 0.98, 0.99, 1.01, 0.97, 1.05, 0.97, 1.03, 0.95, 1.06, 0.84, 0.93, 0.73, 0.73, 0.39, 0.58], leak: [1.0, 1.0, 1.0, 1.0, 1.0, 1.0, 1.0, 1.0, 0.95, 1.0, 0.91, 1.0, 0.9, 1.0, 0.98, 1.0, 0.98, 1.0, 1.0], timesteps: 25, time: 0:10:42
Epoch: 51, lr: 1.0e-04, train_loss: 0.0463, train_acc: 0.9879 test_loss: 1.8769, test_acc: 0.6334, best: 0.6385 time: 0:18:43

Epoch: 52, batch: 500, train_loss: 0.0425, train_acc: 0.9896, threshold: [0.81, 1.5, 1.78, 0.97, 0.98, 0.99, 1.01, 0.97, 1.05, 0.97, 1.03, 0.95, 1.06, 0.84, 0.93, 0.73, 0.73, 0.4, 0.58], leak: [1.0, 1.0, 1.0, 1.0, 1.0, 1.0, 1.0, 1.0, 0.95, 1.0, 0.91, 1.0, 0.9, 1.0, 0.98, 1.0, 0.98, 1.0, 1.0], timesteps: 25, time: 0:10:42
Epoch: 52, lr: 1.0e-04, train_loss: 0.0442, train_acc: 0.9884 test_loss: 1.8830, test_acc: 0.6291, best: 0.6385 time: 0:18:43

Epoch: 53, batch: 500, train_loss: 0.0423, train_acc: 0.9890, threshold: [0.8, 1.5, 1.78, 0.97, 0.98, 0.99, 1.01, 0.97, 1.05, 0.97, 1.03, 0.95, 1.06, 0.84, 0.93, 0.73, 0.73, 0.39, 0.58], leak: [1.0, 1.0, 1.0, 1.0, 1.0, 1.0, 1.0, 1.0, 0.95, 1.0, 0.91, 1.0, 0.9, 1.0, 0.98, 1.0, 0.98, 1.0, 1.0], timesteps: 25, time: 0:10:42
Epoch: 53, lr: 1.0e-04, train_loss: 0.0426, train_acc: 0.9891 test_loss: 1.9243, test_acc: 0.6321, best: 0.6385 time: 0:18:43

Epoch: 54, batch: 500, train_loss: 0.0422, train_acc: 0.9897, threshold: [0.8, 1.5, 1.78, 0.97, 0.98, 0.99, 1.01, 0.97, 1.05, 0.97, 1.03, 0.95, 1.07, 0.84, 0.93, 0.73, 0.73, 0.39, 0.58], leak: [1.0, 1.0, 1.0, 1.0, 1.0, 1.0, 1.0, 1.0, 0.95, 1.0, 0.91, 1.0, 0.9, 1.0, 0.98, 1.0, 0.98, 1.0, 1.0], timesteps: 25, time: 0:10:42
Epoch: 54, lr: 1.0e-04, train_loss: 0.0430, train_acc: 0.9894 test_loss: 1.8938, test_acc: 0.6309, best: 0.6385 time: 0:18:42

Epoch: 55, batch: 500, train_loss: 0.0408, train_acc: 0.9898, threshold: [0.8, 1.5, 1.78, 0.97, 0.98, 0.99, 1.01, 0.97, 1.05, 0.97, 1.03, 0.95, 1.07, 0.84, 0.93, 0.72, 0.73, 0.39, 0.57], leak: [1.0, 1.0, 1.0, 1.0, 1.0, 1.0, 1.0, 1.0, 0.95, 1.0, 0.91, 1.0, 0.9, 1.0, 0.98, 1.0, 0.98, 1.0, 1.0], timesteps: 25, time: 0:10:42
Epoch: 55, lr: 1.0e-04, train_loss: 0.0415, train_acc: 0.9894 test_loss: 1.8916, test_acc: 0.6325, best: 0.6385 time: 0:18:42

Epoch: 56, batch: 500, train_loss: 0.0424, train_acc: 0.9888, threshold: [0.8, 1.49, 1.78, 0.97, 0.98, 0.99, 1.01, 0.97, 1.05, 0.97, 1.03, 0.95, 1.07, 0.84, 0.93, 0.72, 0.73, 0.39, 0.57], leak: [1.0, 1.0, 1.0, 1.0, 1.0, 1.0, 1.0, 1.0, 0.95, 1.0, 0.91, 1.0, 0.9, 1.0, 0.98, 1.0, 0.98, 1.0, 1.0], timesteps: 25, time: 0:10:43
Epoch: 56, lr: 1.0e-04, train_loss: 0.0425, train_acc: 0.9888 test_loss: 1.9037, test_acc: 0.6378, best: 0.6385 time: 0:18:44

Epoch: 57, batch: 500, train_loss: 0.0397, train_acc: 0.9904, threshold: [0.8, 1.49, 1.78, 0.97, 0.98, 0.99, 1.01, 0.97, 1.05, 0.97, 1.03, 0.95, 1.07, 0.84, 0.93, 0.72, 0.73, 0.39, 0.57], leak: [1.0, 1.0, 1.0, 1.0, 1.0, 1.0, 1.0, 1.0, 0.95, 1.0, 0.91, 1.0, 0.9, 1.0, 0.98, 1.0, 0.98, 1.0, 1.0], timesteps: 25, time: 0:10:42
Epoch: 57, lr: 1.0e-04, train_loss: 0.0401, train_acc: 0.9902 test_loss: 1.9006, test_acc: 0.6362, best: 0.6385 time: 0:18:44

Epoch: 58, batch: 500, train_loss: 0.0393, train_acc: 0.9908, threshold: [0.8, 1.49, 1.78, 0.97, 0.98, 0.99, 1.01, 0.97, 1.05, 0.97, 1.03, 0.95, 1.07, 0.84, 0.93, 0.72, 0.73, 0.39, 0.57], leak: [1.0, 1.0, 1.0, 1.0, 1.0, 1.0, 1.0, 1.0, 0.95, 1.0, 0.91, 1.0, 0.9, 1.0, 0.98, 1.0, 0.98, 1.0, 1.0], timesteps: 25, time: 0:10:41
Epoch: 58, lr: 1.0e-04, train_loss: 0.0396, train_acc: 0.9905 test_loss: 1.8984, test_acc: 0.6363, best: 0.6385 time: 0:18:42

Epoch: 59, batch: 500, train_loss: 0.0381, train_acc: 0.9905, threshold: [0.8, 1.49, 1.78, 0.97, 0.98, 0.99, 1.01, 0.97, 1.05, 0.97, 1.03, 0.95, 1.07, 0.84, 0.93, 0.72, 0.73, 0.39, 0.57], leak: [1.0, 1.0, 1.0, 1.0, 1.0, 1.0, 1.0, 1.0, 0.95, 1.0, 0.91, 1.0, 0.9, 1.0, 0.98, 1.0, 0.98, 1.0, 1.0], timesteps: 25, time: 0:10:42
Epoch: 59, lr: 1.0e-04, train_loss: 0.0378, train_acc: 0.9906 test_loss: 1.9227, test_acc: 0.6323, best: 0.6385 time: 0:19:05

Epoch: 60, batch: 500, train_loss: 0.0325, train_acc: 0.9924, threshold: [0.8, 1.49, 1.78, 0.97, 0.98, 0.99, 1.01, 0.97, 1.05, 0.97, 1.03, 0.95, 1.07, 0.83, 0.93, 0.72, 0.73, 0.39, 0.57], leak: [1.0, 1.0, 1.0, 1.0, 1.0, 1.0, 1.0, 1.0, 0.95, 1.0, 0.91, 1.0, 0.9, 1.0, 0.98, 1.0, 0.98, 1.0, 1.0], timesteps: 25, time: 0:11:24
Epoch: 60, lr: 2.0e-05, train_loss: 0.0319, train_acc: 0.9927 test_loss: 1.9089, test_acc: 0.6360, best: 0.6385 time: 0:19:58

Epoch: 61, batch: 500, train_loss: 0.0291, train_acc: 0.9935, threshold: [0.8, 1.49, 1.78, 0.97, 0.98, 0.99, 1.01, 0.97, 1.05, 0.97, 1.03, 0.95, 1.07, 0.83, 0.93, 0.72, 0.73, 0.39, 0.57], leak: [1.0, 1.0, 1.0, 1.0, 1.0, 1.0, 1.0, 1.0, 0.95, 1.0, 0.91, 1.0, 0.9, 1.0, 0.98, 1.0, 0.98, 1.0, 1.0], timesteps: 25, time: 0:11:24
Epoch: 61, lr: 2.0e-05, train_loss: 0.0281, train_acc: 0.9939 test_loss: 1.9212, test_acc: 0.6381, best: 0.6385 time: 0:19:58

Epoch: 62, batch: 500, train_loss: 0.0261, train_acc: 0.9942, threshold: [0.8, 1.49, 1.78, 0.97, 0.98, 0.99, 1.01, 0.97, 1.05, 0.97, 1.03, 0.95, 1.07, 0.83, 0.93, 0.72, 0.73, 0.39, 0.57], leak: [1.0, 1.0, 1.0, 1.0, 1.0, 1.0, 1.0, 1.0, 0.95, 1.0, 0.91, 1.0, 0.9, 1.0, 0.98, 1.0, 0.98, 1.0, 1.0], timesteps: 25, time: 0:11:23
Epoch: 62, lr: 2.0e-05, train_loss: 0.0257, train_acc: 0.9943 test_loss: 1.9189, test_acc: 0.6372, best: 0.6385 time: 0:19:57

Epoch: 63, batch: 500, train_loss: 0.0263, train_acc: 0.9937, threshold: [0.8, 1.49, 1.78, 0.97, 0.98, 0.99, 1.01, 0.97, 1.05, 0.97, 1.03, 0.95, 1.07, 0.83, 0.93, 0.72, 0.73, 0.39, 0.57], leak: [1.0, 1.0, 1.0, 1.0, 1.0, 1.0, 1.0, 1.0, 0.95, 1.0, 0.91, 1.0, 0.9, 1.0, 0.98, 1.0, 0.98, 1.0, 1.0], timesteps: 25, time: 0:11:24
Epoch: 63, lr: 2.0e-05, train_loss: 0.0261, train_acc: 0.9938 test_loss: 1.9114, test_acc: 0.6409, best: 0.6409 time: 0:20:00

Epoch: 64, batch: 500, train_loss: 0.0245, train_acc: 0.9943, threshold: [0.8, 1.49, 1.78, 0.97, 0.98, 0.99, 1.01, 0.97, 1.05, 0.97, 1.03, 0.95, 1.07, 0.83, 0.93, 0.72, 0.72, 0.39, 0.57], leak: [1.0, 1.0, 1.0, 1.0, 1.0, 1.0, 1.0, 1.0, 0.95, 1.0, 0.91, 1.0, 0.9, 1.0, 0.98, 1.0, 0.98, 1.0, 1.0], timesteps: 25, time: 0:11:24
Epoch: 64, lr: 2.0e-05, train_loss: 0.0251, train_acc: 0.9942 test_loss: 1.9105, test_acc: 0.6403, best: 0.6409 time: 0:19:59

Epoch: 65, batch: 500, train_loss: 0.0244, train_acc: 0.9942, threshold: [0.8, 1.49, 1.78, 0.97, 0.98, 0.99, 1.01, 0.97, 1.05, 0.97, 1.03, 0.95, 1.07, 0.83, 0.93, 0.72, 0.72, 0.39, 0.57], leak: [1.0, 1.0, 1.0, 1.0, 1.0, 1.0, 1.0, 1.0, 0.95, 1.0, 0.91, 1.0, 0.9, 1.0, 0.98, 1.0, 0.98, 1.0, 1.0], timesteps: 25, time: 0:11:24
Epoch: 65, lr: 2.0e-05, train_loss: 0.0247, train_acc: 0.9943 test_loss: 1.9192, test_acc: 0.6344, best: 0.6409 time: 0:19:56

Epoch: 66, batch: 500, train_loss: 0.0232, train_acc: 0.9952, threshold: [0.8, 1.49, 1.78, 0.97, 0.98, 0.99, 1.01, 0.97, 1.05, 0.97, 1.03, 0.95, 1.07, 0.83, 0.93, 0.72, 0.72, 0.39, 0.57], leak: [1.0, 1.0, 1.0, 1.0, 1.0, 1.0, 1.0, 1.0, 0.95, 1.0, 0.91, 1.0, 0.9, 1.0, 0.98, 1.0, 0.98, 1.0, 1.0], timesteps: 25, time: 0:11:23
Epoch: 66, lr: 2.0e-05, train_loss: 0.0241, train_acc: 0.9948 test_loss: 1.9260, test_acc: 0.6371, best: 0.6409 time: 0:19:58

Epoch: 67, batch: 500, train_loss: 0.0243, train_acc: 0.9946, threshold: [0.8, 1.49, 1.78, 0.97, 0.98, 0.99, 1.01, 0.97, 1.05, 0.97, 1.03, 0.95, 1.07, 0.83, 0.93, 0.72, 0.72, 0.39, 0.57], leak: [1.0, 1.0, 1.0, 1.0, 1.0, 1.0, 1.0, 1.0, 0.95, 1.0, 0.91, 1.0, 0.9, 1.0, 0.98, 1.0, 0.98, 1.0, 1.0], timesteps: 25, time: 0:11:22
Epoch: 67, lr: 2.0e-05, train_loss: 0.0238, train_acc: 0.9947 test_loss: 1.9223, test_acc: 0.6386, best: 0.6409 time: 0:19:57

Epoch: 68, batch: 500, train_loss: 0.0228, train_acc: 0.9950, threshold: [0.8, 1.49, 1.78, 0.97, 0.98, 0.99, 1.01, 0.97, 1.05, 0.97, 1.03, 0.95, 1.07, 0.83, 0.93, 0.72, 0.72, 0.38, 0.57], leak: [1.0, 1.0, 1.0, 1.0, 1.0, 1.0, 1.0, 1.0, 0.95, 1.0, 0.91, 1.0, 0.9, 1.0, 0.98, 1.0, 0.98, 1.0, 1.0], timesteps: 25, time: 0:11:21
Epoch: 68, lr: 2.0e-05, train_loss: 0.0231, train_acc: 0.9948 test_loss: 1.9175, test_acc: 0.6402, best: 0.6409 time: 0:19:55

Epoch: 69, batch: 500, train_loss: 0.0227, train_acc: 0.9952, threshold: [0.8, 1.49, 1.78, 0.97, 0.98, 0.99, 1.01, 0.97, 1.05, 0.97, 1.03, 0.95, 1.07, 0.83, 0.93, 0.72, 0.72, 0.38, 0.57], leak: [1.0, 1.0, 1.0, 1.0, 1.0, 1.0, 1.0, 1.0, 0.95, 1.0, 0.91, 1.0, 0.9, 1.0, 0.98, 1.0, 0.98, 1.0, 1.0], timesteps: 25, time: 0:11:24
Epoch: 69, lr: 2.0e-05, train_loss: 0.0217, train_acc: 0.9954 test_loss: 1.9268, test_acc: 0.6413, best: 0.6413 time: 0:20:00

Epoch: 70, batch: 500, train_loss: 0.0235, train_acc: 0.9942, threshold: [0.8, 1.49, 1.78, 0.97, 0.98, 0.99, 1.01, 0.97, 1.05, 0.97, 1.03, 0.95, 1.07, 0.83, 0.93, 0.72, 0.72, 0.38, 0.57], leak: [1.0, 1.0, 1.0, 1.0, 1.0, 1.0, 1.0, 1.0, 0.95, 1.0, 0.91, 1.0, 0.9, 1.0, 0.98, 1.0, 0.98, 1.0, 1.0], timesteps: 25, time: 0:11:23
Epoch: 70, lr: 2.0e-05, train_loss: 0.0234, train_acc: 0.9946 test_loss: 1.9384, test_acc: 0.6391, best: 0.6413 time: 0:19:58

Epoch: 71, batch: 500, train_loss: 0.0207, train_acc: 0.9957, threshold: [0.8, 1.49, 1.78, 0.97, 0.98, 0.99, 1.01, 0.97, 1.05, 0.97, 1.03, 0.95, 1.07, 0.83, 0.93, 0.72, 0.72, 0.38, 0.57], leak: [1.0, 1.0, 1.0, 1.0, 1.0, 1.0, 1.0, 1.0, 0.95, 1.0, 0.91, 1.0, 0.9, 1.0, 0.98, 1.0, 0.98, 1.0, 1.0], timesteps: 25, time: 0:11:24
Epoch: 71, lr: 2.0e-05, train_loss: 0.0202, train_acc: 0.9959 test_loss: 1.9320, test_acc: 0.6404, best: 0.6413 time: 0:19:58

Epoch: 72, batch: 500, train_loss: 0.0220, train_acc: 0.9948, threshold: [0.8, 1.49, 1.78, 0.97, 0.98, 0.99, 1.01, 0.97, 1.05, 0.97, 1.03, 0.95, 1.07, 0.83, 0.93, 0.72, 0.72, 0.38, 0.57], leak: [1.0, 1.0, 1.0, 1.0, 1.0, 1.0, 1.0, 1.0, 0.95, 1.0, 0.91, 1.0, 0.9, 1.0, 0.98, 1.0, 0.98, 1.0, 1.0], timesteps: 25, time: 0:11:21
Epoch: 72, lr: 2.0e-05, train_loss: 0.0221, train_acc: 0.9950 test_loss: 1.9354, test_acc: 0.6381, best: 0.6413 time: 0:19:54

Epoch: 73, batch: 500, train_loss: 0.0211, train_acc: 0.9950, threshold: [0.8, 1.49, 1.78, 0.97, 0.98, 0.99, 1.01, 0.97, 1.05, 0.97, 1.03, 0.95, 1.07, 0.83, 0.93, 0.72, 0.72, 0.38, 0.57], leak: [1.0, 1.0, 1.0, 1.0, 1.0, 1.0, 1.0, 1.0, 0.95, 1.0, 0.91, 1.0, 0.9, 1.0, 0.98, 1.0, 0.98, 1.0, 1.0], timesteps: 25, time: 0:11:23
Epoch: 73, lr: 2.0e-05, train_loss: 0.0206, train_acc: 0.9954 test_loss: 1.9575, test_acc: 0.6417, best: 0.6417 time: 0:20:00

Epoch: 74, batch: 500, train_loss: 0.0207, train_acc: 0.9950, threshold: [0.8, 1.49, 1.78, 0.97, 0.98, 0.99, 1.01, 0.97, 1.05, 0.97, 1.03, 0.95, 1.07, 0.83, 0.93, 0.72, 0.72, 0.38, 0.57], leak: [1.0, 1.0, 1.0, 1.0, 1.0, 1.0, 1.0, 1.0, 0.95, 1.0, 0.91, 1.0, 0.9, 1.0, 0.98, 1.0, 0.98, 1.0, 1.0], timesteps: 25, time: 0:11:24
Epoch: 74, lr: 2.0e-05, train_loss: 0.0211, train_acc: 0.9950 test_loss: 1.9336, test_acc: 0.6393, best: 0.6417 time: 0:20:01

Epoch: 75, batch: 500, train_loss: 0.0204, train_acc: 0.9956, threshold: [0.8, 1.49, 1.78, 0.97, 0.98, 0.99, 1.01, 0.97, 1.05, 0.97, 1.03, 0.95, 1.07, 0.83, 0.93, 0.72, 0.72, 0.38, 0.57], leak: [1.0, 1.0, 1.0, 1.0, 1.0, 1.0, 1.0, 1.0, 0.95, 1.0, 0.91, 1.0, 0.9, 1.0, 0.98, 1.0, 0.98, 1.0, 1.0], timesteps: 25, time: 0:11:25
Epoch: 75, lr: 2.0e-05, train_loss: 0.0207, train_acc: 0.9954 test_loss: 1.9278, test_acc: 0.6392, best: 0.6417 time: 0:20:00

Epoch: 76, batch: 500, train_loss: 0.0215, train_acc: 0.9949, threshold: [0.8, 1.49, 1.78, 0.97, 0.98, 0.99, 1.01, 0.97, 1.05, 0.97, 1.03, 0.95, 1.07, 0.83, 0.93, 0.72, 0.72, 0.38, 0.57], leak: [1.0, 1.0, 1.0, 1.0, 1.0, 1.0, 1.0, 1.0, 0.95, 1.0, 0.91, 1.0, 0.9, 1.0, 0.98, 1.0, 0.98, 1.0, 1.0], timesteps: 25, time: 0:11:22
Epoch: 76, lr: 2.0e-05, train_loss: 0.0210, train_acc: 0.9952 test_loss: 1.9377, test_acc: 0.6376, best: 0.6417 time: 0:19:23

Epoch: 77, batch: 500, train_loss: 0.0212, train_acc: 0.9952, threshold: [0.8, 1.49, 1.78, 0.97, 0.98, 0.99, 1.01, 0.97, 1.05, 0.97, 1.03, 0.95, 1.07, 0.83, 0.93, 0.72, 0.72, 0.38, 0.57], leak: [1.0, 1.0, 1.0, 1.0, 1.0, 1.0, 1.0, 1.0, 0.95, 1.0, 0.91, 1.0, 0.9, 1.0, 0.98, 1.0, 0.98, 1.0, 1.0], timesteps: 25, time: 0:10:42
Epoch: 77, lr: 2.0e-05, train_loss: 0.0211, train_acc: 0.9953 test_loss: 1.9454, test_acc: 0.6400, best: 0.6417 time: 0:18:41

Epoch: 78, batch: 500, train_loss: 0.0198, train_acc: 0.9958, threshold: [0.8, 1.49, 1.78, 0.97, 0.98, 0.99, 1.01, 0.97, 1.05, 0.97, 1.03, 0.95, 1.07, 0.83, 0.93, 0.72, 0.72, 0.38, 0.57], leak: [1.0, 1.0, 1.0, 1.0, 1.0, 1.0, 1.0, 1.0, 0.95, 1.0, 0.91, 1.0, 0.9, 1.0, 0.98, 1.0, 0.98, 1.0, 1.0], timesteps: 25, time: 0:10:42
Epoch: 78, lr: 2.0e-05, train_loss: 0.0208, train_acc: 0.9955 test_loss: 1.9321, test_acc: 0.6413, best: 0.6417 time: 0:18:43

Epoch: 79, batch: 500, train_loss: 0.0203, train_acc: 0.9958, threshold: [0.8, 1.49, 1.78, 0.97, 0.98, 0.99, 1.01, 0.97, 1.05, 0.97, 1.03, 0.95, 1.07, 0.83, 0.93, 0.72, 0.72, 0.38, 0.57], leak: [1.0, 1.0, 1.0, 1.0, 1.0, 1.0, 1.0, 1.0, 0.95, 1.0, 0.91, 1.0, 0.9, 1.0, 0.98, 1.0, 0.98, 1.0, 1.0], timesteps: 25, time: 0:10:40
Epoch: 79, lr: 2.0e-05, train_loss: 0.0204, train_acc: 0.9958 test_loss: 1.9490, test_acc: 0.6395, best: 0.6417 time: 0:18:41

Epoch: 80, batch: 500, train_loss: 0.0194, train_acc: 0.9959, threshold: [0.8, 1.49, 1.78, 0.97, 0.98, 0.99, 1.01, 0.97, 1.05, 0.97, 1.03, 0.95, 1.07, 0.83, 0.93, 0.72, 0.72, 0.38, 0.57], leak: [1.0, 1.0, 1.0, 1.0, 1.0, 1.0, 1.0, 1.0, 0.95, 1.0, 0.91, 1.0, 0.9, 1.0, 0.98, 1.0, 0.98, 1.0, 1.0], timesteps: 25, time: 0:10:42
Epoch: 80, lr: 4.0e-06, train_loss: 0.0194, train_acc: 0.9960 test_loss: 1.9429, test_acc: 0.6360, best: 0.6417 time: 0:18:43

Epoch: 81, batch: 500, train_loss: 0.0200, train_acc: 0.9952, threshold: [0.8, 1.49, 1.78, 0.97, 0.98, 0.99, 1.01, 0.97, 1.05, 0.97, 1.03, 0.95, 1.07, 0.83, 0.93, 0.72, 0.72, 0.38, 0.57], leak: [1.0, 1.0, 1.0, 1.0, 1.0, 1.0, 1.0, 1.0, 0.95, 1.0, 0.91, 1.0, 0.9, 1.0, 0.98, 1.0, 0.98, 1.0, 1.0], timesteps: 25, time: 0:10:42
Epoch: 81, lr: 4.0e-06, train_loss: 0.0196, train_acc: 0.9955 test_loss: 1.9437, test_acc: 0.6431, best: 0.6431 time: 0:18:45

Epoch: 82, batch: 500, train_loss: 0.0189, train_acc: 0.9961, threshold: [0.8, 1.49, 1.78, 0.97, 0.98, 0.99, 1.01, 0.97, 1.05, 0.97, 1.03, 0.95, 1.07, 0.83, 0.93, 0.72, 0.72, 0.38, 0.57], leak: [1.0, 1.0, 1.0, 1.0, 1.0, 1.0, 1.0, 1.0, 0.95, 1.0, 0.91, 1.0, 0.9, 1.0, 0.98, 1.0, 0.98, 1.0, 1.0], timesteps: 25, time: 0:10:43
Epoch: 82, lr: 4.0e-06, train_loss: 0.0197, train_acc: 0.9958 test_loss: 1.9392, test_acc: 0.6401, best: 0.6431 time: 0:18:45

Epoch: 83, batch: 500, train_loss: 0.0181, train_acc: 0.9961, threshold: [0.8, 1.49, 1.78, 0.97, 0.98, 0.99, 1.01, 0.97, 1.05, 0.97, 1.03, 0.95, 1.07, 0.83, 0.93, 0.72, 0.72, 0.38, 0.57], leak: [1.0, 1.0, 1.0, 1.0, 1.0, 1.0, 1.0, 1.0, 0.95, 1.0, 0.91, 1.0, 0.9, 1.0, 0.98, 1.0, 0.98, 1.0, 1.0], timesteps: 25, time: 0:10:42
Epoch: 83, lr: 4.0e-06, train_loss: 0.0181, train_acc: 0.9963 test_loss: 1.9489, test_acc: 0.6374, best: 0.6431 time: 0:18:43

Epoch: 84, batch: 500, train_loss: 0.0186, train_acc: 0.9963, threshold: [0.8, 1.49, 1.78, 0.97, 0.98, 0.99, 1.01, 0.97, 1.05, 0.97, 1.03, 0.95, 1.07, 0.83, 0.93, 0.72, 0.72, 0.38, 0.57], leak: [1.0, 1.0, 1.0, 1.0, 1.0, 1.0, 1.0, 1.0, 0.95, 1.0, 0.91, 1.0, 0.9, 1.0, 0.98, 1.0, 0.98, 1.0, 1.0], timesteps: 25, time: 0:10:42
Epoch: 84, lr: 4.0e-06, train_loss: 0.0189, train_acc: 0.9961 test_loss: 1.9415, test_acc: 0.6399, best: 0.6431 time: 0:18:43

Epoch: 85, batch: 500, train_loss: 0.0189, train_acc: 0.9960, threshold: [0.8, 1.49, 1.78, 0.97, 0.98, 0.99, 1.01, 0.97, 1.05, 0.97, 1.03, 0.95, 1.07, 0.83, 0.93, 0.72, 0.72, 0.38, 0.57], leak: [1.0, 1.0, 1.0, 1.0, 1.0, 1.0, 1.0, 1.0, 0.95, 1.0, 0.91, 1.0, 0.9, 1.0, 0.98, 1.0, 0.98, 1.0, 1.0], timesteps: 25, time: 0:10:43
Epoch: 85, lr: 4.0e-06, train_loss: 0.0190, train_acc: 0.9960 test_loss: 1.9476, test_acc: 0.6397, best: 0.6431 time: 0:18:43

Epoch: 86, batch: 500, train_loss: 0.0180, train_acc: 0.9964, threshold: [0.8, 1.49, 1.78, 0.97, 0.98, 0.99, 1.01, 0.97, 1.05, 0.97, 1.03, 0.95, 1.07, 0.83, 0.93, 0.72, 0.72, 0.38, 0.57], leak: [1.0, 1.0, 1.0, 1.0, 1.0, 1.0, 1.0, 1.0, 0.95, 1.0, 0.91, 1.0, 0.9, 1.0, 0.98, 1.0, 0.98, 1.0, 1.0], timesteps: 25, time: 0:10:43
Epoch: 86, lr: 4.0e-06, train_loss: 0.0180, train_acc: 0.9965 test_loss: 1.9526, test_acc: 0.6410, best: 0.6431 time: 0:18:44

Epoch: 87, batch: 500, train_loss: 0.0187, train_acc: 0.9959, threshold: [0.8, 1.49, 1.78, 0.97, 0.98, 0.99, 1.01, 0.97, 1.05, 0.97, 1.03, 0.95, 1.07, 0.83, 0.93, 0.72, 0.72, 0.38, 0.57], leak: [1.0, 1.0, 1.0, 1.0, 1.0, 1.0, 1.0, 1.0, 0.95, 1.0, 0.91, 1.0, 0.9, 1.0, 0.98, 1.0, 0.98, 1.0, 1.0], timesteps: 25, time: 0:10:42
Epoch: 87, lr: 4.0e-06, train_loss: 0.0190, train_acc: 0.9959 test_loss: 1.9387, test_acc: 0.6381, best: 0.6431 time: 0:18:44

Epoch: 88, batch: 500, train_loss: 0.0184, train_acc: 0.9959, threshold: [0.8, 1.49, 1.78, 0.97, 0.98, 0.99, 1.01, 0.97, 1.05, 0.97, 1.03, 0.95, 1.07, 0.83, 0.93, 0.72, 0.72, 0.38, 0.57], leak: [1.0, 1.0, 1.0, 1.0, 1.0, 1.0, 1.0, 1.0, 0.95, 1.0, 0.91, 1.0, 0.9, 1.0, 0.98, 1.0, 0.98, 1.0, 1.0], timesteps: 25, time: 0:10:43
Epoch: 88, lr: 4.0e-06, train_loss: 0.0188, train_acc: 0.9958 test_loss: 1.9482, test_acc: 0.6405, best: 0.6431 time: 0:18:45

Epoch: 89, batch: 500, train_loss: 0.0179, train_acc: 0.9962, threshold: [0.8, 1.49, 1.78, 0.97, 0.98, 0.99, 1.01, 0.97, 1.05, 0.97, 1.03, 0.95, 1.07, 0.83, 0.93, 0.72, 0.72, 0.38, 0.57], leak: [1.0, 1.0, 1.0, 1.0, 1.0, 1.0, 1.0, 1.0, 0.95, 1.0, 0.91, 1.0, 0.9, 1.0, 0.98, 1.0, 0.98, 1.0, 1.0], timesteps: 25, time: 0:10:43
Epoch: 89, lr: 4.0e-06, train_loss: 0.0183, train_acc: 0.9962 test_loss: 1.9386, test_acc: 0.6435, best: 0.6435 time: 0:18:46

Epoch: 90, batch: 500, train_loss: 0.0191, train_acc: 0.9954, threshold: [0.8, 1.49, 1.78, 0.97, 0.98, 0.99, 1.01, 0.97, 1.05, 0.97, 1.03, 0.95, 1.07, 0.83, 0.93, 0.72, 0.72, 0.38, 0.57], leak: [1.0, 1.0, 1.0, 1.0, 1.0, 1.0, 1.0, 1.0, 0.95, 1.0, 0.91, 1.0, 0.9, 1.0, 0.98, 1.0, 0.98, 1.0, 1.0], timesteps: 25, time: 0:10:41
Epoch: 90, lr: 8.0e-07, train_loss: 0.0191, train_acc: 0.9956 test_loss: 1.9402, test_acc: 0.6402, best: 0.6435 time: 0:18:42

Epoch: 91, batch: 500, train_loss: 0.0186, train_acc: 0.9959, threshold: [0.8, 1.49, 1.78, 0.97, 0.98, 0.99, 1.01, 0.97, 1.05, 0.97, 1.03, 0.95, 1.07, 0.83, 0.93, 0.72, 0.72, 0.38, 0.57], leak: [1.0, 1.0, 1.0, 1.0, 1.0, 1.0, 1.0, 1.0, 0.95, 1.0, 0.91, 1.0, 0.9, 1.0, 0.98, 1.0, 0.98, 1.0, 1.0], timesteps: 25, time: 0:10:44
Epoch: 91, lr: 8.0e-07, train_loss: 0.0187, train_acc: 0.9960 test_loss: 1.9395, test_acc: 0.6444, best: 0.6444 time: 0:18:47

Epoch: 92, batch: 500, train_loss: 0.0179, train_acc: 0.9963, threshold: [0.8, 1.49, 1.78, 0.97, 0.98, 0.99, 1.01, 0.97, 1.05, 0.97, 1.03, 0.95, 1.07, 0.83, 0.93, 0.72, 0.72, 0.38, 0.57], leak: [1.0, 1.0, 1.0, 1.0, 1.0, 1.0, 1.0, 1.0, 0.95, 1.0, 0.91, 1.0, 0.9, 1.0, 0.98, 1.0, 0.98, 1.0, 1.0], timesteps: 25, time: 0:10:41
Epoch: 92, lr: 8.0e-07, train_loss: 0.0176, train_acc: 0.9965 test_loss: 1.9413, test_acc: 0.6425, best: 0.6444 time: 0:18:41

Epoch: 93, batch: 500, train_loss: 0.0180, train_acc: 0.9965, threshold: [0.8, 1.49, 1.78, 0.97, 0.98, 0.99, 1.01, 0.97, 1.05, 0.97, 1.03, 0.95, 1.07, 0.83, 0.93, 0.72, 0.72, 0.38, 0.57], leak: [1.0, 1.0, 1.0, 1.0, 1.0, 1.0, 1.0, 1.0, 0.95, 1.0, 0.91, 1.0, 0.9, 1.0, 0.98, 1.0, 0.98, 1.0, 1.0], timesteps: 25, time: 0:10:43
Epoch: 93, lr: 8.0e-07, train_loss: 0.0183, train_acc: 0.9959 test_loss: 1.9398, test_acc: 0.6416, best: 0.6444 time: 0:18:43

Epoch: 94, batch: 500, train_loss: 0.0188, train_acc: 0.9960, threshold: [0.8, 1.49, 1.78, 0.97, 0.98, 0.99, 1.01, 0.97, 1.05, 0.97, 1.03, 0.95, 1.07, 0.83, 0.93, 0.72, 0.72, 0.38, 0.57], leak: [1.0, 1.0, 1.0, 1.0, 1.0, 1.0, 1.0, 1.0, 0.95, 1.0, 0.91, 1.0, 0.9, 1.0, 0.98, 1.0, 0.98, 1.0, 1.0], timesteps: 25, time: 0:10:42
Epoch: 94, lr: 8.0e-07, train_loss: 0.0188, train_acc: 0.9959 test_loss: 1.9438, test_acc: 0.6382, best: 0.6444 time: 0:18:42

Epoch: 95, batch: 500, train_loss: 0.0176, train_acc: 0.9962, threshold: [0.8, 1.49, 1.78, 0.97, 0.98, 0.99, 1.01, 0.97, 1.05, 0.97, 1.03, 0.95, 1.07, 0.83, 0.93, 0.72, 0.72, 0.38, 0.57], leak: [1.0, 1.0, 1.0, 1.0, 1.0, 1.0, 1.0, 1.0, 0.95, 1.0, 0.91, 1.0, 0.9, 1.0, 0.98, 1.0, 0.98, 1.0, 1.0], timesteps: 25, time: 0:10:41
Epoch: 95, lr: 8.0e-07, train_loss: 0.0175, train_acc: 0.9962 test_loss: 1.9431, test_acc: 0.6369, best: 0.6444 time: 0:18:43

Epoch: 96, batch: 500, train_loss: 0.0181, train_acc: 0.9961, threshold: [0.8, 1.49, 1.78, 0.97, 0.98, 0.99, 1.01, 0.97, 1.05, 0.97, 1.03, 0.95, 1.07, 0.83, 0.93, 0.72, 0.72, 0.38, 0.57], leak: [1.0, 1.0, 1.0, 1.0, 1.0, 1.0, 1.0, 1.0, 0.95, 1.0, 0.91, 1.0, 0.9, 1.0, 0.98, 1.0, 0.98, 1.0, 1.0], timesteps: 25, time: 0:10:42
Epoch: 96, lr: 8.0e-07, train_loss: 0.0185, train_acc: 0.9959 test_loss: 1.9489, test_acc: 0.6408, best: 0.6444 time: 0:18:42

Epoch: 97, batch: 500, train_loss: 0.0174, train_acc: 0.9960, threshold: [0.8, 1.49, 1.78, 0.97, 0.98, 0.99, 1.01, 0.97, 1.05, 0.97, 1.03, 0.95, 1.07, 0.83, 0.93, 0.72, 0.72, 0.38, 0.57], leak: [1.0, 1.0, 1.0, 1.0, 1.0, 1.0, 1.0, 1.0, 0.95, 1.0, 0.91, 1.0, 0.9, 1.0, 0.98, 1.0, 0.98, 1.0, 1.0], timesteps: 25, time: 0:10:42
Epoch: 97, lr: 8.0e-07, train_loss: 0.0172, train_acc: 0.9963 test_loss: 1.9373, test_acc: 0.6401, best: 0.6444 time: 0:18:41

Epoch: 98, batch: 500, train_loss: 0.0192, train_acc: 0.9956, threshold: [0.8, 1.49, 1.78, 0.97, 0.98, 0.99, 1.01, 0.97, 1.05, 0.97, 1.03, 0.95, 1.07, 0.83, 0.93, 0.72, 0.72, 0.38, 0.57], leak: [1.0, 1.0, 1.0, 1.0, 1.0, 1.0, 1.0, 1.0, 0.95, 1.0, 0.91, 1.0, 0.9, 1.0, 0.98, 1.0, 0.98, 1.0, 1.0], timesteps: 25, time: 0:10:42
Epoch: 98, lr: 8.0e-07, train_loss: 0.0187, train_acc: 0.9955 test_loss: 1.9537, test_acc: 0.6387, best: 0.6444 time: 0:18:44

Epoch: 99, batch: 500, train_loss: 0.0174, train_acc: 0.9967, threshold: [0.8, 1.49, 1.78, 0.97, 0.98, 0.99, 1.01, 0.97, 1.05, 0.97, 1.03, 0.95, 1.07, 0.83, 0.93, 0.72, 0.72, 0.38, 0.57], leak: [1.0, 1.0, 1.0, 1.0, 1.0, 1.0, 1.0, 1.0, 0.95, 1.0, 0.91, 1.0, 0.9, 1.0, 0.98, 1.0, 0.98, 1.0, 1.0], timesteps: 25, time: 0:10:42
Epoch: 99, lr: 8.0e-07, train_loss: 0.0178, train_acc: 0.9965 test_loss: 1.9530, test_acc: 0.6406, best: 0.6444 time: 0:18:41
 Highest accuracy: 0.6444