
 Run on time: 2020-06-01 05:28:08.608964

 Arguments: 
	 gpu                  : True
	 seed                 : 0
	 dataset              : CIFAR10
	 batch_size           : 64
	 architecture         : VGG6
	 learning_rate        : 0.0001
	 pretrained_ann       : ./trained_models/ann/ann_vgg5_cifar10.pth
	 pretrained_snn       : 
	 test_only            : False
	 log                  : True
	 epochs               : 100
	 lr_interval          : [50, 70, 90]
	 lr_reduce            : 5
	 timesteps            : 15
	 leak                 : 1.0
	 scaling_factor       : 1.0
	 default_threshold    : 1.0
	 activation           : Linear
	 alpha                : 0.3
	 beta                 : 0.01
	 optimizer            : Adam
	 weight_decay         : 0.0
	 momentum             : 0.9
	 amsgrad              : True
	 betas                : 0.9,0.999
	 dropout              : 0.1
	 kernel_size          : 3
	 test_acc_every_batch : False
	 train_acc_batches    : 500
	 devices              : 2
	 resume               : 
	 dont_save            : False
 Missing keys : ['module.threshold.t0', 'module.threshold.t12', 'module.threshold.t3', 'module.threshold.t6', 'module.threshold.t9', 'module.leak.l0', 'module.leak.l12', 'module.leak.l3', 'module.leak.l6', 'module.leak.l9'], Unexpected Keys: []
 Info: Accuracy of loaded ANN model: 0.908
 Info: Thresholds loaded from trained ANN: [3.5490875244140625, 0.9159048199653625, 1.1025944948196411, 0.22949980199337006, 0.5427358150482178]
 DataParallel(
  (module): VGG_SNN(
    (features): Sequential(
      (0): Conv2d(3, 64, kernel_size=(3, 3), stride=(1, 1), padding=(1, 1), bias=False)
      (1): ReLU(inplace=True)
      (2): AvgPool2d(kernel_size=2, stride=2, padding=0)
      (3): Conv2d(64, 128, kernel_size=(3, 3), stride=(1, 1), padding=(1, 1), bias=False)
      (4): ReLU(inplace=True)
      (5): Dropout(p=0.1, inplace=False)
      (6): Conv2d(128, 128, kernel_size=(3, 3), stride=(1, 1), padding=(1, 1), bias=False)
      (7): ReLU(inplace=True)
      (8): AvgPool2d(kernel_size=2, stride=2, padding=0)
    )
    (classifier): Sequential(
      (0): Linear(in_features=8192, out_features=4096, bias=False)
      (1): ReLU(inplace=True)
      (2): Dropout(p=0.1, inplace=False)
      (3): Linear(in_features=4096, out_features=4096, bias=False)
      (4): ReLU(inplace=True)
      (5): Dropout(p=0.1, inplace=False)
      (6): Linear(in_features=4096, out_features=10, bias=False)
    )
    (threshold): ParameterDict(
        (t0): Parameter containing: [torch.cuda.FloatTensor of size  (GPU 0)]
        (t12): Parameter containing: [torch.cuda.FloatTensor of size  (GPU 0)]
        (t3): Parameter containing: [torch.cuda.FloatTensor of size  (GPU 0)]
        (t6): Parameter containing: [torch.cuda.FloatTensor of size  (GPU 0)]
        (t9): Parameter containing: [torch.cuda.FloatTensor of size  (GPU 0)]
    )
    (leak): ParameterDict(
        (l0): Parameter containing: [torch.cuda.FloatTensor of size 1 (GPU 0)]
        (l12): Parameter containing: [torch.cuda.FloatTensor of size 1 (GPU 0)]
        (l3): Parameter containing: [torch.cuda.FloatTensor of size 1 (GPU 0)]
        (l6): Parameter containing: [torch.cuda.FloatTensor of size 1 (GPU 0)]
        (l9): Parameter containing: [torch.cuda.FloatTensor of size 1 (GPU 0)]
    )
  )
)
 Adam (
Parameter Group 0
    amsgrad: True
    betas: (0.9, 0.999)
    eps: 1e-08
    lr: 0.0001
    weight_decay: 0.0
)

Epoch: 1, batch: 500, train_loss: 0.1233, train_acc: 0.9738, threshold: [3.53, 0.92, 1.11, 0.24, 0.55], leak: [1.0, 0.99, 0.99, 0.99, 0.98], timesteps: 15, time: 0:02:44
Epoch: 1, lr: 1.0e-04, train_loss: 0.1187, train_acc: 0.9737 test_loss: 0.9582, test_acc: 0.8605, best: 0.8605, sparsity: [0.49, 0.51, 0.1, 0.14, 0.2], time: 0:04:56

Epoch: 2, batch: 500, train_loss: 0.1022, train_acc: 0.9754, threshold: [3.5, 0.93, 1.12, 0.26, 0.56], leak: [1.0, 0.99, 0.98, 0.97, 0.97], timesteps: 15, time: 0:02:45
Epoch: 2, lr: 1.0e-04, train_loss: 0.1042, train_acc: 0.9746 test_loss: 0.9039, test_acc: 0.8642, best: 0.8642, sparsity: [0.51, 0.52, 0.1, 0.13, 0.19], time: 0:04:58

Epoch: 3, batch: 500, train_loss: 0.0898, train_acc: 0.9776, threshold: [3.46, 0.92, 1.12, 0.26, 0.56], leak: [1.0, 1.0, 0.98, 0.96, 0.96], timesteps: 15, time: 0:02:43
Epoch: 3, lr: 1.0e-04, train_loss: 0.0849, train_acc: 0.9783 test_loss: 0.8796, test_acc: 0.8617, best: 0.8642, sparsity: [0.53, 0.53, 0.1, 0.12, 0.18], time: 0:04:48

Epoch: 4, batch: 500, train_loss: 0.0750, train_acc: 0.9800, threshold: [3.44, 0.92, 1.12, 0.27, 0.56], leak: [1.0, 1.0, 0.98, 0.96, 0.96], timesteps: 15, time: 0:02:45
Epoch: 4, lr: 1.0e-04, train_loss: 0.0763, train_acc: 0.9794 test_loss: 0.8526, test_acc: 0.8674, best: 0.8674, sparsity: [0.54, 0.53, 0.1, 0.12, 0.18], time: 0:04:59

Epoch: 5, batch: 500, train_loss: 0.0708, train_acc: 0.9817, threshold: [3.41, 0.92, 1.12, 0.27, 0.57], leak: [1.0, 1.0, 0.98, 0.95, 0.95], timesteps: 15, time: 0:02:44
Epoch: 5, lr: 1.0e-04, train_loss: 0.0674, train_acc: 0.9824 test_loss: 0.7922, test_acc: 0.8700, best: 0.8700, sparsity: [0.55, 0.54, 0.09, 0.12, 0.18], time: 0:04:57

Epoch: 6, batch: 500, train_loss: 0.0581, train_acc: 0.9838, threshold: [3.39, 0.91, 1.12, 0.27, 0.57], leak: [1.0, 1.0, 0.98, 0.95, 0.95], timesteps: 15, time: 0:02:44
Epoch: 6, lr: 1.0e-04, train_loss: 0.0600, train_acc: 0.9832 test_loss: 0.7983, test_acc: 0.8712, best: 0.8712, sparsity: [0.56, 0.53, 0.09, 0.11, 0.18], time: 0:04:58

Epoch: 7, batch: 500, train_loss: 0.0580, train_acc: 0.9843, threshold: [3.37, 0.91, 1.12, 0.28, 0.57], leak: [1.0, 1.0, 0.98, 0.95, 0.95], timesteps: 15, time: 0:02:44
Epoch: 7, lr: 1.0e-04, train_loss: 0.0604, train_acc: 0.9839 test_loss: 0.7740, test_acc: 0.8725, best: 0.8725, sparsity: [0.57, 0.54, 0.1, 0.11, 0.17], time: 0:04:58

Epoch: 8, batch: 500, train_loss: 0.0478, train_acc: 0.9862, threshold: [3.35, 0.91, 1.12, 0.28, 0.57], leak: [1.0, 1.0, 0.98, 0.94, 0.95], timesteps: 15, time: 0:02:44
Epoch: 8, lr: 1.0e-04, train_loss: 0.0504, train_acc: 0.9856 test_loss: 0.7467, test_acc: 0.8766, best: 0.8766, sparsity: [0.58, 0.55, 0.1, 0.11, 0.17], time: 0:04:57

Epoch: 9, batch: 500, train_loss: 0.0436, train_acc: 0.9881, threshold: [3.33, 0.9, 1.12, 0.28, 0.57], leak: [1.0, 1.0, 0.98, 0.94, 0.94], timesteps: 15, time: 0:02:44
Epoch: 9, lr: 1.0e-04, train_loss: 0.0456, train_acc: 0.9871 test_loss: 0.7451, test_acc: 0.8745, best: 0.8766, sparsity: [0.59, 0.54, 0.1, 0.11, 0.18], time: 0:04:49

Epoch: 10, batch: 500, train_loss: 0.0446, train_acc: 0.9881, threshold: [3.32, 0.9, 1.12, 0.28, 0.57], leak: [1.0, 1.0, 0.98, 0.94, 0.94], timesteps: 15, time: 0:02:44
Epoch: 10, lr: 1.0e-04, train_loss: 0.0459, train_acc: 0.9875 test_loss: 0.6968, test_acc: 0.8751, best: 0.8766, sparsity: [0.59, 0.55, 0.1, 0.11, 0.17], time: 0:04:50

Epoch: 11, batch: 500, train_loss: 0.0408, train_acc: 0.9874, threshold: [3.3, 0.9, 1.12, 0.28, 0.57], leak: [1.0, 1.0, 0.98, 0.94, 0.94], timesteps: 15, time: 0:02:45
Epoch: 11, lr: 1.0e-04, train_loss: 0.0409, train_acc: 0.9879 test_loss: 0.7378, test_acc: 0.8766, best: 0.8766, sparsity: [0.59, 0.55, 0.1, 0.11, 0.18], time: 0:04:49

Epoch: 12, batch: 500, train_loss: 0.0351, train_acc: 0.9899, threshold: [3.29, 0.89, 1.12, 0.28, 0.57], leak: [1.0, 1.0, 0.99, 0.94, 0.94], timesteps: 15, time: 0:02:44
Epoch: 12, lr: 1.0e-04, train_loss: 0.0361, train_acc: 0.9896 test_loss: 0.7639, test_acc: 0.8787, best: 0.8787, sparsity: [0.59, 0.56, 0.1, 0.11, 0.18], time: 0:04:57

Epoch: 13, batch: 500, train_loss: 0.0364, train_acc: 0.9897, threshold: [3.28, 0.89, 1.12, 0.28, 0.57], leak: [1.0, 1.0, 0.99, 0.93, 0.94], timesteps: 15, time: 0:02:44
Epoch: 13, lr: 1.0e-04, train_loss: 0.0353, train_acc: 0.9898 test_loss: 0.7822, test_acc: 0.8811, best: 0.8811, sparsity: [0.6, 0.56, 0.1, 0.11, 0.19], time: 0:04:57

Epoch: 14, batch: 500, train_loss: 0.0386, train_acc: 0.9888, threshold: [3.27, 0.89, 1.12, 0.28, 0.57], leak: [1.0, 1.0, 0.99, 0.93, 0.94], timesteps: 15, time: 0:02:45
Epoch: 14, lr: 1.0e-04, train_loss: 0.0369, train_acc: 0.9892 test_loss: 0.7673, test_acc: 0.8762, best: 0.8811, sparsity: [0.61, 0.57, 0.1, 0.11, 0.18], time: 0:04:49

Epoch: 15, batch: 500, train_loss: 0.0343, train_acc: 0.9904, threshold: [3.26, 0.89, 1.12, 0.28, 0.57], leak: [1.0, 1.0, 0.98, 0.93, 0.94], timesteps: 15, time: 0:02:44
Epoch: 15, lr: 1.0e-04, train_loss: 0.0331, train_acc: 0.9908 test_loss: 0.7505, test_acc: 0.8799, best: 0.8811, sparsity: [0.61, 0.56, 0.1, 0.11, 0.19], time: 0:04:50

Epoch: 16, batch: 500, train_loss: 0.0305, train_acc: 0.9907, threshold: [3.25, 0.89, 1.12, 0.28, 0.57], leak: [1.0, 1.0, 0.99, 0.93, 0.94], timesteps: 15, time: 0:02:45
Epoch: 16, lr: 1.0e-04, train_loss: 0.0335, train_acc: 0.9901 test_loss: 0.7725, test_acc: 0.8777, best: 0.8811, sparsity: [0.61, 0.56, 0.1, 0.11, 0.19], time: 0:04:50

Epoch: 17, batch: 500, train_loss: 0.0300, train_acc: 0.9915, threshold: [3.24, 0.89, 1.12, 0.28, 0.57], leak: [1.0, 1.0, 0.98, 0.93, 0.94], timesteps: 15, time: 0:02:45
Epoch: 17, lr: 1.0e-04, train_loss: 0.0320, train_acc: 0.9912 test_loss: 0.7682, test_acc: 0.8804, best: 0.8811, sparsity: [0.62, 0.56, 0.1, 0.11, 0.19], time: 0:04:50

Epoch: 18, batch: 500, train_loss: 0.0301, train_acc: 0.9912, threshold: [3.23, 0.89, 1.12, 0.28, 0.57], leak: [1.0, 1.0, 0.98, 0.93, 0.94], timesteps: 15, time: 0:02:45
Epoch: 18, lr: 1.0e-04, train_loss: 0.0306, train_acc: 0.9912 test_loss: 0.7608, test_acc: 0.8814, best: 0.8814, sparsity: [0.62, 0.57, 0.1, 0.11, 0.19], time: 0:04:59

Epoch: 19, batch: 500, train_loss: 0.0295, train_acc: 0.9919, threshold: [3.22, 0.89, 1.12, 0.28, 0.57], leak: [1.0, 1.0, 0.98, 0.93, 0.94], timesteps: 15, time: 0:02:44
Epoch: 19, lr: 1.0e-04, train_loss: 0.0300, train_acc: 0.9916 test_loss: 0.7714, test_acc: 0.8820, best: 0.8820, sparsity: [0.62, 0.57, 0.1, 0.11, 0.19], time: 0:04:58

Epoch: 20, batch: 500, train_loss: 0.0300, train_acc: 0.9912, threshold: [3.21, 0.88, 1.12, 0.29, 0.57], leak: [1.0, 1.0, 0.98, 0.93, 0.94], timesteps: 15, time: 0:02:44
Epoch: 20, lr: 1.0e-04, train_loss: 0.0311, train_acc: 0.9910 test_loss: 0.7577, test_acc: 0.8756, best: 0.8820, sparsity: [0.63, 0.57, 0.1, 0.11, 0.19], time: 0:04:50

Epoch: 21, batch: 500, train_loss: 0.0319, train_acc: 0.9909, threshold: [3.2, 0.88, 1.12, 0.29, 0.57], leak: [1.0, 1.0, 0.98, 0.93, 0.94], timesteps: 15, time: 0:02:45
Epoch: 21, lr: 1.0e-04, train_loss: 0.0289, train_acc: 0.9917 test_loss: 0.7893, test_acc: 0.8794, best: 0.8820, sparsity: [0.63, 0.56, 0.11, 0.11, 0.2], time: 0:04:49

Epoch: 22, batch: 500, train_loss: 0.0294, train_acc: 0.9913, threshold: [3.2, 0.88, 1.12, 0.29, 0.57], leak: [1.0, 1.0, 0.99, 0.93, 0.94], timesteps: 15, time: 0:02:44
Epoch: 22, lr: 1.0e-04, train_loss: 0.0285, train_acc: 0.9916 test_loss: 0.7599, test_acc: 0.8823, best: 0.8823, sparsity: [0.63, 0.57, 0.1, 0.11, 0.19], time: 0:04:56

Epoch: 23, batch: 500, train_loss: 0.0263, train_acc: 0.9923, threshold: [3.19, 0.88, 1.12, 0.29, 0.57], leak: [1.0, 1.0, 0.99, 0.93, 0.94], timesteps: 15, time: 0:02:45
Epoch: 23, lr: 1.0e-04, train_loss: 0.0269, train_acc: 0.9921 test_loss: 0.7726, test_acc: 0.8802, best: 0.8823, sparsity: [0.64, 0.57, 0.1, 0.11, 0.19], time: 0:04:50

Epoch: 24, batch: 500, train_loss: 0.0255, train_acc: 0.9920, threshold: [3.18, 0.88, 1.12, 0.29, 0.57], leak: [1.0, 1.0, 0.99, 0.93, 0.94], timesteps: 15, time: 0:02:44
Epoch: 24, lr: 1.0e-04, train_loss: 0.0251, train_acc: 0.9924 test_loss: 0.8065, test_acc: 0.8844, best: 0.8844, sparsity: [0.64, 0.57, 0.1, 0.11, 0.2], time: 0:04:58

Epoch: 25, batch: 500, train_loss: 0.0223, train_acc: 0.9933, threshold: [3.17, 0.88, 1.12, 0.29, 0.57], leak: [1.0, 1.0, 0.99, 0.93, 0.94], timesteps: 15, time: 0:02:45
Epoch: 25, lr: 1.0e-04, train_loss: 0.0236, train_acc: 0.9931 test_loss: 0.7727, test_acc: 0.8844, best: 0.8844, sparsity: [0.64, 0.57, 0.1, 0.11, 0.2], time: 0:04:51

Epoch: 26, batch: 500, train_loss: 0.0228, train_acc: 0.9936, threshold: [3.17, 0.88, 1.12, 0.29, 0.57], leak: [1.0, 1.0, 0.99, 0.93, 0.94], timesteps: 15, time: 0:02:44
Epoch: 26, lr: 1.0e-04, train_loss: 0.0230, train_acc: 0.9933 test_loss: 0.8325, test_acc: 0.8835, best: 0.8844, sparsity: [0.64, 0.57, 0.1, 0.11, 0.22], time: 0:04:49

Epoch: 27, batch: 500, train_loss: 0.0226, train_acc: 0.9937, threshold: [3.16, 0.88, 1.12, 0.29, 0.57], leak: [1.0, 1.0, 0.99, 0.93, 0.95], timesteps: 15, time: 0:02:44
Epoch: 27, lr: 1.0e-04, train_loss: 0.0215, train_acc: 0.9937 test_loss: 0.8195, test_acc: 0.8822, best: 0.8844, sparsity: [0.64, 0.56, 0.11, 0.11, 0.21], time: 0:04:50

Epoch: 28, batch: 500, train_loss: 0.0244, train_acc: 0.9930, threshold: [3.16, 0.88, 1.12, 0.29, 0.57], leak: [1.0, 1.0, 0.99, 0.93, 0.95], timesteps: 15, time: 0:02:44
Epoch: 28, lr: 1.0e-04, train_loss: 0.0223, train_acc: 0.9934 test_loss: 0.8022, test_acc: 0.8868, best: 0.8868, sparsity: [0.64, 0.57, 0.1, 0.11, 0.21], time: 0:04:58

Epoch: 29, batch: 500, train_loss: 0.0233, train_acc: 0.9936, threshold: [3.15, 0.87, 1.12, 0.29, 0.57], leak: [1.0, 1.0, 0.99, 0.93, 0.95], timesteps: 15, time: 0:02:44
Epoch: 29, lr: 1.0e-04, train_loss: 0.0224, train_acc: 0.9934 test_loss: 0.8052, test_acc: 0.8826, best: 0.8868, sparsity: [0.65, 0.57, 0.1, 0.11, 0.21], time: 0:04:49

Epoch: 30, batch: 500, train_loss: 0.0205, train_acc: 0.9941, threshold: [3.15, 0.87, 1.12, 0.29, 0.57], leak: [1.0, 1.0, 0.99, 0.93, 0.95], timesteps: 15, time: 0:02:45
Epoch: 30, lr: 1.0e-04, train_loss: 0.0211, train_acc: 0.9939 test_loss: 0.7942, test_acc: 0.8829, best: 0.8868, sparsity: [0.65, 0.58, 0.1, 0.11, 0.21], time: 0:04:51

Epoch: 31, batch: 500, train_loss: 0.0219, train_acc: 0.9937, threshold: [3.14, 0.87, 1.12, 0.29, 0.57], leak: [1.0, 1.0, 0.99, 0.93, 0.95], timesteps: 15, time: 0:02:44
Epoch: 31, lr: 1.0e-04, train_loss: 0.0223, train_acc: 0.9934 test_loss: 0.7838, test_acc: 0.8841, best: 0.8868, sparsity: [0.65, 0.58, 0.1, 0.11, 0.21], time: 0:04:50

Epoch: 32, batch: 500, train_loss: 0.0194, train_acc: 0.9941, threshold: [3.14, 0.87, 1.12, 0.29, 0.57], leak: [1.0, 1.0, 0.99, 0.93, 0.95], timesteps: 15, time: 0:02:45
Epoch: 32, lr: 1.0e-04, train_loss: 0.0173, train_acc: 0.9948 test_loss: 0.8206, test_acc: 0.8821, best: 0.8868, sparsity: [0.65, 0.57, 0.1, 0.11, 0.21], time: 0:04:50

Epoch: 33, batch: 500, train_loss: 0.0178, train_acc: 0.9946, threshold: [3.13, 0.87, 1.12, 0.29, 0.57], leak: [1.0, 1.0, 0.99, 0.93, 0.95], timesteps: 15, time: 0:02:44
Epoch: 33, lr: 1.0e-04, train_loss: 0.0195, train_acc: 0.9942 test_loss: 0.8094, test_acc: 0.8838, best: 0.8868, sparsity: [0.65, 0.57, 0.1, 0.11, 0.21], time: 0:04:49

Epoch: 34, batch: 500, train_loss: 0.0196, train_acc: 0.9942, threshold: [3.13, 0.87, 1.12, 0.29, 0.57], leak: [1.0, 1.0, 0.99, 0.93, 0.95], timesteps: 15, time: 0:02:44
Epoch: 34, lr: 1.0e-04, train_loss: 0.0190, train_acc: 0.9943 test_loss: 0.7940, test_acc: 0.8822, best: 0.8868, sparsity: [0.65, 0.58, 0.1, 0.11, 0.21], time: 0:04:51

Epoch: 35, batch: 500, train_loss: 0.0200, train_acc: 0.9942, threshold: [3.12, 0.87, 1.12, 0.29, 0.57], leak: [1.0, 1.0, 0.99, 0.93, 0.95], timesteps: 15, time: 0:02:44
Epoch: 35, lr: 1.0e-04, train_loss: 0.0212, train_acc: 0.9941 test_loss: 0.7693, test_acc: 0.8839, best: 0.8868, sparsity: [0.66, 0.59, 0.1, 0.11, 0.21], time: 0:04:50

Epoch: 36, batch: 500, train_loss: 0.0198, train_acc: 0.9943, threshold: [3.12, 0.87, 1.12, 0.29, 0.57], leak: [1.0, 1.0, 0.99, 0.93, 0.95], timesteps: 15, time: 0:02:44
Epoch: 36, lr: 1.0e-04, train_loss: 0.0190, train_acc: 0.9946 test_loss: 0.7840, test_acc: 0.8866, best: 0.8868, sparsity: [0.66, 0.58, 0.1, 0.12, 0.22], time: 0:04:50

Epoch: 37, batch: 500, train_loss: 0.0192, train_acc: 0.9945, threshold: [3.11, 0.87, 1.12, 0.29, 0.57], leak: [1.0, 1.0, 0.99, 0.93, 0.95], timesteps: 15, time: 0:02:45
Epoch: 37, lr: 1.0e-04, train_loss: 0.0182, train_acc: 0.9949 test_loss: 0.8573, test_acc: 0.8809, best: 0.8868, sparsity: [0.66, 0.58, 0.1, 0.12, 0.22], time: 0:04:51

Epoch: 38, batch: 500, train_loss: 0.0198, train_acc: 0.9939, threshold: [3.11, 0.87, 1.12, 0.29, 0.57], leak: [1.0, 1.0, 0.99, 0.93, 0.95], timesteps: 15, time: 0:02:44
Epoch: 38, lr: 1.0e-04, train_loss: 0.0186, train_acc: 0.9945 test_loss: 0.7981, test_acc: 0.8829, best: 0.8868, sparsity: [0.65, 0.56, 0.1, 0.11, 0.21], time: 0:04:48

Epoch: 39, batch: 500, train_loss: 0.0180, train_acc: 0.9944, threshold: [3.11, 0.87, 1.12, 0.29, 0.57], leak: [1.0, 1.0, 0.99, 0.93, 0.95], timesteps: 15, time: 0:02:44
Epoch: 39, lr: 1.0e-04, train_loss: 0.0173, train_acc: 0.9948 test_loss: 0.8472, test_acc: 0.8848, best: 0.8868, sparsity: [0.66, 0.58, 0.1, 0.12, 0.22], time: 0:04:51

Epoch: 40, batch: 500, train_loss: 0.0165, train_acc: 0.9951, threshold: [3.1, 0.87, 1.12, 0.29, 0.57], leak: [1.0, 1.0, 0.99, 0.93, 0.95], timesteps: 15, time: 0:02:44
Epoch: 40, lr: 1.0e-04, train_loss: 0.0177, train_acc: 0.9947 test_loss: 0.7671, test_acc: 0.8841, best: 0.8868, sparsity: [0.66, 0.57, 0.1, 0.12, 0.21], time: 0:04:49

Epoch: 41, batch: 500, train_loss: 0.0173, train_acc: 0.9948, threshold: [3.1, 0.87, 1.12, 0.29, 0.57], leak: [1.0, 1.0, 0.99, 0.93, 0.95], timesteps: 15, time: 0:02:45
Epoch: 41, lr: 1.0e-04, train_loss: 0.0167, train_acc: 0.9951 test_loss: 0.8128, test_acc: 0.8862, best: 0.8868, sparsity: [0.66, 0.57, 0.11, 0.11, 0.22], time: 0:04:50

Epoch: 42, batch: 500, train_loss: 0.0165, train_acc: 0.9950, threshold: [3.09, 0.87, 1.12, 0.29, 0.57], leak: [1.0, 1.0, 0.99, 0.93, 0.95], timesteps: 15, time: 0:02:44
Epoch: 42, lr: 1.0e-04, train_loss: 0.0156, train_acc: 0.9953 test_loss: 0.8491, test_acc: 0.8862, best: 0.8868, sparsity: [0.66, 0.57, 0.11, 0.12, 0.23], time: 0:04:49

Epoch: 43, batch: 500, train_loss: 0.0165, train_acc: 0.9953, threshold: [3.09, 0.86, 1.12, 0.29, 0.57], leak: [1.0, 1.0, 0.99, 0.93, 0.95], timesteps: 15, time: 0:02:45
Epoch: 43, lr: 1.0e-04, train_loss: 0.0168, train_acc: 0.9953 test_loss: 0.7730, test_acc: 0.8849, best: 0.8868, sparsity: [0.66, 0.58, 0.11, 0.11, 0.21], time: 0:04:50

Epoch: 44, batch: 500, train_loss: 0.0137, train_acc: 0.9957, threshold: [3.09, 0.86, 1.12, 0.29, 0.57], leak: [1.0, 1.0, 0.99, 0.93, 0.95], timesteps: 15, time: 0:02:45
Epoch: 44, lr: 1.0e-04, train_loss: 0.0151, train_acc: 0.9956 test_loss: 0.7767, test_acc: 0.8813, best: 0.8868, sparsity: [0.66, 0.58, 0.1, 0.11, 0.21], time: 0:04:50

Epoch: 45, batch: 500, train_loss: 0.0132, train_acc: 0.9959, threshold: [3.08, 0.86, 1.12, 0.29, 0.57], leak: [1.0, 1.0, 0.99, 0.93, 0.95], timesteps: 15, time: 0:02:44
Epoch: 45, lr: 1.0e-04, train_loss: 0.0142, train_acc: 0.9956 test_loss: 0.8051, test_acc: 0.8810, best: 0.8868, sparsity: [0.67, 0.58, 0.1, 0.12, 0.22], time: 0:04:49

Epoch: 46, batch: 500, train_loss: 0.0142, train_acc: 0.9956, threshold: [3.08, 0.86, 1.12, 0.29, 0.57], leak: [1.0, 1.0, 0.99, 0.93, 0.95], timesteps: 15, time: 0:02:45
Epoch: 46, lr: 1.0e-04, train_loss: 0.0159, train_acc: 0.9952 test_loss: 0.7458, test_acc: 0.8864, best: 0.8868, sparsity: [0.67, 0.58, 0.1, 0.12, 0.21], time: 0:04:51

Epoch: 47, batch: 500, train_loss: 0.0151, train_acc: 0.9958, threshold: [3.07, 0.86, 1.12, 0.29, 0.57], leak: [1.0, 1.0, 0.99, 0.93, 0.95], timesteps: 15, time: 0:02:44
Epoch: 47, lr: 1.0e-04, train_loss: 0.0144, train_acc: 0.9959 test_loss: 0.8153, test_acc: 0.8848, best: 0.8868, sparsity: [0.67, 0.58, 0.11, 0.12, 0.23], time: 0:04:49

Epoch: 48, batch: 500, train_loss: 0.0131, train_acc: 0.9958, threshold: [3.07, 0.86, 1.12, 0.29, 0.57], leak: [1.0, 1.0, 0.99, 0.93, 0.95], timesteps: 15, time: 0:02:44
Epoch: 48, lr: 1.0e-04, train_loss: 0.0138, train_acc: 0.9957 test_loss: 0.7797, test_acc: 0.8848, best: 0.8868, sparsity: [0.67, 0.57, 0.1, 0.12, 0.22], time: 0:04:50

Epoch: 49, batch: 500, train_loss: 0.0158, train_acc: 0.9958, threshold: [3.07, 0.86, 1.12, 0.29, 0.57], leak: [1.0, 1.0, 0.99, 0.93, 0.95], timesteps: 15, time: 0:02:45
Epoch: 49, lr: 1.0e-04, train_loss: 0.0153, train_acc: 0.9958 test_loss: 0.7729, test_acc: 0.8874, best: 0.8874, sparsity: [0.67, 0.58, 0.11, 0.12, 0.22], time: 0:04:59

Epoch: 50, batch: 500, train_loss: 0.0127, train_acc: 0.9965, threshold: [3.07, 0.86, 1.12, 0.29, 0.57], leak: [1.0, 1.0, 0.99, 0.93, 0.95], timesteps: 15, time: 0:02:45
Epoch: 50, lr: 2.0e-05, train_loss: 0.0118, train_acc: 0.9966 test_loss: 0.7596, test_acc: 0.8887, best: 0.8887, sparsity: [0.67, 0.58, 0.11, 0.12, 0.22], time: 0:04:58

Epoch: 51, batch: 500, train_loss: 0.0084, train_acc: 0.9974, threshold: [3.07, 0.86, 1.12, 0.29, 0.57], leak: [1.0, 1.0, 0.99, 0.93, 0.95], timesteps: 15, time: 0:02:45
Epoch: 51, lr: 2.0e-05, train_loss: 0.0081, train_acc: 0.9973 test_loss: 0.7836, test_acc: 0.8895, best: 0.8895, sparsity: [0.67, 0.58, 0.11, 0.12, 0.23], time: 0:04:59

Epoch: 52, batch: 500, train_loss: 0.0089, train_acc: 0.9974, threshold: [3.07, 0.86, 1.12, 0.29, 0.57], leak: [1.0, 1.0, 0.99, 0.93, 0.95], timesteps: 15, time: 0:02:45
Epoch: 52, lr: 2.0e-05, train_loss: 0.0090, train_acc: 0.9975 test_loss: 0.7810, test_acc: 0.8900, best: 0.8900, sparsity: [0.67, 0.58, 0.11, 0.12, 0.23], time: 0:05:00

Epoch: 53, batch: 500, train_loss: 0.0080, train_acc: 0.9974, threshold: [3.06, 0.86, 1.12, 0.29, 0.57], leak: [1.0, 1.0, 0.99, 0.93, 0.95], timesteps: 15, time: 0:02:45
Epoch: 53, lr: 2.0e-05, train_loss: 0.0085, train_acc: 0.9973 test_loss: 0.7893, test_acc: 0.8907, best: 0.8907, sparsity: [0.67, 0.58, 0.11, 0.12, 0.23], time: 0:04:59

Epoch: 54, batch: 500, train_loss: 0.0084, train_acc: 0.9970, threshold: [3.06, 0.86, 1.12, 0.29, 0.57], leak: [1.0, 1.0, 0.99, 0.93, 0.95], timesteps: 15, time: 0:02:44
Epoch: 54, lr: 2.0e-05, train_loss: 0.0076, train_acc: 0.9974 test_loss: 0.8010, test_acc: 0.8910, best: 0.8910, sparsity: [0.68, 0.58, 0.11, 0.12, 0.24], time: 0:04:57

Epoch: 55, batch: 500, train_loss: 0.0064, train_acc: 0.9981, threshold: [3.06, 0.86, 1.12, 0.29, 0.57], leak: [1.0, 1.0, 0.99, 0.93, 0.95], timesteps: 15, time: 0:02:44
Epoch: 55, lr: 2.0e-05, train_loss: 0.0066, train_acc: 0.9979 test_loss: 0.7993, test_acc: 0.8900, best: 0.8910, sparsity: [0.68, 0.58, 0.11, 0.12, 0.24], time: 0:04:49

Epoch: 56, batch: 500, train_loss: 0.0080, train_acc: 0.9973, threshold: [3.06, 0.86, 1.12, 0.29, 0.57], leak: [1.0, 1.0, 0.99, 0.93, 0.95], timesteps: 15, time: 0:02:44
Epoch: 56, lr: 2.0e-05, train_loss: 0.0078, train_acc: 0.9976 test_loss: 0.7930, test_acc: 0.8916, best: 0.8916, sparsity: [0.68, 0.58, 0.11, 0.12, 0.24], time: 0:04:58

Epoch: 57, batch: 500, train_loss: 0.0088, train_acc: 0.9971, threshold: [3.06, 0.86, 1.12, 0.29, 0.57], leak: [1.0, 1.0, 0.99, 0.93, 0.95], timesteps: 15, time: 0:02:45
Epoch: 57, lr: 2.0e-05, train_loss: 0.0086, train_acc: 0.9974 test_loss: 0.7848, test_acc: 0.8919, best: 0.8919, sparsity: [0.68, 0.58, 0.11, 0.12, 0.23], time: 0:04:59

Epoch: 58, batch: 500, train_loss: 0.0063, train_acc: 0.9978, threshold: [3.06, 0.86, 1.12, 0.29, 0.57], leak: [1.0, 1.0, 0.99, 0.93, 0.95], timesteps: 15, time: 0:02:45
Epoch: 58, lr: 2.0e-05, train_loss: 0.0063, train_acc: 0.9979 test_loss: 0.8001, test_acc: 0.8907, best: 0.8919, sparsity: [0.68, 0.59, 0.11, 0.12, 0.24], time: 0:04:50

Epoch: 59, batch: 500, train_loss: 0.0075, train_acc: 0.9977, threshold: [3.06, 0.86, 1.12, 0.29, 0.57], leak: [1.0, 1.0, 0.99, 0.93, 0.95], timesteps: 15, time: 0:02:45
Epoch: 59, lr: 2.0e-05, train_loss: 0.0076, train_acc: 0.9977 test_loss: 0.7991, test_acc: 0.8904, best: 0.8919, sparsity: [0.68, 0.58, 0.11, 0.12, 0.24], time: 0:04:51

Epoch: 60, batch: 500, train_loss: 0.0076, train_acc: 0.9979, threshold: [3.06, 0.86, 1.12, 0.29, 0.57], leak: [1.0, 1.0, 0.99, 0.93, 0.95], timesteps: 15, time: 0:02:45
Epoch: 60, lr: 2.0e-05, train_loss: 0.0071, train_acc: 0.9981 test_loss: 0.8061, test_acc: 0.8925, best: 0.8925, sparsity: [0.68, 0.58, 0.11, 0.12, 0.24], time: 0:04:59

Epoch: 61, batch: 500, train_loss: 0.0063, train_acc: 0.9981, threshold: [3.06, 0.86, 1.12, 0.29, 0.57], leak: [1.0, 1.0, 0.99, 0.93, 0.95], timesteps: 15, time: 0:02:45
Epoch: 61, lr: 2.0e-05, train_loss: 0.0062, train_acc: 0.9982 test_loss: 0.7977, test_acc: 0.8914, best: 0.8925, sparsity: [0.68, 0.58, 0.11, 0.12, 0.24], time: 0:04:50

Epoch: 62, batch: 500, train_loss: 0.0060, train_acc: 0.9982, threshold: [3.06, 0.86, 1.12, 0.29, 0.57], leak: [1.0, 1.0, 0.99, 0.93, 0.95], timesteps: 15, time: 0:02:45
Epoch: 62, lr: 2.0e-05, train_loss: 0.0058, train_acc: 0.9983 test_loss: 0.7987, test_acc: 0.8900, best: 0.8925, sparsity: [0.68, 0.58, 0.11, 0.12, 0.24], time: 0:04:51

Epoch: 63, batch: 500, train_loss: 0.0062, train_acc: 0.9981, threshold: [3.06, 0.86, 1.12, 0.29, 0.57], leak: [1.0, 1.0, 0.99, 0.93, 0.95], timesteps: 15, time: 0:02:45
Epoch: 63, lr: 2.0e-05, train_loss: 0.0057, train_acc: 0.9982 test_loss: 0.8098, test_acc: 0.8915, best: 0.8925, sparsity: [0.68, 0.58, 0.11, 0.12, 0.24], time: 0:04:50

Epoch: 64, batch: 500, train_loss: 0.0058, train_acc: 0.9983, threshold: [3.06, 0.86, 1.12, 0.29, 0.57], leak: [1.0, 1.0, 0.99, 0.93, 0.95], timesteps: 15, time: 0:02:44
Epoch: 64, lr: 2.0e-05, train_loss: 0.0056, train_acc: 0.9984 test_loss: 0.8133, test_acc: 0.8909, best: 0.8925, sparsity: [0.68, 0.58, 0.11, 0.12, 0.24], time: 0:04:50

Epoch: 65, batch: 500, train_loss: 0.0066, train_acc: 0.9982, threshold: [3.06, 0.86, 1.12, 0.29, 0.57], leak: [1.0, 1.0, 0.99, 0.93, 0.95], timesteps: 15, time: 0:02:45
Epoch: 65, lr: 2.0e-05, train_loss: 0.0066, train_acc: 0.9981 test_loss: 0.8277, test_acc: 0.8911, best: 0.8925, sparsity: [0.68, 0.58, 0.11, 0.12, 0.24], time: 0:04:50

Epoch: 66, batch: 500, train_loss: 0.0052, train_acc: 0.9982, threshold: [3.06, 0.86, 1.12, 0.29, 0.57], leak: [1.0, 1.0, 0.99, 0.93, 0.95], timesteps: 15, time: 0:02:44
Epoch: 66, lr: 2.0e-05, train_loss: 0.0057, train_acc: 0.9981 test_loss: 0.8275, test_acc: 0.8892, best: 0.8925, sparsity: [0.68, 0.58, 0.11, 0.12, 0.24], time: 0:04:50

Epoch: 67, batch: 500, train_loss: 0.0057, train_acc: 0.9983, threshold: [3.06, 0.86, 1.12, 0.29, 0.57], leak: [1.0, 1.0, 0.99, 0.93, 0.95], timesteps: 15, time: 0:02:45
Epoch: 67, lr: 2.0e-05, train_loss: 0.0055, train_acc: 0.9984 test_loss: 0.8257, test_acc: 0.8903, best: 0.8925, sparsity: [0.68, 0.58, 0.11, 0.12, 0.24], time: 0:04:50

Epoch: 68, batch: 500, train_loss: 0.0044, train_acc: 0.9987, threshold: [3.06, 0.86, 1.12, 0.29, 0.57], leak: [1.0, 1.0, 0.99, 0.93, 0.95], timesteps: 15, time: 0:02:45
Epoch: 68, lr: 2.0e-05, train_loss: 0.0051, train_acc: 0.9984 test_loss: 0.8248, test_acc: 0.8910, best: 0.8925, sparsity: [0.68, 0.58, 0.11, 0.12, 0.24], time: 0:04:50

Epoch: 69, batch: 500, train_loss: 0.0051, train_acc: 0.9982, threshold: [3.06, 0.86, 1.12, 0.29, 0.57], leak: [1.0, 1.0, 0.99, 0.93, 0.95], timesteps: 15, time: 0:02:45
Epoch: 69, lr: 2.0e-05, train_loss: 0.0048, train_acc: 0.9983 test_loss: 0.8279, test_acc: 0.8920, best: 0.8925, sparsity: [0.68, 0.58, 0.11, 0.12, 0.25], time: 0:04:51

Epoch: 70, batch: 500, train_loss: 0.0050, train_acc: 0.9984, threshold: [3.06, 0.86, 1.12, 0.29, 0.57], leak: [1.0, 1.0, 0.99, 0.93, 0.95], timesteps: 15, time: 0:02:45
Epoch: 70, lr: 4.0e-06, train_loss: 0.0054, train_acc: 0.9983 test_loss: 0.8252, test_acc: 0.8922, best: 0.8925, sparsity: [0.68, 0.58, 0.11, 0.12, 0.25], time: 0:04:51

Epoch: 71, batch: 500, train_loss: 0.0051, train_acc: 0.9986, threshold: [3.06, 0.86, 1.12, 0.29, 0.57], leak: [1.0, 1.0, 0.99, 0.93, 0.95], timesteps: 15, time: 0:02:44
Epoch: 71, lr: 4.0e-06, train_loss: 0.0056, train_acc: 0.9985 test_loss: 0.8239, test_acc: 0.8920, best: 0.8925, sparsity: [0.68, 0.58, 0.11, 0.12, 0.25], time: 0:04:49

Epoch: 72, batch: 500, train_loss: 0.0045, train_acc: 0.9987, threshold: [3.06, 0.86, 1.12, 0.29, 0.57], leak: [1.0, 1.0, 0.99, 0.93, 0.95], timesteps: 15, time: 0:02:45
Epoch: 72, lr: 4.0e-06, train_loss: 0.0046, train_acc: 0.9986 test_loss: 0.8294, test_acc: 0.8910, best: 0.8925, sparsity: [0.68, 0.58, 0.11, 0.12, 0.25], time: 0:04:49

Epoch: 73, batch: 500, train_loss: 0.0051, train_acc: 0.9982, threshold: [3.06, 0.86, 1.12, 0.29, 0.57], leak: [1.0, 1.0, 0.99, 0.93, 0.95], timesteps: 15, time: 0:02:44
Epoch: 73, lr: 4.0e-06, train_loss: 0.0047, train_acc: 0.9983 test_loss: 0.8243, test_acc: 0.8926, best: 0.8926, sparsity: [0.68, 0.58, 0.11, 0.12, 0.25], time: 0:04:58

Epoch: 74, batch: 500, train_loss: 0.0044, train_acc: 0.9988, threshold: [3.06, 0.86, 1.12, 0.29, 0.57], leak: [1.0, 1.0, 0.99, 0.93, 0.95], timesteps: 15, time: 0:02:45
Epoch: 74, lr: 4.0e-06, train_loss: 0.0053, train_acc: 0.9985 test_loss: 0.8276, test_acc: 0.8925, best: 0.8926, sparsity: [0.68, 0.58, 0.11, 0.12, 0.25], time: 0:04:50

Epoch: 75, batch: 500, train_loss: 0.0046, train_acc: 0.9984, threshold: [3.06, 0.86, 1.12, 0.29, 0.57], leak: [1.0, 1.0, 0.99, 0.93, 0.95], timesteps: 15, time: 0:02:44
Epoch: 75, lr: 4.0e-06, train_loss: 0.0047, train_acc: 0.9984 test_loss: 0.8246, test_acc: 0.8932, best: 0.8932, sparsity: [0.68, 0.58, 0.11, 0.12, 0.25], time: 0:04:58

Epoch: 76, batch: 500, train_loss: 0.0040, train_acc: 0.9988, threshold: [3.06, 0.86, 1.12, 0.29, 0.57], leak: [1.0, 1.0, 0.99, 0.93, 0.95], timesteps: 15, time: 0:02:45
Epoch: 76, lr: 4.0e-06, train_loss: 0.0044, train_acc: 0.9988 test_loss: 0.8266, test_acc: 0.8932, best: 0.8932, sparsity: [0.68, 0.58, 0.11, 0.12, 0.25], time: 0:04:51

Epoch: 77, batch: 500, train_loss: 0.0047, train_acc: 0.9983, threshold: [3.06, 0.86, 1.12, 0.29, 0.57], leak: [1.0, 1.0, 0.99, 0.93, 0.95], timesteps: 15, time: 0:02:44
Epoch: 77, lr: 4.0e-06, train_loss: 0.0045, train_acc: 0.9985 test_loss: 0.8274, test_acc: 0.8922, best: 0.8932, sparsity: [0.68, 0.58, 0.11, 0.12, 0.25], time: 0:04:49

Epoch: 78, batch: 500, train_loss: 0.0048, train_acc: 0.9983, threshold: [3.06, 0.86, 1.12, 0.29, 0.57], leak: [1.0, 1.0, 0.99, 0.93, 0.95], timesteps: 15, time: 0:02:45
Epoch: 78, lr: 4.0e-06, train_loss: 0.0044, train_acc: 0.9984 test_loss: 0.8334, test_acc: 0.8925, best: 0.8932, sparsity: [0.68, 0.58, 0.11, 0.12, 0.25], time: 0:04:50

Epoch: 79, batch: 500, train_loss: 0.0042, train_acc: 0.9985, threshold: [3.06, 0.86, 1.12, 0.29, 0.57], leak: [1.0, 1.0, 0.99, 0.93, 0.95], timesteps: 15, time: 0:02:44
Epoch: 79, lr: 4.0e-06, train_loss: 0.0048, train_acc: 0.9985 test_loss: 0.8335, test_acc: 0.8918, best: 0.8932, sparsity: [0.68, 0.58, 0.11, 0.12, 0.25], time: 0:04:49

Epoch: 80, batch: 500, train_loss: 0.0058, train_acc: 0.9984, threshold: [3.06, 0.86, 1.12, 0.29, 0.57], leak: [1.0, 1.0, 0.99, 0.93, 0.95], timesteps: 15, time: 0:02:44
Epoch: 80, lr: 4.0e-06, train_loss: 0.0057, train_acc: 0.9983 test_loss: 0.8331, test_acc: 0.8924, best: 0.8932, sparsity: [0.68, 0.58, 0.11, 0.12, 0.25], time: 0:04:50

Epoch: 81, batch: 500, train_loss: 0.0051, train_acc: 0.9985, threshold: [3.06, 0.86, 1.12, 0.29, 0.57], leak: [1.0, 1.0, 0.99, 0.93, 0.95], timesteps: 15, time: 0:02:45
Epoch: 81, lr: 4.0e-06, train_loss: 0.0048, train_acc: 0.9987 test_loss: 0.8375, test_acc: 0.8928, best: 0.8932, sparsity: [0.68, 0.58, 0.11, 0.12, 0.25], time: 0:04:49

Epoch: 82, batch: 500, train_loss: 0.0043, train_acc: 0.9984, threshold: [3.06, 0.86, 1.12, 0.29, 0.57], leak: [1.0, 1.0, 0.99, 0.93, 0.95], timesteps: 15, time: 0:02:44
Epoch: 82, lr: 4.0e-06, train_loss: 0.0050, train_acc: 0.9983 test_loss: 0.8346, test_acc: 0.8927, best: 0.8932, sparsity: [0.68, 0.58, 0.11, 0.12, 0.25], time: 0:04:50

Epoch: 83, batch: 500, train_loss: 0.0042, train_acc: 0.9988, threshold: [3.06, 0.86, 1.12, 0.29, 0.57], leak: [1.0, 1.0, 0.99, 0.93, 0.95], timesteps: 15, time: 0:02:45
Epoch: 83, lr: 4.0e-06, train_loss: 0.0043, train_acc: 0.9987 test_loss: 0.8298, test_acc: 0.8930, best: 0.8932, sparsity: [0.68, 0.58, 0.11, 0.12, 0.25], time: 0:04:51

Epoch: 84, batch: 500, train_loss: 0.0043, train_acc: 0.9986, threshold: [3.06, 0.86, 1.12, 0.29, 0.57], leak: [1.0, 1.0, 0.99, 0.93, 0.95], timesteps: 15, time: 0:02:45
Epoch: 84, lr: 4.0e-06, train_loss: 0.0052, train_acc: 0.9985 test_loss: 0.8307, test_acc: 0.8917, best: 0.8932, sparsity: [0.68, 0.58, 0.11, 0.12, 0.25], time: 0:04:50

Epoch: 85, batch: 500, train_loss: 0.0038, train_acc: 0.9987, threshold: [3.06, 0.86, 1.12, 0.29, 0.57], leak: [1.0, 1.0, 0.99, 0.93, 0.95], timesteps: 15, time: 0:02:45
Epoch: 85, lr: 4.0e-06, train_loss: 0.0045, train_acc: 0.9987 test_loss: 0.8329, test_acc: 0.8927, best: 0.8932, sparsity: [0.68, 0.58, 0.11, 0.12, 0.25], time: 0:04:50

Epoch: 86, batch: 500, train_loss: 0.0048, train_acc: 0.9984, threshold: [3.06, 0.86, 1.12, 0.29, 0.57], leak: [1.0, 1.0, 0.99, 0.93, 0.95], timesteps: 15, time: 0:02:45
Epoch: 86, lr: 4.0e-06, train_loss: 0.0048, train_acc: 0.9985 test_loss: 0.8353, test_acc: 0.8921, best: 0.8932, sparsity: [0.68, 0.58, 0.11, 0.12, 0.25], time: 0:04:50

Epoch: 87, batch: 500, train_loss: 0.0056, train_acc: 0.9983, threshold: [3.06, 0.86, 1.12, 0.29, 0.57], leak: [1.0, 1.0, 0.99, 0.93, 0.95], timesteps: 15, time: 0:02:45
Epoch: 87, lr: 4.0e-06, train_loss: 0.0054, train_acc: 0.9985 test_loss: 0.8307, test_acc: 0.8934, best: 0.8934, sparsity: [0.68, 0.58, 0.11, 0.12, 0.25], time: 0:04:57

Epoch: 88, batch: 500, train_loss: 0.0042, train_acc: 0.9985, threshold: [3.06, 0.86, 1.12, 0.29, 0.57], leak: [1.0, 1.0, 0.99, 0.93, 0.95], timesteps: 15, time: 0:02:45
Epoch: 88, lr: 4.0e-06, train_loss: 0.0043, train_acc: 0.9988 test_loss: 0.8323, test_acc: 0.8924, best: 0.8934, sparsity: [0.68, 0.58, 0.11, 0.12, 0.25], time: 0:04:51

Epoch: 89, batch: 500, train_loss: 0.0034, train_acc: 0.9990, threshold: [3.06, 0.86, 1.12, 0.29, 0.57], leak: [1.0, 1.0, 0.99, 0.93, 0.95], timesteps: 15, time: 0:02:44
Epoch: 89, lr: 4.0e-06, train_loss: 0.0037, train_acc: 0.9989 test_loss: 0.8358, test_acc: 0.8918, best: 0.8934, sparsity: [0.68, 0.58, 0.11, 0.12, 0.25], time: 0:04:49

Epoch: 90, batch: 500, train_loss: 0.0035, train_acc: 0.9988, threshold: [3.06, 0.86, 1.12, 0.29, 0.57], leak: [1.0, 1.0, 0.99, 0.93, 0.95], timesteps: 15, time: 0:02:45
Epoch: 90, lr: 8.0e-07, train_loss: 0.0038, train_acc: 0.9987 test_loss: 0.8329, test_acc: 0.8912, best: 0.8934, sparsity: [0.68, 0.58, 0.11, 0.12, 0.25], time: 0:04:50

Epoch: 91, batch: 500, train_loss: 0.0043, train_acc: 0.9988, threshold: [3.06, 0.86, 1.12, 0.29, 0.57], leak: [1.0, 1.0, 0.99, 0.93, 0.95], timesteps: 15, time: 0:02:45
Epoch: 91, lr: 8.0e-07, train_loss: 0.0042, train_acc: 0.9988 test_loss: 0.8336, test_acc: 0.8926, best: 0.8934, sparsity: [0.68, 0.58, 0.11, 0.12, 0.25], time: 0:04:49

Epoch: 92, batch: 500, train_loss: 0.0040, train_acc: 0.9990, threshold: [3.06, 0.86, 1.12, 0.29, 0.57], leak: [1.0, 1.0, 0.99, 0.93, 0.95], timesteps: 15, time: 0:02:44
Epoch: 92, lr: 8.0e-07, train_loss: 0.0040, train_acc: 0.9989 test_loss: 0.8335, test_acc: 0.8926, best: 0.8934, sparsity: [0.68, 0.58, 0.11, 0.12, 0.25], time: 0:04:49

Epoch: 93, batch: 500, train_loss: 0.0042, train_acc: 0.9987, threshold: [3.06, 0.86, 1.12, 0.29, 0.57], leak: [1.0, 1.0, 0.99, 0.93, 0.95], timesteps: 15, time: 0:02:45
Epoch: 93, lr: 8.0e-07, train_loss: 0.0044, train_acc: 0.9987 test_loss: 0.8324, test_acc: 0.8922, best: 0.8934, sparsity: [0.68, 0.58, 0.11, 0.12, 0.25], time: 0:04:49

Epoch: 94, batch: 500, train_loss: 0.0030, train_acc: 0.9991, threshold: [3.06, 0.86, 1.12, 0.29, 0.57], leak: [1.0, 1.0, 0.99, 0.93, 0.95], timesteps: 15, time: 0:02:44
Epoch: 94, lr: 8.0e-07, train_loss: 0.0036, train_acc: 0.9988 test_loss: 0.8324, test_acc: 0.8916, best: 0.8934, sparsity: [0.68, 0.58, 0.11, 0.12, 0.25], time: 0:04:48

Epoch: 95, batch: 500, train_loss: 0.0054, train_acc: 0.9985, threshold: [3.06, 0.86, 1.12, 0.29, 0.57], leak: [1.0, 1.0, 0.99, 0.93, 0.95], timesteps: 15, time: 0:02:45
Epoch: 95, lr: 8.0e-07, train_loss: 0.0054, train_acc: 0.9985 test_loss: 0.8329, test_acc: 0.8916, best: 0.8934, sparsity: [0.68, 0.58, 0.11, 0.12, 0.25], time: 0:04:51

Epoch: 96, batch: 500, train_loss: 0.0035, train_acc: 0.9989, threshold: [3.06, 0.86, 1.12, 0.29, 0.57], leak: [1.0, 1.0, 0.99, 0.93, 0.95], timesteps: 15, time: 0:02:45
Epoch: 96, lr: 8.0e-07, train_loss: 0.0035, train_acc: 0.9988 test_loss: 0.8325, test_acc: 0.8924, best: 0.8934, sparsity: [0.68, 0.58, 0.11, 0.12, 0.25], time: 0:04:51

Epoch: 97, batch: 500, train_loss: 0.0048, train_acc: 0.9987, threshold: [3.06, 0.86, 1.12, 0.29, 0.57], leak: [1.0, 1.0, 0.99, 0.93, 0.95], timesteps: 15, time: 0:02:45
Epoch: 97, lr: 8.0e-07, train_loss: 0.0047, train_acc: 0.9985 test_loss: 0.8353, test_acc: 0.8922, best: 0.8934, sparsity: [0.68, 0.58, 0.11, 0.12, 0.25], time: 0:04:51

Epoch: 98, batch: 500, train_loss: 0.0041, train_acc: 0.9988, threshold: [3.06, 0.86, 1.12, 0.29, 0.57], leak: [1.0, 1.0, 0.99, 0.93, 0.95], timesteps: 15, time: 0:02:45
Epoch: 98, lr: 8.0e-07, train_loss: 0.0042, train_acc: 0.9988 test_loss: 0.8336, test_acc: 0.8918, best: 0.8934, sparsity: [0.68, 0.58, 0.11, 0.12, 0.25], time: 0:04:49

Epoch: 99, batch: 500, train_loss: 0.0038, train_acc: 0.9988, threshold: [3.06, 0.86, 1.12, 0.29, 0.57], leak: [1.0, 1.0, 0.99, 0.93, 0.95], timesteps: 15, time: 0:02:44
Epoch: 99, lr: 8.0e-07, train_loss: 0.0042, train_acc: 0.9986 test_loss: 0.8363, test_acc: 0.8920, best: 0.8934, sparsity: [0.68, 0.58, 0.11, 0.12, 0.25], time: 0:04:49
 Highest accuracy: 0.8934